<?xml version="1.0" encoding="UTF-8"?>
<coverage generated="1782810881650" clover="3.2.0">
  <project timestamp="1782810881650" name="All files">
    <metrics statements="135" coveredstatements="133" conditionals="214" coveredconditionals="175" methods="106" coveredmethods="105" elements="455" coveredelements="413" complexity="0" loc="135" ncloc="135" packages="1" files="7" classes="7"/>
    <file name="Auth.jsx" path="C:\Users\jjuhr\OneDrive\Documents\private_ai\frontend\src\components\Auth.jsx">
      <metrics statements="6" coveredstatements="6" conditionals="14" coveredconditionals="14" methods="8" coveredmethods="8"/>
      <line num="15" count="6" type="stmt"/>
      <line num="23" count="1" type="stmt"/>
      <line num="38" count="1" type="stmt"/>
      <line num="50" count="1" type="stmt"/>
      <line num="55" count="1" type="stmt"/>
      <line num="81" count="1" type="stmt"/>
    </file>
    <file name="CalendarPane.jsx" path="C:\Users\jjuhr\OneDrive\Documents\private_ai\frontend\src\components\CalendarPane.jsx">
      <metrics statements="8" coveredstatements="8" conditionals="4" coveredconditionals="4" methods="12" coveredmethods="12"/>
      <line num="13" count="4" type="stmt"/>
      <line num="23" count="1" type="stmt"/>
      <line num="33" count="6" type="stmt"/>
      <line num="56" count="1" type="stmt"/>
      <line num="78" count="1" type="stmt"/>
      <line num="89" count="1" type="stmt"/>
      <line num="100" count="1" type="stmt"/>
      <line num="110" count="1" type="stmt"/>
    </file>
    <file name="ChatPane.jsx" path="C:\Users\jjuhr\OneDrive\Documents\private_ai\frontend\src\components\ChatPane.jsx">
      <metrics statements="5" coveredstatements="5" conditionals="26" coveredconditionals="23" methods="5" coveredmethods="5"/>
      <line num="18" count="8" type="stmt"/>
      <line num="27" count="1" type="stmt"/>
      <line num="37" count="6" type="stmt"/>
      <line num="51" count="3" type="stmt"/>
      <line num="80" count="1" type="stmt"/>
    </file>
    <file name="ExpandableThoughts.jsx" path="C:\Users\jjuhr\OneDrive\Documents\private_ai\frontend\src\components\ExpandableThoughts.jsx">
      <metrics statements="8" coveredstatements="8" conditionals="9" coveredconditionals="8" methods="3" coveredmethods="3"/>
      <line num="5" count="12" type="stmt"/>
      <line num="7" count="12" type="stmt"/>
      <line num="8" count="8" type="stmt"/>
      <line num="11" count="12" type="cond" truecount="1" falsecount="1"/>
      <line num="14" count="12" type="stmt"/>
      <line num="22" count="12" type="cond" truecount="2" falsecount="0"/>
      <line num="24" count="11" type="stmt"/>
      <line num="26" count="2" type="stmt"/>
    </file>
    <file name="ProfileModal.jsx" path="C:\Users\jjuhr\OneDrive\Documents\private_ai\frontend\src\components\ProfileModal.jsx">
      <metrics statements="19" coveredstatements="19" conditionals="18" coveredconditionals="15" methods="17" coveredmethods="17"/>
      <line num="10" count="19" type="stmt"/>
      <line num="17" count="19" type="stmt"/>
      <line num="19" count="19" type="stmt"/>
      <line num="20" count="6" type="cond" truecount="1" falsecount="1"/>
      <line num="21" count="6" type="stmt"/>
      <line num="31" count="19" type="cond" truecount="2" falsecount="0"/>
      <line num="33" count="12" type="stmt"/>
      <line num="34" count="1" type="stmt"/>
      <line num="35" count="1" type="stmt"/>
      <line num="38" count="12" type="stmt"/>
      <line num="39" count="1" type="stmt"/>
      <line num="40" count="3" type="stmt"/>
      <line num="43" count="1" type="stmt"/>
      <line num="56" count="1" type="stmt"/>
      <line num="67" count="1" type="stmt"/>
      <line num="79" count="1" type="stmt"/>
      <line num="88" count="1" type="stmt"/>
      <line num="105" count="1" type="stmt"/>
      <line num="109" count="1" type="stmt"/>
    </file>
    <file name="SettingsModal.jsx" path="C:\Users\jjuhr\OneDrive\Documents\private_ai\frontend\src\components\SettingsModal.jsx">
      <metrics statements="69" coveredstatements="68" conditionals="127" coveredconditionals="97" methods="47" coveredmethods="47"/>
      <line num="19" count="19" type="cond" truecount="2" falsecount="0"/>
      <line num="21" count="14" type="stmt"/>
      <line num="22" count="1" type="stmt"/>
      <line num="23" count="9" type="stmt"/>
      <line num="26" count="1" type="stmt"/>
      <line num="35" count="1" type="stmt"/>
      <line num="36" count="1" type="stmt"/>
      <line num="48" count="3" type="cond" truecount="1" falsecount="1"/>
      <line num="49" count="3" type="stmt"/>
      <line num="50" count="6" type="cond" truecount="2" falsecount="0"/>
      <line num="51" count="9" type="stmt"/>
      <line num="53" count="3" type="stmt"/>
      <line num="54" count="3" type="cond" truecount="4" falsecount="1"/>
      <line num="55" count="3" type="cond" truecount="4" falsecount="1"/>
      <line num="56" count="3" type="cond" truecount="4" falsecount="1"/>
      <line num="58" count="3" type="stmt"/>
      <line num="59" count="3" type="cond" truecount="2" falsecount="0"/>
      <line num="60" count="2" type="cond" truecount="2" falsecount="0"/>
      <line num="62" count="3" type="cond" truecount="1" falsecount="1"/>
      <line num="63" count="3" type="cond" truecount="4" falsecount="0"/>
      <line num="64" count="2" type="cond" truecount="4" falsecount="0"/>
      <line num="65" count="1" type="cond" truecount="3" falsecount="1"/>
      <line num="68" count="3" type="stmt"/>
      <line num="87" count="1" type="stmt"/>
      <line num="101" count="1" type="stmt"/>
      <line num="110" count="1" type="stmt"/>
      <line num="113" count="10" type="stmt"/>
      <line num="122" count="1" type="stmt"/>
      <line num="135" count="1" type="stmt"/>
      <line num="139" count="1" type="stmt"/>
      <line num="167" count="2" type="stmt"/>
      <line num="168" count="2" type="stmt"/>
      <line num="169" count="4" type="cond" truecount="2" falsecount="0"/>
      <line num="170" count="6" type="stmt"/>
      <line num="172" count="2" type="stmt"/>
      <line num="173" count="2" type="cond" truecount="2" falsecount="0"/>
      <line num="174" count="1" type="cond" truecount="1" falsecount="1"/>
      <line num="176" count="2" type="cond" truecount="1" falsecount="1"/>
      <line num="177" count="2" type="cond" truecount="2" falsecount="2"/>
      <line num="178" count="2" type="cond" truecount="4" falsecount="0"/>
      <line num="179" count="1" type="cond" truecount="3" falsecount="1"/>
      <line num="182" count="2" type="stmt"/>
      <line num="203" count="1" type="stmt"/>
      <line num="210" count="8" type="stmt"/>
      <line num="211" count="8" type="cond" truecount="1" falsecount="1"/>
      <line num="212" count="8" type="cond" truecount="4" falsecount="0"/>
      <line num="213" count="3" type="stmt"/>
      <line num="214" count="6" type="cond" truecount="2" falsecount="0"/>
      <line num="215" count="9" type="stmt"/>
      <line num="217" count="3" type="cond" truecount="4" falsecount="0"/>
      <line num="218" count="2" type="cond" truecount="3" falsecount="1"/>
      <line num="219" count="0" type="cond" truecount="0" falsecount="4"/>
      <line num="222" count="5" type="cond" truecount="2" falsecount="0"/>
      <line num="223" count="1" type="stmt"/>
      <line num="224" count="4" type="cond" truecount="2" falsecount="0"/>
      <line num="225" count="1" type="stmt"/>
      <line num="226" count="3" type="cond" truecount="2" falsecount="0"/>
      <line num="227" count="1" type="stmt"/>
      <line num="229" count="2" type="stmt"/>
      <line num="232" count="8" type="stmt"/>
      <line num="234" count="8" type="cond" truecount="2" falsecount="0"/>
      <line num="238" count="1" type="stmt"/>
      <line num="241" count="17" type="stmt"/>
      <line num="250" count="1" type="stmt"/>
      <line num="264" count="1" type="stmt"/>
      <line num="268" count="1" type="stmt"/>
      <line num="301" count="1" type="stmt"/>
      <line num="305" count="1" type="stmt"/>
      <line num="329" count="1" type="stmt"/>
    </file>
    <file name="Sidebar.jsx" path="C:\Users\jjuhr\OneDrive\Documents\private_ai\frontend\src\components\Sidebar.jsx">
      <metrics statements="20" coveredstatements="19" conditionals="16" coveredconditionals="14" methods="14" coveredmethods="13"/>
      <line num="25" count="11" type="stmt"/>
      <line num="33" count="0" type="stmt"/>
      <line num="39" count="1" type="stmt"/>
      <line num="53" count="16" type="stmt"/>
      <line num="57" count="1" type="cond" truecount="1" falsecount="1"/>
      <line num="58" count="1" type="stmt"/>
      <line num="59" count="1" type="stmt"/>
      <line num="60" count="1" type="stmt"/>
      <line num="80" count="1" type="stmt"/>
      <line num="81" count="1" type="stmt"/>
      <line num="83" count="2" type="cond" truecount="2" falsecount="0"/>
      <line num="84" count="2" type="cond" truecount="2" falsecount="0"/>
      <line num="87" count="1" type="stmt"/>
      <line num="97" count="1" type="stmt"/>
      <line num="98" count="1" type="stmt"/>
      <line num="99" count="1" type="stmt"/>
      <line num="106" count="1" type="stmt"/>
      <line num="121" count="1" type="stmt"/>
      <line num="130" count="1" type="stmt"/>
      <line num="137" count="1" type="stmt"/>
    </file>
  </project>
</coverage>
