<?xml version="1.0" encoding="UTF-8"?>
<coverage generated="1783049483010" clover="3.2.0">
  <project timestamp="1783049483010" name="All files">
    <metrics statements="251" coveredstatements="247" conditionals="334" coveredconditionals="290" methods="139" coveredmethods="139" elements="724" coveredelements="676" complexity="0" loc="251" ncloc="251" packages="1" files="9" classes="9"/>
    <file name="AgentDashboard.jsx" path="C:\Users\jjuhr\OneDrive\Documents\private_ai\frontend\src\components\AgentDashboard.jsx">
      <metrics statements="69" coveredstatements="65" conditionals="74" coveredconditionals="63" methods="16" coveredmethods="16"/>
      <line num="5" count="28" type="stmt"/>
      <line num="6" count="28" type="stmt"/>
      <line num="7" count="28" type="stmt"/>
      <line num="8" count="28" type="stmt"/>
      <line num="9" count="28" type="stmt"/>
      <line num="10" count="28" type="stmt"/>
      <line num="13" count="28" type="stmt"/>
      <line num="24" count="28" type="stmt"/>
      <line num="25" count="6" type="stmt"/>
      <line num="28" count="28" type="stmt"/>
      <line num="29" count="8" type="stmt"/>
      <line num="30" count="8" type="stmt"/>
      <line num="33" count="8" type="cond" truecount="1" falsecount="1"/>
      <line num="34" count="8" type="stmt"/>
      <line num="35" count="8" type="stmt"/>
      <line num="38" count="0" type="stmt"/>
      <line num="42" count="28" type="stmt"/>
      <line num="43" count="3" type="stmt"/>
      <line num="44" count="3" type="cond" truecount="3" falsecount="1"/>
      <line num="45" count="0" type="stmt"/>
      <line num="46" count="0" type="stmt"/>
      <line num="48" count="3" type="stmt"/>
      <line num="49" count="3" type="stmt"/>
      <line num="51" count="3" type="stmt"/>
      <line num="52" count="3" type="stmt"/>
      <line num="61" count="2" type="stmt"/>
      <line num="62" count="2" type="cond" truecount="2" falsecount="0"/>
      <line num="63" count="1" type="stmt"/>
      <line num="64" count="1" type="stmt"/>
      <line num="65" count="1" type="stmt"/>
      <line num="67" count="1" type="cond" truecount="1" falsecount="1"/>
      <line num="70" count="1" type="stmt"/>
      <line num="72" count="3" type="stmt"/>
      <line num="76" count="28" type="stmt"/>
      <line num="77" count="1" type="cond" truecount="1" falsecount="1"/>
      <line num="78" count="1" type="stmt"/>
      <line num="79" count="1" type="stmt"/>
      <line num="83" count="1" type="cond" truecount="1" falsecount="1"/>
      <line num="84" count="1" type="stmt"/>
      <line num="87" count="0" type="stmt"/>
      <line num="91" count="28" type="stmt"/>
      <line num="92" count="1" type="stmt"/>
      <line num="93" count="1" type="cond" truecount="1" falsecount="1"/>
      <line num="94" count="1" type="stmt"/>
      <line num="95" count="1" type="stmt"/>
      <line num="96" count="1" type="stmt"/>
      <line num="97" count="1" type="stmt"/>
      <line num="99" count="1" type="stmt"/>
      <line num="103" count="28" type="stmt"/>
      <line num="104" count="48" type="cond" truecount="4" falsecount="0"/>
      <line num="105" count="8" type="stmt"/>
      <line num="107" count="8" type="cond" truecount="2" falsecount="0"/>
      <line num="108" count="7" type="cond" truecount="3" falsecount="1"/>
      <line num="109" count="7" type="cond" truecount="4" falsecount="1"/>
      <line num="110" count="7" type="cond" truecount="4" falsecount="0"/>
      <line num="111" count="6" type="cond" truecount="6" falsecount="1"/>
      <line num="112" count="6" type="cond" truecount="3" falsecount="1"/>
      <line num="113" count="6" type="cond" truecount="3" falsecount="1"/>
      <line num="115" count="46" type="stmt"/>
      <line num="118" count="28" type="stmt"/>
      <line num="128" count="1" type="stmt"/>
      <line num="136" count="5" type="stmt"/>
      <line num="152" count="48" type="stmt"/>
      <line num="153" count="48" type="stmt"/>
      <line num="186" count="1" type="stmt"/>
      <line num="233" count="2" type="stmt"/>
      <line num="245" count="2" type="stmt"/>
      <line num="276" count="3" type="stmt"/>
      <line num="282" count="1" type="stmt"/>
    </file>
    <file name="Auth.jsx" path="C:\Users\jjuhr\OneDrive\Documents\private_ai\frontend\src\components\Auth.jsx">
      <metrics statements="6" coveredstatements="6" conditionals="14" coveredconditionals="14" methods="8" coveredmethods="8"/>
      <line num="15" count="6" type="stmt"/>
      <line num="23" count="1" type="stmt"/>
      <line num="38" count="1" type="stmt"/>
      <line num="50" count="1" type="stmt"/>
      <line num="55" count="1" type="stmt"/>
      <line num="81" count="1" type="stmt"/>
    </file>
    <file name="CalendarPane.jsx" path="C:\Users\jjuhr\OneDrive\Documents\private_ai\frontend\src\components\CalendarPane.jsx">
      <metrics statements="8" coveredstatements="8" conditionals="4" coveredconditionals="4" methods="12" coveredmethods="12"/>
      <line num="13" count="4" type="stmt"/>
      <line num="23" count="1" type="stmt"/>
      <line num="33" count="6" type="stmt"/>
      <line num="56" count="1" type="stmt"/>
      <line num="78" count="1" type="stmt"/>
      <line num="89" count="1" type="stmt"/>
      <line num="100" count="1" type="stmt"/>
      <line num="110" count="1" type="stmt"/>
    </file>
    <file name="ChatPane.jsx" path="C:\Users\jjuhr\OneDrive\Documents\private_ai\frontend\src\components\ChatPane.jsx">
      <metrics statements="10" coveredstatements="10" conditionals="38" coveredconditionals="37" methods="8" coveredmethods="8"/>
      <line num="20" count="12" type="stmt"/>
      <line num="29" count="1" type="stmt"/>
      <line num="43" count="1" type="stmt"/>
      <line num="54" count="14" type="stmt"/>
      <line num="68" count="5" type="cond" truecount="2" falsecount="0"/>
      <line num="69" count="2" type="stmt"/>
      <line num="109" count="1" type="stmt"/>
      <line num="117" count="1" type="stmt"/>
      <line num="136" count="3" type="stmt"/>
      <line num="167" count="1" type="stmt"/>
    </file>
    <file name="ExpandableThoughts.jsx" path="C:\Users\jjuhr\OneDrive\Documents\private_ai\frontend\src\components\ExpandableThoughts.jsx">
      <metrics statements="8" coveredstatements="8" conditionals="9" coveredconditionals="9" methods="3" coveredmethods="3"/>
      <line num="5" count="18" type="stmt"/>
      <line num="7" count="18" type="stmt"/>
      <line num="8" count="13" type="stmt"/>
      <line num="11" count="18" type="cond" truecount="2" falsecount="0"/>
      <line num="14" count="17" type="stmt"/>
      <line num="22" count="17" type="cond" truecount="2" falsecount="0"/>
      <line num="24" count="16" type="stmt"/>
      <line num="26" count="2" type="stmt"/>
    </file>
    <file name="MemoryPane.jsx" path="C:\Users\jjuhr\OneDrive\Documents\private_ai\frontend\src\components\MemoryPane.jsx">
      <metrics statements="40" coveredstatements="40" conditionals="30" coveredconditionals="28" methods="12" coveredmethods="12"/>
      <line num="5" count="28" type="stmt"/>
      <line num="6" count="28" type="stmt"/>
      <line num="7" count="28" type="stmt"/>
      <line num="9" count="28" type="stmt"/>
      <line num="10" count="8" type="stmt"/>
      <line num="11" count="8" type="cond" truecount="2" falsecount="0"/>
      <line num="13" count="7" type="stmt"/>
      <line num="14" count="7" type="stmt"/>
      <line num="15" count="7" type="stmt"/>
      <line num="17" count="7" type="cond" truecount="2" falsecount="0"/>
      <line num="18" count="6" type="stmt"/>
      <line num="19" count="6" type="cond" truecount="2" falsecount="0"/>
      <line num="20" count="5" type="cond" truecount="2" falsecount="0"/>
      <line num="21" count="4" type="cond" truecount="2" falsecount="0"/>
      <line num="22" count="3" type="cond" truecount="2" falsecount="0"/>
      <line num="23" count="2" type="cond" truecount="2" falsecount="0"/>
      <line num="24" count="1" type="cond" truecount="3" falsecount="1"/>
      <line num="25" count="1" type="stmt"/>
      <line num="29" count="7" type="stmt"/>
      <line num="30" count="7" type="stmt"/>
      <line num="31" count="7" type="stmt"/>
      <line num="34" count="54" type="stmt"/>
      <line num="35" count="54" type="stmt"/>
      <line num="37" count="28" type="stmt"/>
      <line num="38" count="28" type="cond" truecount="1" falsecount="1"/>
      <line num="39" count="28" type="stmt"/>
      <line num="40" count="28" type="stmt"/>
      <line num="41" count="28" type="stmt"/>
      <line num="42" count="28" type="cond" truecount="2" falsecount="0"/>
      <line num="44" count="27" type="stmt"/>
      <line num="45" count="27" type="cond" truecount="2" falsecount="0"/>
      <line num="46" count="26" type="stmt"/>
      <line num="49" count="28" type="stmt"/>
      <line num="103" count="26" type="stmt"/>
      <line num="118" count="1" type="stmt"/>
      <line num="173" count="28" type="stmt"/>
      <line num="197" count="1" type="stmt"/>
      <line num="242" count="7" type="stmt"/>
      <line num="251" count="7" type="stmt"/>
      <line num="271" count="1" type="stmt"/>
    </file>
    <file name="ProfileModal.jsx" path="C:\Users\jjuhr\OneDrive\Documents\private_ai\frontend\src\components\ProfileModal.jsx">
      <metrics statements="19" coveredstatements="19" conditionals="18" coveredconditionals="18" methods="17" coveredmethods="17"/>
      <line num="10" count="22" type="stmt"/>
      <line num="17" count="22" type="stmt"/>
      <line num="19" count="22" type="stmt"/>
      <line num="20" count="8" type="cond" truecount="2" falsecount="0"/>
      <line num="21" count="7" type="stmt"/>
      <line num="31" count="22" type="cond" truecount="2" falsecount="0"/>
      <line num="33" count="15" type="stmt"/>
      <line num="34" count="1" type="stmt"/>
      <line num="35" count="1" type="stmt"/>
      <line num="38" count="15" type="stmt"/>
      <line num="39" count="1" type="stmt"/>
      <line num="40" count="3" type="stmt"/>
      <line num="43" count="1" type="stmt"/>
      <line num="56" count="1" type="stmt"/>
      <line num="67" count="1" type="stmt"/>
      <line num="79" count="1" type="stmt"/>
      <line num="88" count="1" type="stmt"/>
      <line num="105" count="1" type="stmt"/>
      <line num="109" count="1" type="stmt"/>
    </file>
    <file name="SettingsModal.jsx" path="C:\Users\jjuhr\OneDrive\Documents\private_ai\frontend\src\components\SettingsModal.jsx">
      <metrics statements="69" coveredstatements="69" conditionals="127" coveredconditionals="101" methods="47" coveredmethods="47"/>
      <line num="19" count="20" type="cond" truecount="2" falsecount="0"/>
      <line num="21" count="15" type="stmt"/>
      <line num="22" count="1" type="stmt"/>
      <line num="23" count="9" type="stmt"/>
      <line num="26" count="1" type="stmt"/>
      <line num="35" count="1" type="stmt"/>
      <line num="36" count="1" type="stmt"/>
      <line num="48" count="3" type="cond" truecount="1" falsecount="1"/>
      <line num="49" count="3" type="stmt"/>
      <line num="50" count="6" type="cond" truecount="2" falsecount="0"/>
      <line num="51" count="9" type="stmt"/>
      <line num="53" count="3" type="stmt"/>
      <line num="54" count="3" type="cond" truecount="4" falsecount="1"/>
      <line num="55" count="3" type="cond" truecount="4" falsecount="1"/>
      <line num="56" count="3" type="cond" truecount="4" falsecount="1"/>
      <line num="58" count="3" type="stmt"/>
      <line num="59" count="3" type="cond" truecount="2" falsecount="0"/>
      <line num="60" count="2" type="cond" truecount="2" falsecount="0"/>
      <line num="62" count="3" type="cond" truecount="1" falsecount="1"/>
      <line num="63" count="3" type="cond" truecount="4" falsecount="0"/>
      <line num="64" count="2" type="cond" truecount="4" falsecount="0"/>
      <line num="65" count="1" type="cond" truecount="3" falsecount="1"/>
      <line num="68" count="3" type="stmt"/>
      <line num="87" count="1" type="stmt"/>
      <line num="101" count="1" type="stmt"/>
      <line num="110" count="1" type="stmt"/>
      <line num="113" count="10" type="stmt"/>
      <line num="122" count="1" type="stmt"/>
      <line num="135" count="1" type="stmt"/>
      <line num="139" count="1" type="stmt"/>
      <line num="167" count="2" type="stmt"/>
      <line num="168" count="2" type="stmt"/>
      <line num="169" count="4" type="cond" truecount="2" falsecount="0"/>
      <line num="170" count="6" type="stmt"/>
      <line num="172" count="2" type="stmt"/>
      <line num="173" count="2" type="cond" truecount="2" falsecount="0"/>
      <line num="174" count="1" type="cond" truecount="1" falsecount="1"/>
      <line num="176" count="2" type="cond" truecount="1" falsecount="1"/>
      <line num="177" count="2" type="cond" truecount="2" falsecount="2"/>
      <line num="178" count="2" type="cond" truecount="4" falsecount="0"/>
      <line num="179" count="1" type="cond" truecount="3" falsecount="1"/>
      <line num="182" count="2" type="stmt"/>
      <line num="203" count="1" type="stmt"/>
      <line num="210" count="9" type="stmt"/>
      <line num="211" count="9" type="cond" truecount="1" falsecount="1"/>
      <line num="212" count="9" type="cond" truecount="4" falsecount="0"/>
      <line num="213" count="4" type="stmt"/>
      <line num="214" count="8" type="cond" truecount="2" falsecount="0"/>
      <line num="215" count="12" type="stmt"/>
      <line num="217" count="4" type="cond" truecount="4" falsecount="0"/>
      <line num="218" count="3" type="cond" truecount="4" falsecount="0"/>
      <line num="219" count="1" type="cond" truecount="3" falsecount="1"/>
      <line num="222" count="5" type="cond" truecount="2" falsecount="0"/>
      <line num="223" count="1" type="stmt"/>
      <line num="224" count="4" type="cond" truecount="2" falsecount="0"/>
      <line num="225" count="1" type="stmt"/>
      <line num="226" count="3" type="cond" truecount="2" falsecount="0"/>
      <line num="227" count="1" type="stmt"/>
      <line num="229" count="2" type="stmt"/>
      <line num="232" count="9" type="stmt"/>
      <line num="234" count="9" type="cond" truecount="2" falsecount="0"/>
      <line num="238" count="1" type="stmt"/>
      <line num="241" count="20" type="stmt"/>
      <line num="250" count="1" type="stmt"/>
      <line num="264" count="1" type="stmt"/>
      <line num="268" count="1" type="stmt"/>
      <line num="301" count="1" type="stmt"/>
      <line num="305" count="1" type="stmt"/>
      <line num="329" count="1" type="stmt"/>
    </file>
    <file name="Sidebar.jsx" path="C:\Users\jjuhr\OneDrive\Documents\private_ai\frontend\src\components\Sidebar.jsx">
      <metrics statements="22" coveredstatements="22" conditionals="20" coveredconditionals="16" methods="16" coveredmethods="16"/>
      <line num="25" count="12" type="stmt"/>
      <line num="33" count="1" type="stmt"/>
      <line num="39" count="1" type="stmt"/>
      <line num="53" count="18" type="stmt"/>
      <line num="57" count="1" type="cond" truecount="1" falsecount="1"/>
      <line num="58" count="1" type="stmt"/>
      <line num="59" count="1" type="stmt"/>
      <line num="60" count="1" type="stmt"/>
      <line num="80" count="1" type="stmt"/>
      <line num="81" count="1" type="stmt"/>
      <line num="83" count="2" type="cond" truecount="2" falsecount="0"/>
      <line num="84" count="2" type="cond" truecount="2" falsecount="0"/>
      <line num="87" count="1" type="stmt"/>
      <line num="97" count="1" type="stmt"/>
      <line num="98" count="1" type="stmt"/>
      <line num="99" count="1" type="stmt"/>
      <line num="106" count="1" type="stmt"/>
      <line num="121" count="1" type="stmt"/>
      <line num="130" count="1" type="stmt"/>
      <line num="139" count="1" type="stmt"/>
      <line num="148" count="1" type="stmt"/>
      <line num="155" count="1" type="stmt"/>
    </file>
  </project>
</coverage>
