{"C:\\Users\\jjuhr\\OneDrive\\Documents\\private_ai\\frontend\\src\\components\\Auth.jsx": {"path":"C:\\Users\\jjuhr\\OneDrive\\Documents\\private_ai\\frontend\\src\\components\\Auth.jsx","statementMap":{"0":{"start":{"line":15,"column":2},"end":{"line":86,"column":null}},"1":{"start":{"line":23,"column":28},"end":{"line":23,"column":null}},"2":{"start":{"line":38,"column":29},"end":{"line":38,"column":null}},"3":{"start":{"line":38,"column":50},"end":{"line":38,"column":88}},"4":{"start":{"line":50,"column":31},"end":{"line":50,"column":null}},"5":{"start":{"line":50,"column":52},"end":{"line":50,"column":90}},"6":{"start":{"line":55,"column":31},"end":{"line":55,"column":null}},"7":{"start":{"line":81,"column":33},"end":{"line":81,"column":55}},"8":{"start":{"line":81,"column":55},"end":{"line":81,"column":73}}},"fnMap":{"0":{"name":"Auth","decl":{"start":{"line":4,"column":24},"end":{"line":4,"column":29}},"loc":{"start":{"line":14,"column":3},"end":{"line":88,"column":null}},"line":14},"1":{"name":"(anonymous_1)","decl":{"start":{"line":23,"column":12},"end":{"line":23,"column":22}},"loc":{"start":{"line":23,"column":28},"end":{"line":23,"column":null}},"line":23},"2":{"name":"(anonymous_2)","decl":{"start":{"line":38,"column":14},"end":{"line":38,"column":24}},"loc":{"start":{"line":38,"column":29},"end":{"line":38,"column":null}},"line":38},"3":{"name":"(anonymous_3)","decl":{"start":{"line":38,"column":29},"end":{"line":38,"column":41}},"loc":{"start":{"line":38,"column":50},"end":{"line":38,"column":88}},"line":38},"4":{"name":"(anonymous_4)","decl":{"start":{"line":50,"column":16},"end":{"line":50,"column":26}},"loc":{"start":{"line":50,"column":31},"end":{"line":50,"column":null}},"line":50},"5":{"name":"(anonymous_5)","decl":{"start":{"line":50,"column":31},"end":{"line":50,"column":43}},"loc":{"start":{"line":50,"column":52},"end":{"line":50,"column":90}},"line":50},"6":{"name":"(anonymous_6)","decl":{"start":{"line":55,"column":16},"end":{"line":55,"column":31}},"loc":{"start":{"line":55,"column":31},"end":{"line":55,"column":null}},"line":55},"7":{"name":"(anonymous_7)","decl":{"start":{"line":81,"column":16},"end":{"line":81,"column":31}},"loc":{"start":{"line":81,"column":31},"end":{"line":81,"column":null}},"line":81}},"branchMap":{"0":{"loc":{"start":{"line":27,"column":13},"end":{"line":27,"column":61}},"type":"cond-expr","locations":[{"start":{"line":27,"column":23},"end":{"line":27,"column":40}},{"start":{"line":27,"column":40},"end":{"line":27,"column":61}}],"line":27},"1":{"loc":{"start":{"line":29,"column":9},"end":{"line":29,"column":null}},"type":"binary-expr","locations":[{"start":{"line":29,"column":9},"end":{"line":29,"column":22}},{"start":{"line":29,"column":22},"end":{"line":29,"column":null}}],"line":29},"2":{"loc":{"start":{"line":46,"column":22},"end":{"line":46,"column":null}},"type":"cond-expr","locations":[{"start":{"line":46,"column":41},"end":{"line":46,"column":50}},{"start":{"line":46,"column":50},"end":{"line":46,"column":null}}],"line":46},"3":{"loc":{"start":{"line":70,"column":17},"end":{"line":70,"column":null}},"type":"cond-expr","locations":[{"start":{"line":70,"column":36},"end":{"line":70,"column":60}},{"start":{"line":70,"column":59},"end":{"line":70,"column":null}}],"line":70},"4":{"loc":{"start":{"line":75,"column":13},"end":{"line":75,"column":null}},"type":"cond-expr","locations":[{"start":{"line":75,"column":23},"end":{"line":75,"column":33}},{"start":{"line":75,"column":33},"end":{"line":75,"column":null}}],"line":75},"5":{"loc":{"start":{"line":80,"column":11},"end":{"line":80,"column":null}},"type":"cond-expr","locations":[{"start":{"line":80,"column":21},"end":{"line":80,"column":48}},{"start":{"line":80,"column":48},"end":{"line":80,"column":null}}],"line":80},"6":{"loc":{"start":{"line":82,"column":13},"end":{"line":82,"column":null}},"type":"cond-expr","locations":[{"start":{"line":82,"column":23},"end":{"line":82,"column":36}},{"start":{"line":82,"column":36},"end":{"line":82,"column":null}}],"line":82}},"s":{"0":6,"1":1,"2":1,"3":1,"4":1,"5":1,"6":1,"7":1,"8":1},"f":{"0":6,"1":1,"2":1,"3":1,"4":1,"5":1,"6":1,"7":1},"b":{"0":[5,1],"1":[6,1],"2":[1,5],"3":[1,5],"4":[5,1],"5":[5,1],"6":[5,1]},"meta":{"lastBranch":7,"lastFunction":8,"lastStatement":9,"seen":{"f:4:24:4:29":0,"s:15:2:86:Infinity":0,"f:23:12:23:22":1,"s:23:28:23:Infinity":1,"b:27:23:27:40:27:40:27:61":0,"b:29:9:29:22:29:22:29:Infinity":1,"f:38:14:38:24":2,"s:38:29:38:Infinity":2,"f:38:29:38:41":3,"s:38:50:38:88":3,"b:46:41:46:50:46:50:46:Infinity":2,"f:50:16:50:26":4,"s:50:31:50:Infinity":4,"f:50:31:50:43":5,"s:50:52:50:90":5,"f:55:16:55:31":6,"s:55:31:55:Infinity":6,"b:70:36:70:60:70:59:70:Infinity":3,"b:75:23:75:33:75:33:75:Infinity":4,"b:80:21:80:48:80:48:80:Infinity":5,"f:81:16:81:31":7,"s:81:33:81:55":7,"s:81:55:81:73":8,"b:82:23:82:36:82:36:82:Infinity":6},"fnNames":{}}}
,"C:\\Users\\jjuhr\\OneDrive\\Documents\\private_ai\\frontend\\src\\components\\CalendarPane.jsx": {"path":"C:\\Users\\jjuhr\\OneDrive\\Documents\\private_ai\\frontend\\src\\components\\CalendarPane.jsx","statementMap":{"0":{"start":{"line":13,"column":2},"end":{"line":117,"column":null}},"1":{"start":{"line":23,"column":29},"end":{"line":23,"column":null}},"2":{"start":{"line":33,"column":16},"end":{"line":61,"column":null}},"3":{"start":{"line":56,"column":35},"end":{"line":56,"column":null}},"4":{"start":{"line":78,"column":31},"end":{"line":78,"column":null}},"5":{"start":{"line":78,"column":53},"end":{"line":78,"column":85}},"6":{"start":{"line":89,"column":31},"end":{"line":89,"column":null}},"7":{"start":{"line":89,"column":53},"end":{"line":89,"column":90}},"8":{"start":{"line":100,"column":31},"end":{"line":100,"column":null}},"9":{"start":{"line":100,"column":53},"end":{"line":100,"column":88}},"10":{"start":{"line":110,"column":31},"end":{"line":110,"column":null}},"11":{"start":{"line":110,"column":53},"end":{"line":110,"column":91}}},"fnMap":{"0":{"name":"CalendarPane","decl":{"start":{"line":4,"column":24},"end":{"line":4,"column":37}},"loc":{"start":{"line":12,"column":3},"end":{"line":119,"column":null}},"line":12},"1":{"name":"(anonymous_1)","decl":{"start":{"line":23,"column":14},"end":{"line":23,"column":24}},"loc":{"start":{"line":23,"column":29},"end":{"line":23,"column":null}},"line":23},"2":{"name":"(anonymous_2)","decl":{"start":{"line":32,"column":29},"end":{"line":32,"column":33}},"loc":{"start":{"line":33,"column":16},"end":{"line":61,"column":null}},"line":33},"3":{"name":"(anonymous_3)","decl":{"start":{"line":56,"column":20},"end":{"line":56,"column":35}},"loc":{"start":{"line":56,"column":35},"end":{"line":56,"column":null}},"line":56},"4":{"name":"(anonymous_4)","decl":{"start":{"line":78,"column":16},"end":{"line":78,"column":26}},"loc":{"start":{"line":78,"column":31},"end":{"line":78,"column":null}},"line":78},"5":{"name":"(anonymous_5)","decl":{"start":{"line":78,"column":31},"end":{"line":78,"column":47}},"loc":{"start":{"line":78,"column":53},"end":{"line":78,"column":85}},"line":78},"6":{"name":"(anonymous_6)","decl":{"start":{"line":89,"column":16},"end":{"line":89,"column":26}},"loc":{"start":{"line":89,"column":31},"end":{"line":89,"column":null}},"line":89},"7":{"name":"(anonymous_7)","decl":{"start":{"line":89,"column":31},"end":{"line":89,"column":47}},"loc":{"start":{"line":89,"column":53},"end":{"line":89,"column":90}},"line":89},"8":{"name":"(anonymous_8)","decl":{"start":{"line":100,"column":16},"end":{"line":100,"column":26}},"loc":{"start":{"line":100,"column":31},"end":{"line":100,"column":null}},"line":100},"9":{"name":"(anonymous_9)","decl":{"start":{"line":100,"column":31},"end":{"line":100,"column":47}},"loc":{"start":{"line":100,"column":53},"end":{"line":100,"column":88}},"line":100},"10":{"name":"(anonymous_10)","decl":{"start":{"line":110,"column":16},"end":{"line":110,"column":26}},"loc":{"start":{"line":110,"column":31},"end":{"line":110,"column":null}},"line":110},"11":{"name":"(anonymous_11)","decl":{"start":{"line":110,"column":31},"end":{"line":110,"column":47}},"loc":{"start":{"line":110,"column":53},"end":{"line":110,"column":91}},"line":110}},"branchMap":{"0":{"loc":{"start":{"line":29,"column":13},"end":{"line":62,"column":null}},"type":"cond-expr","locations":[{"start":{"line":30,"column":14},"end":{"line":32,"column":29}},{"start":{"line":32,"column":14},"end":{"line":62,"column":null}}],"line":29},"1":{"loc":{"start":{"line":50,"column":21},"end":{"line":51,"column":null}},"type":"binary-expr","locations":[{"start":{"line":50,"column":21},"end":{"line":50,"column":null}},{"start":{"line":51,"column":22},"end":{"line":51,"column":null}}],"line":50}},"s":{"0":4,"1":1,"2":6,"3":1,"4":1,"5":1,"6":1,"7":1,"8":1,"9":1,"10":1,"11":1},"f":{"0":4,"1":1,"2":6,"3":1,"4":1,"5":1,"6":1,"7":1,"8":1,"9":1,"10":1,"11":1},"b":{"0":[1,3],"1":[6,3]},"meta":{"lastBranch":2,"lastFunction":12,"lastStatement":12,"seen":{"f:4:24:4:37":0,"s:13:2:117:Infinity":0,"f:23:14:23:24":1,"s:23:29:23:Infinity":1,"b:30:14:32:29:32:14:62:Infinity":0,"f:32:29:32:33":2,"s:33:16:61:Infinity":2,"b:50:21:50:Infinity:51:22:51:Infinity":1,"f:56:20:56:35":3,"s:56:35:56:Infinity":3,"f:78:16:78:26":4,"s:78:31:78:Infinity":4,"f:78:31:78:47":5,"s:78:53:78:85":5,"f:89:16:89:26":6,"s:89:31:89:Infinity":6,"f:89:31:89:47":7,"s:89:53:89:90":7,"f:100:16:100:26":8,"s:100:31:100:Infinity":8,"f:100:31:100:47":9,"s:100:53:100:88":9,"f:110:16:110:26":10,"s:110:31:110:Infinity":10,"f:110:31:110:47":11,"s:110:53:110:91":11},"fnNames":{}}}
,"C:\\Users\\jjuhr\\OneDrive\\Documents\\private_ai\\frontend\\src\\components\\ChatPane.jsx": {"path":"C:\\Users\\jjuhr\\OneDrive\\Documents\\private_ai\\frontend\\src\\components\\ChatPane.jsx","statementMap":{"0":{"start":{"line":18,"column":2},"end":{"line":88,"column":null}},"1":{"start":{"line":27,"column":30},"end":{"line":27,"column":null}},"2":{"start":{"line":37,"column":10},"end":{"line":43,"column":null}},"3":{"start":{"line":51,"column":14},"end":{"line":60,"column":null}},"4":{"start":{"line":80,"column":27},"end":{"line":80,"column":null}}},"fnMap":{"0":{"name":"ChatPane","decl":{"start":{"line":6,"column":24},"end":{"line":6,"column":33}},"loc":{"start":{"line":17,"column":3},"end":{"line":90,"column":null}},"line":17},"1":{"name":"(anonymous_1)","decl":{"start":{"line":27,"column":14},"end":{"line":27,"column":24}},"loc":{"start":{"line":27,"column":30},"end":{"line":27,"column":null}},"line":27},"2":{"name":"(anonymous_2)","decl":{"start":{"line":36,"column":18},"end":{"line":36,"column":22}},"loc":{"start":{"line":37,"column":10},"end":{"line":43,"column":null}},"line":37},"3":{"name":"(anonymous_3)","decl":{"start":{"line":50,"column":22},"end":{"line":50,"column":27}},"loc":{"start":{"line":51,"column":14},"end":{"line":60,"column":null}},"line":51},"4":{"name":"(anonymous_4)","decl":{"start":{"line":80,"column":12},"end":{"line":80,"column":22}},"loc":{"start":{"line":80,"column":27},"end":{"line":80,"column":null}},"line":80}},"branchMap":{"0":{"loc":{"start":{"line":21,"column":9},"end":{"line":33,"column":null}},"type":"binary-expr","locations":[{"start":{"line":21,"column":9},"end":{"line":21,"column":34}},{"start":{"line":21,"column":34},"end":{"line":21,"column":null}},{"start":{"line":22,"column":10},"end":{"line":33,"column":null}}],"line":21},"1":{"loc":{"start":{"line":38,"column":13},"end":{"line":39,"column":13}},"type":"binary-expr","locations":[{"start":{"line":38,"column":13},"end":{"line":38,"column":29}},{"start":{"line":38,"column":29},"end":{"line":39,"column":13}}],"line":38},"2":{"loc":{"start":{"line":47,"column":9},"end":{"line":68,"column":null}},"type":"binary-expr","locations":[{"start":{"line":47,"column":9},"end":{"line":47,"column":null}},{"start":{"line":48,"column":10},"end":{"line":68,"column":null}}],"line":47},"3":{"loc":{"start":{"line":49,"column":13},"end":{"line":49,"column":null}},"type":"binary-expr","locations":[{"start":{"line":49,"column":13},"end":{"line":49,"column":31}},{"start":{"line":49,"column":31},"end":{"line":49,"column":null}}],"line":49},"4":{"loc":{"start":{"line":52,"column":17},"end":{"line":59,"column":17}},"type":"cond-expr","locations":[{"start":{"line":53,"column":18},"end":{"line":54,"column":24}},{"start":{"line":54,"column":20},"end":{"line":59,"column":17}}],"line":52},"5":{"loc":{"start":{"line":54,"column":20},"end":{"line":59,"column":17}},"type":"cond-expr","locations":[{"start":{"line":55,"column":18},"end":{"line":57,"column":19}},{"start":{"line":57,"column":18},"end":{"line":59,"column":17}}],"line":54},"6":{"loc":{"start":{"line":62,"column":14},"end":{"line":66,"column":null}},"type":"binary-expr","locations":[{"start":{"line":62,"column":14},"end":{"line":62,"column":31}},{"start":{"line":62,"column":31},"end":{"line":62,"column":null}},{"start":{"line":63,"column":14},"end":{"line":66,"column":null}}],"line":62},"7":{"loc":{"start":{"line":64,"column":45},"end":{"line":64,"column":null}},"type":"cond-expr","locations":[{"start":{"line":64,"column":62},"end":{"line":64,"column":80}},{"start":{"line":64,"column":80},"end":{"line":64,"column":null}}],"line":64},"8":{"loc":{"start":{"line":65,"column":64},"end":{"line":65,"column":94}},"type":"binary-expr","locations":[{"start":{"line":65,"column":64},"end":{"line":65,"column":81}},{"start":{"line":65,"column":81},"end":{"line":65,"column":94}}],"line":65},"9":{"loc":{"start":{"line":78,"column":25},"end":{"line":78,"column":null}},"type":"cond-expr","locations":[{"start":{"line":78,"column":40},"end":{"line":78,"column":62}},{"start":{"line":78,"column":62},"end":{"line":78,"column":null}}],"line":78},"10":{"loc":{"start":{"line":81,"column":22},"end":{"line":81,"column":null}},"type":"binary-expr","locations":[{"start":{"line":81,"column":22},"end":{"line":81,"column":39}},{"start":{"line":81,"column":39},"end":{"line":81,"column":null}}],"line":81},"11":{"loc":{"start":{"line":84,"column":61},"end":{"line":84,"column":null}},"type":"binary-expr","locations":[{"start":{"line":84,"column":61},"end":{"line":84,"column":78}},{"start":{"line":84,"column":78},"end":{"line":84,"column":null}}],"line":84}},"s":{"0":8,"1":1,"2":6,"3":3,"4":1},"f":{"0":8,"1":1,"2":6,"3":3,"4":1},"b":{"0":[8,5,5],"1":[6,3],"2":[8,1],"3":[1,1],"4":[1,2],"5":[1,1],"6":[1,0,1],"7":[0,1],"8":[1,0],"9":[6,2],"10":[8,6],"11":[8,6]},"meta":{"lastBranch":12,"lastFunction":5,"lastStatement":5,"seen":{"f:6:24:6:33":0,"s:18:2:88:Infinity":0,"b:21:9:21:34:21:34:21:Infinity:22:10:33:Infinity":0,"f:27:14:27:24":1,"s:27:30:27:Infinity":1,"f:36:18:36:22":2,"s:37:10:43:Infinity":2,"b:38:13:38:29:38:29:39:13":1,"b:47:9:47:Infinity:48:10:68:Infinity":2,"b:49:13:49:31:49:31:49:Infinity":3,"f:50:22:50:27":3,"s:51:14:60:Infinity":3,"b:53:18:54:24:54:20:59:17":4,"b:55:18:57:19:57:18:59:17":5,"b:62:14:62:31:62:31:62:Infinity:63:14:66:Infinity":6,"b:64:62:64:80:64:80:64:Infinity":7,"b:65:64:65:81:65:81:65:94":8,"b:78:40:78:62:78:62:78:Infinity":9,"f:80:12:80:22":4,"s:80:27:80:Infinity":4,"b:81:22:81:39:81:39:81:Infinity":10,"b:84:61:84:78:84:78:84:Infinity":11},"fnNames":{}}}
,"C:\\Users\\jjuhr\\OneDrive\\Documents\\private_ai\\frontend\\src\\components\\ExpandableThoughts.jsx": {"path":"C:\\Users\\jjuhr\\OneDrive\\Documents\\private_ai\\frontend\\src\\components\\ExpandableThoughts.jsx","statementMap":{"0":{"start":{"line":5,"column":19},"end":{"line":5,"column":null}},"1":{"start":{"line":7,"column":2},"end":{"line":9,"column":null}},"2":{"start":{"line":8,"column":4},"end":{"line":8,"column":null}},"3":{"start":{"line":11,"column":2},"end":{"line":11,"column":null}},"4":{"start":{"line":11,"column":17},"end":{"line":11,"column":null}},"5":{"start":{"line":14,"column":26},"end":{"line":20,"column":null}},"6":{"start":{"line":22,"column":2},"end":{"line":22,"column":null}},"7":{"start":{"line":22,"column":24},"end":{"line":22,"column":null}},"8":{"start":{"line":24,"column":2},"end":{"line":35,"column":null}},"9":{"start":{"line":26,"column":54},"end":{"line":26,"column":null}}},"fnMap":{"0":{"name":"ExpandableThoughts","decl":{"start":{"line":4,"column":24},"end":{"line":4,"column":43}},"loc":{"start":{"line":4,"column":82},"end":{"line":37,"column":null}},"line":4},"1":{"name":"(anonymous_1)","decl":{"start":{"line":7,"column":2},"end":{"line":7,"column":18}},"loc":{"start":{"line":7,"column":18},"end":{"line":9,"column":5}},"line":7},"2":{"name":"(anonymous_2)","decl":{"start":{"line":26,"column":39},"end":{"line":26,"column":54}},"loc":{"start":{"line":26,"column":54},"end":{"line":26,"column":null}},"line":26}},"branchMap":{"0":{"loc":{"start":{"line":4,"column":55},"end":{"line":4,"column":82}},"type":"default-arg","locations":[{"start":{"line":4,"column":73},"end":{"line":4,"column":82}}],"line":4},"1":{"loc":{"start":{"line":11,"column":2},"end":{"line":11,"column":null}},"type":"if","locations":[{"start":{"line":11,"column":2},"end":{"line":11,"column":null}},{"start":{},"end":{}}],"line":11},"2":{"loc":{"start":{"line":22,"column":2},"end":{"line":22,"column":null}},"type":"if","locations":[{"start":{"line":22,"column":2},"end":{"line":22,"column":null}},{"start":{},"end":{}}],"line":22},"3":{"loc":{"start":{"line":28,"column":9},"end":{"line":29,"column":null}},"type":"cond-expr","locations":[{"start":{"line":28,"column":20},"end":{"line":28,"column":47}},{"start":{"line":28,"column":46},"end":{"line":29,"column":null}}],"line":28},"4":{"loc":{"start":{"line":30,"column":7},"end":{"line":35,"column":null}},"type":"binary-expr","locations":[{"start":{"line":30,"column":7},"end":{"line":30,"column":null}},{"start":{"line":31,"column":8},"end":{"line":35,"column":null}}],"line":30}},"s":{"0":12,"1":12,"2":8,"3":12,"4":0,"5":12,"6":12,"7":1,"8":11,"9":2},"f":{"0":12,"1":8,"2":2},"b":{"0":[12],"1":[0,12],"2":[1,11],"3":[5,6],"4":[12,5]},"meta":{"lastBranch":5,"lastFunction":3,"lastStatement":10,"seen":{"f:4:24:4:43":0,"b:4:73:4:82":0,"s:5:19:5:Infinity":0,"s:7:2:9:Infinity":1,"f:7:2:7:18":1,"s:8:4:8:Infinity":2,"b:11:2:11:Infinity:undefined:undefined:undefined:undefined":1,"s:11:2:11:Infinity":3,"s:11:17:11:Infinity":4,"s:14:26:20:Infinity":5,"b:22:2:22:Infinity:undefined:undefined:undefined:undefined":2,"s:22:2:22:Infinity":6,"s:22:24:22:Infinity":7,"s:24:2:35:Infinity":8,"f:26:39:26:54":2,"s:26:54:26:Infinity":9,"b:28:20:28:47:28:46:29:Infinity":3,"b:30:7:30:Infinity:31:8:35:Infinity":4},"fnNames":{}}}
,"C:\\Users\\jjuhr\\OneDrive\\Documents\\private_ai\\frontend\\src\\components\\ProfileModal.jsx": {"path":"C:\\Users\\jjuhr\\OneDrive\\Documents\\private_ai\\frontend\\src\\components\\ProfileModal.jsx","statementMap":{"0":{"start":{"line":10,"column":19},"end":{"line":16,"column":null}},"1":{"start":{"line":17,"column":21},"end":{"line":17,"column":null}},"2":{"start":{"line":19,"column":2},"end":{"line":29,"column":null}},"3":{"start":{"line":20,"column":4},"end":{"line":28,"column":null}},"4":{"start":{"line":21,"column":6},"end":{"line":27,"column":null}},"5":{"start":{"line":31,"column":2},"end":{"line":31,"column":null}},"6":{"start":{"line":31,"column":22},"end":{"line":31,"column":null}},"7":{"start":{"line":33,"column":8},"end":{"line":36,"column":null}},"8":{"start":{"line":34,"column":4},"end":{"line":34,"column":null}},"9":{"start":{"line":35,"column":4},"end":{"line":35,"column":null}},"10":{"start":{"line":38,"column":2},"end":{"line":137,"column":null}},"11":{"start":{"line":39,"column":50},"end":{"line":39,"column":null}},"12":{"start":{"line":40,"column":51},"end":{"line":40,"column":null}},"13":{"start":{"line":43,"column":54},"end":{"line":43,"column":null}},"14":{"start":{"line":56,"column":29},"end":{"line":56,"column":null}},"15":{"start":{"line":56,"column":50},"end":{"line":56,"column":84}},"16":{"start":{"line":67,"column":29},"end":{"line":67,"column":null}},"17":{"start":{"line":67,"column":50},"end":{"line":67,"column":87}},"18":{"start":{"line":79,"column":29},"end":{"line":79,"column":null}},"19":{"start":{"line":79,"column":50},"end":{"line":79,"column":108}},"20":{"start":{"line":88,"column":29},"end":{"line":88,"column":null}},"21":{"start":{"line":88,"column":50},"end":{"line":88,"column":89}},"22":{"start":{"line":105,"column":31},"end":{"line":105,"column":null}},"23":{"start":{"line":105,"column":52},"end":{"line":105,"column":97}},"24":{"start":{"line":109,"column":31},"end":{"line":109,"column":null}}},"fnMap":{"0":{"name":"ProfileModal","decl":{"start":{"line":4,"column":24},"end":{"line":4,"column":37}},"loc":{"start":{"line":9,"column":3},"end":{"line":139,"column":null}},"line":9},"1":{"name":"(anonymous_1)","decl":{"start":{"line":19,"column":2},"end":{"line":19,"column":18}},"loc":{"start":{"line":19,"column":18},"end":{"line":29,"column":5}},"line":19},"2":{"name":"(anonymous_2)","decl":{"start":{"line":33,"column":8},"end":{"line":33,"column":24}},"loc":{"start":{"line":33,"column":30},"end":{"line":36,"column":null}},"line":33},"3":{"name":"(anonymous_3)","decl":{"start":{"line":39,"column":35},"end":{"line":39,"column":50}},"loc":{"start":{"line":39,"column":50},"end":{"line":39,"column":null}},"line":39},"4":{"name":"(anonymous_4)","decl":{"start":{"line":40,"column":37},"end":{"line":40,"column":46}},"loc":{"start":{"line":40,"column":51},"end":{"line":40,"column":null}},"line":40},"5":{"name":"(anonymous_5)","decl":{"start":{"line":43,"column":39},"end":{"line":43,"column":54}},"loc":{"start":{"line":43,"column":54},"end":{"line":43,"column":null}},"line":43},"6":{"name":"(anonymous_6)","decl":{"start":{"line":56,"column":14},"end":{"line":56,"column":24}},"loc":{"start":{"line":56,"column":29},"end":{"line":56,"column":null}},"line":56},"7":{"name":"(anonymous_7)","decl":{"start":{"line":56,"column":29},"end":{"line":56,"column":41}},"loc":{"start":{"line":56,"column":50},"end":{"line":56,"column":84}},"line":56},"8":{"name":"(anonymous_8)","decl":{"start":{"line":67,"column":14},"end":{"line":67,"column":24}},"loc":{"start":{"line":67,"column":29},"end":{"line":67,"column":null}},"line":67},"9":{"name":"(anonymous_9)","decl":{"start":{"line":67,"column":29},"end":{"line":67,"column":41}},"loc":{"start":{"line":67,"column":50},"end":{"line":67,"column":87}},"line":67},"10":{"name":"(anonymous_10)","decl":{"start":{"line":79,"column":14},"end":{"line":79,"column":24}},"loc":{"start":{"line":79,"column":29},"end":{"line":79,"column":null}},"line":79},"11":{"name":"(anonymous_11)","decl":{"start":{"line":79,"column":29},"end":{"line":79,"column":41}},"loc":{"start":{"line":79,"column":50},"end":{"line":79,"column":108}},"line":79},"12":{"name":"(anonymous_12)","decl":{"start":{"line":88,"column":14},"end":{"line":88,"column":24}},"loc":{"start":{"line":88,"column":29},"end":{"line":88,"column":null}},"line":88},"13":{"name":"(anonymous_13)","decl":{"start":{"line":88,"column":29},"end":{"line":88,"column":41}},"loc":{"start":{"line":88,"column":50},"end":{"line":88,"column":89}},"line":88},"14":{"name":"(anonymous_14)","decl":{"start":{"line":105,"column":16},"end":{"line":105,"column":26}},"loc":{"start":{"line":105,"column":31},"end":{"line":105,"column":null}},"line":105},"15":{"name":"(anonymous_15)","decl":{"start":{"line":105,"column":31},"end":{"line":105,"column":43}},"loc":{"start":{"line":105,"column":52},"end":{"line":105,"column":97}},"line":105},"16":{"name":"(anonymous_16)","decl":{"start":{"line":109,"column":16},"end":{"line":109,"column":31}},"loc":{"start":{"line":109,"column":31},"end":{"line":109,"column":null}},"line":109}},"branchMap":{"0":{"loc":{"start":{"line":20,"column":4},"end":{"line":28,"column":null}},"type":"if","locations":[{"start":{"line":20,"column":4},"end":{"line":28,"column":null}},{"start":{},"end":{}}],"line":20},"1":{"loc":{"start":{"line":22,"column":14},"end":{"line":22,"column":null}},"type":"binary-expr","locations":[{"start":{"line":22,"column":14},"end":{"line":22,"column":30}},{"start":{"line":22,"column":30},"end":{"line":22,"column":null}}],"line":22},"2":{"loc":{"start":{"line":23,"column":17},"end":{"line":23,"column":null}},"type":"binary-expr","locations":[{"start":{"line":23,"column":17},"end":{"line":23,"column":36}},{"start":{"line":23,"column":36},"end":{"line":23,"column":null}}],"line":23},"3":{"loc":{"start":{"line":24,"column":17},"end":{"line":24,"column":null}},"type":"binary-expr","locations":[{"start":{"line":24,"column":17},"end":{"line":24,"column":36}},{"start":{"line":24,"column":36},"end":{"line":24,"column":null}}],"line":24},"4":{"loc":{"start":{"line":25,"column":19},"end":{"line":25,"column":null}},"type":"binary-expr","locations":[{"start":{"line":25,"column":19},"end":{"line":25,"column":40}},{"start":{"line":25,"column":40},"end":{"line":25,"column":null}}],"line":25},"5":{"loc":{"start":{"line":26,"column":25},"end":{"line":26,"column":null}},"type":"binary-expr","locations":[{"start":{"line":26,"column":25},"end":{"line":26,"column":52}},{"start":{"line":26,"column":52},"end":{"line":26,"column":null}}],"line":26},"6":{"loc":{"start":{"line":31,"column":2},"end":{"line":31,"column":null}},"type":"if","locations":[{"start":{"line":31,"column":2},"end":{"line":31,"column":null}},{"start":{},"end":{}}],"line":31},"7":{"loc":{"start":{"line":100,"column":22},"end":{"line":100,"column":null}},"type":"cond-expr","locations":[{"start":{"line":100,"column":35},"end":{"line":100,"column":44}},{"start":{"line":100,"column":44},"end":{"line":100,"column":null}}],"line":100},"8":{"loc":{"start":{"line":124,"column":17},"end":{"line":124,"column":null}},"type":"cond-expr","locations":[{"start":{"line":124,"column":30},"end":{"line":124,"column":54}},{"start":{"line":124,"column":53},"end":{"line":124,"column":null}}],"line":124}},"s":{"0":19,"1":19,"2":19,"3":6,"4":6,"5":19,"6":7,"7":12,"8":1,"9":1,"10":12,"11":1,"12":3,"13":1,"14":1,"15":1,"16":1,"17":1,"18":1,"19":1,"20":1,"21":1,"22":1,"23":1,"24":1},"f":{"0":19,"1":6,"2":1,"3":1,"4":3,"5":1,"6":1,"7":1,"8":1,"9":1,"10":1,"11":1,"12":1,"13":1,"14":1,"15":1,"16":1},"b":{"0":[6,0],"1":[6,1],"2":[6,1],"3":[6,0],"4":[6,0],"5":[6,2],"6":[7,12],"7":[2,10],"8":[2,10]},"meta":{"lastBranch":9,"lastFunction":17,"lastStatement":25,"seen":{"f:4:24:4:37":0,"s:10:19:16:Infinity":0,"s:17:21:17:Infinity":1,"s:19:2:29:Infinity":2,"f:19:2:19:18":1,"b:20:4:28:Infinity:undefined:undefined:undefined:undefined":0,"s:20:4:28:Infinity":3,"s:21:6:27:Infinity":4,"b:22:14:22:30:22:30:22:Infinity":1,"b:23:17:23:36:23:36:23:Infinity":2,"b:24:17:24:36:24:36:24:Infinity":3,"b:25:19:25:40:25:40:25:Infinity":4,"b:26:25:26:52:26:52:26:Infinity":5,"b:31:2:31:Infinity:undefined:undefined:undefined:undefined":6,"s:31:2:31:Infinity":5,"s:31:22:31:Infinity":6,"s:33:8:36:Infinity":7,"f:33:8:33:24":2,"s:34:4:34:Infinity":8,"s:35:4:35:Infinity":9,"s:38:2:137:Infinity":10,"f:39:35:39:50":3,"s:39:50:39:Infinity":11,"f:40:37:40:46":4,"s:40:51:40:Infinity":12,"f:43:39:43:54":5,"s:43:54:43:Infinity":13,"f:56:14:56:24":6,"s:56:29:56:Infinity":14,"f:56:29:56:41":7,"s:56:50:56:84":15,"f:67:14:67:24":8,"s:67:29:67:Infinity":16,"f:67:29:67:41":9,"s:67:50:67:87":17,"f:79:14:79:24":10,"s:79:29:79:Infinity":18,"f:79:29:79:41":11,"s:79:50:79:108":19,"f:88:14:88:24":12,"s:88:29:88:Infinity":20,"f:88:29:88:41":13,"s:88:50:88:89":21,"b:100:35:100:44:100:44:100:Infinity":7,"f:105:16:105:26":14,"s:105:31:105:Infinity":22,"f:105:31:105:43":15,"s:105:52:105:97":23,"f:109:16:109:31":16,"s:109:31:109:Infinity":24,"b:124:30:124:54:124:53:124:Infinity":8},"fnNames":{}}}
,"C:\\Users\\jjuhr\\OneDrive\\Documents\\private_ai\\frontend\\src\\components\\SettingsModal.jsx": {"path":"C:\\Users\\jjuhr\\OneDrive\\Documents\\private_ai\\frontend\\src\\components\\SettingsModal.jsx","statementMap":{"0":{"start":{"line":19,"column":2},"end":{"line":19,"column":null}},"1":{"start":{"line":19,"column":23},"end":{"line":19,"column":null}},"2":{"start":{"line":21,"column":2},"end":{"line":335,"column":null}},"3":{"start":{"line":22,"column":50},"end":{"line":22,"column":null}},"4":{"start":{"line":23,"column":51},"end":{"line":23,"column":null}},"5":{"start":{"line":26,"column":54},"end":{"line":26,"column":null}},"6":{"start":{"line":35,"column":37},"end":{"line":35,"column":null}},"7":{"start":{"line":36,"column":14},"end":{"line":40,"column":null}},"8":{"start":{"line":36,"column":35},"end":{"line":40,"column":16}},"9":{"start":{"line":48,"column":44},"end":{"line":48,"column":null}},"10":{"start":{"line":49,"column":38},"end":{"line":49,"column":null}},"11":{"start":{"line":49,"column":61},"end":{"line":49,"column":81}},"12":{"start":{"line":50,"column":38},"end":{"line":50,"column":null}},"13":{"start":{"line":50,"column":61},"end":{"line":50,"column":98}},"14":{"start":{"line":51,"column":41},"end":{"line":51,"column":null}},"15":{"start":{"line":51,"column":64},"end":{"line":51,"column":84}},"16":{"start":{"line":53,"column":39},"end":{"line":53,"column":null}},"17":{"start":{"line":54,"column":14},"end":{"line":54,"column":null}},"18":{"start":{"line":54,"column":119},"end":{"line":54,"column":null}},"19":{"start":{"line":55,"column":14},"end":{"line":55,"column":null}},"20":{"start":{"line":55,"column":119},"end":{"line":55,"column":null}},"21":{"start":{"line":56,"column":14},"end":{"line":56,"column":null}},"22":{"start":{"line":56,"column":125},"end":{"line":56,"column":null}},"23":{"start":{"line":58,"column":33},"end":{"line":58,"column":null}},"24":{"start":{"line":59,"column":14},"end":{"line":60,"column":null}},"25":{"start":{"line":59,"column":54},"end":{"line":59,"column":null}},"26":{"start":{"line":60,"column":19},"end":{"line":60,"column":null}},"27":{"start":{"line":60,"column":62},"end":{"line":60,"column":null}},"28":{"start":{"line":62,"column":14},"end":{"line":66,"column":null}},"29":{"start":{"line":63,"column":16},"end":{"line":65,"column":null}},"30":{"start":{"line":63,"column":75},"end":{"line":63,"column":null}},"31":{"start":{"line":64,"column":21},"end":{"line":65,"column":null}},"32":{"start":{"line":64,"column":80},"end":{"line":64,"column":null}},"33":{"start":{"line":65,"column":21},"end":{"line":65,"column":null}},"34":{"start":{"line":65,"column":86},"end":{"line":65,"column":null}},"35":{"start":{"line":68,"column":14},"end":{"line":72,"column":null}},"36":{"start":{"line":68,"column":35},"end":{"line":72,"column":16}},"37":{"start":{"line":87,"column":33},"end":{"line":87,"column":null}},"38":{"start":{"line":87,"column":54},"end":{"line":87,"column":99}},"39":{"start":{"line":101,"column":33},"end":{"line":101,"column":null}},"40":{"start":{"line":101,"column":54},"end":{"line":101,"column":93}},"41":{"start":{"line":110,"column":35},"end":{"line":110,"column":null}},"42":{"start":{"line":110,"column":56},"end":{"line":110,"column":96}},"43":{"start":{"line":113,"column":22},"end":{"line":113,"column":null}},"44":{"start":{"line":122,"column":35},"end":{"line":122,"column":null}},"45":{"start":{"line":122,"column":56},"end":{"line":122,"column":96}},"46":{"start":{"line":135,"column":35},"end":{"line":135,"column":null}},"47":{"start":{"line":135,"column":56},"end":{"line":135,"column":95}},"48":{"start":{"line":139,"column":35},"end":{"line":139,"column":null}},"49":{"start":{"line":167,"column":41},"end":{"line":167,"column":null}},"50":{"start":{"line":168,"column":44},"end":{"line":168,"column":null}},"51":{"start":{"line":168,"column":67},"end":{"line":168,"column":87}},"52":{"start":{"line":169,"column":44},"end":{"line":169,"column":null}},"53":{"start":{"line":169,"column":67},"end":{"line":169,"column":104}},"54":{"start":{"line":170,"column":47},"end":{"line":170,"column":null}},"55":{"start":{"line":170,"column":70},"end":{"line":170,"column":90}},"56":{"start":{"line":172,"column":36},"end":{"line":172,"column":null}},"57":{"start":{"line":173,"column":20},"end":{"line":174,"column":null}},"58":{"start":{"line":173,"column":51},"end":{"line":173,"column":null}},"59":{"start":{"line":174,"column":25},"end":{"line":174,"column":null}},"60":{"start":{"line":174,"column":59},"end":{"line":174,"column":null}},"61":{"start":{"line":176,"column":20},"end":{"line":180,"column":null}},"62":{"start":{"line":177,"column":22},"end":{"line":179,"column":null}},"63":{"start":{"line":177,"column":72},"end":{"line":177,"column":null}},"64":{"start":{"line":178,"column":27},"end":{"line":179,"column":null}},"65":{"start":{"line":178,"column":77},"end":{"line":178,"column":null}},"66":{"start":{"line":179,"column":27},"end":{"line":179,"column":null}},"67":{"start":{"line":179,"column":83},"end":{"line":179,"column":null}},"68":{"start":{"line":182,"column":20},"end":{"line":186,"column":null}},"69":{"start":{"line":182,"column":41},"end":{"line":186,"column":22}},"70":{"start":{"line":203,"column":35},"end":{"line":203,"column":null}},"71":{"start":{"line":203,"column":56},"end":{"line":203,"column":96}},"72":{"start":{"line":210,"column":24},"end":{"line":230,"column":null}},"73":{"start":{"line":211,"column":44},"end":{"line":211,"column":null}},"74":{"start":{"line":212,"column":20},"end":{"line":220,"column":null}},"75":{"start":{"line":213,"column":46},"end":{"line":213,"column":null}},"76":{"start":{"line":213,"column":69},"end":{"line":213,"column":89}},"77":{"start":{"line":214,"column":46},"end":{"line":214,"column":null}},"78":{"start":{"line":214,"column":69},"end":{"line":214,"column":106}},"79":{"start":{"line":215,"column":49},"end":{"line":215,"column":null}},"80":{"start":{"line":215,"column":72},"end":{"line":215,"column":92}},"81":{"start":{"line":217,"column":22},"end":{"line":217,"column":null}},"82":{"start":{"line":217,"column":75},"end":{"line":217,"column":null}},"83":{"start":{"line":218,"column":22},"end":{"line":218,"column":null}},"84":{"start":{"line":218,"column":75},"end":{"line":218,"column":null}},"85":{"start":{"line":219,"column":22},"end":{"line":219,"column":null}},"86":{"start":{"line":219,"column":81},"end":{"line":219,"column":null}},"87":{"start":{"line":222,"column":20},"end":{"line":228,"column":null}},"88":{"start":{"line":223,"column":22},"end":{"line":223,"column":null}},"89":{"start":{"line":224,"column":27},"end":{"line":228,"column":null}},"90":{"start":{"line":225,"column":22},"end":{"line":225,"column":null}},"91":{"start":{"line":226,"column":27},"end":{"line":228,"column":null}},"92":{"start":{"line":227,"column":22},"end":{"line":227,"column":null}},"93":{"start":{"line":229,"column":20},"end":{"line":229,"column":null}},"94":{"start":{"line":232,"column":40},"end":{"line":232,"column":null}},"95":{"start":{"line":234,"column":18},"end":{"line":251,"column":null}},"96":{"start":{"line":238,"column":37},"end":{"line":238,"column":null}},"97":{"start":{"line":238,"column":58},"end":{"line":238,"column":98}},"98":{"start":{"line":241,"column":24},"end":{"line":241,"column":null}},"99":{"start":{"line":250,"column":37},"end":{"line":250,"column":null}},"100":{"start":{"line":250,"column":58},"end":{"line":250,"column":98}},"101":{"start":{"line":264,"column":35},"end":{"line":264,"column":null}},"102":{"start":{"line":264,"column":56},"end":{"line":264,"column":96}},"103":{"start":{"line":268,"column":35},"end":{"line":268,"column":null}},"104":{"start":{"line":301,"column":33},"end":{"line":301,"column":null}},"105":{"start":{"line":301,"column":54},"end":{"line":301,"column":96}},"106":{"start":{"line":305,"column":33},"end":{"line":305,"column":null}},"107":{"start":{"line":329,"column":27},"end":{"line":329,"column":null}}},"fnMap":{"0":{"name":"SettingsModal","decl":{"start":{"line":4,"column":24},"end":{"line":4,"column":38}},"loc":{"start":{"line":18,"column":3},"end":{"line":337,"column":null}},"line":18},"1":{"name":"(anonymous_1)","decl":{"start":{"line":22,"column":35},"end":{"line":22,"column":50}},"loc":{"start":{"line":22,"column":50},"end":{"line":22,"column":null}},"line":22},"2":{"name":"(anonymous_2)","decl":{"start":{"line":23,"column":37},"end":{"line":23,"column":46}},"loc":{"start":{"line":23,"column":51},"end":{"line":23,"column":null}},"line":23},"3":{"name":"(anonymous_3)","decl":{"start":{"line":26,"column":39},"end":{"line":26,"column":54}},"loc":{"start":{"line":26,"column":54},"end":{"line":26,"column":null}},"line":26},"4":{"name":"(anonymous_4)","decl":{"start":{"line":34,"column":12},"end":{"line":34,"column":27}},"loc":{"start":{"line":34,"column":27},"end":{"line":41,"column":null}},"line":34},"5":{"name":"(anonymous_5)","decl":{"start":{"line":36,"column":14},"end":{"line":36,"column":26}},"loc":{"start":{"line":36,"column":35},"end":{"line":40,"column":16}},"line":36},"6":{"name":"(anonymous_6)","decl":{"start":{"line":47,"column":12},"end":{"line":47,"column":27}},"loc":{"start":{"line":47,"column":27},"end":{"line":73,"column":null}},"line":47},"7":{"name":"(anonymous_7)","decl":{"start":{"line":49,"column":51},"end":{"line":49,"column":56}},"loc":{"start":{"line":49,"column":61},"end":{"line":49,"column":81}},"line":49},"8":{"name":"(anonymous_8)","decl":{"start":{"line":50,"column":51},"end":{"line":50,"column":56}},"loc":{"start":{"line":50,"column":61},"end":{"line":50,"column":98}},"line":50},"9":{"name":"(anonymous_9)","decl":{"start":{"line":51,"column":54},"end":{"line":51,"column":59}},"loc":{"start":{"line":51,"column":64},"end":{"line":51,"column":84}},"line":51},"10":{"name":"(anonymous_10)","decl":{"start":{"line":68,"column":14},"end":{"line":68,"column":26}},"loc":{"start":{"line":68,"column":35},"end":{"line":72,"column":16}},"line":68},"11":{"name":"(anonymous_11)","decl":{"start":{"line":87,"column":18},"end":{"line":87,"column":28}},"loc":{"start":{"line":87,"column":33},"end":{"line":87,"column":null}},"line":87},"12":{"name":"(anonymous_12)","decl":{"start":{"line":87,"column":33},"end":{"line":87,"column":45}},"loc":{"start":{"line":87,"column":54},"end":{"line":87,"column":99}},"line":87},"13":{"name":"(anonymous_13)","decl":{"start":{"line":101,"column":18},"end":{"line":101,"column":28}},"loc":{"start":{"line":101,"column":33},"end":{"line":101,"column":null}},"line":101},"14":{"name":"(anonymous_14)","decl":{"start":{"line":101,"column":33},"end":{"line":101,"column":45}},"loc":{"start":{"line":101,"column":54},"end":{"line":101,"column":93}},"line":101},"15":{"name":"(anonymous_15)","decl":{"start":{"line":110,"column":20},"end":{"line":110,"column":30}},"loc":{"start":{"line":110,"column":35},"end":{"line":110,"column":null}},"line":110},"16":{"name":"(anonymous_16)","decl":{"start":{"line":110,"column":35},"end":{"line":110,"column":47}},"loc":{"start":{"line":110,"column":56},"end":{"line":110,"column":96}},"line":110},"17":{"name":"(anonymous_17)","decl":{"start":{"line":112,"column":33},"end":{"line":112,"column":37}},"loc":{"start":{"line":113,"column":22},"end":{"line":113,"column":null}},"line":113},"18":{"name":"(anonymous_18)","decl":{"start":{"line":122,"column":20},"end":{"line":122,"column":30}},"loc":{"start":{"line":122,"column":35},"end":{"line":122,"column":null}},"line":122},"19":{"name":"(anonymous_19)","decl":{"start":{"line":122,"column":35},"end":{"line":122,"column":47}},"loc":{"start":{"line":122,"column":56},"end":{"line":122,"column":96}},"line":122},"20":{"name":"(anonymous_20)","decl":{"start":{"line":135,"column":20},"end":{"line":135,"column":30}},"loc":{"start":{"line":135,"column":35},"end":{"line":135,"column":null}},"line":135},"21":{"name":"(anonymous_21)","decl":{"start":{"line":135,"column":35},"end":{"line":135,"column":47}},"loc":{"start":{"line":135,"column":56},"end":{"line":135,"column":95}},"line":135},"22":{"name":"(anonymous_22)","decl":{"start":{"line":139,"column":20},"end":{"line":139,"column":35}},"loc":{"start":{"line":139,"column":35},"end":{"line":139,"column":null}},"line":139},"23":{"name":"(anonymous_23)","decl":{"start":{"line":166,"column":18},"end":{"line":166,"column":28}},"loc":{"start":{"line":166,"column":33},"end":{"line":187,"column":null}},"line":166},"24":{"name":"(anonymous_24)","decl":{"start":{"line":168,"column":57},"end":{"line":168,"column":62}},"loc":{"start":{"line":168,"column":67},"end":{"line":168,"column":87}},"line":168},"25":{"name":"(anonymous_25)","decl":{"start":{"line":169,"column":57},"end":{"line":169,"column":62}},"loc":{"start":{"line":169,"column":67},"end":{"line":169,"column":104}},"line":169},"26":{"name":"(anonymous_26)","decl":{"start":{"line":170,"column":60},"end":{"line":170,"column":65}},"loc":{"start":{"line":170,"column":70},"end":{"line":170,"column":90}},"line":170},"27":{"name":"(anonymous_27)","decl":{"start":{"line":182,"column":20},"end":{"line":182,"column":32}},"loc":{"start":{"line":182,"column":41},"end":{"line":186,"column":22}},"line":182},"28":{"name":"(anonymous_28)","decl":{"start":{"line":203,"column":20},"end":{"line":203,"column":30}},"loc":{"start":{"line":203,"column":35},"end":{"line":203,"column":null}},"line":203},"29":{"name":"(anonymous_29)","decl":{"start":{"line":203,"column":35},"end":{"line":203,"column":47}},"loc":{"start":{"line":203,"column":56},"end":{"line":203,"column":96}},"line":203},"30":{"name":"(anonymous_30)","decl":{"start":{"line":209,"column":24},"end":{"line":209,"column":null}},"loc":{"start":{"line":209,"column":24},"end":{"line":253,"column":17}},"line":209},"31":{"name":"(anonymous_31)","decl":{"start":{"line":210,"column":24},"end":{"line":210,"column":55}},"loc":{"start":{"line":210,"column":55},"end":{"line":230,"column":null}},"line":210},"32":{"name":"(anonymous_32)","decl":{"start":{"line":213,"column":59},"end":{"line":213,"column":64}},"loc":{"start":{"line":213,"column":69},"end":{"line":213,"column":89}},"line":213},"33":{"name":"(anonymous_33)","decl":{"start":{"line":214,"column":59},"end":{"line":214,"column":64}},"loc":{"start":{"line":214,"column":69},"end":{"line":214,"column":106}},"line":214},"34":{"name":"(anonymous_34)","decl":{"start":{"line":215,"column":62},"end":{"line":215,"column":67}},"loc":{"start":{"line":215,"column":72},"end":{"line":215,"column":92}},"line":215},"35":{"name":"(anonymous_35)","decl":{"start":{"line":238,"column":22},"end":{"line":238,"column":32}},"loc":{"start":{"line":238,"column":37},"end":{"line":238,"column":null}},"line":238},"36":{"name":"(anonymous_36)","decl":{"start":{"line":238,"column":37},"end":{"line":238,"column":49}},"loc":{"start":{"line":238,"column":58},"end":{"line":238,"column":98}},"line":238},"37":{"name":"(anonymous_37)","decl":{"start":{"line":240,"column":37},"end":{"line":240,"column":41}},"loc":{"start":{"line":241,"column":24},"end":{"line":241,"column":null}},"line":241},"38":{"name":"(anonymous_38)","decl":{"start":{"line":250,"column":22},"end":{"line":250,"column":32}},"loc":{"start":{"line":250,"column":37},"end":{"line":250,"column":null}},"line":250},"39":{"name":"(anonymous_39)","decl":{"start":{"line":250,"column":37},"end":{"line":250,"column":49}},"loc":{"start":{"line":250,"column":58},"end":{"line":250,"column":98}},"line":250},"40":{"name":"(anonymous_40)","decl":{"start":{"line":264,"column":20},"end":{"line":264,"column":30}},"loc":{"start":{"line":264,"column":35},"end":{"line":264,"column":null}},"line":264},"41":{"name":"(anonymous_41)","decl":{"start":{"line":264,"column":35},"end":{"line":264,"column":47}},"loc":{"start":{"line":264,"column":56},"end":{"line":264,"column":96}},"line":264},"42":{"name":"(anonymous_42)","decl":{"start":{"line":268,"column":20},"end":{"line":268,"column":35}},"loc":{"start":{"line":268,"column":35},"end":{"line":268,"column":null}},"line":268},"43":{"name":"(anonymous_43)","decl":{"start":{"line":301,"column":18},"end":{"line":301,"column":28}},"loc":{"start":{"line":301,"column":33},"end":{"line":301,"column":null}},"line":301},"44":{"name":"(anonymous_44)","decl":{"start":{"line":301,"column":33},"end":{"line":301,"column":45}},"loc":{"start":{"line":301,"column":54},"end":{"line":301,"column":96}},"line":301},"45":{"name":"(anonymous_45)","decl":{"start":{"line":305,"column":18},"end":{"line":305,"column":33}},"loc":{"start":{"line":305,"column":33},"end":{"line":305,"column":null}},"line":305},"46":{"name":"(anonymous_46)","decl":{"start":{"line":329,"column":12},"end":{"line":329,"column":27}},"loc":{"start":{"line":329,"column":27},"end":{"line":329,"column":null}},"line":329}},"branchMap":{"0":{"loc":{"start":{"line":19,"column":2},"end":{"line":19,"column":null}},"type":"if","locations":[{"start":{"line":19,"column":2},"end":{"line":19,"column":null}},{"start":{},"end":{}}],"line":19},"1":{"loc":{"start":{"line":33,"column":43},"end":{"line":33,"column":null}},"type":"cond-expr","locations":[{"start":{"line":33,"column":75},"end":{"line":33,"column":86}},{"start":{"line":33,"column":86},"end":{"line":33,"column":null}}],"line":33},"2":{"loc":{"start":{"line":39,"column":28},"end":{"line":39,"column":null}},"type":"cond-expr","locations":[{"start":{"line":39,"column":45},"end":{"line":39,"column":64}},{"start":{"line":39,"column":64},"end":{"line":39,"column":null}}],"line":39},"3":{"loc":{"start":{"line":39,"column":64},"end":{"line":39,"column":null}},"type":"cond-expr","locations":[{"start":{"line":39,"column":89},"end":{"line":39,"column":106}},{"start":{"line":39,"column":106},"end":{"line":39,"column":null}}],"line":39},"4":{"loc":{"start":{"line":46,"column":43},"end":{"line":46,"column":null}},"type":"cond-expr","locations":[{"start":{"line":46,"column":76},"end":{"line":46,"column":87}},{"start":{"line":46,"column":87},"end":{"line":46,"column":null}}],"line":46},"5":{"loc":{"start":{"line":48,"column":44},"end":{"line":48,"column":null}},"type":"binary-expr","locations":[{"start":{"line":48,"column":44},"end":{"line":48,"column":72}},{"start":{"line":48,"column":72},"end":{"line":48,"column":null}}],"line":48},"6":{"loc":{"start":{"line":50,"column":61},"end":{"line":50,"column":98}},"type":"binary-expr","locations":[{"start":{"line":50,"column":61},"end":{"line":50,"column":82}},{"start":{"line":50,"column":82},"end":{"line":50,"column":98}}],"line":50},"7":{"loc":{"start":{"line":54,"column":14},"end":{"line":54,"column":null}},"type":"if","locations":[{"start":{"line":54,"column":14},"end":{"line":54,"column":null}},{"start":{},"end":{}}],"line":54},"8":{"loc":{"start":{"line":54,"column":18},"end":{"line":54,"column":119}},"type":"binary-expr","locations":[{"start":{"line":54,"column":18},"end":{"line":54,"column":56}},{"start":{"line":54,"column":56},"end":{"line":54,"column":75}},{"start":{"line":54,"column":75},"end":{"line":54,"column":119}}],"line":54},"9":{"loc":{"start":{"line":55,"column":14},"end":{"line":55,"column":null}},"type":"if","locations":[{"start":{"line":55,"column":14},"end":{"line":55,"column":null}},{"start":{},"end":{}}],"line":55},"10":{"loc":{"start":{"line":55,"column":18},"end":{"line":55,"column":119}},"type":"binary-expr","locations":[{"start":{"line":55,"column":18},"end":{"line":55,"column":56}},{"start":{"line":55,"column":56},"end":{"line":55,"column":75}},{"start":{"line":55,"column":75},"end":{"line":55,"column":119}}],"line":55},"11":{"loc":{"start":{"line":56,"column":14},"end":{"line":56,"column":null}},"type":"if","locations":[{"start":{"line":56,"column":14},"end":{"line":56,"column":null}},{"start":{},"end":{}}],"line":56},"12":{"loc":{"start":{"line":56,"column":18},"end":{"line":56,"column":125}},"type":"binary-expr","locations":[{"start":{"line":56,"column":18},"end":{"line":56,"column":59}},{"start":{"line":56,"column":59},"end":{"line":56,"column":81}},{"start":{"line":56,"column":81},"end":{"line":56,"column":125}}],"line":56},"13":{"loc":{"start":{"line":59,"column":14},"end":{"line":60,"column":null}},"type":"if","locations":[{"start":{"line":59,"column":14},"end":{"line":60,"column":null}},{"start":{"line":60,"column":19},"end":{"line":60,"column":null}}],"line":59},"14":{"loc":{"start":{"line":60,"column":19},"end":{"line":60,"column":null}},"type":"if","locations":[{"start":{"line":60,"column":19},"end":{"line":60,"column":null}},{"start":{},"end":{}}],"line":60},"15":{"loc":{"start":{"line":62,"column":14},"end":{"line":66,"column":null}},"type":"if","locations":[{"start":{"line":62,"column":14},"end":{"line":66,"column":null}},{"start":{},"end":{}}],"line":62},"16":{"loc":{"start":{"line":63,"column":16},"end":{"line":65,"column":null}},"type":"if","locations":[{"start":{"line":63,"column":16},"end":{"line":65,"column":null}},{"start":{"line":64,"column":21},"end":{"line":65,"column":null}}],"line":63},"17":{"loc":{"start":{"line":63,"column":20},"end":{"line":63,"column":75}},"type":"binary-expr","locations":[{"start":{"line":63,"column":20},"end":{"line":63,"column":58}},{"start":{"line":63,"column":58},"end":{"line":63,"column":75}}],"line":63},"18":{"loc":{"start":{"line":64,"column":21},"end":{"line":65,"column":null}},"type":"if","locations":[{"start":{"line":64,"column":21},"end":{"line":65,"column":null}},{"start":{"line":65,"column":21},"end":{"line":65,"column":null}}],"line":64},"19":{"loc":{"start":{"line":64,"column":25},"end":{"line":64,"column":80}},"type":"binary-expr","locations":[{"start":{"line":64,"column":25},"end":{"line":64,"column":63}},{"start":{"line":64,"column":63},"end":{"line":64,"column":80}}],"line":64},"20":{"loc":{"start":{"line":65,"column":21},"end":{"line":65,"column":null}},"type":"if","locations":[{"start":{"line":65,"column":21},"end":{"line":65,"column":null}},{"start":{},"end":{}}],"line":65},"21":{"loc":{"start":{"line":65,"column":25},"end":{"line":65,"column":86}},"type":"binary-expr","locations":[{"start":{"line":65,"column":25},"end":{"line":65,"column":66}},{"start":{"line":65,"column":66},"end":{"line":65,"column":86}}],"line":65},"22":{"loc":{"start":{"line":71,"column":28},"end":{"line":71,"column":null}},"type":"cond-expr","locations":[{"start":{"line":71,"column":49},"end":{"line":71,"column":67}},{"start":{"line":71,"column":67},"end":{"line":71,"column":null}}],"line":71},"23":{"loc":{"start":{"line":80,"column":11},"end":{"line":287,"column":null}},"type":"cond-expr","locations":[{"start":{"line":81,"column":12},"end":{"line":160,"column":null}},{"start":{"line":160,"column":12},"end":{"line":287,"column":null}}],"line":80},"24":{"loc":{"start":{"line":86,"column":25},"end":{"line":86,"column":null}},"type":"binary-expr","locations":[{"start":{"line":86,"column":25},"end":{"line":86,"column":53}},{"start":{"line":86,"column":53},"end":{"line":86,"column":null}}],"line":86},"25":{"loc":{"start":{"line":100,"column":25},"end":{"line":100,"column":null}},"type":"binary-expr","locations":[{"start":{"line":100,"column":25},"end":{"line":100,"column":47}},{"start":{"line":100,"column":47},"end":{"line":100,"column":null}}],"line":100},"26":{"loc":{"start":{"line":106,"column":17},"end":{"line":125,"column":null}},"type":"cond-expr","locations":[{"start":{"line":107,"column":18},"end":{"line":117,"column":19}},{"start":{"line":117,"column":18},"end":{"line":125,"column":null}}],"line":106},"27":{"loc":{"start":{"line":130,"column":26},"end":{"line":130,"column":null}},"type":"cond-expr","locations":[{"start":{"line":130,"column":41},"end":{"line":130,"column":50}},{"start":{"line":130,"column":50},"end":{"line":130,"column":null}}],"line":130},"28":{"loc":{"start":{"line":134,"column":27},"end":{"line":134,"column":null}},"type":"binary-expr","locations":[{"start":{"line":134,"column":27},"end":{"line":134,"column":49}},{"start":{"line":134,"column":49},"end":{"line":134,"column":null}}],"line":134},"29":{"loc":{"start":{"line":154,"column":21},"end":{"line":154,"column":null}},"type":"cond-expr","locations":[{"start":{"line":154,"column":36},"end":{"line":154,"column":60}},{"start":{"line":154,"column":59},"end":{"line":154,"column":null}}],"line":154},"30":{"loc":{"start":{"line":165,"column":25},"end":{"line":165,"column":null}},"type":"binary-expr","locations":[{"start":{"line":165,"column":25},"end":{"line":165,"column":53}},{"start":{"line":165,"column":53},"end":{"line":165,"column":null}}],"line":165},"31":{"loc":{"start":{"line":169,"column":67},"end":{"line":169,"column":104}},"type":"binary-expr","locations":[{"start":{"line":169,"column":67},"end":{"line":169,"column":88}},{"start":{"line":169,"column":88},"end":{"line":169,"column":104}}],"line":169},"32":{"loc":{"start":{"line":173,"column":20},"end":{"line":174,"column":null}},"type":"if","locations":[{"start":{"line":173,"column":20},"end":{"line":174,"column":null}},{"start":{"line":174,"column":25},"end":{"line":174,"column":null}}],"line":173},"33":{"loc":{"start":{"line":174,"column":25},"end":{"line":174,"column":null}},"type":"if","locations":[{"start":{"line":174,"column":25},"end":{"line":174,"column":null}},{"start":{},"end":{}}],"line":174},"34":{"loc":{"start":{"line":176,"column":20},"end":{"line":180,"column":null}},"type":"if","locations":[{"start":{"line":176,"column":20},"end":{"line":180,"column":null}},{"start":{},"end":{}}],"line":176},"35":{"loc":{"start":{"line":177,"column":22},"end":{"line":179,"column":null}},"type":"if","locations":[{"start":{"line":177,"column":22},"end":{"line":179,"column":null}},{"start":{"line":178,"column":27},"end":{"line":179,"column":null}}],"line":177},"36":{"loc":{"start":{"line":177,"column":26},"end":{"line":177,"column":72}},"type":"binary-expr","locations":[{"start":{"line":177,"column":26},"end":{"line":177,"column":55}},{"start":{"line":177,"column":55},"end":{"line":177,"column":72}}],"line":177},"37":{"loc":{"start":{"line":178,"column":27},"end":{"line":179,"column":null}},"type":"if","locations":[{"start":{"line":178,"column":27},"end":{"line":179,"column":null}},{"start":{"line":179,"column":27},"end":{"line":179,"column":null}}],"line":178},"38":{"loc":{"start":{"line":178,"column":31},"end":{"line":178,"column":77}},"type":"binary-expr","locations":[{"start":{"line":178,"column":31},"end":{"line":178,"column":60}},{"start":{"line":178,"column":60},"end":{"line":178,"column":77}}],"line":178},"39":{"loc":{"start":{"line":179,"column":27},"end":{"line":179,"column":null}},"type":"if","locations":[{"start":{"line":179,"column":27},"end":{"line":179,"column":null}},{"start":{},"end":{}}],"line":179},"40":{"loc":{"start":{"line":179,"column":31},"end":{"line":179,"column":83}},"type":"binary-expr","locations":[{"start":{"line":179,"column":31},"end":{"line":179,"column":63}},{"start":{"line":179,"column":63},"end":{"line":179,"column":83}}],"line":179},"41":{"loc":{"start":{"line":195,"column":15},"end":{"line":205,"column":null}},"type":"binary-expr","locations":[{"start":{"line":195,"column":15},"end":{"line":195,"column":null}},{"start":{"line":196,"column":16},"end":{"line":205,"column":null}}],"line":195},"42":{"loc":{"start":{"line":202,"column":27},"end":{"line":202,"column":null}},"type":"binary-expr","locations":[{"start":{"line":202,"column":27},"end":{"line":202,"column":50}},{"start":{"line":202,"column":50},"end":{"line":202,"column":null}}],"line":202},"43":{"loc":{"start":{"line":211,"column":44},"end":{"line":211,"column":null}},"type":"binary-expr","locations":[{"start":{"line":211,"column":44},"end":{"line":211,"column":72}},{"start":{"line":211,"column":72},"end":{"line":211,"column":null}}],"line":211},"44":{"loc":{"start":{"line":212,"column":20},"end":{"line":220,"column":null}},"type":"if","locations":[{"start":{"line":212,"column":20},"end":{"line":220,"column":null}},{"start":{},"end":{}}],"line":212},"45":{"loc":{"start":{"line":212,"column":24},"end":{"line":212,"column":65}},"type":"binary-expr","locations":[{"start":{"line":212,"column":24},"end":{"line":212,"column":40}},{"start":{"line":212,"column":40},"end":{"line":212,"column":65}}],"line":212},"46":{"loc":{"start":{"line":214,"column":69},"end":{"line":214,"column":106}},"type":"binary-expr","locations":[{"start":{"line":214,"column":69},"end":{"line":214,"column":90}},{"start":{"line":214,"column":90},"end":{"line":214,"column":106}}],"line":214},"47":{"loc":{"start":{"line":217,"column":22},"end":{"line":217,"column":null}},"type":"if","locations":[{"start":{"line":217,"column":22},"end":{"line":217,"column":null}},{"start":{},"end":{}}],"line":217},"48":{"loc":{"start":{"line":217,"column":26},"end":{"line":217,"column":75}},"type":"binary-expr","locations":[{"start":{"line":217,"column":26},"end":{"line":217,"column":58}},{"start":{"line":217,"column":58},"end":{"line":217,"column":75}}],"line":217},"49":{"loc":{"start":{"line":218,"column":22},"end":{"line":218,"column":null}},"type":"if","locations":[{"start":{"line":218,"column":22},"end":{"line":218,"column":null}},{"start":{},"end":{}}],"line":218},"50":{"loc":{"start":{"line":218,"column":26},"end":{"line":218,"column":75}},"type":"binary-expr","locations":[{"start":{"line":218,"column":26},"end":{"line":218,"column":58}},{"start":{"line":218,"column":58},"end":{"line":218,"column":75}}],"line":218},"51":{"loc":{"start":{"line":219,"column":22},"end":{"line":219,"column":null}},"type":"if","locations":[{"start":{"line":219,"column":22},"end":{"line":219,"column":null}},{"start":{},"end":{}}],"line":219},"52":{"loc":{"start":{"line":219,"column":26},"end":{"line":219,"column":81}},"type":"binary-expr","locations":[{"start":{"line":219,"column":26},"end":{"line":219,"column":61}},{"start":{"line":219,"column":61},"end":{"line":219,"column":81}}],"line":219},"53":{"loc":{"start":{"line":222,"column":20},"end":{"line":228,"column":null}},"type":"if","locations":[{"start":{"line":222,"column":20},"end":{"line":228,"column":null}},{"start":{"line":224,"column":27},"end":{"line":228,"column":null}}],"line":222},"54":{"loc":{"start":{"line":224,"column":27},"end":{"line":228,"column":null}},"type":"if","locations":[{"start":{"line":224,"column":27},"end":{"line":228,"column":null}},{"start":{"line":226,"column":27},"end":{"line":228,"column":null}}],"line":224},"55":{"loc":{"start":{"line":226,"column":27},"end":{"line":228,"column":null}},"type":"if","locations":[{"start":{"line":226,"column":27},"end":{"line":228,"column":null}},{"start":{},"end":{}}],"line":226},"56":{"loc":{"start":{"line":234,"column":25},"end":{"line":251,"column":null}},"type":"cond-expr","locations":[{"start":{"line":235,"column":20},"end":{"line":245,"column":21}},{"start":{"line":245,"column":20},"end":{"line":251,"column":null}}],"line":234},"57":{"loc":{"start":{"line":259,"column":26},"end":{"line":259,"column":null}},"type":"cond-expr","locations":[{"start":{"line":259,"column":42},"end":{"line":259,"column":51}},{"start":{"line":259,"column":51},"end":{"line":259,"column":null}}],"line":259},"58":{"loc":{"start":{"line":263,"column":27},"end":{"line":263,"column":null}},"type":"binary-expr","locations":[{"start":{"line":263,"column":27},"end":{"line":263,"column":50}},{"start":{"line":263,"column":50},"end":{"line":263,"column":null}}],"line":263},"59":{"loc":{"start":{"line":283,"column":21},"end":{"line":283,"column":null}},"type":"cond-expr","locations":[{"start":{"line":283,"column":37},"end":{"line":283,"column":61}},{"start":{"line":283,"column":60},"end":{"line":283,"column":null}}],"line":283},"60":{"loc":{"start":{"line":296,"column":24},"end":{"line":296,"column":null}},"type":"cond-expr","locations":[{"start":{"line":296,"column":42},"end":{"line":296,"column":51}},{"start":{"line":296,"column":51},"end":{"line":296,"column":null}}],"line":296},"61":{"loc":{"start":{"line":320,"column":19},"end":{"line":320,"column":null}},"type":"cond-expr","locations":[{"start":{"line":320,"column":37},"end":{"line":320,"column":61}},{"start":{"line":320,"column":60},"end":{"line":320,"column":null}}],"line":320}},"s":{"0":19,"1":5,"2":14,"3":1,"4":9,"5":1,"6":1,"7":1,"8":1,"9":3,"10":3,"11":3,"12":3,"13":6,"14":3,"15":9,"16":3,"17":3,"18":0,"19":3,"20":0,"21":3,"22":0,"23":3,"24":3,"25":1,"26":2,"27":1,"28":3,"29":3,"30":1,"31":2,"32":1,"33":1,"34":1,"35":3,"36":3,"37":1,"38":1,"39":1,"40":1,"41":1,"42":1,"43":10,"44":1,"45":1,"46":1,"47":1,"48":1,"49":2,"50":2,"51":2,"52":2,"53":4,"54":2,"55":6,"56":2,"57":2,"58":1,"59":1,"60":1,"61":2,"62":2,"63":0,"64":2,"65":1,"66":1,"67":1,"68":2,"69":2,"70":1,"71":1,"72":8,"73":8,"74":8,"75":3,"76":3,"77":3,"78":6,"79":3,"80":9,"81":3,"82":1,"83":2,"84":2,"85":0,"86":0,"87":5,"88":1,"89":4,"90":1,"91":3,"92":1,"93":2,"94":8,"95":8,"96":1,"97":1,"98":17,"99":1,"100":1,"101":1,"102":1,"103":1,"104":1,"105":1,"106":1,"107":1},"f":{"0":19,"1":1,"2":9,"3":1,"4":1,"5":1,"6":3,"7":3,"8":6,"9":9,"10":3,"11":1,"12":1,"13":1,"14":1,"15":1,"16":1,"17":10,"18":1,"19":1,"20":1,"21":1,"22":1,"23":2,"24":2,"25":4,"26":6,"27":2,"28":1,"29":1,"30":8,"31":8,"32":3,"33":6,"34":9,"35":1,"36":1,"37":17,"38":1,"39":1,"40":1,"41":1,"42":1,"43":1,"44":1,"45":1,"46":1},"b":{"0":[5,14],"1":[6,8],"2":[0,1],"3":[1,0],"4":[8,6],"5":[3,0],"6":[6,3],"7":[0,3],"8":[3,1,1],"9":[0,3],"10":[3,1,1],"11":[0,3],"12":[3,1,1],"13":[1,2],"14":[1,1],"15":[3,0],"16":[1,2],"17":[3,1],"18":[1,1],"19":[2,1],"20":[1,0],"21":[1,1],"22":[0,3],"23":[6,8],"24":[6,0],"25":[6,0],"26":[5,1],"27":[0,6],"28":[6,0],"29":[0,6],"30":[8,0],"31":[4,2],"32":[1,1],"33":[1,0],"34":[2,0],"35":[0,2],"36":[2,0],"37":[1,1],"38":[2,1],"39":[1,0],"40":[1,1],"41":[8,6],"42":[6,4],"43":[8,0],"44":[3,5],"45":[8,8],"46":[6,3],"47":[1,2],"48":[3,1],"49":[2,0],"50":[2,2],"51":[0,0],"52":[0,0],"53":[1,4],"54":[1,3],"55":[1,2],"56":[6,2],"57":[0,8],"58":[8,2],"59":[0,8],"60":[0,14],"61":[0,14]},"meta":{"lastBranch":62,"lastFunction":47,"lastStatement":108,"seen":{"f:4:24:4:38":0,"b:19:2:19:Infinity:undefined:undefined:undefined:undefined":0,"s:19:2:19:Infinity":0,"s:19:23:19:Infinity":1,"s:21:2:335:Infinity":2,"f:22:35:22:50":1,"s:22:50:22:Infinity":3,"f:23:37:23:46":2,"s:23:51:23:Infinity":4,"f:26:39:26:54":3,"s:26:54:26:Infinity":5,"b:33:75:33:86:33:86:33:Infinity":1,"f:34:12:34:27":4,"s:35:37:35:Infinity":6,"s:36:14:40:Infinity":7,"f:36:14:36:26":5,"s:36:35:40:16":8,"b:39:45:39:64:39:64:39:Infinity":2,"b:39:89:39:106:39:106:39:Infinity":3,"b:46:76:46:87:46:87:46:Infinity":4,"f:47:12:47:27":6,"s:48:44:48:Infinity":9,"b:48:44:48:72:48:72:48:Infinity":5,"s:49:38:49:Infinity":10,"f:49:51:49:56":7,"s:49:61:49:81":11,"s:50:38:50:Infinity":12,"f:50:51:50:56":8,"s:50:61:50:98":13,"b:50:61:50:82:50:82:50:98":6,"s:51:41:51:Infinity":14,"f:51:54:51:59":9,"s:51:64:51:84":15,"s:53:39:53:Infinity":16,"b:54:14:54:Infinity:undefined:undefined:undefined:undefined":7,"s:54:14:54:Infinity":17,"b:54:18:54:56:54:56:54:75:54:75:54:119":8,"s:54:119:54:Infinity":18,"b:55:14:55:Infinity:undefined:undefined:undefined:undefined":9,"s:55:14:55:Infinity":19,"b:55:18:55:56:55:56:55:75:55:75:55:119":10,"s:55:119:55:Infinity":20,"b:56:14:56:Infinity:undefined:undefined:undefined:undefined":11,"s:56:14:56:Infinity":21,"b:56:18:56:59:56:59:56:81:56:81:56:125":12,"s:56:125:56:Infinity":22,"s:58:33:58:Infinity":23,"b:59:14:60:Infinity:60:19:60:Infinity":13,"s:59:14:60:Infinity":24,"s:59:54:59:Infinity":25,"b:60:19:60:Infinity:undefined:undefined:undefined:undefined":14,"s:60:19:60:Infinity":26,"s:60:62:60:Infinity":27,"b:62:14:66:Infinity:undefined:undefined:undefined:undefined":15,"s:62:14:66:Infinity":28,"b:63:16:65:Infinity:64:21:65:Infinity":16,"s:63:16:65:Infinity":29,"b:63:20:63:58:63:58:63:75":17,"s:63:75:63:Infinity":30,"b:64:21:65:Infinity:65:21:65:Infinity":18,"s:64:21:65:Infinity":31,"b:64:25:64:63:64:63:64:80":19,"s:64:80:64:Infinity":32,"b:65:21:65:Infinity:undefined:undefined:undefined:undefined":20,"s:65:21:65:Infinity":33,"b:65:25:65:66:65:66:65:86":21,"s:65:86:65:Infinity":34,"s:68:14:72:Infinity":35,"f:68:14:68:26":10,"s:68:35:72:16":36,"b:71:49:71:67:71:67:71:Infinity":22,"b:81:12:160:Infinity:160:12:287:Infinity":23,"b:86:25:86:53:86:53:86:Infinity":24,"f:87:18:87:28":11,"s:87:33:87:Infinity":37,"f:87:33:87:45":12,"s:87:54:87:99":38,"b:100:25:100:47:100:47:100:Infinity":25,"f:101:18:101:28":13,"s:101:33:101:Infinity":39,"f:101:33:101:45":14,"s:101:54:101:93":40,"b:107:18:117:19:117:18:125:Infinity":26,"f:110:20:110:30":15,"s:110:35:110:Infinity":41,"f:110:35:110:47":16,"s:110:56:110:96":42,"f:112:33:112:37":17,"s:113:22:113:Infinity":43,"f:122:20:122:30":18,"s:122:35:122:Infinity":44,"f:122:35:122:47":19,"s:122:56:122:96":45,"b:130:41:130:50:130:50:130:Infinity":27,"b:134:27:134:49:134:49:134:Infinity":28,"f:135:20:135:30":20,"s:135:35:135:Infinity":46,"f:135:35:135:47":21,"s:135:56:135:95":47,"f:139:20:139:35":22,"s:139:35:139:Infinity":48,"b:154:36:154:60:154:59:154:Infinity":29,"b:165:25:165:53:165:53:165:Infinity":30,"f:166:18:166:28":23,"s:167:41:167:Infinity":49,"s:168:44:168:Infinity":50,"f:168:57:168:62":24,"s:168:67:168:87":51,"s:169:44:169:Infinity":52,"f:169:57:169:62":25,"s:169:67:169:104":53,"b:169:67:169:88:169:88:169:104":31,"s:170:47:170:Infinity":54,"f:170:60:170:65":26,"s:170:70:170:90":55,"s:172:36:172:Infinity":56,"b:173:20:174:Infinity:174:25:174:Infinity":32,"s:173:20:174:Infinity":57,"s:173:51:173:Infinity":58,"b:174:25:174:Infinity:undefined:undefined:undefined:undefined":33,"s:174:25:174:Infinity":59,"s:174:59:174:Infinity":60,"b:176:20:180:Infinity:undefined:undefined:undefined:undefined":34,"s:176:20:180:Infinity":61,"b:177:22:179:Infinity:178:27:179:Infinity":35,"s:177:22:179:Infinity":62,"b:177:26:177:55:177:55:177:72":36,"s:177:72:177:Infinity":63,"b:178:27:179:Infinity:179:27:179:Infinity":37,"s:178:27:179:Infinity":64,"b:178:31:178:60:178:60:178:77":38,"s:178:77:178:Infinity":65,"b:179:27:179:Infinity:undefined:undefined:undefined:undefined":39,"s:179:27:179:Infinity":66,"b:179:31:179:63:179:63:179:83":40,"s:179:83:179:Infinity":67,"s:182:20:186:Infinity":68,"f:182:20:182:32":27,"s:182:41:186:22":69,"b:195:15:195:Infinity:196:16:205:Infinity":41,"b:202:27:202:50:202:50:202:Infinity":42,"f:203:20:203:30":28,"s:203:35:203:Infinity":70,"f:203:35:203:47":29,"s:203:56:203:96":71,"f:209:24:209:Infinity":30,"s:210:24:230:Infinity":72,"f:210:24:210:55":31,"s:211:44:211:Infinity":73,"b:211:44:211:72:211:72:211:Infinity":43,"b:212:20:220:Infinity:undefined:undefined:undefined:undefined":44,"s:212:20:220:Infinity":74,"b:212:24:212:40:212:40:212:65":45,"s:213:46:213:Infinity":75,"f:213:59:213:64":32,"s:213:69:213:89":76,"s:214:46:214:Infinity":77,"f:214:59:214:64":33,"s:214:69:214:106":78,"b:214:69:214:90:214:90:214:106":46,"s:215:49:215:Infinity":79,"f:215:62:215:67":34,"s:215:72:215:92":80,"b:217:22:217:Infinity:undefined:undefined:undefined:undefined":47,"s:217:22:217:Infinity":81,"b:217:26:217:58:217:58:217:75":48,"s:217:75:217:Infinity":82,"b:218:22:218:Infinity:undefined:undefined:undefined:undefined":49,"s:218:22:218:Infinity":83,"b:218:26:218:58:218:58:218:75":50,"s:218:75:218:Infinity":84,"b:219:22:219:Infinity:undefined:undefined:undefined:undefined":51,"s:219:22:219:Infinity":85,"b:219:26:219:61:219:61:219:81":52,"s:219:81:219:Infinity":86,"b:222:20:228:Infinity:224:27:228:Infinity":53,"s:222:20:228:Infinity":87,"s:223:22:223:Infinity":88,"b:224:27:228:Infinity:226:27:228:Infinity":54,"s:224:27:228:Infinity":89,"s:225:22:225:Infinity":90,"b:226:27:228:Infinity:undefined:undefined:undefined:undefined":55,"s:226:27:228:Infinity":91,"s:227:22:227:Infinity":92,"s:229:20:229:Infinity":93,"s:232:40:232:Infinity":94,"s:234:18:251:Infinity":95,"b:235:20:245:21:245:20:251:Infinity":56,"f:238:22:238:32":35,"s:238:37:238:Infinity":96,"f:238:37:238:49":36,"s:238:58:238:98":97,"f:240:37:240:41":37,"s:241:24:241:Infinity":98,"f:250:22:250:32":38,"s:250:37:250:Infinity":99,"f:250:37:250:49":39,"s:250:58:250:98":100,"b:259:42:259:51:259:51:259:Infinity":57,"b:263:27:263:50:263:50:263:Infinity":58,"f:264:20:264:30":40,"s:264:35:264:Infinity":101,"f:264:35:264:47":41,"s:264:56:264:96":102,"f:268:20:268:35":42,"s:268:35:268:Infinity":103,"b:283:37:283:61:283:60:283:Infinity":59,"b:296:42:296:51:296:51:296:Infinity":60,"f:301:18:301:28":43,"s:301:33:301:Infinity":104,"f:301:33:301:45":44,"s:301:54:301:96":105,"f:305:18:305:33":45,"s:305:33:305:Infinity":106,"b:320:37:320:61:320:60:320:Infinity":61,"f:329:12:329:27":46,"s:329:27:329:Infinity":107},"fnNames":{}}}
,"C:\\Users\\jjuhr\\OneDrive\\Documents\\private_ai\\frontend\\src\\components\\Sidebar.jsx": {"path":"C:\\Users\\jjuhr\\OneDrive\\Documents\\private_ai\\frontend\\src\\components\\Sidebar.jsx","statementMap":{"0":{"start":{"line":25,"column":2},"end":{"line":155,"column":null}},"1":{"start":{"line":33,"column":28},"end":{"line":33,"column":null}},"2":{"start":{"line":39,"column":25},"end":{"line":39,"column":null}},"3":{"start":{"line":53,"column":10},"end":{"line":114,"column":null}},"4":{"start":{"line":57,"column":14},"end":{"line":61,"column":null}},"5":{"start":{"line":58,"column":16},"end":{"line":58,"column":null}},"6":{"start":{"line":59,"column":16},"end":{"line":59,"column":null}},"7":{"start":{"line":60,"column":16},"end":{"line":60,"column":null}},"8":{"start":{"line":80,"column":31},"end":{"line":80,"column":null}},"9":{"start":{"line":81,"column":30},"end":{"line":81,"column":null}},"10":{"start":{"line":83,"column":18},"end":{"line":83,"column":null}},"11":{"start":{"line":83,"column":41},"end":{"line":83,"column":null}},"12":{"start":{"line":84,"column":18},"end":{"line":84,"column":null}},"13":{"start":{"line":84,"column":42},"end":{"line":84,"column":null}},"14":{"start":{"line":87,"column":30},"end":{"line":87,"column":null}},"15":{"start":{"line":97,"column":22},"end":{"line":97,"column":null}},"16":{"start":{"line":98,"column":22},"end":{"line":98,"column":null}},"17":{"start":{"line":99,"column":22},"end":{"line":99,"column":null}},"18":{"start":{"line":106,"column":36},"end":{"line":106,"column":null}},"19":{"start":{"line":121,"column":27},"end":{"line":121,"column":53}},"20":{"start":{"line":121,"column":53},"end":{"line":121,"column":84}},"21":{"start":{"line":130,"column":27},"end":{"line":130,"column":null}},"22":{"start":{"line":137,"column":56},"end":{"line":137,"column":null}}},"fnMap":{"0":{"name":"Sidebar","decl":{"start":{"line":4,"column":24},"end":{"line":4,"column":32}},"loc":{"start":{"line":24,"column":3},"end":{"line":157,"column":null}},"line":24},"1":{"name":"(anonymous_1)","decl":{"start":{"line":33,"column":12},"end":{"line":33,"column":22}},"loc":{"start":{"line":33,"column":28},"end":{"line":33,"column":null}},"line":33},"2":{"name":"(anonymous_2)","decl":{"start":{"line":39,"column":10},"end":{"line":39,"column":25}},"loc":{"start":{"line":39,"column":25},"end":{"line":39,"column":null}},"line":39},"3":{"name":"(anonymous_3)","decl":{"start":{"line":52,"column":15},"end":{"line":52,"column":19}},"loc":{"start":{"line":53,"column":10},"end":{"line":114,"column":null}},"line":53},"4":{"name":"(anonymous_4)","decl":{"start":{"line":56,"column":12},"end":{"line":56,"column":27}},"loc":{"start":{"line":56,"column":27},"end":{"line":62,"column":null}},"line":56},"5":{"name":"(anonymous_5)","decl":{"start":{"line":80,"column":16},"end":{"line":80,"column":26}},"loc":{"start":{"line":80,"column":31},"end":{"line":80,"column":null}},"line":80},"6":{"name":"(anonymous_6)","decl":{"start":{"line":81,"column":16},"end":{"line":81,"column":30}},"loc":{"start":{"line":81,"column":30},"end":{"line":81,"column":null}},"line":81},"7":{"name":"(anonymous_7)","decl":{"start":{"line":82,"column":16},"end":{"line":82,"column":27}},"loc":{"start":{"line":82,"column":32},"end":{"line":85,"column":null}},"line":82},"8":{"name":"(anonymous_8)","decl":{"start":{"line":87,"column":16},"end":{"line":87,"column":25}},"loc":{"start":{"line":87,"column":30},"end":{"line":87,"column":null}},"line":87},"9":{"name":"(anonymous_9)","decl":{"start":{"line":96,"column":20},"end":{"line":96,"column":30}},"loc":{"start":{"line":96,"column":36},"end":{"line":100,"column":null}},"line":96},"10":{"name":"(anonymous_10)","decl":{"start":{"line":106,"column":20},"end":{"line":106,"column":30}},"loc":{"start":{"line":106,"column":36},"end":{"line":106,"column":null}},"line":106},"11":{"name":"(anonymous_11)","decl":{"start":{"line":121,"column":10},"end":{"line":121,"column":25}},"loc":{"start":{"line":121,"column":25},"end":{"line":121,"column":null}},"line":121},"12":{"name":"(anonymous_12)","decl":{"start":{"line":130,"column":12},"end":{"line":130,"column":27}},"loc":{"start":{"line":130,"column":27},"end":{"line":130,"column":null}},"line":130},"13":{"name":"(anonymous_13)","decl":{"start":{"line":137,"column":41},"end":{"line":137,"column":56}},"loc":{"start":{"line":137,"column":56},"end":{"line":137,"column":null}},"line":137}},"branchMap":{"0":{"loc":{"start":{"line":26,"column":33},"end":{"line":26,"column":null}},"type":"cond-expr","locations":[{"start":{"line":26,"column":55},"end":{"line":26,"column":71}},{"start":{"line":26,"column":71},"end":{"line":26,"column":null}}],"line":26},"1":{"loc":{"start":{"line":40,"column":28},"end":{"line":40,"column":67}},"type":"cond-expr","locations":[{"start":{"line":40,"column":50},"end":{"line":40,"column":60}},{"start":{"line":40,"column":60},"end":{"line":40,"column":67}}],"line":40},"2":{"loc":{"start":{"line":55,"column":36},"end":{"line":55,"column":null}},"type":"cond-expr","locations":[{"start":{"line":55,"column":63},"end":{"line":55,"column":74}},{"start":{"line":55,"column":74},"end":{"line":55,"column":null}}],"line":55},"3":{"loc":{"start":{"line":57,"column":14},"end":{"line":61,"column":null}},"type":"if","locations":[{"start":{"line":57,"column":14},"end":{"line":61,"column":null}},{"start":{},"end":{}}],"line":57},"4":{"loc":{"start":{"line":65,"column":13},"end":{"line":114,"column":null}},"type":"cond-expr","locations":[{"start":{"line":66,"column":14},"end":{"line":90,"column":null}},{"start":{"line":90,"column":14},"end":{"line":114,"column":null}}],"line":65},"5":{"loc":{"start":{"line":83,"column":18},"end":{"line":83,"column":null}},"type":"if","locations":[{"start":{"line":83,"column":18},"end":{"line":83,"column":null}},{"start":{},"end":{}}],"line":83},"6":{"loc":{"start":{"line":84,"column":18},"end":{"line":84,"column":null}},"type":"if","locations":[{"start":{"line":84,"column":18},"end":{"line":84,"column":null}},{"start":{},"end":{}}],"line":84},"7":{"loc":{"start":{"line":120,"column":37},"end":{"line":120,"column":null}},"type":"cond-expr","locations":[{"start":{"line":120,"column":64},"end":{"line":120,"column":75}},{"start":{"line":120,"column":75},"end":{"line":120,"column":null}}],"line":120}},"s":{"0":11,"1":0,"2":1,"3":16,"4":1,"5":1,"6":1,"7":1,"8":1,"9":1,"10":2,"11":1,"12":2,"13":1,"14":1,"15":1,"16":1,"17":1,"18":1,"19":1,"20":1,"21":1,"22":1},"f":{"0":11,"1":0,"2":1,"3":16,"4":1,"5":1,"6":1,"7":2,"8":1,"9":1,"10":1,"11":1,"12":1,"13":1},"b":{"0":[1,10],"1":[1,10],"2":[9,7],"3":[1,0],"4":[1,15],"5":[1,1],"6":[1,1],"7":[0,11]},"meta":{"lastBranch":8,"lastFunction":14,"lastStatement":23,"seen":{"f:4:24:4:32":0,"s:25:2:155:Infinity":0,"b:26:55:26:71:26:71:26:Infinity":0,"f:33:12:33:22":1,"s:33:28:33:Infinity":1,"f:39:10:39:25":2,"s:39:25:39:Infinity":2,"b:40:50:40:60:40:60:40:67":1,"f:52:15:52:19":3,"s:53:10:114:Infinity":3,"b:55:63:55:74:55:74:55:Infinity":2,"f:56:12:56:27":4,"b:57:14:61:Infinity:undefined:undefined:undefined:undefined":3,"s:57:14:61:Infinity":4,"s:58:16:58:Infinity":5,"s:59:16:59:Infinity":6,"s:60:16:60:Infinity":7,"b:66:14:90:Infinity:90:14:114:Infinity":4,"f:80:16:80:26":5,"s:80:31:80:Infinity":8,"f:81:16:81:30":6,"s:81:30:81:Infinity":9,"f:82:16:82:27":7,"b:83:18:83:Infinity:undefined:undefined:undefined:undefined":5,"s:83:18:83:Infinity":10,"s:83:41:83:Infinity":11,"b:84:18:84:Infinity:undefined:undefined:undefined:undefined":6,"s:84:18:84:Infinity":12,"s:84:42:84:Infinity":13,"f:87:16:87:25":8,"s:87:30:87:Infinity":14,"f:96:20:96:30":9,"s:97:22:97:Infinity":15,"s:98:22:98:Infinity":16,"s:99:22:99:Infinity":17,"f:106:20:106:30":10,"s:106:36:106:Infinity":18,"b:120:64:120:75:120:75:120:Infinity":7,"f:121:10:121:25":11,"s:121:27:121:53":19,"s:121:53:121:84":20,"f:130:12:130:27":12,"s:130:27:130:Infinity":21,"f:137:41:137:56":13,"s:137:56:137:Infinity":22},"fnNames":{}}}
}
