{"C:\\Users\\jjuhr\\OneDrive\\Documents\\private_ai\\backend\\ai.js": {"path":"C:\\Users\\jjuhr\\OneDrive\\Documents\\private_ai\\backend\\ai.js","statementMap":{"0":{"start":{"line":1,"column":31},"end":{"line":1,"column":63}},"1":{"start":{"line":2,"column":31},"end":{"line":2,"column":63}},"2":{"start":{"line":3,"column":29},"end":{"line":3,"column":59}},"3":{"start":{"line":4,"column":32},"end":{"line":4,"column":66}},"4":{"start":{"line":5,"column":33},"end":{"line":5,"column":68}},"5":{"start":{"line":6,"column":30},"end":{"line":6,"column":61}},"6":{"start":{"line":7,"column":29},"end":{"line":7,"column":59}},"7":{"start":{"line":8,"column":27},"end":{"line":8,"column":55}},"8":{"start":{"line":12,"column":21},"end":{"line":12,"column":41}},"9":{"start":{"line":13,"column":17},"end":{"line":13,"column":19}},"10":{"start":{"line":14,"column":16},"end":{"line":16,"column":3}},"11":{"start":{"line":18,"column":2},"end":{"line":25,"column":3}},"12":{"start":{"line":19,"column":4},"end":{"line":24,"column":5}},"13":{"start":{"line":20,"column":6},"end":{"line":20,"column":36}},"14":{"start":{"line":21,"column":6},"end":{"line":21,"column":50}},"15":{"start":{"line":23,"column":6},"end":{"line":23,"column":52}},"16":{"start":{"line":27,"column":13},"end":{"line":27,"column":15}},"17":{"start":{"line":29,"column":2},"end":{"line":42,"column":3}},"18":{"start":{"line":30,"column":19},"end":{"line":30,"column":35}},"19":{"start":{"line":31,"column":19},"end":{"line":31,"column":32}},"20":{"start":{"line":33,"column":4},"end":{"line":39,"column":5}},"21":{"start":{"line":34,"column":6},"end":{"line":34,"column":41}},"22":{"start":{"line":35,"column":11},"end":{"line":39,"column":5}},"23":{"start":{"line":36,"column":6},"end":{"line":36,"column":41}},"24":{"start":{"line":38,"column":6},"end":{"line":38,"column":66}},"25":{"start":{"line":41,"column":4},"end":{"line":41,"column":64}},"26":{"start":{"line":44,"column":2},"end":{"line":74,"column":3}},"27":{"start":{"line":46,"column":26},"end":{"line":46,"column":80}},"28":{"start":{"line":46,"column":45},"end":{"line":46,"column":64}},"29":{"start":{"line":47,"column":30},"end":{"line":52,"column":9}},"30":{"start":{"line":48,"column":19},"end":{"line":48,"column":38}},"31":{"start":{"line":49,"column":17},"end":{"line":52,"column":7}},"32":{"start":{"line":54,"column":4},"end":{"line":59,"column":6}},"33":{"start":{"line":60,"column":4},"end":{"line":62,"column":5}},"34":{"start":{"line":61,"column":6},"end":{"line":61,"column":34}},"35":{"start":{"line":65,"column":4},"end":{"line":73,"column":6}},"36":{"start":{"line":76,"column":19},"end":{"line":80,"column":4}},"37":{"start":{"line":82,"column":2},"end":{"line":85,"column":3}},"38":{"start":{"line":83,"column":20},"end":{"line":83,"column":41}},"39":{"start":{"line":84,"column":4},"end":{"line":84,"column":70}},"40":{"start":{"line":87,"column":22},"end":{"line":87,"column":64}},"41":{"start":{"line":88,"column":2},"end":{"line":95,"column":3}},"42":{"start":{"line":89,"column":17},"end":{"line":89,"column":38}},"43":{"start":{"line":90,"column":20},"end":{"line":90,"column":82}},"44":{"start":{"line":91,"column":4},"end":{"line":93,"column":5}},"45":{"start":{"line":92,"column":6},"end":{"line":92,"column":23}},"46":{"start":{"line":94,"column":4},"end":{"line":94,"column":11}},"47":{"start":{"line":97,"column":17},"end":{"line":97,"column":42}},"48":{"start":{"line":98,"column":18},"end":{"line":98,"column":42}},"49":{"start":{"line":99,"column":15},"end":{"line":99,"column":17}},"50":{"start":{"line":101,"column":2},"end":{"line":122,"column":3}},"51":{"start":{"line":102,"column":28},"end":{"line":102,"column":47}},"52":{"start":{"line":103,"column":4},"end":{"line":103,"column":20}},"53":{"start":{"line":103,"column":14},"end":{"line":103,"column":20}},"54":{"start":{"line":104,"column":4},"end":{"line":104,"column":54}},"55":{"start":{"line":105,"column":18},"end":{"line":105,"column":36}},"56":{"start":{"line":106,"column":4},"end":{"line":106,"column":25}},"57":{"start":{"line":108,"column":4},"end":{"line":121,"column":5}},"58":{"start":{"line":109,"column":22},"end":{"line":109,"column":33}},"59":{"start":{"line":110,"column":6},"end":{"line":110,"column":59}},"60":{"start":{"line":110,"column":50},"end":{"line":110,"column":59}},"61":{"start":{"line":111,"column":6},"end":{"line":120,"column":7}},"62":{"start":{"line":112,"column":8},"end":{"line":119,"column":9}},"63":{"start":{"line":113,"column":25},"end":{"line":113,"column":57}},"64":{"start":{"line":115,"column":23},"end":{"line":115,"column":80}},"65":{"start":{"line":116,"column":10},"end":{"line":116,"column":34}},"66":{"start":{"line":116,"column":20},"end":{"line":116,"column":34}},"67":{"start":{"line":127,"column":16},"end":{"line":127,"column":46}},"68":{"start":{"line":128,"column":16},"end":{"line":131,"column":4}},"69":{"start":{"line":133,"column":19},"end":{"line":133,"column":21}},"70":{"start":{"line":134,"column":2},"end":{"line":139,"column":3}},"71":{"start":{"line":135,"column":4},"end":{"line":138,"column":7}},"72":{"start":{"line":140,"column":2},"end":{"line":143,"column":5}},"73":{"start":{"line":145,"column":17},"end":{"line":145,"column":64}},"74":{"start":{"line":146,"column":2},"end":{"line":149,"column":3}},"75":{"start":{"line":147,"column":17},"end":{"line":147,"column":29}},"76":{"start":{"line":148,"column":4},"end":{"line":148,"column":28}},"77":{"start":{"line":148,"column":14},"end":{"line":148,"column":28}},"78":{"start":{"line":175,"column":23},"end":{"line":175,"column":76}},"79":{"start":{"line":175,"column":56},"end":{"line":175,"column":75}},"80":{"start":{"line":176,"column":25},"end":{"line":176,"column":79}},"81":{"start":{"line":178,"column":23},"end":{"line":229,"column":86}},"82":{"start":{"line":231,"column":23},"end":{"line":231,"column":42}},"83":{"start":{"line":232,"column":31},"end":{"line":232,"column":33}},"84":{"start":{"line":233,"column":23},"end":{"line":233,"column":24}},"85":{"start":{"line":234,"column":23},"end":{"line":234,"column":25}},"86":{"start":{"line":236,"column":2},"end":{"line":443,"column":3}},"87":{"start":{"line":237,"column":4},"end":{"line":240,"column":5}},"88":{"start":{"line":238,"column":6},"end":{"line":238,"column":45}},"89":{"start":{"line":239,"column":6},"end":{"line":239,"column":12}},"90":{"start":{"line":241,"column":19},"end":{"line":241,"column":23}},"91":{"start":{"line":242,"column":4},"end":{"line":242,"column":85}},"92":{"start":{"line":244,"column":4},"end":{"line":397,"column":5}},"93":{"start":{"line":245,"column":23},"end":{"line":245,"column":102}},"94":{"start":{"line":246,"column":21},"end":{"line":246,"column":23}},"95":{"start":{"line":248,"column":6},"end":{"line":352,"column":7}},"96":{"start":{"line":249,"column":26},"end":{"line":249,"column":86}},"97":{"start":{"line":250,"column":8},"end":{"line":250,"column":89}},"98":{"start":{"line":250,"column":24},"end":{"line":250,"column":89}},"99":{"start":{"line":251,"column":22},"end":{"line":251,"column":55}},"100":{"start":{"line":252,"column":22},"end":{"line":255,"column":10}},"101":{"start":{"line":256,"column":23},"end":{"line":256,"column":131}},"102":{"start":{"line":257,"column":23},"end":{"line":257,"column":58}},"103":{"start":{"line":258,"column":8},"end":{"line":258,"column":42}},"104":{"start":{"line":260,"column":24},"end":{"line":260,"column":26}},"105":{"start":{"line":261,"column":24},"end":{"line":261,"column":26}},"106":{"start":{"line":262,"column":26},"end":{"line":262,"column":28}},"107":{"start":{"line":264,"column":8},"end":{"line":272,"column":9}},"108":{"start":{"line":265,"column":10},"end":{"line":265,"column":68}},"109":{"start":{"line":266,"column":10},"end":{"line":266,"column":34}},"110":{"start":{"line":267,"column":10},"end":{"line":267,"column":50}},"111":{"start":{"line":269,"column":10},"end":{"line":269,"column":32}},"112":{"start":{"line":270,"column":10},"end":{"line":270,"column":32}},"113":{"start":{"line":271,"column":10},"end":{"line":271,"column":51}},"114":{"start":{"line":274,"column":23},"end":{"line":274,"column":25}},"115":{"start":{"line":275,"column":22},"end":{"line":275,"column":60}},"116":{"start":{"line":277,"column":8},"end":{"line":284,"column":9}},"117":{"start":{"line":278,"column":10},"end":{"line":283,"column":11}},"118":{"start":{"line":279,"column":12},"end":{"line":279,"column":45}},"119":{"start":{"line":280,"column":12},"end":{"line":280,"column":56}},"120":{"start":{"line":282,"column":12},"end":{"line":282,"column":61}},"121":{"start":{"line":286,"column":8},"end":{"line":298,"column":9}},"122":{"start":{"line":287,"column":25},"end":{"line":287,"column":43}},"123":{"start":{"line":288,"column":25},"end":{"line":288,"column":38}},"124":{"start":{"line":289,"column":10},"end":{"line":295,"column":11}},"125":{"start":{"line":290,"column":12},"end":{"line":290,"column":47}},"126":{"start":{"line":291,"column":17},"end":{"line":295,"column":11}},"127":{"start":{"line":292,"column":12},"end":{"line":292,"column":47}},"128":{"start":{"line":294,"column":12},"end":{"line":294,"column":74}},"129":{"start":{"line":297,"column":10},"end":{"line":297,"column":72}},"130":{"start":{"line":300,"column":19},"end":{"line":300,"column":21}},"131":{"start":{"line":301,"column":25},"end":{"line":304,"column":9}},"132":{"start":{"line":306,"column":8},"end":{"line":323,"column":9}},"133":{"start":{"line":307,"column":10},"end":{"line":312,"column":12}},"134":{"start":{"line":314,"column":10},"end":{"line":319,"column":12}},"135":{"start":{"line":320,"column":10},"end":{"line":322,"column":11}},"136":{"start":{"line":321,"column":12},"end":{"line":321,"column":59}},"137":{"start":{"line":325,"column":18},"end":{"line":329,"column":10}},"138":{"start":{"line":331,"column":8},"end":{"line":339,"column":9}},"139":{"start":{"line":332,"column":10},"end":{"line":332,"column":88}},"140":{"start":{"line":333,"column":10},"end":{"line":333,"column":38}},"141":{"start":{"line":334,"column":10},"end":{"line":338,"column":13}},"142":{"start":{"line":341,"column":8},"end":{"line":344,"column":9}},"143":{"start":{"line":342,"column":26},"end":{"line":342,"column":42}},"144":{"start":{"line":343,"column":10},"end":{"line":343,"column":95}},"145":{"start":{"line":346,"column":21},"end":{"line":346,"column":37}},"146":{"start":{"line":347,"column":8},"end":{"line":351,"column":9}},"147":{"start":{"line":348,"column":10},"end":{"line":348,"column":51}},"148":{"start":{"line":350,"column":10},"end":{"line":350,"column":63}},"149":{"start":{"line":354,"column":6},"end":{"line":357,"column":16}},"150":{"start":{"line":359,"column":23},"end":{"line":359,"column":28}},"151":{"start":{"line":360,"column":6},"end":{"line":376,"column":7}},"152":{"start":{"line":361,"column":8},"end":{"line":361,"column":40}},"153":{"start":{"line":362,"column":8},"end":{"line":362,"column":26}},"154":{"start":{"line":365,"column":27},"end":{"line":365,"column":48}},"155":{"start":{"line":366,"column":26},"end":{"line":366,"column":51}},"156":{"start":{"line":367,"column":8},"end":{"line":375,"column":9}},"157":{"start":{"line":368,"column":10},"end":{"line":374,"column":11}},"158":{"start":{"line":369,"column":30},"end":{"line":369,"column":75}},"159":{"start":{"line":370,"column":12},"end":{"line":370,"column":45}},"160":{"start":{"line":371,"column":12},"end":{"line":371,"column":30}},"161":{"start":{"line":378,"column":6},"end":{"line":389,"column":7}},"162":{"start":{"line":379,"column":8},"end":{"line":388,"column":9}},"163":{"start":{"line":380,"column":33},"end":{"line":380,"column":121}},"164":{"start":{"line":381,"column":10},"end":{"line":385,"column":11}},"165":{"start":{"line":382,"column":12},"end":{"line":382,"column":60}},"166":{"start":{"line":384,"column":12},"end":{"line":384,"column":71}},"167":{"start":{"line":387,"column":10},"end":{"line":387,"column":87}},"168":{"start":{"line":391,"column":6},"end":{"line":391,"column":67}},"169":{"start":{"line":392,"column":6},"end":{"line":396,"column":8}},"170":{"start":{"line":399,"column":4},"end":{"line":399,"column":55}},"171":{"start":{"line":401,"column":4},"end":{"line":403,"column":5}},"172":{"start":{"line":402,"column":6},"end":{"line":402,"column":12}},"173":{"start":{"line":405,"column":4},"end":{"line":405,"column":89}},"174":{"start":{"line":406,"column":4},"end":{"line":406,"column":90}},"175":{"start":{"line":408,"column":21},"end":{"line":408,"column":23}},"176":{"start":{"line":409,"column":4},"end":{"line":424,"column":5}},"177":{"start":{"line":410,"column":6},"end":{"line":410,"column":90}},"178":{"start":{"line":411,"column":11},"end":{"line":424,"column":5}},"179":{"start":{"line":412,"column":6},"end":{"line":412,"column":89}},"180":{"start":{"line":413,"column":11},"end":{"line":424,"column":5}},"181":{"start":{"line":414,"column":16},"end":{"line":414,"column":53}},"182":{"start":{"line":415,"column":6},"end":{"line":415,"column":60}},"183":{"start":{"line":416,"column":11},"end":{"line":424,"column":5}},"184":{"start":{"line":417,"column":6},"end":{"line":417,"column":70}},"185":{"start":{"line":418,"column":11},"end":{"line":424,"column":5}},"186":{"start":{"line":419,"column":6},"end":{"line":419,"column":89}},"187":{"start":{"line":420,"column":11},"end":{"line":424,"column":5}},"188":{"start":{"line":421,"column":6},"end":{"line":421,"column":88}},"189":{"start":{"line":422,"column":11},"end":{"line":424,"column":5}},"190":{"start":{"line":423,"column":6},"end":{"line":423,"column":86}},"191":{"start":{"line":426,"column":4},"end":{"line":426,"column":73}},"192":{"start":{"line":428,"column":4},"end":{"line":431,"column":7}},"193":{"start":{"line":433,"column":4},"end":{"line":436,"column":7}},"194":{"start":{"line":437,"column":4},"end":{"line":440,"column":7}},"195":{"start":{"line":442,"column":4},"end":{"line":442,"column":21}},"196":{"start":{"line":446,"column":2},"end":{"line":449,"column":3}},"197":{"start":{"line":447,"column":4},"end":{"line":447,"column":43}},"198":{"start":{"line":448,"column":4},"end":{"line":448,"column":11}},"199":{"start":{"line":450,"column":2},"end":{"line":450,"column":46}},"200":{"start":{"line":452,"column":31},"end":{"line":458,"column":57}},"201":{"start":{"line":456,"column":146},"end":{"line":456,"column":186}},"202":{"start":{"line":460,"column":19},"end":{"line":460,"column":98}},"203":{"start":{"line":462,"column":2},"end":{"line":506,"column":3}},"204":{"start":{"line":463,"column":22},"end":{"line":463,"column":82}},"205":{"start":{"line":464,"column":4},"end":{"line":471,"column":6}},"206":{"start":{"line":473,"column":20},"end":{"line":473,"column":22}},"207":{"start":{"line":474,"column":20},"end":{"line":474,"column":22}},"208":{"start":{"line":475,"column":22},"end":{"line":475,"column":24}},"209":{"start":{"line":477,"column":4},"end":{"line":485,"column":5}},"210":{"start":{"line":478,"column":6},"end":{"line":478,"column":64}},"211":{"start":{"line":479,"column":6},"end":{"line":479,"column":30}},"212":{"start":{"line":480,"column":6},"end":{"line":480,"column":46}},"213":{"start":{"line":482,"column":6},"end":{"line":482,"column":28}},"214":{"start":{"line":483,"column":6},"end":{"line":483,"column":28}},"215":{"start":{"line":484,"column":6},"end":{"line":484,"column":47}},"216":{"start":{"line":487,"column":21},"end":{"line":489,"column":5}},"217":{"start":{"line":490,"column":4},"end":{"line":495,"column":5}},"218":{"start":{"line":491,"column":6},"end":{"line":494,"column":9}},"219":{"start":{"line":496,"column":4},"end":{"line":496,"column":58}},"220":{"start":{"line":498,"column":4},"end":{"line":505,"column":6}},"221":{"start":{"line":510,"column":17},"end":{"line":510,"column":19}},"222":{"start":{"line":511,"column":2},"end":{"line":516,"column":3}},"223":{"start":{"line":512,"column":17},"end":{"line":512,"column":78}},"224":{"start":{"line":513,"column":4},"end":{"line":513,"column":32}},"225":{"start":{"line":515,"column":4},"end":{"line":515,"column":66}},"226":{"start":{"line":518,"column":14},"end":{"line":518,"column":24}},"227":{"start":{"line":519,"column":18},"end":{"line":519,"column":118}},"228":{"start":{"line":520,"column":18},"end":{"line":520,"column":108}},"229":{"start":{"line":522,"column":19},"end":{"line":522,"column":120}},"230":{"start":{"line":524,"column":2},"end":{"line":531,"column":3}},"231":{"start":{"line":525,"column":4},"end":{"line":528,"column":6}},"232":{"start":{"line":530,"column":4},"end":{"line":530,"column":75}},"233":{"start":{"line":534,"column":0},"end":{"line":534,"column":81}}},"fnMap":{"0":{"name":"callLocalLLMStream","decl":{"start":{"line":11,"column":15},"end":{"line":11,"column":33}},"loc":{"start":{"line":11,"column":91},"end":{"line":123,"column":1}},"line":11},"1":{"name":"(anonymous_1)","decl":{"start":{"line":46,"column":40},"end":{"line":46,"column":41}},"loc":{"start":{"line":46,"column":45},"end":{"line":46,"column":64}},"line":46},"2":{"name":"(anonymous_2)","decl":{"start":{"line":48,"column":14},"end":{"line":48,"column":15}},"loc":{"start":{"line":48,"column":19},"end":{"line":48,"column":38}},"line":48},"3":{"name":"(anonymous_3)","decl":{"start":{"line":49,"column":11},"end":{"line":49,"column":12}},"loc":{"start":{"line":49,"column":17},"end":{"line":52,"column":7}},"line":49},"4":{"name":"callGeminiStream","decl":{"start":{"line":126,"column":15},"end":{"line":126,"column":31}},"loc":{"start":{"line":126,"column":101},"end":{"line":150,"column":1}},"line":126},"5":{"name":"runAgentLoop","decl":{"start":{"line":153,"column":15},"end":{"line":153,"column":27}},"loc":{"start":{"line":172,"column":3},"end":{"line":507,"column":1}},"line":172},"6":{"name":"(anonymous_6)","decl":{"start":{"line":175,"column":49},"end":{"line":175,"column":50}},"loc":{"start":{"line":175,"column":56},"end":{"line":175,"column":75}},"line":175},"7":{"name":"(anonymous_7)","decl":{"start":{"line":456,"column":141},"end":{"line":456,"column":142}},"loc":{"start":{"line":456,"column":146},"end":{"line":456,"column":186}},"line":456},"8":{"name":"generateGreetingAndSave","decl":{"start":{"line":509,"column":15},"end":{"line":509,"column":38}},"loc":{"start":{"line":509,"column":59},"end":{"line":532,"column":1}},"line":509}},"branchMap":{"0":{"loc":{"start":{"line":12,"column":21},"end":{"line":12,"column":41}},"type":"binary-expr","locations":[{"start":{"line":12,"column":21},"end":{"line":12,"column":29}},{"start":{"line":12,"column":33},"end":{"line":12,"column":41}}],"line":12},"1":{"loc":{"start":{"line":18,"column":2},"end":{"line":25,"column":3}},"type":"if","locations":[{"start":{"line":18,"column":2},"end":{"line":25,"column":3}},{"start":{},"end":{}}],"line":18},"2":{"loc":{"start":{"line":18,"column":6},"end":{"line":18,"column":38}},"type":"binary-expr","locations":[{"start":{"line":18,"column":6},"end":{"line":18,"column":12}},{"start":{"line":18,"column":16},"end":{"line":18,"column":38}}],"line":18},"3":{"loc":{"start":{"line":19,"column":4},"end":{"line":24,"column":5}},"type":"if","locations":[{"start":{"line":19,"column":4},"end":{"line":24,"column":5}},{"start":{"line":22,"column":11},"end":{"line":24,"column":5}}],"line":19},"4":{"loc":{"start":{"line":33,"column":4},"end":{"line":39,"column":5}},"type":"if","locations":[{"start":{"line":33,"column":4},"end":{"line":39,"column":5}},{"start":{"line":35,"column":11},"end":{"line":39,"column":5}}],"line":33},"5":{"loc":{"start":{"line":35,"column":11},"end":{"line":39,"column":5}},"type":"if","locations":[{"start":{"line":35,"column":11},"end":{"line":39,"column":5}},{"start":{"line":37,"column":11},"end":{"line":39,"column":5}}],"line":35},"6":{"loc":{"start":{"line":44,"column":2},"end":{"line":74,"column":3}},"type":"if","locations":[{"start":{"line":44,"column":2},"end":{"line":74,"column":3}},{"start":{"line":63,"column":9},"end":{"line":74,"column":3}}],"line":44},"7":{"loc":{"start":{"line":46,"column":26},"end":{"line":46,"column":80}},"type":"binary-expr","locations":[{"start":{"line":46,"column":26},"end":{"line":46,"column":74}},{"start":{"line":46,"column":78},"end":{"line":46,"column":80}}],"line":46},"8":{"loc":{"start":{"line":50,"column":14},"end":{"line":50,"column":59}},"type":"cond-expr","locations":[{"start":{"line":50,"column":39},"end":{"line":50,"column":50}},{"start":{"line":50,"column":53},"end":{"line":50,"column":59}}],"line":50},"9":{"loc":{"start":{"line":60,"column":4},"end":{"line":62,"column":5}},"type":"if","locations":[{"start":{"line":60,"column":4},"end":{"line":62,"column":5}},{"start":{},"end":{}}],"line":60},"10":{"loc":{"start":{"line":82,"column":2},"end":{"line":85,"column":3}},"type":"if","locations":[{"start":{"line":82,"column":2},"end":{"line":85,"column":3}},{"start":{},"end":{}}],"line":82},"11":{"loc":{"start":{"line":87,"column":22},"end":{"line":87,"column":64}},"type":"binary-expr","locations":[{"start":{"line":87,"column":22},"end":{"line":87,"column":58}},{"start":{"line":87,"column":62},"end":{"line":87,"column":64}}],"line":87},"12":{"loc":{"start":{"line":88,"column":2},"end":{"line":95,"column":3}},"type":"if","locations":[{"start":{"line":88,"column":2},"end":{"line":95,"column":3}},{"start":{},"end":{}}],"line":88},"13":{"loc":{"start":{"line":90,"column":20},"end":{"line":90,"column":82}},"type":"binary-expr","locations":[{"start":{"line":90,"column":20},"end":{"line":90,"column":55}},{"start":{"line":90,"column":59},"end":{"line":90,"column":82}}],"line":90},"14":{"loc":{"start":{"line":91,"column":4},"end":{"line":93,"column":5}},"type":"if","locations":[{"start":{"line":91,"column":4},"end":{"line":93,"column":5}},{"start":{},"end":{}}],"line":91},"15":{"loc":{"start":{"line":103,"column":4},"end":{"line":103,"column":20}},"type":"if","locations":[{"start":{"line":103,"column":4},"end":{"line":103,"column":20}},{"start":{},"end":{}}],"line":103},"16":{"loc":{"start":{"line":110,"column":6},"end":{"line":110,"column":59}},"type":"if","locations":[{"start":{"line":110,"column":6},"end":{"line":110,"column":59}},{"start":{},"end":{}}],"line":110},"17":{"loc":{"start":{"line":110,"column":10},"end":{"line":110,"column":48}},"type":"binary-expr","locations":[{"start":{"line":110,"column":10},"end":{"line":110,"column":18}},{"start":{"line":110,"column":22},"end":{"line":110,"column":48}}],"line":110},"18":{"loc":{"start":{"line":111,"column":6},"end":{"line":120,"column":7}},"type":"if","locations":[{"start":{"line":111,"column":6},"end":{"line":120,"column":7}},{"start":{},"end":{}}],"line":111},"19":{"loc":{"start":{"line":115,"column":23},"end":{"line":115,"column":80}},"type":"binary-expr","locations":[{"start":{"line":115,"column":23},"end":{"line":115,"column":58}},{"start":{"line":115,"column":62},"end":{"line":115,"column":80}}],"line":115},"20":{"loc":{"start":{"line":116,"column":10},"end":{"line":116,"column":34}},"type":"if","locations":[{"start":{"line":116,"column":10},"end":{"line":116,"column":34}},{"start":{},"end":{}}],"line":116},"21":{"loc":{"start":{"line":129,"column":11},"end":{"line":129,"column":42}},"type":"binary-expr","locations":[{"start":{"line":129,"column":11},"end":{"line":129,"column":20}},{"start":{"line":129,"column":24},"end":{"line":129,"column":42}}],"line":129},"22":{"loc":{"start":{"line":136,"column":12},"end":{"line":136,"column":50}},"type":"cond-expr","locations":[{"start":{"line":136,"column":34},"end":{"line":136,"column":40}},{"start":{"line":136,"column":43},"end":{"line":136,"column":50}}],"line":136},"23":{"loc":{"start":{"line":148,"column":4},"end":{"line":148,"column":28}},"type":"if","locations":[{"start":{"line":148,"column":4},"end":{"line":148,"column":28}},{"start":{},"end":{}}],"line":148},"24":{"loc":{"start":{"line":175,"column":24},"end":{"line":175,"column":37}},"type":"binary-expr","locations":[{"start":{"line":175,"column":24},"end":{"line":175,"column":31}},{"start":{"line":175,"column":35},"end":{"line":175,"column":37}}],"line":175},"25":{"loc":{"start":{"line":176,"column":25},"end":{"line":176,"column":79}},"type":"cond-expr","locations":[{"start":{"line":176,"column":47},"end":{"line":176,"column":74}},{"start":{"line":176,"column":77},"end":{"line":176,"column":79}}],"line":176},"26":{"loc":{"start":{"line":237,"column":4},"end":{"line":240,"column":5}},"type":"if","locations":[{"start":{"line":237,"column":4},"end":{"line":240,"column":5}},{"start":{},"end":{}}],"line":237},"27":{"loc":{"start":{"line":237,"column":8},"end":{"line":237,"column":32}},"type":"binary-expr","locations":[{"start":{"line":237,"column":8},"end":{"line":237,"column":17}},{"start":{"line":237,"column":21},"end":{"line":237,"column":32}}],"line":237},"28":{"loc":{"start":{"line":245,"column":23},"end":{"line":245,"column":102}},"type":"binary-expr","locations":[{"start":{"line":245,"column":23},"end":{"line":245,"column":44}},{"start":{"line":245,"column":49},"end":{"line":245,"column":70}},{"start":{"line":245,"column":74},"end":{"line":245,"column":101}}],"line":245},"29":{"loc":{"start":{"line":248,"column":6},"end":{"line":352,"column":7}},"type":"if","locations":[{"start":{"line":248,"column":6},"end":{"line":352,"column":7}},{"start":{"line":259,"column":13},"end":{"line":352,"column":7}}],"line":248},"30":{"loc":{"start":{"line":249,"column":26},"end":{"line":249,"column":86}},"type":"cond-expr","locations":[{"start":{"line":249,"column":51},"end":{"line":249,"column":73}},{"start":{"line":249,"column":77},"end":{"line":249,"column":86}}],"line":249},"31":{"loc":{"start":{"line":249,"column":51},"end":{"line":249,"column":73}},"type":"binary-expr","locations":[{"start":{"line":249,"column":51},"end":{"line":249,"column":60}},{"start":{"line":249,"column":64},"end":{"line":249,"column":73}}],"line":249},"32":{"loc":{"start":{"line":250,"column":8},"end":{"line":250,"column":89}},"type":"if","locations":[{"start":{"line":250,"column":8},"end":{"line":250,"column":89}},{"start":{},"end":{}}],"line":250},"33":{"loc":{"start":{"line":253,"column":17},"end":{"line":253,"column":48}},"type":"binary-expr","locations":[{"start":{"line":253,"column":17},"end":{"line":253,"column":26}},{"start":{"line":253,"column":30},"end":{"line":253,"column":48}}],"line":253},"34":{"loc":{"start":{"line":264,"column":8},"end":{"line":272,"column":9}},"type":"if","locations":[{"start":{"line":264,"column":8},"end":{"line":272,"column":9}},{"start":{"line":268,"column":15},"end":{"line":272,"column":9}}],"line":264},"35":{"loc":{"start":{"line":265,"column":22},"end":{"line":265,"column":67}},"type":"binary-expr","locations":[{"start":{"line":265,"column":22},"end":{"line":265,"column":34}},{"start":{"line":265,"column":38},"end":{"line":265,"column":67}}],"line":265},"36":{"loc":{"start":{"line":267,"column":24},"end":{"line":267,"column":49}},"type":"binary-expr","locations":[{"start":{"line":267,"column":24},"end":{"line":267,"column":37}},{"start":{"line":267,"column":41},"end":{"line":267,"column":49}}],"line":267},"37":{"loc":{"start":{"line":271,"column":24},"end":{"line":271,"column":50}},"type":"binary-expr","locations":[{"start":{"line":271,"column":24},"end":{"line":271,"column":38}},{"start":{"line":271,"column":42},"end":{"line":271,"column":50}}],"line":271},"38":{"loc":{"start":{"line":277,"column":8},"end":{"line":284,"column":9}},"type":"if","locations":[{"start":{"line":277,"column":8},"end":{"line":284,"column":9}},{"start":{},"end":{}}],"line":277},"39":{"loc":{"start":{"line":277,"column":12},"end":{"line":277,"column":50}},"type":"binary-expr","locations":[{"start":{"line":277,"column":12},"end":{"line":277,"column":21}},{"start":{"line":277,"column":25},"end":{"line":277,"column":50}}],"line":277},"40":{"loc":{"start":{"line":278,"column":10},"end":{"line":283,"column":11}},"type":"if","locations":[{"start":{"line":278,"column":10},"end":{"line":283,"column":11}},{"start":{"line":281,"column":17},"end":{"line":283,"column":11}}],"line":278},"41":{"loc":{"start":{"line":289,"column":10},"end":{"line":295,"column":11}},"type":"if","locations":[{"start":{"line":289,"column":10},"end":{"line":295,"column":11}},{"start":{"line":291,"column":17},"end":{"line":295,"column":11}}],"line":289},"42":{"loc":{"start":{"line":291,"column":17},"end":{"line":295,"column":11}},"type":"if","locations":[{"start":{"line":291,"column":17},"end":{"line":295,"column":11}},{"start":{"line":293,"column":17},"end":{"line":295,"column":11}}],"line":291},"43":{"loc":{"start":{"line":306,"column":8},"end":{"line":323,"column":9}},"type":"if","locations":[{"start":{"line":306,"column":8},"end":{"line":323,"column":9}},{"start":{"line":313,"column":15},"end":{"line":323,"column":9}}],"line":306},"44":{"loc":{"start":{"line":320,"column":10},"end":{"line":322,"column":11}},"type":"if","locations":[{"start":{"line":320,"column":10},"end":{"line":322,"column":11}},{"start":{},"end":{}}],"line":320},"45":{"loc":{"start":{"line":320,"column":14},"end":{"line":320,"column":66}},"type":"binary-expr","locations":[{"start":{"line":320,"column":14},"end":{"line":320,"column":38}},{"start":{"line":320,"column":42},"end":{"line":320,"column":66}}],"line":320},"46":{"loc":{"start":{"line":331,"column":8},"end":{"line":339,"column":9}},"type":"if","locations":[{"start":{"line":331,"column":8},"end":{"line":339,"column":9}},{"start":{},"end":{}}],"line":331},"47":{"loc":{"start":{"line":331,"column":12},"end":{"line":331,"column":101}},"type":"binary-expr","locations":[{"start":{"line":331,"column":12},"end":{"line":331,"column":19}},{"start":{"line":331,"column":24},"end":{"line":331,"column":48}},{"start":{"line":331,"column":52},"end":{"line":331,"column":76}},{"start":{"line":331,"column":81},"end":{"line":331,"column":101}}],"line":331},"48":{"loc":{"start":{"line":341,"column":8},"end":{"line":344,"column":9}},"type":"if","locations":[{"start":{"line":341,"column":8},"end":{"line":344,"column":9}},{"start":{},"end":{}}],"line":341},"49":{"loc":{"start":{"line":343,"column":66},"end":{"line":343,"column":91}},"type":"binary-expr","locations":[{"start":{"line":343,"column":66},"end":{"line":343,"column":73}},{"start":{"line":343,"column":77},"end":{"line":343,"column":91}}],"line":343},"50":{"loc":{"start":{"line":347,"column":8},"end":{"line":351,"column":9}},"type":"if","locations":[{"start":{"line":347,"column":8},"end":{"line":351,"column":9}},{"start":{"line":349,"column":15},"end":{"line":351,"column":9}}],"line":347},"51":{"loc":{"start":{"line":348,"column":21},"end":{"line":348,"column":50}},"type":"binary-expr","locations":[{"start":{"line":348,"column":21},"end":{"line":348,"column":44}},{"start":{"line":348,"column":48},"end":{"line":348,"column":50}}],"line":348},"52":{"loc":{"start":{"line":350,"column":21},"end":{"line":350,"column":62}},"type":"binary-expr","locations":[{"start":{"line":350,"column":21},"end":{"line":350,"column":56}},{"start":{"line":350,"column":60},"end":{"line":350,"column":62}}],"line":350},"53":{"loc":{"start":{"line":367,"column":8},"end":{"line":375,"column":9}},"type":"if","locations":[{"start":{"line":367,"column":8},"end":{"line":375,"column":9}},{"start":{},"end":{}}],"line":367},"54":{"loc":{"start":{"line":367,"column":12},"end":{"line":367,"column":75}},"type":"binary-expr","locations":[{"start":{"line":367,"column":12},"end":{"line":367,"column":29}},{"start":{"line":367,"column":33},"end":{"line":367,"column":49}},{"start":{"line":367,"column":53},"end":{"line":367,"column":75}}],"line":367},"55":{"loc":{"start":{"line":378,"column":6},"end":{"line":389,"column":7}},"type":"if","locations":[{"start":{"line":378,"column":6},"end":{"line":389,"column":7}},{"start":{},"end":{}}],"line":378},"56":{"loc":{"start":{"line":380,"column":33},"end":{"line":380,"column":121}},"type":"binary-expr","locations":[{"start":{"line":380,"column":33},"end":{"line":380,"column":77}},{"start":{"line":380,"column":81},"end":{"line":380,"column":121}}],"line":380},"57":{"loc":{"start":{"line":381,"column":10},"end":{"line":385,"column":11}},"type":"if","locations":[{"start":{"line":381,"column":10},"end":{"line":385,"column":11}},{"start":{"line":383,"column":17},"end":{"line":385,"column":11}}],"line":381},"58":{"loc":{"start":{"line":381,"column":14},"end":{"line":381,"column":49}},"type":"binary-expr","locations":[{"start":{"line":381,"column":14},"end":{"line":381,"column":28}},{"start":{"line":381,"column":32},"end":{"line":381,"column":49}}],"line":381},"59":{"loc":{"start":{"line":401,"column":4},"end":{"line":403,"column":5}},"type":"if","locations":[{"start":{"line":401,"column":4},"end":{"line":403,"column":5}},{"start":{},"end":{}}],"line":401},"60":{"loc":{"start":{"line":401,"column":8},"end":{"line":401,"column":50}},"type":"binary-expr","locations":[{"start":{"line":401,"column":8},"end":{"line":401,"column":22}},{"start":{"line":401,"column":26},"end":{"line":401,"column":50}}],"line":401},"61":{"loc":{"start":{"line":409,"column":4},"end":{"line":424,"column":5}},"type":"if","locations":[{"start":{"line":409,"column":4},"end":{"line":424,"column":5}},{"start":{"line":411,"column":11},"end":{"line":424,"column":5}}],"line":409},"62":{"loc":{"start":{"line":411,"column":11},"end":{"line":424,"column":5}},"type":"if","locations":[{"start":{"line":411,"column":11},"end":{"line":424,"column":5}},{"start":{"line":413,"column":11},"end":{"line":424,"column":5}}],"line":411},"63":{"loc":{"start":{"line":413,"column":11},"end":{"line":424,"column":5}},"type":"if","locations":[{"start":{"line":413,"column":11},"end":{"line":424,"column":5}},{"start":{"line":416,"column":11},"end":{"line":424,"column":5}}],"line":413},"64":{"loc":{"start":{"line":414,"column":16},"end":{"line":414,"column":53}},"type":"binary-expr","locations":[{"start":{"line":414,"column":16},"end":{"line":414,"column":38}},{"start":{"line":414,"column":42},"end":{"line":414,"column":53}}],"line":414},"65":{"loc":{"start":{"line":416,"column":11},"end":{"line":424,"column":5}},"type":"if","locations":[{"start":{"line":416,"column":11},"end":{"line":424,"column":5}},{"start":{"line":418,"column":11},"end":{"line":424,"column":5}}],"line":416},"66":{"loc":{"start":{"line":418,"column":11},"end":{"line":424,"column":5}},"type":"if","locations":[{"start":{"line":418,"column":11},"end":{"line":424,"column":5}},{"start":{"line":420,"column":11},"end":{"line":424,"column":5}}],"line":418},"67":{"loc":{"start":{"line":420,"column":11},"end":{"line":424,"column":5}},"type":"if","locations":[{"start":{"line":420,"column":11},"end":{"line":424,"column":5}},{"start":{"line":422,"column":11},"end":{"line":424,"column":5}}],"line":420},"68":{"loc":{"start":{"line":422,"column":11},"end":{"line":424,"column":5}},"type":"if","locations":[{"start":{"line":422,"column":11},"end":{"line":424,"column":5}},{"start":{},"end":{}}],"line":422},"69":{"loc":{"start":{"line":446,"column":2},"end":{"line":449,"column":3}},"type":"if","locations":[{"start":{"line":446,"column":2},"end":{"line":449,"column":3}},{"start":{},"end":{}}],"line":446},"70":{"loc":{"start":{"line":446,"column":6},"end":{"line":446,"column":30}},"type":"binary-expr","locations":[{"start":{"line":446,"column":6},"end":{"line":446,"column":15}},{"start":{"line":446,"column":19},"end":{"line":446,"column":30}}],"line":446},"71":{"loc":{"start":{"line":456,"column":2},"end":{"line":456,"column":207}},"type":"cond-expr","locations":[{"start":{"line":456,"column":38},"end":{"line":456,"column":202}},{"start":{"line":456,"column":205},"end":{"line":456,"column":207}}],"line":456},"72":{"loc":{"start":{"line":460,"column":19},"end":{"line":460,"column":98}},"type":"binary-expr","locations":[{"start":{"line":460,"column":19},"end":{"line":460,"column":40}},{"start":{"line":460,"column":45},"end":{"line":460,"column":66}},{"start":{"line":460,"column":70},"end":{"line":460,"column":97}}],"line":460},"73":{"loc":{"start":{"line":462,"column":2},"end":{"line":506,"column":3}},"type":"if","locations":[{"start":{"line":462,"column":2},"end":{"line":506,"column":3}},{"start":{"line":472,"column":9},"end":{"line":506,"column":3}}],"line":462},"74":{"loc":{"start":{"line":463,"column":22},"end":{"line":463,"column":82}},"type":"cond-expr","locations":[{"start":{"line":463,"column":47},"end":{"line":463,"column":69}},{"start":{"line":463,"column":73},"end":{"line":463,"column":82}}],"line":463},"75":{"loc":{"start":{"line":463,"column":47},"end":{"line":463,"column":69}},"type":"binary-expr","locations":[{"start":{"line":463,"column":47},"end":{"line":463,"column":56}},{"start":{"line":463,"column":60},"end":{"line":463,"column":69}}],"line":463},"76":{"loc":{"start":{"line":477,"column":4},"end":{"line":485,"column":5}},"type":"if","locations":[{"start":{"line":477,"column":4},"end":{"line":485,"column":5}},{"start":{"line":481,"column":11},"end":{"line":485,"column":5}}],"line":477},"77":{"loc":{"start":{"line":478,"column":18},"end":{"line":478,"column":63}},"type":"binary-expr","locations":[{"start":{"line":478,"column":18},"end":{"line":478,"column":30}},{"start":{"line":478,"column":34},"end":{"line":478,"column":63}}],"line":478},"78":{"loc":{"start":{"line":480,"column":20},"end":{"line":480,"column":45}},"type":"binary-expr","locations":[{"start":{"line":480,"column":20},"end":{"line":480,"column":33}},{"start":{"line":480,"column":37},"end":{"line":480,"column":45}}],"line":480},"79":{"loc":{"start":{"line":484,"column":20},"end":{"line":484,"column":46}},"type":"binary-expr","locations":[{"start":{"line":484,"column":20},"end":{"line":484,"column":34}},{"start":{"line":484,"column":38},"end":{"line":484,"column":46}}],"line":484},"80":{"loc":{"start":{"line":492,"column":14},"end":{"line":492,"column":56}},"type":"cond-expr","locations":[{"start":{"line":492,"column":36},"end":{"line":492,"column":42}},{"start":{"line":492,"column":45},"end":{"line":492,"column":56}}],"line":492},"81":{"loc":{"start":{"line":513,"column":15},"end":{"line":513,"column":31}},"type":"binary-expr","locations":[{"start":{"line":513,"column":15},"end":{"line":513,"column":25}},{"start":{"line":513,"column":29},"end":{"line":513,"column":31}}],"line":513},"82":{"loc":{"start":{"line":522,"column":27},"end":{"line":522,"column":57}},"type":"cond-expr","locations":[{"start":{"line":522,"column":38},"end":{"line":522,"column":52}},{"start":{"line":522,"column":55},"end":{"line":522,"column":57}}],"line":522}},"s":{"0":2,"1":2,"2":2,"3":2,"4":2,"5":2,"6":2,"7":2,"8":6,"9":6,"10":6,"11":6,"12":3,"13":1,"14":1,"15":2,"16":6,"17":6,"18":6,"19":6,"20":6,"21":0,"22":6,"23":1,"24":5,"25":0,"26":6,"27":1,"28":1,"29":1,"30":2,"31":1,"32":1,"33":1,"34":1,"35":5,"36":6,"37":6,"38":1,"39":1,"40":5,"41":5,"42":1,"43":1,"44":1,"45":1,"46":1,"47":4,"48":4,"49":4,"50":4,"51":8,"52":8,"53":4,"54":4,"55":4,"56":4,"57":4,"58":12,"59":12,"60":8,"61":4,"62":4,"63":4,"64":4,"65":4,"66":4,"67":1,"68":1,"69":1,"70":1,"71":0,"72":1,"73":1,"74":1,"75":2,"76":2,"77":2,"78":8,"79":3,"80":8,"81":8,"82":8,"83":8,"84":8,"85":8,"86":8,"87":63,"88":1,"89":1,"90":62,"91":62,"92":62,"93":62,"94":62,"95":62,"96":50,"97":50,"98":0,"99":50,"100":50,"101":50,"102":50,"103":50,"104":12,"105":12,"106":12,"107":12,"108":10,"109":10,"110":10,"111":2,"112":2,"113":2,"114":12,"115":12,"116":12,"117":4,"118":2,"119":2,"120":2,"121":12,"122":12,"123":12,"124":12,"125":0,"126":12,"127":2,"128":10,"129":0,"130":12,"131":12,"132":12,"133":2,"134":10,"135":10,"136":10,"137":12,"138":12,"139":1,"140":1,"141":1,"142":12,"143":0,"144":0,"145":12,"146":12,"147":2,"148":10,"149":62,"150":62,"151":62,"152":62,"153":60,"154":2,"155":2,"156":2,"157":1,"158":1,"159":1,"160":1,"161":62,"162":1,"163":1,"164":1,"165":0,"166":1,"167":1,"168":1,"169":1,"170":62,"171":62,"172":6,"173":56,"174":56,"175":56,"176":56,"177":1,"178":55,"179":1,"180":54,"181":1,"182":1,"183":53,"184":1,"185":52,"186":52,"187":0,"188":0,"189":0,"190":0,"191":56,"192":56,"193":56,"194":56,"195":56,"196":8,"197":1,"198":1,"199":7,"200":7,"201":55,"202":7,"203":7,"204":1,"205":1,"206":6,"207":6,"208":6,"209":6,"210":5,"211":5,"212":5,"213":1,"214":1,"215":1,"216":6,"217":6,"218":2,"219":6,"220":6,"221":4,"222":4,"223":4,"224":3,"225":1,"226":4,"227":4,"228":4,"229":4,"230":4,"231":4,"232":1,"233":2},"f":{"0":6,"1":1,"2":2,"3":1,"4":1,"5":8,"6":3,"7":55,"8":4},"b":{"0":[6,0],"1":[3,3],"2":[6,4],"3":[1,2],"4":[0,6],"5":[1,5],"6":[1,5],"7":[1,0],"8":[0,1],"9":[1,0],"10":[1,5],"11":[5,0],"12":[1,4],"13":[1,1],"14":[1,0],"15":[4,4],"16":[8,4],"17":[12,8],"18":[4,0],"19":[4,0],"20":[4,0],"21":[1,0],"22":[0,0],"23":[2,0],"24":[8,0],"25":[1,7],"26":[1,62],"27":[63,2],"28":[62,62,52],"29":[50,12],"30":[0,50],"31":[0,0],"32":[0,50],"33":[50,0],"34":[10,2],"35":[10,10],"36":[10,10],"37":[2,0],"38":[4,8],"39":[12,5],"40":[2,2],"41":[0,12],"42":[2,10],"43":[2,10],"44":[10,0],"45":[10,0],"46":[1,11],"47":[12,1,0,1],"48":[0,12],"49":[0,0],"50":[2,10],"51":[2,0],"52":[10,0],"53":[1,1],"54":[2,1,1],"55":[1,61],"56":[1,1],"57":[0,1],"58":[1,0],"59":[6,56],"60":[62,62],"61":[1,55],"62":[1,54],"63":[1,53],"64":[1,0],"65":[1,52],"66":[52,0],"67":[0,0],"68":[0,0],"69":[1,7],"70":[8,1],"71":[3,4],"72":[7,7,2],"73":[1,6],"74":[0,1],"75":[0,0],"76":[5,1],"77":[5,5],"78":[5,5],"79":[1,0],"80":[1,1],"81":[3,1],"82":[2,2]},"_coverageSchema":"1a1c01bbd47fc00a2c39e90264f33305004495a9","hash":"d09aa17ba15caa09cdbd38cfd30431f6c1d8e26a"}
,"C:\\Users\\jjuhr\\OneDrive\\Documents\\private_ai\\backend\\middleware\\auth.js": {"path":"C:\\Users\\jjuhr\\OneDrive\\Documents\\private_ai\\backend\\middleware\\auth.js","statementMap":{"0":{"start":{"line":1,"column":12},"end":{"line":1,"column":35}},"1":{"start":{"line":2,"column":19},"end":{"line":2,"column":87}},"2":{"start":{"line":5,"column":21},"end":{"line":5,"column":49}},"3":{"start":{"line":6,"column":16},"end":{"line":6,"column":54}},"4":{"start":{"line":7,"column":2},"end":{"line":7,"column":79}},"5":{"start":{"line":7,"column":14},"end":{"line":7,"column":79}},"6":{"start":{"line":9,"column":2},"end":{"line":13,"column":5}},"7":{"start":{"line":10,"column":4},"end":{"line":10,"column":83}},"8":{"start":{"line":10,"column":13},"end":{"line":10,"column":83}},"9":{"start":{"line":11,"column":4},"end":{"line":11,"column":20}},"10":{"start":{"line":12,"column":4},"end":{"line":12,"column":11}},"11":{"start":{"line":16,"column":0},"end":{"line":16,"column":51}}},"fnMap":{"0":{"name":"authenticateToken","decl":{"start":{"line":4,"column":9},"end":{"line":4,"column":26}},"loc":{"start":{"line":4,"column":43},"end":{"line":14,"column":1}},"line":4},"1":{"name":"(anonymous_1)","decl":{"start":{"line":9,"column":32},"end":{"line":9,"column":33}},"loc":{"start":{"line":9,"column":47},"end":{"line":13,"column":3}},"line":9}},"branchMap":{"0":{"loc":{"start":{"line":2,"column":19},"end":{"line":2,"column":87}},"type":"binary-expr","locations":[{"start":{"line":2,"column":19},"end":{"line":2,"column":41}},{"start":{"line":2,"column":45},"end":{"line":2,"column":87}}],"line":2},"1":{"loc":{"start":{"line":6,"column":16},"end":{"line":6,"column":54}},"type":"binary-expr","locations":[{"start":{"line":6,"column":16},"end":{"line":6,"column":26}},{"start":{"line":6,"column":30},"end":{"line":6,"column":54}}],"line":6},"2":{"loc":{"start":{"line":7,"column":2},"end":{"line":7,"column":79}},"type":"if","locations":[{"start":{"line":7,"column":2},"end":{"line":7,"column":79}},{"start":{},"end":{}}],"line":7},"3":{"loc":{"start":{"line":10,"column":4},"end":{"line":10,"column":83}},"type":"if","locations":[{"start":{"line":10,"column":4},"end":{"line":10,"column":83}},{"start":{},"end":{}}],"line":10}},"s":{"0":6,"1":6,"2":60,"3":60,"4":60,"5":1,"6":59,"7":59,"8":0,"9":59,"10":59,"11":6},"f":{"0":60,"1":59},"b":{"0":[6,6],"1":[60,59],"2":[1,59],"3":[0,59]},"_coverageSchema":"1a1c01bbd47fc00a2c39e90264f33305004495a9","hash":"b300ba8bbe8682091604fbe791d860f27347e33c"}
,"C:\\Users\\jjuhr\\OneDrive\\Documents\\private_ai\\backend\\routes\\auth.js": {"path":"C:\\Users\\jjuhr\\OneDrive\\Documents\\private_ai\\backend\\routes\\auth.js","statementMap":{"0":{"start":{"line":1,"column":16},"end":{"line":1,"column":34}},"1":{"start":{"line":2,"column":15},"end":{"line":2,"column":31}},"2":{"start":{"line":3,"column":15},"end":{"line":3,"column":34}},"3":{"start":{"line":4,"column":12},"end":{"line":4,"column":35}},"4":{"start":{"line":5,"column":18},"end":{"line":5,"column":34}},"5":{"start":{"line":6,"column":42},"end":{"line":6,"column":71}},"6":{"start":{"line":8,"column":0},"end":{"line":36,"column":3}},"7":{"start":{"line":9,"column":33},"end":{"line":9,"column":41}},"8":{"start":{"line":10,"column":2},"end":{"line":12,"column":3}},"9":{"start":{"line":11,"column":4},"end":{"line":11,"column":101}},"10":{"start":{"line":13,"column":2},"end":{"line":35,"column":3}},"11":{"start":{"line":14,"column":15},"end":{"line":14,"column":28}},"12":{"start":{"line":15,"column":21},"end":{"line":15,"column":95}},"13":{"start":{"line":16,"column":4},"end":{"line":16,"column":87}},"14":{"start":{"line":16,"column":18},"end":{"line":16,"column":87}},"15":{"start":{"line":18,"column":17},"end":{"line":18,"column":41}},"16":{"start":{"line":19,"column":25},"end":{"line":19,"column":58}},"17":{"start":{"line":21,"column":19},"end":{"line":24,"column":5}},"18":{"start":{"line":27,"column":4},"end":{"line":30,"column":6}},"19":{"start":{"line":32,"column":4},"end":{"line":32,"column":55}},"20":{"start":{"line":34,"column":4},"end":{"line":34,"column":49}},"21":{"start":{"line":38,"column":0},"end":{"line":55,"column":3}},"22":{"start":{"line":39,"column":33},"end":{"line":39,"column":41}},"23":{"start":{"line":40,"column":2},"end":{"line":40,"column":108}},"24":{"start":{"line":40,"column":30},"end":{"line":40,"column":108}},"25":{"start":{"line":42,"column":2},"end":{"line":54,"column":3}},"26":{"start":{"line":43,"column":15},"end":{"line":43,"column":28}},"27":{"start":{"line":44,"column":17},"end":{"line":44,"column":90}},"28":{"start":{"line":45,"column":4},"end":{"line":45,"column":87}},"29":{"start":{"line":45,"column":15},"end":{"line":45,"column":87}},"30":{"start":{"line":47,"column":20},"end":{"line":47,"column":70}},"31":{"start":{"line":48,"column":4},"end":{"line":48,"column":90}},"32":{"start":{"line":48,"column":18},"end":{"line":48,"column":90}},"33":{"start":{"line":50,"column":18},"end":{"line":50,"column":102}},"34":{"start":{"line":51,"column":4},"end":{"line":51,"column":72}},"35":{"start":{"line":53,"column":4},"end":{"line":53,"column":49}},"36":{"start":{"line":57,"column":0},"end":{"line":59,"column":3}},"37":{"start":{"line":58,"column":2},"end":{"line":58,"column":31}},"38":{"start":{"line":61,"column":0},"end":{"line":61,"column":24}}},"fnMap":{"0":{"name":"(anonymous_0)","decl":{"start":{"line":8,"column":25},"end":{"line":8,"column":26}},"loc":{"start":{"line":8,"column":45},"end":{"line":36,"column":1}},"line":8},"1":{"name":"(anonymous_1)","decl":{"start":{"line":38,"column":22},"end":{"line":38,"column":23}},"loc":{"start":{"line":38,"column":42},"end":{"line":55,"column":1}},"line":38},"2":{"name":"(anonymous_2)","decl":{"start":{"line":57,"column":37},"end":{"line":57,"column":38}},"loc":{"start":{"line":57,"column":51},"end":{"line":59,"column":1}},"line":57}},"branchMap":{"0":{"loc":{"start":{"line":10,"column":2},"end":{"line":12,"column":3}},"type":"if","locations":[{"start":{"line":10,"column":2},"end":{"line":12,"column":3}},{"start":{},"end":{}}],"line":10},"1":{"loc":{"start":{"line":10,"column":6},"end":{"line":10,"column":77}},"type":"binary-expr","locations":[{"start":{"line":10,"column":6},"end":{"line":10,"column":15}},{"start":{"line":10,"column":19},"end":{"line":10,"column":28}},{"start":{"line":10,"column":32},"end":{"line":10,"column":54}},{"start":{"line":10,"column":58},"end":{"line":10,"column":77}}],"line":10},"2":{"loc":{"start":{"line":16,"column":4},"end":{"line":16,"column":87}},"type":"if","locations":[{"start":{"line":16,"column":4},"end":{"line":16,"column":87}},{"start":{},"end":{}}],"line":16},"3":{"loc":{"start":{"line":40,"column":2},"end":{"line":40,"column":108}},"type":"if","locations":[{"start":{"line":40,"column":2},"end":{"line":40,"column":108}},{"start":{},"end":{}}],"line":40},"4":{"loc":{"start":{"line":40,"column":6},"end":{"line":40,"column":28}},"type":"binary-expr","locations":[{"start":{"line":40,"column":6},"end":{"line":40,"column":15}},{"start":{"line":40,"column":19},"end":{"line":40,"column":28}}],"line":40},"5":{"loc":{"start":{"line":45,"column":4},"end":{"line":45,"column":87}},"type":"if","locations":[{"start":{"line":45,"column":4},"end":{"line":45,"column":87}},{"start":{},"end":{}}],"line":45},"6":{"loc":{"start":{"line":48,"column":4},"end":{"line":48,"column":90}},"type":"if","locations":[{"start":{"line":48,"column":4},"end":{"line":48,"column":90}},{"start":{},"end":{}}],"line":48}},"s":{"0":1,"1":1,"2":1,"3":1,"4":1,"5":1,"6":1,"7":7,"8":7,"9":1,"10":6,"11":6,"12":5,"13":5,"14":1,"15":4,"16":4,"17":4,"18":4,"19":4,"20":1,"21":1,"22":4,"23":4,"24":0,"25":4,"26":4,"27":3,"28":3,"29":1,"30":2,"31":2,"32":0,"33":2,"34":2,"35":1,"36":1,"37":1,"38":1},"f":{"0":7,"1":4,"2":1},"b":{"0":[1,6],"1":[7,6,6,6],"2":[1,4],"3":[0,4],"4":[4,4],"5":[1,2],"6":[0,2]},"_coverageSchema":"1a1c01bbd47fc00a2c39e90264f33305004495a9","hash":"e0fe73a8d142512ed187edcb93daff01be3057a8"}
,"C:\\Users\\jjuhr\\OneDrive\\Documents\\private_ai\\backend\\routes\\calendar.js": {"path":"C:\\Users\\jjuhr\\OneDrive\\Documents\\private_ai\\backend\\routes\\calendar.js","statementMap":{"0":{"start":{"line":1,"column":16},"end":{"line":1,"column":34}},"1":{"start":{"line":2,"column":15},"end":{"line":2,"column":31}},"2":{"start":{"line":3,"column":18},"end":{"line":3,"column":34}},"3":{"start":{"line":4,"column":30},"end":{"line":4,"column":59}},"4":{"start":{"line":6,"column":0},"end":{"line":21,"column":3}},"5":{"start":{"line":7,"column":19},"end":{"line":7,"column":28}},"6":{"start":{"line":8,"column":2},"end":{"line":20,"column":3}},"7":{"start":{"line":9,"column":15},"end":{"line":9,"column":28}},"8":{"start":{"line":10,"column":22},"end":{"line":10,"column":68}},"9":{"start":{"line":11,"column":19},"end":{"line":16,"column":5}},"10":{"start":{"line":17,"column":4},"end":{"line":17,"column":21}},"11":{"start":{"line":19,"column":4},"end":{"line":19,"column":49}},"12":{"start":{"line":23,"column":0},"end":{"line":38,"column":3}},"13":{"start":{"line":24,"column":55},"end":{"line":24,"column":63}},"14":{"start":{"line":25,"column":2},"end":{"line":25,"column":105}},"15":{"start":{"line":25,"column":29},"end":{"line":25,"column":105}},"16":{"start":{"line":27,"column":2},"end":{"line":37,"column":3}},"17":{"start":{"line":28,"column":15},"end":{"line":28,"column":28}},"18":{"start":{"line":29,"column":19},"end":{"line":33,"column":5}},"19":{"start":{"line":34,"column":4},"end":{"line":34,"column":56}},"20":{"start":{"line":36,"column":4},"end":{"line":36,"column":49}},"21":{"start":{"line":40,"column":0},"end":{"line":48,"column":3}},"22":{"start":{"line":41,"column":2},"end":{"line":47,"column":3}},"23":{"start":{"line":42,"column":15},"end":{"line":42,"column":28}},"24":{"start":{"line":43,"column":4},"end":{"line":43,"column":107}},"25":{"start":{"line":44,"column":4},"end":{"line":44,"column":32}},"26":{"start":{"line":46,"column":4},"end":{"line":46,"column":49}},"27":{"start":{"line":50,"column":0},"end":{"line":50,"column":24}}},"fnMap":{"0":{"name":"(anonymous_0)","decl":{"start":{"line":6,"column":35},"end":{"line":6,"column":36}},"loc":{"start":{"line":6,"column":55},"end":{"line":21,"column":1}},"line":6},"1":{"name":"(anonymous_1)","decl":{"start":{"line":23,"column":36},"end":{"line":23,"column":37}},"loc":{"start":{"line":23,"column":56},"end":{"line":38,"column":1}},"line":23},"2":{"name":"(anonymous_2)","decl":{"start":{"line":40,"column":41},"end":{"line":40,"column":42}},"loc":{"start":{"line":40,"column":61},"end":{"line":48,"column":1}},"line":40}},"branchMap":{"0":{"loc":{"start":{"line":10,"column":22},"end":{"line":10,"column":68}},"type":"binary-expr","locations":[{"start":{"line":10,"column":22},"end":{"line":10,"column":26}},{"start":{"line":10,"column":30},"end":{"line":10,"column":68}}],"line":10},"1":{"loc":{"start":{"line":25,"column":2},"end":{"line":25,"column":105}},"type":"if","locations":[{"start":{"line":25,"column":2},"end":{"line":25,"column":105}},{"start":{},"end":{}}],"line":25},"2":{"loc":{"start":{"line":25,"column":6},"end":{"line":25,"column":27}},"type":"binary-expr","locations":[{"start":{"line":25,"column":6},"end":{"line":25,"column":12}},{"start":{"line":25,"column":16},"end":{"line":25,"column":27}}],"line":25},"3":{"loc":{"start":{"line":32,"column":27},"end":{"line":32,"column":44}},"type":"binary-expr","locations":[{"start":{"line":32,"column":27},"end":{"line":32,"column":38}},{"start":{"line":32,"column":42},"end":{"line":32,"column":44}}],"line":32},"4":{"loc":{"start":{"line":32,"column":58},"end":{"line":32,"column":80}},"type":"binary-expr","locations":[{"start":{"line":32,"column":58},"end":{"line":32,"column":66}},{"start":{"line":32,"column":70},"end":{"line":32,"column":80}}],"line":32}},"s":{"0":1,"1":1,"2":1,"3":1,"4":1,"5":2,"6":2,"7":2,"8":1,"9":1,"10":1,"11":1,"12":1,"13":2,"14":2,"15":0,"16":2,"17":2,"18":1,"19":1,"20":1,"21":1,"22":2,"23":2,"24":1,"25":1,"26":1,"27":1},"f":{"0":2,"1":2,"2":2},"b":{"0":[1,0],"1":[0,2],"2":[2,2],"3":[1,0],"4":[1,0]},"_coverageSchema":"1a1c01bbd47fc00a2c39e90264f33305004495a9","hash":"7159172419de1fd2d8ed7dc315a9e330df837e89"}
,"C:\\Users\\jjuhr\\OneDrive\\Documents\\private_ai\\backend\\routes\\chat.js": {"path":"C:\\Users\\jjuhr\\OneDrive\\Documents\\private_ai\\backend\\routes\\chat.js","statementMap":{"0":{"start":{"line":1,"column":16},"end":{"line":1,"column":34}},"1":{"start":{"line":2,"column":15},"end":{"line":2,"column":31}},"2":{"start":{"line":3,"column":18},"end":{"line":3,"column":34}},"3":{"start":{"line":4,"column":50},"end":{"line":4,"column":66}},"4":{"start":{"line":5,"column":30},"end":{"line":5,"column":59}},"5":{"start":{"line":6,"column":25},"end":{"line":6,"column":55}},"6":{"start":{"line":8,"column":0},"end":{"line":16,"column":3}},"7":{"start":{"line":9,"column":2},"end":{"line":15,"column":3}},"8":{"start":{"line":10,"column":15},"end":{"line":10,"column":28}},"9":{"start":{"line":11,"column":18},"end":{"line":11,"column":111}},"10":{"start":{"line":12,"column":4},"end":{"line":12,"column":20}},"11":{"start":{"line":14,"column":4},"end":{"line":14,"column":49}},"12":{"start":{"line":18,"column":0},"end":{"line":31,"column":3}},"13":{"start":{"line":19,"column":20},"end":{"line":19,"column":28}},"14":{"start":{"line":20,"column":2},"end":{"line":30,"column":3}},"15":{"start":{"line":21,"column":15},"end":{"line":21,"column":28}},"16":{"start":{"line":22,"column":19},"end":{"line":22,"column":119}},"17":{"start":{"line":23,"column":19},"end":{"line":23,"column":32}},"18":{"start":{"line":25,"column":4},"end":{"line":25,"column":59}},"19":{"start":{"line":27,"column":4},"end":{"line":27,"column":80}},"20":{"start":{"line":29,"column":4},"end":{"line":29,"column":49}},"21":{"start":{"line":33,"column":0},"end":{"line":41,"column":3}},"22":{"start":{"line":34,"column":2},"end":{"line":40,"column":3}},"23":{"start":{"line":35,"column":15},"end":{"line":35,"column":28}},"24":{"start":{"line":36,"column":4},"end":{"line":36,"column":97}},"25":{"start":{"line":37,"column":4},"end":{"line":37,"column":32}},"26":{"start":{"line":39,"column":4},"end":{"line":39,"column":49}},"27":{"start":{"line":43,"column":0},"end":{"line":53,"column":3}},"28":{"start":{"line":44,"column":20},"end":{"line":44,"column":28}},"29":{"start":{"line":45,"column":2},"end":{"line":45,"column":98}},"30":{"start":{"line":45,"column":37},"end":{"line":45,"column":98}},"31":{"start":{"line":46,"column":2},"end":{"line":52,"column":3}},"32":{"start":{"line":47,"column":15},"end":{"line":47,"column":28}},"33":{"start":{"line":48,"column":4},"end":{"line":48,"column":120}},"34":{"start":{"line":49,"column":4},"end":{"line":49,"column":32}},"35":{"start":{"line":51,"column":4},"end":{"line":51,"column":49}},"36":{"start":{"line":55,"column":0},"end":{"line":67,"column":3}},"37":{"start":{"line":56,"column":2},"end":{"line":66,"column":3}},"38":{"start":{"line":57,"column":15},"end":{"line":57,"column":28}},"39":{"start":{"line":59,"column":17},"end":{"line":59,"column":112}},"40":{"start":{"line":60,"column":4},"end":{"line":60,"column":73}},"41":{"start":{"line":60,"column":15},"end":{"line":60,"column":73}},"42":{"start":{"line":62,"column":21},"end":{"line":62,"column":118}},"43":{"start":{"line":63,"column":4},"end":{"line":63,"column":23}},"44":{"start":{"line":65,"column":4},"end":{"line":65,"column":49}},"45":{"start":{"line":70,"column":0},"end":{"line":226,"column":3}},"46":{"start":{"line":71,"column":30},"end":{"line":71,"column":38}},"47":{"start":{"line":72,"column":2},"end":{"line":72,"column":102}},"48":{"start":{"line":72,"column":27},"end":{"line":72,"column":102}},"49":{"start":{"line":74,"column":13},"end":{"line":74,"column":26}},"50":{"start":{"line":77,"column":15},"end":{"line":77,"column":103}},"51":{"start":{"line":78,"column":2},"end":{"line":78,"column":71}},"52":{"start":{"line":78,"column":13},"end":{"line":78,"column":71}},"53":{"start":{"line":81,"column":17},"end":{"line":81,"column":93}},"54":{"start":{"line":82,"column":2},"end":{"line":84,"column":3}},"55":{"start":{"line":83,"column":4},"end":{"line":83,"column":71}},"56":{"start":{"line":87,"column":20},"end":{"line":90,"column":3}},"57":{"start":{"line":93,"column":18},"end":{"line":93,"column":20}},"58":{"start":{"line":94,"column":2},"end":{"line":103,"column":3}},"59":{"start":{"line":95,"column":20},"end":{"line":95,"column":57}},"60":{"start":{"line":96,"column":4},"end":{"line":96,"column":27}},"61":{"start":{"line":96,"column":18},"end":{"line":96,"column":27}},"62":{"start":{"line":98,"column":4},"end":{"line":102,"column":5}},"63":{"start":{"line":99,"column":6},"end":{"line":99,"column":60}},"64":{"start":{"line":101,"column":6},"end":{"line":101,"column":48}},"65":{"start":{"line":106,"column":2},"end":{"line":106,"column":53}},"66":{"start":{"line":107,"column":2},"end":{"line":107,"column":45}},"67":{"start":{"line":108,"column":2},"end":{"line":108,"column":44}},"68":{"start":{"line":109,"column":2},"end":{"line":109,"column":21}},"69":{"start":{"line":111,"column":28},"end":{"line":111,"column":30}},"70":{"start":{"line":112,"column":27},"end":{"line":112,"column":29}},"71":{"start":{"line":114,"column":20},"end":{"line":116,"column":3}},"72":{"start":{"line":115,"column":4},"end":{"line":115,"column":68}},"73":{"start":{"line":119,"column":20},"end":{"line":121,"column":11}},"74":{"start":{"line":120,"column":4},"end":{"line":120,"column":33}},"75":{"start":{"line":123,"column":2},"end":{"line":225,"column":3}},"76":{"start":{"line":125,"column":4},"end":{"line":128,"column":6}},"77":{"start":{"line":131,"column":4},"end":{"line":157,"column":7}},"78":{"start":{"line":145,"column":23},"end":{"line":145,"column":36}},"79":{"start":{"line":147,"column":8},"end":{"line":147,"column":44}},"80":{"start":{"line":148,"column":8},"end":{"line":148,"column":43}},"81":{"start":{"line":151,"column":8},"end":{"line":151,"column":43}},"82":{"start":{"line":152,"column":8},"end":{"line":152,"column":43}},"83":{"start":{"line":155,"column":8},"end":{"line":155,"column":36}},"84":{"start":{"line":160,"column":23},"end":{"line":160,"column":41}},"85":{"start":{"line":161,"column":24},"end":{"line":161,"column":43}},"86":{"start":{"line":163,"column":21},"end":{"line":163,"column":40}},"87":{"start":{"line":164,"column":19},"end":{"line":164,"column":31}},"88":{"start":{"line":165,"column":4},"end":{"line":177,"column":5}},"89":{"start":{"line":166,"column":23},"end":{"line":166,"column":53}},"90":{"start":{"line":167,"column":21},"end":{"line":167,"column":49}},"91":{"start":{"line":168,"column":6},"end":{"line":176,"column":7}},"92":{"start":{"line":169,"column":34},"end":{"line":169,"column":99}},"93":{"start":{"line":170,"column":8},"end":{"line":170,"column":74}},"94":{"start":{"line":171,"column":8},"end":{"line":171,"column":117}},"95":{"start":{"line":173,"column":34},"end":{"line":173,"column":91}},"96":{"start":{"line":174,"column":8},"end":{"line":174,"column":74}},"97":{"start":{"line":175,"column":8},"end":{"line":175,"column":66}},"98":{"start":{"line":179,"column":24},"end":{"line":179,"column":33}},"99":{"start":{"line":180,"column":22},"end":{"line":180,"column":32}},"100":{"start":{"line":181,"column":4},"end":{"line":193,"column":5}},"101":{"start":{"line":182,"column":23},"end":{"line":182,"column":56}},"102":{"start":{"line":183,"column":21},"end":{"line":183,"column":52}},"103":{"start":{"line":184,"column":6},"end":{"line":192,"column":7}},"104":{"start":{"line":185,"column":34},"end":{"line":185,"column":102}},"105":{"start":{"line":186,"column":8},"end":{"line":186,"column":74}},"106":{"start":{"line":187,"column":8},"end":{"line":187,"column":120}},"107":{"start":{"line":189,"column":34},"end":{"line":189,"column":94}},"108":{"start":{"line":190,"column":8},"end":{"line":190,"column":74}},"109":{"start":{"line":191,"column":8},"end":{"line":191,"column":66}},"110":{"start":{"line":195,"column":4},"end":{"line":198,"column":6}},"111":{"start":{"line":200,"column":25},"end":{"line":200,"column":107}},"112":{"start":{"line":201,"column":27},"end":{"line":201,"column":105}},"113":{"start":{"line":202,"column":29},"end":{"line":202,"column":77}},"114":{"start":{"line":205,"column":23},"end":{"line":205,"column":33}},"115":{"start":{"line":206,"column":4},"end":{"line":206,"column":49}},"116":{"start":{"line":207,"column":4},"end":{"line":216,"column":6}},"117":{"start":{"line":218,"column":4},"end":{"line":218,"column":41}},"118":{"start":{"line":220,"column":4},"end":{"line":220,"column":51}},"119":{"start":{"line":221,"column":4},"end":{"line":221,"column":49}},"120":{"start":{"line":223,"column":4},"end":{"line":223,"column":29}},"121":{"start":{"line":224,"column":4},"end":{"line":224,"column":14}},"122":{"start":{"line":228,"column":0},"end":{"line":228,"column":24}}},"fnMap":{"0":{"name":"(anonymous_0)","decl":{"start":{"line":8,"column":40},"end":{"line":8,"column":41}},"loc":{"start":{"line":8,"column":60},"end":{"line":16,"column":1}},"line":8},"1":{"name":"(anonymous_1)","decl":{"start":{"line":18,"column":41},"end":{"line":18,"column":42}},"loc":{"start":{"line":18,"column":61},"end":{"line":31,"column":1}},"line":18},"2":{"name":"(anonymous_2)","decl":{"start":{"line":33,"column":47},"end":{"line":33,"column":48}},"loc":{"start":{"line":33,"column":67},"end":{"line":41,"column":1}},"line":33},"3":{"name":"(anonymous_3)","decl":{"start":{"line":43,"column":44},"end":{"line":43,"column":45}},"loc":{"start":{"line":43,"column":64},"end":{"line":53,"column":1}},"line":43},"4":{"name":"(anonymous_4)","decl":{"start":{"line":55,"column":53},"end":{"line":55,"column":54}},"loc":{"start":{"line":55,"column":73},"end":{"line":67,"column":1}},"line":55},"5":{"name":"(anonymous_5)","decl":{"start":{"line":70,"column":47},"end":{"line":70,"column":48}},"loc":{"start":{"line":70,"column":67},"end":{"line":226,"column":1}},"line":70},"6":{"name":"(anonymous_6)","decl":{"start":{"line":114,"column":20},"end":{"line":114,"column":21}},"loc":{"start":{"line":114,"column":37},"end":{"line":116,"column":3}},"line":114},"7":{"name":"(anonymous_7)","decl":{"start":{"line":119,"column":32},"end":{"line":119,"column":33}},"loc":{"start":{"line":119,"column":38},"end":{"line":121,"column":3}},"line":119},"8":{"name":"(anonymous_8)","decl":{"start":{"line":145,"column":17},"end":{"line":145,"column":18}},"loc":{"start":{"line":145,"column":23},"end":{"line":145,"column":36}},"line":145},"9":{"name":"(anonymous_9)","decl":{"start":{"line":146,"column":17},"end":{"line":146,"column":18}},"loc":{"start":{"line":146,"column":35},"end":{"line":149,"column":7}},"line":146},"10":{"name":"(anonymous_10)","decl":{"start":{"line":150,"column":17},"end":{"line":150,"column":18}},"loc":{"start":{"line":150,"column":35},"end":{"line":153,"column":7}},"line":150},"11":{"name":"(anonymous_11)","decl":{"start":{"line":154,"column":18},"end":{"line":154,"column":19}},"loc":{"start":{"line":154,"column":32},"end":{"line":156,"column":7}},"line":154}},"branchMap":{"0":{"loc":{"start":{"line":22,"column":98},"end":{"line":22,"column":117}},"type":"binary-expr","locations":[{"start":{"line":22,"column":98},"end":{"line":22,"column":103}},{"start":{"line":22,"column":107},"end":{"line":22,"column":117}}],"line":22},"1":{"loc":{"start":{"line":27,"column":57},"end":{"line":27,"column":76}},"type":"binary-expr","locations":[{"start":{"line":27,"column":57},"end":{"line":27,"column":62}},{"start":{"line":27,"column":66},"end":{"line":27,"column":76}}],"line":27},"2":{"loc":{"start":{"line":45,"column":2},"end":{"line":45,"column":98}},"type":"if","locations":[{"start":{"line":45,"column":2},"end":{"line":45,"column":98}},{"start":{},"end":{}}],"line":45},"3":{"loc":{"start":{"line":45,"column":6},"end":{"line":45,"column":35}},"type":"binary-expr","locations":[{"start":{"line":45,"column":6},"end":{"line":45,"column":12}},{"start":{"line":45,"column":16},"end":{"line":45,"column":35}}],"line":45},"4":{"loc":{"start":{"line":60,"column":4},"end":{"line":60,"column":73}},"type":"if","locations":[{"start":{"line":60,"column":4},"end":{"line":60,"column":73}},{"start":{},"end":{}}],"line":60},"5":{"loc":{"start":{"line":72,"column":2},"end":{"line":72,"column":102}},"type":"if","locations":[{"start":{"line":72,"column":2},"end":{"line":72,"column":102}},{"start":{},"end":{}}],"line":72},"6":{"loc":{"start":{"line":72,"column":6},"end":{"line":72,"column":25}},"type":"binary-expr","locations":[{"start":{"line":72,"column":6},"end":{"line":72,"column":13}},{"start":{"line":72,"column":17},"end":{"line":72,"column":25}}],"line":72},"7":{"loc":{"start":{"line":78,"column":2},"end":{"line":78,"column":71}},"type":"if","locations":[{"start":{"line":78,"column":2},"end":{"line":78,"column":71}},{"start":{},"end":{}}],"line":78},"8":{"loc":{"start":{"line":82,"column":2},"end":{"line":84,"column":3}},"type":"if","locations":[{"start":{"line":82,"column":2},"end":{"line":84,"column":3}},{"start":{},"end":{}}],"line":82},"9":{"loc":{"start":{"line":95,"column":20},"end":{"line":95,"column":57}},"type":"cond-expr","locations":[{"start":{"line":95,"column":34},"end":{"line":95,"column":52}},{"start":{"line":95,"column":55},"end":{"line":95,"column":57}}],"line":95},"10":{"loc":{"start":{"line":96,"column":4},"end":{"line":96,"column":27}},"type":"if","locations":[{"start":{"line":96,"column":4},"end":{"line":96,"column":27}},{"start":{},"end":{}}],"line":96},"11":{"loc":{"start":{"line":98,"column":4},"end":{"line":102,"column":5}},"type":"if","locations":[{"start":{"line":98,"column":4},"end":{"line":102,"column":5}},{"start":{"line":100,"column":11},"end":{"line":102,"column":5}}],"line":98},"12":{"loc":{"start":{"line":98,"column":8},"end":{"line":98,"column":75}},"type":"binary-expr","locations":[{"start":{"line":98,"column":8},"end":{"line":98,"column":26}},{"start":{"line":98,"column":30},"end":{"line":98,"column":75}}],"line":98},"13":{"loc":{"start":{"line":139,"column":20},"end":{"line":139,"column":71}},"type":"binary-expr","locations":[{"start":{"line":139,"column":20},"end":{"line":139,"column":38}},{"start":{"line":139,"column":42},"end":{"line":139,"column":71}}],"line":139},"14":{"loc":{"start":{"line":141,"column":21},"end":{"line":141,"column":57}},"type":"binary-expr","locations":[{"start":{"line":141,"column":21},"end":{"line":141,"column":45}},{"start":{"line":141,"column":49},"end":{"line":141,"column":57}}],"line":141},"15":{"loc":{"start":{"line":144,"column":22},"end":{"line":144,"column":58}},"type":"binary-expr","locations":[{"start":{"line":144,"column":22},"end":{"line":144,"column":46}},{"start":{"line":144,"column":50},"end":{"line":144,"column":58}}],"line":144},"16":{"loc":{"start":{"line":165,"column":4},"end":{"line":177,"column":5}},"type":"if","locations":[{"start":{"line":165,"column":4},"end":{"line":177,"column":5}},{"start":{},"end":{}}],"line":165},"17":{"loc":{"start":{"line":168,"column":6},"end":{"line":176,"column":7}},"type":"if","locations":[{"start":{"line":168,"column":6},"end":{"line":176,"column":7}},{"start":{"line":172,"column":13},"end":{"line":176,"column":7}}],"line":168},"18":{"loc":{"start":{"line":181,"column":4},"end":{"line":193,"column":5}},"type":"if","locations":[{"start":{"line":181,"column":4},"end":{"line":193,"column":5}},{"start":{},"end":{}}],"line":181},"19":{"loc":{"start":{"line":184,"column":6},"end":{"line":192,"column":7}},"type":"if","locations":[{"start":{"line":184,"column":6},"end":{"line":192,"column":7}},{"start":{"line":188,"column":13},"end":{"line":192,"column":7}}],"line":184},"20":{"loc":{"start":{"line":200,"column":25},"end":{"line":200,"column":107}},"type":"binary-expr","locations":[{"start":{"line":200,"column":25},"end":{"line":200,"column":101}},{"start":{"line":200,"column":105},"end":{"line":200,"column":107}}],"line":200},"21":{"loc":{"start":{"line":214,"column":8},"end":{"line":214,"column":66}},"type":"cond-expr","locations":[{"start":{"line":214,"column":27},"end":{"line":214,"column":59}},{"start":{"line":214,"column":62},"end":{"line":214,"column":66}}],"line":214}},"s":{"0":1,"1":1,"2":1,"3":1,"4":1,"5":1,"6":1,"7":2,"8":2,"9":1,"10":1,"11":1,"12":1,"13":2,"14":2,"15":2,"16":1,"17":1,"18":1,"19":1,"20":1,"21":1,"22":2,"23":2,"24":1,"25":1,"26":1,"27":1,"28":3,"29":3,"30":1,"31":2,"32":2,"33":1,"34":1,"35":1,"36":1,"37":2,"38":2,"39":1,"40":1,"41":0,"42":1,"43":1,"44":1,"45":1,"46":4,"47":4,"48":0,"49":4,"50":4,"51":4,"52":0,"53":4,"54":4,"55":4,"56":4,"57":4,"58":4,"59":4,"60":4,"61":1,"62":3,"63":1,"64":2,"65":4,"66":4,"67":4,"68":4,"69":4,"70":4,"71":4,"72":10,"73":4,"74":0,"75":4,"76":4,"77":4,"78":0,"79":1,"80":1,"81":4,"82":4,"83":1,"84":4,"85":4,"86":4,"87":4,"88":4,"89":2,"90":2,"91":2,"92":1,"93":1,"94":1,"95":1,"96":1,"97":1,"98":4,"99":4,"100":4,"101":2,"102":2,"103":2,"104":1,"105":1,"106":1,"107":1,"108":1,"109":1,"110":4,"111":4,"112":4,"113":4,"114":4,"115":4,"116":4,"117":4,"118":0,"119":0,"120":4,"121":4,"122":1},"f":{"0":2,"1":2,"2":2,"3":3,"4":2,"5":4,"6":10,"7":0,"8":0,"9":1,"10":4,"11":1},"b":{"0":[1,0],"1":[1,0],"2":[1,2],"3":[3,2],"4":[0,1],"5":[0,4],"6":[4,4],"7":[0,4],"8":[4,0],"9":[3,1],"10":[1,3],"11":[1,2],"12":[3,2],"13":[4,4],"14":[4,4],"15":[4,4],"16":[2,2],"17":[1,1],"18":[2,2],"19":[1,1],"20":[4,4],"21":[0,4]},"_coverageSchema":"1a1c01bbd47fc00a2c39e90264f33305004495a9","hash":"7dc92117507d93015f7ca607d873233783af3eaf"}
,"C:\\Users\\jjuhr\\OneDrive\\Documents\\private_ai\\backend\\routes\\memory.js": {"path":"C:\\Users\\jjuhr\\OneDrive\\Documents\\private_ai\\backend\\routes\\memory.js","statementMap":{"0":{"start":{"line":1,"column":16},"end":{"line":1,"column":34}},"1":{"start":{"line":2,"column":15},"end":{"line":2,"column":31}},"2":{"start":{"line":3,"column":18},"end":{"line":3,"column":34}},"3":{"start":{"line":4,"column":30},"end":{"line":4,"column":59}},"4":{"start":{"line":5,"column":48},"end":{"line":5,"column":78}},"5":{"start":{"line":8,"column":0},"end":{"line":19,"column":3}},"6":{"start":{"line":9,"column":2},"end":{"line":18,"column":3}},"7":{"start":{"line":10,"column":15},"end":{"line":10,"column":28}},"8":{"start":{"line":11,"column":21},"end":{"line":14,"column":5}},"9":{"start":{"line":15,"column":4},"end":{"line":15,"column":23}},"10":{"start":{"line":17,"column":4},"end":{"line":17,"column":49}},"11":{"start":{"line":21,"column":0},"end":{"line":118,"column":3}},"12":{"start":{"line":22,"column":46},"end":{"line":22,"column":54}},"13":{"start":{"line":24,"column":2},"end":{"line":26,"column":3}},"14":{"start":{"line":25,"column":4},"end":{"line":25,"column":67}},"15":{"start":{"line":28,"column":19},"end":{"line":28,"column":90}},"16":{"start":{"line":29,"column":23},"end":{"line":29,"column":27}},"17":{"start":{"line":30,"column":2},"end":{"line":50,"column":3}},"18":{"start":{"line":31,"column":4},"end":{"line":36,"column":5}},"19":{"start":{"line":32,"column":25},"end":{"line":32,"column":44}},"20":{"start":{"line":33,"column":6},"end":{"line":35,"column":7}},"21":{"start":{"line":34,"column":8},"end":{"line":34,"column":50}},"22":{"start":{"line":38,"column":4},"end":{"line":42,"column":5}},"23":{"start":{"line":39,"column":19},"end":{"line":39,"column":29}},"24":{"start":{"line":40,"column":6},"end":{"line":40,"column":42}},"25":{"start":{"line":41,"column":6},"end":{"line":41,"column":42}},"26":{"start":{"line":44,"column":4},"end":{"line":49,"column":5}},"27":{"start":{"line":46,"column":19},"end":{"line":46,"column":29}},"28":{"start":{"line":47,"column":6},"end":{"line":47,"column":40}},"29":{"start":{"line":48,"column":6},"end":{"line":48,"column":42}},"30":{"start":{"line":52,"column":2},"end":{"line":117,"column":3}},"31":{"start":{"line":53,"column":15},"end":{"line":53,"column":28}},"32":{"start":{"line":56,"column":25},"end":{"line":56,"column":107}},"33":{"start":{"line":57,"column":25},"end":{"line":57,"column":73}},"34":{"start":{"line":60,"column":27},"end":{"line":63,"column":5}},"35":{"start":{"line":65,"column":28},"end":{"line":65,"column":32}},"36":{"start":{"line":66,"column":4},"end":{"line":80,"column":5}},"37":{"start":{"line":67,"column":6},"end":{"line":79,"column":7}},"38":{"start":{"line":68,"column":27},"end":{"line":68,"column":31}},"39":{"start":{"line":69,"column":8},"end":{"line":73,"column":9}},"40":{"start":{"line":70,"column":10},"end":{"line":72,"column":24}},"41":{"start":{"line":71,"column":12},"end":{"line":71,"column":53}},"42":{"start":{"line":74,"column":20},"end":{"line":74,"column":98}},"43":{"start":{"line":75,"column":8},"end":{"line":78,"column":9}},"44":{"start":{"line":76,"column":10},"end":{"line":76,"column":34}},"45":{"start":{"line":77,"column":10},"end":{"line":77,"column":16}},"46":{"start":{"line":82,"column":4},"end":{"line":96,"column":5}},"47":{"start":{"line":84,"column":6},"end":{"line":87,"column":8}},"48":{"start":{"line":89,"column":28},"end":{"line":89,"column":103}},"49":{"start":{"line":91,"column":6},"end":{"line":95,"column":9}},"50":{"start":{"line":98,"column":19},"end":{"line":101,"column":5}},"51":{"start":{"line":103,"column":4},"end":{"line":114,"column":7}},"52":{"start":{"line":116,"column":4},"end":{"line":116,"column":49}},"53":{"start":{"line":121,"column":0},"end":{"line":138,"column":3}},"54":{"start":{"line":122,"column":19},"end":{"line":122,"column":32}},"55":{"start":{"line":123,"column":2},"end":{"line":137,"column":3}},"56":{"start":{"line":124,"column":15},"end":{"line":124,"column":28}},"57":{"start":{"line":125,"column":19},"end":{"line":128,"column":5}},"58":{"start":{"line":130,"column":4},"end":{"line":132,"column":5}},"59":{"start":{"line":131,"column":6},"end":{"line":131,"column":87}},"60":{"start":{"line":134,"column":4},"end":{"line":134,"column":32}},"61":{"start":{"line":136,"column":4},"end":{"line":136,"column":49}},"62":{"start":{"line":140,"column":0},"end":{"line":140,"column":24}}},"fnMap":{"0":{"name":"(anonymous_0)","decl":{"start":{"line":8,"column":35},"end":{"line":8,"column":36}},"loc":{"start":{"line":8,"column":55},"end":{"line":19,"column":1}},"line":8},"1":{"name":"(anonymous_1)","decl":{"start":{"line":21,"column":36},"end":{"line":21,"column":37}},"loc":{"start":{"line":21,"column":56},"end":{"line":118,"column":1}},"line":21},"2":{"name":"(anonymous_2)","decl":{"start":{"line":121,"column":41},"end":{"line":121,"column":42}},"loc":{"start":{"line":121,"column":61},"end":{"line":138,"column":1}},"line":121}},"branchMap":{"0":{"loc":{"start":{"line":24,"column":2},"end":{"line":26,"column":3}},"type":"if","locations":[{"start":{"line":24,"column":2},"end":{"line":26,"column":3}},{"start":{},"end":{}}],"line":24},"1":{"loc":{"start":{"line":24,"column":6},"end":{"line":24,"column":70}},"type":"binary-expr","locations":[{"start":{"line":24,"column":6},"end":{"line":24,"column":14}},{"start":{"line":24,"column":18},"end":{"line":24,"column":45}},{"start":{"line":24,"column":49},"end":{"line":24,"column":70}}],"line":24},"2":{"loc":{"start":{"line":28,"column":19},"end":{"line":28,"column":90}},"type":"cond-expr","locations":[{"start":{"line":28,"column":71},"end":{"line":28,"column":76}},{"start":{"line":28,"column":79},"end":{"line":28,"column":90}}],"line":28},"3":{"loc":{"start":{"line":28,"column":20},"end":{"line":28,"column":67}},"type":"binary-expr","locations":[{"start":{"line":28,"column":20},"end":{"line":28,"column":42}},{"start":{"line":28,"column":46},"end":{"line":28,"column":67}}],"line":28},"4":{"loc":{"start":{"line":30,"column":2},"end":{"line":50,"column":3}},"type":"if","locations":[{"start":{"line":30,"column":2},"end":{"line":50,"column":3}},{"start":{},"end":{}}],"line":30},"5":{"loc":{"start":{"line":31,"column":4},"end":{"line":36,"column":5}},"type":"if","locations":[{"start":{"line":31,"column":4},"end":{"line":36,"column":5}},{"start":{},"end":{}}],"line":31},"6":{"loc":{"start":{"line":33,"column":6},"end":{"line":35,"column":7}},"type":"if","locations":[{"start":{"line":33,"column":6},"end":{"line":35,"column":7}},{"start":{},"end":{}}],"line":33},"7":{"loc":{"start":{"line":38,"column":4},"end":{"line":42,"column":5}},"type":"if","locations":[{"start":{"line":38,"column":4},"end":{"line":42,"column":5}},{"start":{},"end":{}}],"line":38},"8":{"loc":{"start":{"line":38,"column":8},"end":{"line":38,"column":59}},"type":"binary-expr","locations":[{"start":{"line":38,"column":8},"end":{"line":38,"column":23}},{"start":{"line":38,"column":27},"end":{"line":38,"column":31}},{"start":{"line":38,"column":35},"end":{"line":38,"column":59}}],"line":38},"9":{"loc":{"start":{"line":44,"column":4},"end":{"line":49,"column":5}},"type":"if","locations":[{"start":{"line":44,"column":4},"end":{"line":49,"column":5}},{"start":{},"end":{}}],"line":44},"10":{"loc":{"start":{"line":56,"column":25},"end":{"line":56,"column":107}},"type":"binary-expr","locations":[{"start":{"line":56,"column":25},"end":{"line":56,"column":101}},{"start":{"line":56,"column":105},"end":{"line":56,"column":107}}],"line":56},"11":{"loc":{"start":{"line":66,"column":4},"end":{"line":80,"column":5}},"type":"if","locations":[{"start":{"line":66,"column":4},"end":{"line":80,"column":5}},{"start":{},"end":{}}],"line":66},"12":{"loc":{"start":{"line":69,"column":8},"end":{"line":73,"column":9}},"type":"if","locations":[{"start":{"line":69,"column":8},"end":{"line":73,"column":9}},{"start":{},"end":{}}],"line":69},"13":{"loc":{"start":{"line":75,"column":8},"end":{"line":78,"column":9}},"type":"if","locations":[{"start":{"line":75,"column":8},"end":{"line":78,"column":9}},{"start":{},"end":{}}],"line":75},"14":{"loc":{"start":{"line":82,"column":4},"end":{"line":96,"column":5}},"type":"if","locations":[{"start":{"line":82,"column":4},"end":{"line":96,"column":5}},{"start":{},"end":{}}],"line":82},"15":{"loc":{"start":{"line":86,"column":51},"end":{"line":86,"column":101}},"type":"cond-expr","locations":[{"start":{"line":86,"column":66},"end":{"line":86,"column":94}},{"start":{"line":86,"column":97},"end":{"line":86,"column":101}}],"line":86},"16":{"loc":{"start":{"line":100,"column":62},"end":{"line":100,"column":112}},"type":"cond-expr","locations":[{"start":{"line":100,"column":77},"end":{"line":100,"column":105}},{"start":{"line":100,"column":108},"end":{"line":100,"column":112}}],"line":100},"17":{"loc":{"start":{"line":111,"column":19},"end":{"line":111,"column":69}},"type":"cond-expr","locations":[{"start":{"line":111,"column":34},"end":{"line":111,"column":62}},{"start":{"line":111,"column":65},"end":{"line":111,"column":69}}],"line":
[...]
:163,"column":12},"end":{"line":163,"column":80}},"type":"if","locations":[{"start":{"line":163,"column":12},"end":{"line":163,"column":80}},{"start":{},"end":{}}],"line":163},"32":{"loc":{"start":{"line":163,"column":16},"end":{"line":163,"column":71}},"type":"binary-expr","locations":[{"start":{"line":163,"column":16},"end":{"line":163,"column":40}},{"start":{"line":163,"column":44},"end":{"line":163,"column":71}}],"line":163},"33":{"loc":{"start":{"line":168,"column":12},"end":{"line":170,"column":13}},"type":"if","locations":[{"start":{"line":168,"column":12},"end":{"line":170,"column":13}},{"start":{},"end":{}}],"line":168},"34":{"loc":{"start":{"line":171,"column":12},"end":{"line":173,"column":13}},"type":"if","locations":[{"start":{"line":171,"column":12},"end":{"line":173,"column":13}},{"start":{},"end":{}}],"line":171},"35":{"loc":{"start":{"line":184,"column":2},"end":{"line":210,"column":3}},"type":"if","locations":[{"start":{"line":184,"column":2},"end":{"line":210,"column":3}},{"start":{},"end":{}}],"line":184},"36":{"loc":{"start":{"line":192,"column":6},"end":{"line":205,"column":7}},"type":"if","locations":[{"start":{"line":192,"column":6},"end":{"line":205,"column":7}},{"start":{},"end":{}}],"line":192},"37":{"loc":{"start":{"line":194,"column":8},"end":{"line":204,"column":9}},"type":"if","locations":[{"start":{"line":194,"column":8},"end":{"line":204,"column":9}},{"start":{},"end":{}}],"line":194},"38":{"loc":{"start":{"line":194,"column":12},"end":{"line":194,"column":43}},"type":"binary-expr","locations":[{"start":{"line":194,"column":12},"end":{"line":194,"column":22}},{"start":{"line":194,"column":26},"end":{"line":194,"column":43}}],"line":194},"39":{"loc":{"start":{"line":240,"column":25},"end":{"line":240,"column":68}},"type":"binary-expr","locations":[{"start":{"line":240,"column":25},"end":{"line":240,"column":36}},{"start":{"line":240,"column":40},"end":{"line":240,"column":68}}],"line":240}},"s":{"0":3,"1":3,"2":13,"3":0,"4":13,"5":13,"6":13,"7":2,"8":2,"9":2,"10":2,"11":0,"12":2,"13":2,"14":2,"15":1,"16":1,"17":1,"18":1,"19":1,"20":1,"21":1,"22":1,"23":1,"24":1,"25":12,"26":12,"27":2,"28":2,"29":2,"30":2,"31":1,"32":1,"33":1,"34":1,"35":1,"36":1,"37":1,"38":1,"39":1,"40":1,"41":1,"42":1,"43":1,"44":1,"45":1,"46":1,"47":1,"48":1,"49":1,"50":11,"51":11,"52":11,"53":11,"54":10,"55":7,"56":7,"57":7,"58":3,"59":0,"60":3,"61":3,"62":3,"63":3,"64":3,"65":3,"66":3,"67":3,"68":1,"69":3,"70":1,"71":1,"72":1,"73":1,"74":1,"75":3,"76":2,"77":11,"78":8,"79":8,"80":8,"81":7,"82":5,"83":5,"84":5,"85":2,"86":0,"87":2,"88":2,"89":2,"90":2,"91":0,"92":2,"93":2,"94":2,"95":2,"96":1,"97":2,"98":1,"99":2,"100":2,"101":11,"102":6,"103":6,"104":6,"105":5,"106":4,"107":4,"108":3,"109":3,"110":3,"111":3,"112":3,"113":3,"114":3,"115":2,"116":3,"117":5,"118":5,"119":5,"120":5,"121":5,"122":0,"123":5,"124":4,"125":4,"126":3,"127":3,"128":3,"129":3,"130":3,"131":2,"132":2,"133":5,"134":5,"135":5,"136":5,"137":5,"138":5,"139":3},"f":{"0":13,"1":0,"2":3,"3":2,"4":3,"5":0,"6":5},"b":{"0":[0,13],"1":[2,11],"2":[1,1],"3":[1,0],"4":[1,0],"5":[1,1],"6":[2,10],"7":[2,0],"8":[2,2],"9":[0,1],"10":[1,0],"11":[1,0],"12":[1,0],"13":[1,0],"14":[1,1],"15":[1,0],"16":[1,0],"17":[0,0],"18":[1,0],"19":[7,2],"20":[0,3],"21":[3,0],"22":[3,3],"23":[1,2],"24":[1,2],"25":[1,0],"26":[8,3],"27":[5,1],"28":[0,2],"29":[2,0],"30":[2,2],"31":[0,2],"32":[2,2],"33":[1,1],"34":[1,1],"35":[6,5],"36":[4,0],"37":[3,1],"38":[4,3],"39":[3,0]},"_coverageSchema":"1a1c01bbd47fc00a2c39e90264f33305004495a9","hash":"73f1252ec16d9d09b74d1be1bf942abb3d4eae6f"}
,"C:\\Users\\jjuhr\\OneDrive\\Documents\\private_ai\\backend\\utils\\embeddings.js": {"path":"C:\\Users\\jjuhr\\OneDrive\\Documents\\private_ai\\backend\\utils\\embeddings.js","statementMap":{"0":{"start":{"line":1,"column":31},"end":{"line":1,"column":63}},"1":{"start":{"line":12,"column":19},"end":{"line":14,"column":99}},"2":{"start":{"line":16,"column":2},"end":{"line":81,"column":3}},"3":{"start":{"line":17,"column":19},"end":{"line":17,"column":69}},"4":{"start":{"line":18,"column":4},"end":{"line":21,"column":5}},"5":{"start":{"line":19,"column":6},"end":{"line":19,"column":81}},"6":{"start":{"line":20,"column":6},"end":{"line":20,"column":18}},"7":{"start":{"line":23,"column":4},"end":{"line":32,"column":5}},"8":{"start":{"line":24,"column":20},"end":{"line":24,"column":50}},"9":{"start":{"line":25,"column":20},"end":{"line":25,"column":77}},"10":{"start":{"line":26,"column":21},"end":{"line":26,"column":51}},"11":{"start":{"line":27,"column":6},"end":{"line":29,"column":7}},"12":{"start":{"line":28,"column":8},"end":{"line":28,"column":39}},"13":{"start":{"line":31,"column":6},"end":{"line":31,"column":93}},"14":{"start":{"line":35,"column":18},"end":{"line":35,"column":20}},"15":{"start":{"line":36,"column":17},"end":{"line":36,"column":19}},"16":{"start":{"line":37,"column":20},"end":{"line":37,"column":44}},"17":{"start":{"line":39,"column":4},"end":{"line":47,"column":5}},"18":{"start":{"line":40,"column":6},"end":{"line":40,"column":72}},"19":{"start":{"line":41,"column":6},"end":{"line":41,"column":44}},"20":{"start":{"line":42,"column":6},"end":{"line":42,"column":70}},"21":{"start":{"line":44,"column":6},"end":{"line":44,"column":46}},"22":{"start":{"line":45,"column":6},"end":{"line":45,"column":45}},"23":{"start":{"line":46,"column":6},"end":{"line":46,"column":70}},"24":{"start":{"line":49,"column":4},"end":{"line":80,"column":5}},"25":{"start":{"line":50,"column":6},"end":{"line":79,"column":7}},"26":{"start":{"line":51,"column":23},"end":{"line":51,"column":49}},"27":{"start":{"line":52,"column":8},"end":{"line":54,"column":9}},"28":{"start":{"line":53,"column":10},"end":{"line":53,"column":46}},"29":{"start":{"line":56,"column":24},"end":{"line":56,"column":62}},"30":{"start":{"line":57,"column":8},"end":{"line":59,"column":9}},"31":{"start":{"line":58,"column":10},"end":{"line":58,"column":56}},"32":{"start":{"line":61,"column":25},"end":{"line":68,"column":10}},"33":{"start":{"line":70,"column":8},"end":{"line":76,"column":9}},"34":{"start":{"line":71,"column":23},"end":{"line":71,"column":44}},"35":{"start":{"line":72,"column":28},"end":{"line":72,"column":53}},"36":{"start":{"line":73,"column":10},"end":{"line":75,"column":11}},"37":{"start":{"line":74,"column":12},"end":{"line":74,"column":29}},"38":{"start":{"line":78,"column":8},"end":{"line":78,"column":106}},"39":{"start":{"line":83,"column":2},"end":{"line":83,"column":14}},"40":{"start":{"line":94,"column":2},"end":{"line":94,"column":62}},"41":{"start":{"line":94,"column":53},"end":{"line":94,"column":62}},"42":{"start":{"line":95,"column":19},"end":{"line":95,"column":20}},"43":{"start":{"line":96,"column":14},"end":{"line":96,"column":15}},"44":{"start":{"line":97,"column":14},"end":{"line":97,"column":15}},"45":{"start":{"line":98,"column":2},"end":{"line":102,"column":3}},"46":{"start":{"line":98,"column":15},"end":{"line":98,"column":16}},"47":{"start":{"line":99,"column":4},"end":{"line":99,"column":36}},"48":{"start":{"line":100,"column":4},"end":{"line":100,"column":31}},"49":{"start":{"line":101,"column":4},"end":{"line":101,"column":31}},"50":{"start":{"line":103,"column":2},"end":{"line":103,"column":43}},"51":{"start":{"line":103,"column":34},"end":{"line":103,"column":43}},"52":{"start":{"line":104,"column":2},"end":{"line":104,"column":60}},"53":{"start":{"line":115,"column":13},"end":{"line":115,"column":38}},"54":{"start":{"line":116,"column":13},"end":{"line":116,"column":38}},"55":{"start":{"line":117,"column":2},"end":{"line":119,"column":3}},"56":{"start":{"line":118,"column":4},"end":{"line":118,"column":15}},"57":{"start":{"line":120,"column":17},"end":{"line":120,"column":48}},"58":{"start":{"line":121,"column":17},"end":{"line":121,"column":48}},"59":{"start":{"line":122,"column":2},"end":{"line":122,"column":55}},"60":{"start":{"line":122,"column":46},"end":{"line":122,"column":55}},"61":{"start":{"line":123,"column":23},"end":{"line":123,"column":70}},"62":{"start":{"line":123,"column":55},"end":{"line":123,"column":68}},"63":{"start":{"line":124,"column":16},"end":{"line":124,"column":47}},"64":{"start":{"line":125,"column":18},"end":{"line":125,"column":48}},"65":{"start":{"line":127,"column":2},"end":{"line":129,"column":3}},"66":{"start":{"line":128,"column":4},"end":{"line":128,"column":34}},"67":{"start":{"line":130,"column":2},"end":{"line":130,"column":17}},"68":{"start":{"line":143,"column":2},"end":{"line":145,"column":3}},"69":{"start":{"line":144,"column":4},"end":{"line":144,"column":40}},"70":{"start":{"line":146,"column":2},"end":{"line":146,"column":44}},"71":{"start":{"line":149,"column":0},"end":{"line":154,"column":2}}},"fnMap":{"0":{"name":"getEmbedding","decl":{"start":{"line":11,"column":15},"end":{"line":11,"column":27}},"loc":{"start":{"line":11,"column":53},"end":{"line":84,"column":1}},"line":11},"1":{"name":"cosineSimilarity","decl":{"start":{"line":93,"column":9},"end":{"line":93,"column":25}},"loc":{"start":{"line":93,"column":38},"end":{"line":105,"column":1}},"line":93},"2":{"name":"getKeywordSimilarity","decl":{"start":{"line":114,"column":9},"end":{"line":114,"column":29}},"loc":{"start":{"line":114,"column":42},"end":{"line":131,"column":1}},"line":114},"3":{"name":"(anonymous_3)","decl":{"start":{"line":123,"column":50},"end":{"line":123,"column":51}},"loc":{"start":{"line":123,"column":55},"end":{"line":123,"column":68}},"line":123},"4":{"name":"getSemanticSimilarity","decl":{"start":{"line":142,"column":9},"end":{"line":142,"column":30}},"loc":{"start":{"line":142,"column":57},"end":{"line":147,"column":1}},"line":142}},"branchMap":{"0":{"loc":{"start":{"line":11,"column":34},"end":{"line":11,"column":51}},"type":"default-arg","locations":[{"start":{"line":11,"column":49},"end":{"line":11,"column":51}}],"line":11},"1":{"loc":{"start":{"line":12,"column":19},"end":{"line":14,"column":99}},"type":"binary-expr","locations":[{"start":{"line":12,"column":19},"end":{"line":12,"column":53}},{"start":{"line":13,"column":20},"end":{"line":13,"column":54}},{"start":{"line":13,"column":58},"end":{"line":13,"column":99}},{"start":{"line":14,"column":20},"end":{"line":14,"column":42}},{"start":{"line":14,"column":47},"end":{"line":14,"column":70}},{"start":{"line":14,"column":74},"end":{"line":14,"column":97}}],"line":12},"2":{"loc":{"start":{"line":16,"column":2},"end":{"line":81,"column":3}},"type":"if","locations":[{"start":{"line":16,"column":2},"end":{"line":81,"column":3}},{"start":{"line":33,"column":9},"end":{"line":81,"column":3}}],"line":16},"3":{"loc":{"start":{"line":17,"column":19},"end":{"line":17,"column":69}},"type":"binary-expr","locations":[{"start":{"line":17,"column":19},"end":{"line":17,"column":42}},{"start":{"line":17,"column":46},"end":{"line":17,"column":69}}],"line":17},"4":{"loc":{"start":{"line":18,"column":4},"end":{"line":21,"column":5}},"type":"if","locations":[{"start":{"line":18,"column":4},"end":{"line":21,"column":5}},{"start":{},"end":{}}],"line":18},"5":{"loc":{"start":{"line":27,"column":6},"end":{"line":29,"column":7}},"type":"if","locations":[{"start":{"line":27,"column":6},"end":{"line":29,"column":7}},{"start":{},"end":{}}],"line":27},"6":{"loc":{"start":{"line":27,"column":10},"end":{"line":27,"column":63}},"type":"binary-expr","locations":[{"start":{"line":27,"column":10},"end":{"line":27,"column":16}},{"start":{"line":27,"column":20},"end":{"line":27,"column":36}},{"start":{"line":27,"column":40},"end":{"line":27,"column":63}}],"line":27},"7":{"loc":{"start":{"line":39,"column":4},"end":{"line":47,"column":5}},"type":"if","locations":[{"start":{"line":39,"column":4},"end":{"line":47,"column":5}},{"start":{"line":43,"column":11},"end":{"line":47,"column":5}}],"line":39},"8":{"loc":{"start":{"line":40,"column":16},"end":{"line":40,"column":71}},"type":"binary-expr","locations":[{"start":{"line":40,"column":16},"end":{"line":40,"column":38}},{"start":{"line":40,"column":42},"end":{"line":40,"column":71}}],"line":40},"9":{"loc":{"start":{"line":41,"column":15},"end":{"line":41,"column":43}},"type":"binary-expr","locations":[{"start":{"line":41,"column":15},"end":{"line":41,"column":37}},{"start":{"line":41,"column":41},"end":{"line":41,"column":43}}],"line":41},"10":{"loc":{"start":{"line":42,"column":18},"end":{"line":42,"column":69}},"type":"binary-expr","locations":[{"start":{"line":42,"column":18},"end":{"line":42,"column":41}},{"start":{"line":42,"column":45},"end":{"line":42,"column":69}}],"line":42},"11":{"loc":{"start":{"line":44,"column":16},"end":{"line":44,"column":45}},"type":"binary-expr","locations":[{"start":{"line":44,"column":16},"end":{"line":44,"column":39}},{"start":{"line":44,"column":43},"end":{"line":44,"column":45}}],"line":44},"12":{"loc":{"start":{"line":45,"column":15},"end":{"line":45,"column":44}},"type":"binary-expr","locations":[{"start":{"line":45,"column":15},"end":{"line":45,"column":38}},{"start":{"line":45,"column":42},"end":{"line":45,"column":44}}],"line":45},"13":{"loc":{"start":{"line":46,"column":18},"end":{"line":46,"column":69}},"type":"binary-expr","locations":[{"start":{"line":46,"column":18},"end":{"line":46,"column":41}},{"start":{"line":46,"column":45},"end":{"line":46,"column":69}}],"line":46},"14":{"loc":{"start":{"line":49,"column":4},"end":{"line":80,"column":5}},"type":"if","locations":[{"start":{"line":49,"column":4},"end":{"line":80,"column":5}},{"start":{},"end":{}}],"line":49},"15":{"loc":{"start":{"line":52,"column":8},"end":{"line":54,"column":9}},"type":"if","locations":[{"start":{"line":52,"column":8},"end":{"line":54,"column":9}},{"start":{},"end":{}}],"line":52},"16":{"loc":{"start":{"line":57,"column":8},"end":{"line":59,"column":9}},"type":"if","locations":[{"start":{"line":57,"column":8},"end":{"line":59,"column":9}},{"start":{},"end":{}}],"line":57},"17":{"loc":{"start":{"line":57,"column":12},"end":{"line":57,"column":44}},"type":"binary-expr","locations":[{"start":{"line":57,"column":12},"end":{"line":57,"column":18}},{"start":{"line":57,"column":22},"end":{"line":57,"column":44}}],"line":57},"18":{"loc":{"start":{"line":70,"column":8},"end":{"line":76,"column":9}},"type":"if","locations":[{"start":{"line":70,"column":8},"end":{"line":76,"column":9}},{"start":{},"end":{}}],"line":70},"19":{"loc":{"start":{"line":73,"column":10},"end":{"line":75,"column":11}},"type":"if","locations":[{"start":{"line":73,"column":10},"end":{"line":75,"column":11}},{"start":{},"end":{}}],"line":73},"20":{"loc":{"start":{"line":73,"column":14},"end":{"line":73,"column":51}},"type":"binary-expr","locations":[{"start":{"line":73,"column":14},"end":{"line":73,"column":23}},{"start":{"line":73,"column":27},"end":{"line":73,"column":51}}],"line":73},"21":{"loc":{"start":{"line":94,"column":2},"end":{"line":94,"column":62}},"type":"if","locations":[{"start":{"line":94,"column":2},"end":{"line":94,"column":62}},{"start":{},"end":{}}],"line":94},"22":{"loc":{"start":{"line":94,"column":6},"end":{"line":94,"column":51}},"type":"binary-expr","locations":[{"start":{"line":94,"column":6},"end":{"line":94,"column":11}},{"start":{"line":94,"column":15},"end":{"line":94,"column":20}},{"start":{"line":94,"column":24},"end":{"line":94,"column":51}}],"line":94},"23":{"loc":{"start":{"line":103,"column":2},"end":{"line":103,"column":43}},"type":"if","locations":[{"start":{"line":103,"column":2},"end":{"line":103,"column":43}},{"start":{},"end":{}}],"line":103},"24":{"loc":{"start":{"line":103,"column":6},"end":{"line":103,"column":32}},"type":"binary-expr","locations":[{"start":{"line":103,"column":6},"end":{"line":103,"column":17}},{"start":{"line":103,"column":21},"end":{"line":103,"column":32}}],"line":103},"25":{"loc":{"start":{"line":117,"column":2},"end":{"line":119,"column":3}},"type":"if","locations":[{"start":{"line":117,"column":2},"end":{"line":119,"column":3}},{"start":{},"end":{}}],"line":117},"26":{"loc":{"start":{"line":120,"column":25},"end":{"line":120,"column":47}},"type":"binary-expr","locations":[{"start":{"line":120,"column":25},"end":{"line":120,"column":41}},{"start":{"line":120,"column":45},"end":{"line":120,"column":47}}],"line":120},"27":{"loc":{"start":{"line":121,"column":25},"end":{"line":121,"column":47}},"type":"binary-expr","locations":[{"start":{"line":121,"column":25},"end":{"line":121,"column":41}},{"start":{"line":121,"column":45},"end":{"line":121,"column":47}}],"line":121},"28":{"loc":{"start":{"line":122,"column":2},"end":{"line":122,"column":55}},"type":"if","locations":[{"start":{"line":122,"column":2},"end":{"line":122,"column":55}},{"start":{},"end":{}}],"line":122},"29":{"loc":{"start":{"line":122,"column":6},"end":{"line":122,"column":44}},"type":"binary-expr","locations":[{"start":{"line":122,"column":6},"end":{"line":122,"column":23}},{"start":{"line":122,"column":27},"end":{"line":122,"column":44}}],"line":122},"30":{"loc":{"start":{"line":127,"column":2},"end":{"line":129,"column":3}},"type":"if","locations":[{"start":{"line":127,"column":2},"end":{"line":129,"column":3}},{"start":{},"end":{}}],"line":127},"31":{"loc":{"start":{"line":127,"column":6},"end":{"line":127,"column":40}},"type":"binary-expr","locations":[{"start":{"line":127,"column":6},"end":{"line":127,"column":21}},{"start":{"line":127,"column":25},"end":{"line":127,"column":40}}],"line":127},"32":{"loc":{"start":{"line":143,"column":2},"end":{"line":145,"column":3}},"type":"if","locations":[{"start":{"line":143,"column":2},"end":{"line":145,"column":3}},{"start":{},"end":{}}],"line":143},"33":{"loc":{"start":{"line":143,"column":6},"end":{"line":143,"column":102}},"type":"binary-expr","locations":[{"start":{"line":143,"column":6},"end":{"line":143,"column":10}},{"start":{"line":143,"column":14},"end":{"line":143,"column":18}},{"start":{"line":143,"column":22},"end":{"line":143,"column":41}},{"start":{"line":143,"column":45},"end":{"line":143,"column":64}},{"start":{"line":143,"column":68},"end":{"line":143,"column":83}},{"start":{"line":143,"column":87},"end":{"line":143,"column":102}}],"line":143}},"s":{"0":5,"1":36,"2":36,"3":4,"4":4,"5":1,"6":1,"7":3,"8":3,"9":3,"10":3,"11":2,"12":2,"13":1,"14":32,"15":32,"16":32,"17":32,"18":4,"19":4,"20":4,"21":28,"22":28,"23":28,"24":32,"25":5,"26":5,"27":5,"28":5,"29":5,"30":5,"31":2,"32":5,"33":4,"34":2,"35":2,"36":2,"37":2,"38":2,"39":31,"40":7,"41":2,"42":5,"43":5,"44":5,"45":5,"46":5,"47":11,"48":11,"49":11,"50":5,"51":1,"52":4,"53":23,"54":23,"55":23,"56":9,"57":14,"58":14,"59":14,"60":0,"61":14,"62":27,"63":14,"64":14,"65":14,"66":4,"67":10,"68":22,"69":2,"70":20,"71":5},"f":{"0":36,"1":7,"2":23,"3":27,"4":22},"b":{"0":[0],"1":[36,33,1,33,28,28],"2":[4,32],"3":[4,2],"4":[1,3],"5":[2,0],"6":[2,2,2],"7":[4,28],"8":[4,1],"9":[4,3],"10":[4,3],"11":[28,27],"12":[28,27],"13":[28,28],"14":[5,27],"15":[5,0],"16":[2,3],"17":[5,2],"18":[2,1],"19":[2,0],"20":[2,2],"21":[2,5],"22":[7,6,6],"23":[1,4],"24":[5,4],"25":[9,14],"26":[14,0],"27":[14,0],"28":[0,14],"29":[14,14],"30":[4,10],"31":[14,14],"32":[2,20],"33":[22,3,3,3,3,3]},"_coverageSchema":"1a1c01bbd47fc00a2c39e90264f33305004495a9","hash":"2ea05c4a6ab080dbabb26cfedfe0af740c413c7e"}
,"C:\\Users\\jjuhr\\OneDrive\\Documents\\private_ai\\backend\\utils\\helpers.js": {"path":"C:\\Users\\jjuhr\\OneDrive\\Documents\\private_ai\\backend\\utils\\helpers.js","statementMap":{"0":{"start":{"line":2,"column":13},"end":{"line":8,"column":11}},"1":{"start":{"line":10,"column":16},"end":{"line":10,"column":47}},"2":{"start":{"line":11,"column":2},"end":{"line":11,"column":33}},"3":{"start":{"line":14,"column":0},"end":{"line":14,"column":42}}},"fnMap":{"0":{"name":"extractFirst100Words","decl":{"start":{"line":1,"column":9},"end":{"line":1,"column":29}},"loc":{"start":{"line":1,"column":36},"end":{"line":12,"column":1}},"line":1}},"branchMap":{},"s":{"0":11,"1":11,"2":11,"3":4},"f":{"0":11},"b":{},"_coverageSchema":"1a1c01bbd47fc00a2c39e90264f33305004495a9","hash":"4ae761d63e7f9d17cb5e0905515f661a5b598304"}
}
