{"C:\\Users\\jjuhr\\OneDrive\\Documents\\private_ai\\backend\\ai.js": {"path":"C:\\Users\\jjuhr\\OneDrive\\Documents\\private_ai\\backend\\ai.js","statementMap":{"0":{"start":{"line":1,"column":31},"end":{"line":1,"column":63}},"1":{"start":{"line":2,"column":31},"end":{"line":2,"column":63}},"2":{"start":{"line":3,"column":29},"end":{"line":3,"column":59}},"3":{"start":{"line":4,"column":32},"end":{"line":4,"column":66}},"4":{"start":{"line":5,"column":33},"end":{"line":5,"column":68}},"5":{"start":{"line":6,"column":30},"end":{"line":6,"column":61}},"6":{"start":{"line":7,"column":29},"end":{"line":7,"column":59}},"7":{"start":{"line":8,"column":27},"end":{"line":8,"column":55}},"8":{"start":{"line":12,"column":21},"end":{"line":12,"column":41}},"9":{"start":{"line":13,"column":17},"end":{"line":13,"column":19}},"10":{"start":{"line":14,"column":16},"end":{"line":16,"column":3}},"11":{"start":{"line":18,"column":2},"end":{"line":25,"column":3}},"12":{"start":{"line":19,"column":4},"end":{"line":24,"column":5}},"13":{"start":{"line":20,"column":6},"end":{"line":20,"column":36}},"14":{"start":{"line":21,"column":6},"end":{"line":21,"column":50}},"15":{"start":{"line":23,"column":6},"end":{"line":23,"column":52}},"16":{"start":{"line":27,"column":13},"end":{"line":27,"column":15}},"17":{"start":{"line":29,"column":2},"end":{"line":42,"column":3}},"18":{"start":{"line":30,"column":19},"end":{"line":30,"column":35}},"19":{"start":{"line":31,"column":19},"end":{"line":31,"column":32}},"20":{"start":{"line":33,"column":4},"end":{"line":39,"column":5}},"21":{"start":{"line":34,"column":6},"end":{"line":34,"column":41}},"22":{"start":{"line":35,"column":11},"end":{"line":39,"column":5}},"23":{"start":{"line":36,"column":6},"end":{"line":36,"column":41}},"24":{"start":{"line":38,"column":6},"end":{"line":38,"column":66}},"25":{"start":{"line":41,"column":4},"end":{"line":41,"column":64}},"26":{"start":{"line":44,"column":2},"end":{"line":74,"column":3}},"27":{"start":{"line":46,"column":26},"end":{"line":46,"column":80}},"28":{"start":{"line":46,"column":45},"end":{"line":46,"column":64}},"29":{"start":{"line":47,"column":30},"end":{"line":52,"column":9}},"30":{"start":{"line":48,"column":19},"end":{"line":48,"column":38}},"31":{"start":{"line":49,"column":17},"end":{"line":52,"column":7}},"32":{"start":{"line":54,"column":4},"end":{"line":59,"column":6}},"33":{"start":{"line":60,"column":4},"end":{"line":62,"column":5}},"34":{"start":{"line":61,"column":6},"end":{"line":61,"column":34}},"35":{"start":{"line":65,"column":4},"end":{"line":73,"column":6}},"36":{"start":{"line":76,"column":19},"end":{"line":80,"column":4}},"37":{"start":{"line":82,"column":2},"end":{"line":85,"column":3}},"38":{"start":{"line":83,"column":20},"end":{"line":83,"column":41}},"39":{"start":{"line":84,"column":4},"end":{"line":84,"column":70}},"40":{"start":{"line":87,"column":22},"end":{"line":87,"column":64}},"41":{"start":{"line":88,"column":2},"end":{"line":95,"column":3}},"42":{"start":{"line":89,"column":17},"end":{"line":89,"column":38}},"43":{"start":{"line":90,"column":20},"end":{"line":90,"column":82}},"44":{"start":{"line":91,"column":4},"end":{"line":93,"column":5}},"45":{"start":{"line":92,"column":6},"end":{"line":92,"column":23}},"46":{"start":{"line":94,"column":4},"end":{"line":94,"column":11}},"47":{"start":{"line":97,"column":17},"end":{"line":97,"column":42}},"48":{"start":{"line":98,"column":18},"end":{"line":98,"column":42}},"49":{"start":{"line":99,"column":15},"end":{"line":99,"column":17}},"50":{"start":{"line":101,"column":2},"end":{"line":122,"column":3}},"51":{"start":{"line":102,"column":28},"end":{"line":102,"column":47}},"52":{"start":{"line":103,"column":4},"end":{"line":103,"column":20}},"53":{"start":{"line":103,"column":14},"end":{"line":103,"column":20}},"54":{"start":{"line":104,"column":4},"end":{"line":104,"column":54}},"55":{"start":{"line":105,"column":18},"end":{"line":105,"column":36}},"56":{"start":{"line":106,"column":4},"end":{"line":106,"column":25}},"57":{"start":{"line":108,"column":4},"end":{"line":121,"column":5}},"58":{"start":{"line":109,"column":22},"end":{"line":109,"column":33}},"59":{"start":{"line":110,"column":6},"end":{"line":110,"column":59}},"60":{"start":{"line":110,"column":50},"end":{"line":110,"column":59}},"61":{"start":{"line":111,"column":6},"end":{"line":120,"column":7}},"62":{"start":{"line":112,"column":8},"end":{"line":119,"column":9}},"63":{"start":{"line":113,"column":25},"end":{"line":113,"column":57}},"64":{"start":{"line":115,"column":23},"end":{"line":115,"column":80}},"65":{"start":{"line":116,"column":10},"end":{"line":116,"column":34}},"66":{"start":{"line":116,"column":20},"end":{"line":116,"column":34}},"67":{"start":{"line":127,"column":16},"end":{"line":127,"column":46}},"68":{"start":{"line":128,"column":16},"end":{"line":131,"column":4}},"69":{"start":{"line":133,"column":19},"end":{"line":133,"column":21}},"70":{"start":{"line":134,"column":2},"end":{"line":139,"column":3}},"71":{"start":{"line":135,"column":4},"end":{"line":138,"column":7}},"72":{"start":{"line":140,"column":2},"end":{"line":143,"column":5}},"73":{"start":{"line":145,"column":17},"end":{"line":145,"column":64}},"74":{"start":{"line":146,"column":2},"end":{"line":149,"column":3}},"75":{"start":{"line":147,"column":17},"end":{"line":147,"column":29}},"76":{"start":{"line":148,"column":4},"end":{"line":148,"column":28}},"77":{"start":{"line":148,"column":14},"end":{"line":148,"column":28}},"78":{"start":{"line":176,"column":58},"end":{"line":176,"column":83}},"79":{"start":{"line":179,"column":23},"end":{"line":179,"column":76}},"80":{"start":{"line":179,"column":56},"end":{"line":179,"column":75}},"81":{"start":{"line":180,"column":25},"end":{"line":180,"column":79}},"82":{"start":{"line":182,"column":19},"end":{"line":195,"column":3}},"83":{"start":{"line":199,"column":23},"end":{"line":199,"column":124}},"84":{"start":{"line":202,"column":2},"end":{"line":225,"column":3}},"85":{"start":{"line":203,"column":21},"end":{"line":218,"column":5}},"86":{"start":{"line":219,"column":4},"end":{"line":222,"column":5}},"87":{"start":{"line":220,"column":29},"end":{"line":220,"column":90}},"88":{"start":{"line":220,"column":47},"end":{"line":220,"column":89}},"89":{"start":{"line":221,"column":6},"end":{"line":221,"column":115}},"90":{"start":{"line":224,"column":4},"end":{"line":224,"column":74}},"91":{"start":{"line":228,"column":23},"end":{"line":228,"column":25}},"92":{"start":{"line":229,"column":2},"end":{"line":240,"column":3}},"93":{"start":{"line":230,"column":20},"end":{"line":230,"column":110}},"94":{"start":{"line":231,"column":4},"end":{"line":237,"column":5}},"95":{"start":{"line":232,"column":6},"end":{"line":236,"column":57}},"96":{"start":{"line":239,"column":4},"end":{"line":239,"column":69}},"97":{"start":{"line":242,"column":23},"end":{"line":242,"column":122}},"98":{"start":{"line":243,"column":23},"end":{"line":243,"column":42}},"99":{"start":{"line":244,"column":31},"end":{"line":244,"column":33}},"100":{"start":{"line":245,"column":23},"end":{"line":245,"column":24}},"101":{"start":{"line":246,"column":23},"end":{"line":246,"column":25}},"102":{"start":{"line":248,"column":2},"end":{"line":347,"column":3}},"103":{"start":{"line":249,"column":4},"end":{"line":252,"column":5}},"104":{"start":{"line":250,"column":6},"end":{"line":250,"column":45}},"105":{"start":{"line":251,"column":6},"end":{"line":251,"column":12}},"106":{"start":{"line":253,"column":19},"end":{"line":253,"column":23}},"107":{"start":{"line":254,"column":4},"end":{"line":254,"column":96}},"108":{"start":{"line":256,"column":4},"end":{"line":265,"column":5}},"109":{"start":{"line":257,"column":6},"end":{"line":257,"column":103}},"110":{"start":{"line":259,"column":6},"end":{"line":259,"column":75}},"111":{"start":{"line":260,"column":6},"end":{"line":264,"column":8}},"112":{"start":{"line":267,"column":4},"end":{"line":267,"column":59}},"113":{"start":{"line":269,"column":4},"end":{"line":271,"column":5}},"114":{"start":{"line":270,"column":6},"end":{"line":270,"column":12}},"115":{"start":{"line":273,"column":4},"end":{"line":273,"column":109}},"116":{"start":{"line":274,"column":4},"end":{"line":274,"column":104}},"117":{"start":{"line":276,"column":21},"end":{"line":276,"column":23}},"118":{"start":{"line":279,"column":4},"end":{"line":328,"column":5}},"119":{"start":{"line":280,"column":24},"end":{"line":280,"column":65}},"120":{"start":{"line":281,"column":20},"end":{"line":281,"column":22}},"121":{"start":{"line":282,"column":6},"end":{"line":300,"column":7}},"122":{"start":{"line":283,"column":8},"end":{"line":283,"column":56}},"123":{"start":{"line":284,"column":13},"end":{"line":300,"column":7}},"124":{"start":{"line":285,"column":8},"end":{"line":285,"column":75}},"125":{"start":{"line":286,"column":13},"end":{"line":300,"column":7}},"126":{"start":{"line":287,"column":8},"end":{"line":287,"column":55}},"127":{"start":{"line":288,"column":13},"end":{"line":300,"column":7}},"128":{"start":{"line":289,"column":8},"end":{"line":289,"column":55}},"129":{"start":{"line":290,"column":13},"end":{"line":300,"column":7}},"130":{"start":{"line":291,"column":8},"end":{"line":291,"column":75}},"131":{"start":{"line":292,"column":13},"end":{"line":300,"column":7}},"132":{"start":{"line":293,"column":8},"end":{"line":293,"column":81}},"133":{"start":{"line":294,"column":13},"end":{"line":300,"column":7}},"134":{"start":{"line":295,"column":8},"end":{"line":295,"column":55}},"135":{"start":{"line":296,"column":13},"end":{"line":300,"column":7}},"136":{"start":{"line":297,"column":8},"end":{"line":297,"column":81}},"137":{"start":{"line":299,"column":8},"end":{"line":299,"column":30}},"138":{"start":{"line":302,"column":6},"end":{"line":302,"column":82}},"139":{"start":{"line":303,"column":6},"end":{"line":307,"column":7}},"140":{"start":{"line":304,"column":8},"end":{"line":304,"column":97}},"141":{"start":{"line":306,"column":8},"end":{"line":306,"column":78}},"142":{"start":{"line":310,"column":6},"end":{"line":327,"column":7}},"143":{"start":{"line":311,"column":8},"end":{"line":311,"column":92}},"144":{"start":{"line":312,"column":13},"end":{"line":327,"column":7}},"145":{"start":{"line":313,"column":8},"end":{"line":313,"column":91}},"146":{"start":{"line":314,"column":13},"end":{"line":327,"column":7}},"147":{"start":{"line":315,"column":18},"end":{"line":315,"column":55}},"148":{"start":{"line":316,"column":8},"end":{"line":316,"column":62}},"149":{"start":{"line":317,"column":13},"end":{"line":327,"column":7}},"150":{"start":{"line":318,"column":8},"end":{"line":318,"column":72}},"151":{"start":{"line":319,"column":13},"end":{"line":327,"column":7}},"152":{"start":{"line":320,"column":8},"end":{"line":320,"column":91}},"153":{"start":{"line":321,"column":13},"end":{"line":327,"column":7}},"154":{"start":{"line":322,"column":8},"end":{"line":322,"column":90}},"155":{"start":{"line":323,"column":13},"end":{"line":327,"column":7}},"156":{"start":{"line":324,"column":8},"end":{"line":324,"column":88}},"157":{"start":{"line":326,"column":8},"end":{"line":326,"column":85}},"158":{"start":{"line":330,"column":4},"end":{"line":330,"column":84}},"159":{"start":{"line":332,"column":4},"end":{"line":335,"column":7}},"160":{"start":{"line":337,"column":4},"end":{"line":340,"column":7}},"161":{"start":{"line":341,"column":4},"end":{"line":344,"column":7}},"162":{"start":{"line":346,"column":4},"end":{"line":346,"column":21}},"163":{"start":{"line":350,"column":2},"end":{"line":353,"column":3}},"164":{"start":{"line":351,"column":4},"end":{"line":351,"column":43}},"165":{"start":{"line":352,"column":4},"end":{"line":352,"column":11}},"166":{"start":{"line":354,"column":2},"end":{"line":354,"column":57}},"167":{"start":{"line":356,"column":31},"end":{"line":362,"column":57}},"168":{"start":{"line":360,"column":162},"end":{"line":360,"column":204}},"169":{"start":{"line":364,"column":19},"end":{"line":364,"column":98}},"170":{"start":{"line":366,"column":2},"end":{"line":410,"column":3}},"171":{"start":{"line":367,"column":22},"end":{"line":367,"column":82}},"172":{"start":{"line":368,"column":4},"end":{"line":375,"column":6}},"173":{"start":{"line":377,"column":20},"end":{"line":377,"column":22}},"174":{"start":{"line":378,"column":20},"end":{"line":378,"column":22}},"175":{"start":{"line":379,"column":22},"end":{"line":379,"column":24}},"176":{"start":{"line":381,"column":4},"end":{"line":389,"column":5}},"177":{"start":{"line":382,"column":6},"end":{"line":382,"column":61}},"178":{"start":{"line":383,"column":6},"end":{"line":383,"column":30}},"179":{"start":{"line":384,"column":6},"end":{"line":384,"column":46}},"180":{"start":{"line":386,"column":6},"end":{"line":386,"column":59}},"181":{"start":{"line":387,"column":6},"end":{"line":387,"column":28}},"182":{"start":{"line":388,"column":6},"end":{"line":388,"column":47}},"183":{"start":{"line":391,"column":21},"end":{"line":393,"column":5}},"184":{"start":{"line":394,"column":4},"end":{"line":399,"column":5}},"185":{"start":{"line":395,"column":6},"end":{"line":398,"column":9}},"186":{"start":{"line":400,"column":4},"end":{"line":400,"column":58}},"187":{"start":{"line":402,"column":4},"end":{"line":409,"column":6}},"188":{"start":{"line":414,"column":17},"end":{"line":414,"column":19}},"189":{"start":{"line":415,"column":2},"end":{"line":420,"column":3}},"190":{"start":{"line":416,"column":17},"end":{"line":416,"column":78}},"191":{"start":{"line":417,"column":4},"end":{"line":417,"column":32}},"192":{"start":{"line":419,"column":4},"end":{"line":419,"column":66}},"193":{"start":{"line":422,"column":14},"end":{"line":422,"column":24}},"194":{"start":{"line":423,"column":18},"end":{"line":423,"column":118}},"195":{"start":{"line":424,"column":18},"end":{"line":424,"column":108}},"196":{"start":{"line":426,"column":19},"end":{"line":426,"column":120}},"197":{"start":{"line":428,"column":2},"end":{"line":435,"column":3}},"198":{"start":{"line":429,"column":4},"end":{"line":432,"column":6}},"199":{"start":{"line":434,"column":4},"end":{"line":434,"column":75}},"200":{"start":{"line":438,"column":0},"end":{"line":438,"column":81}}},"fnMap":{"0":{"name":"callLocalLLMStream","decl":{"start":{"line":11,"column":15},"end":{"line":11,"column":33}},"loc":{"start":{"line":11,"column":91},"end":{"line":123,"column":1}},"line":11},"1":{"name":"(anonymous_1)","decl":{"start":{"line":46,"column":40},"end":{"line":46,"column":41}},"loc":{"start":{"line":46,"column":45},"end":{"line":46,"column":64}},"line":46},"2":{"name":"(anonymous_2)","decl":{"start":{"line":48,"column":14},"end":{"line":48,"column":15}},"loc":{"start":{"line":48,"column":19},"end":{"line":48,"column":38}},"line":48},"3":{"name":"(anonymous_3)","decl":{"start":{"line":49,"column":11},"end":{"line":49,"column":12}},"loc":{"start":{"line":49,"column":17},"end":{"line":52,"column":7}},"line":49},"4":{"name":"callGeminiStream","decl":{"start":{"line":126,"column":15},"end":{"line":126,"column":31}},"loc":{"start":{"line":126,"column":101},"end":{"line":150,"column":1}},"line":126},"5":{"name":"runAgentLoop","decl":{"start":{"line":154,"column":15},"end":{"line":154,"column":27}},"loc":{"start":{"line":175,"column":3},"end":{"line":411,"column":1}},"line":175},"6":{"name":"(anonymous_6)","decl":{"start":{"line":179,"column":49},"end":{"line":179,"column":50}},"loc":{"start":{"line":179,"column":56},"end":{"line":179,"column":75}},"line":179},"7":{"name":"(anonymous_7)","decl":{"start":{"line":220,"column":42},"end":{"line":220,"column":43}},"loc":{"start":{"line":220,"column":47},"end":{"line":220,"column":89}},"line":220},"8":{"name":"(anonymous_8)","decl":{"start":{"line":360,"column":157},"end":{"line":360,"column":158}},"loc":{"start":{"line":360,"column":162},"end":{"line":360,"column":204}},"line":360},"9":{"name":"generateGreetingAndSave","decl":{"start":{"line":413,"column":15},"end":{"line":413,"column":38}},"loc":{"start":{"line":413,"column":59},"end":{"line":436,"column":1}},"line":413}},"branchMap":{"0":{"loc":{"start":{"line":12,"column":21},"end":{"line":12,"column":41}},"type":"binary-expr","locations":[{"start":{"line":12,"column":21},"end":{"line":12,"column":29}},{"start":{"line":12,"column":33},"end":{"line":12,"column":41}}],"line":12},"1":{"loc":{"start":{"line":18,"column":2},"end":{"line":25,"column":3}},"type":"if","locations":[{"start":{"line":18,"column":2},"end":{"line":25,"column":3}},{"start":{},"end":{}}],"line":18},"2":{"loc":{"start":{"line":18,"column":6},"end":{"line":18,"column":38}},"type":"binary-expr","locations":[{"start":{"line":18,"column":6},"end":{"line":18,"column":12}},{"start":{"line":18,"column":16},"end":{"line":18,"column":38}}],"line":18},"3":{"loc":{"start":{"line":19,"column":4},"end":{"line":24,"column":5}},"type":"if","locations":[{"start":{"line":19,"column":4},"end":{"line":24,"column":5}},{"start":{"line":22,"column":11},"end":{"line":24,"column":5}}],"line":19},"4":{"loc":{"start":{"line":33,"column":4},"end":{"line":39,"column":5}},"type":"if","locations":[{"start":{"line":33,"column":4},"end":{"line":39,"column":5}},{"start":{"line":35,"column":11},"end":{"line":39,"column":5}}],"line":33},"5":{"loc":{"start":{"line":35,"column":11},"end":{"line":39,"column":5}},"type":"if","locations":[{"start":{"line":35,"column":11},"end":{"line":39,"column":5}},{"start":{"line":37,"column":11},"end":{"line":39,"column":5}}],"line":35},"6":{"loc":{"start":{"line":44,"column":2},"end":{"line":74,"column":3}},"type":"if","locations":[{"start":{"line":44,"column":2},"end":{"line":74,"column":3}},{"start":{"line":63,"column":9},"end":{"line":74,"column":3}}],"line":44},"7":{"loc":{"start":{"line":46,"column":26},"end":{"line":46,"column":80}},"type":"binary-expr","locations":[{"start":{"line":46,"column":26},"end":{"line":46,"column":74}},{"start":{"line":46,"column":78},"end":{"line":46,"column":80}}],"line":46},"8":{"loc":{"start":{"line":50,"column":14},"end":{"line":50,"column":59}},"type":"cond-expr","locations":[{"start":{"line":50,"column":39},"end":{"line":50,"column":50}},{"start":{"line":50,"column":53},"end":{"line":50,"column":59}}],"line":50},"9":{"loc":{"start":{"line":60,"column":4},"end":{"line":62,"column":5}},"type":"if","locations":[{"start":{"line":60,"column":4},"end":{"line":62,"column":5}},{"start":{},"end":{}}],"line":60},"10":{"loc":{"start":{"line":82,"column":2},"end":{"line":85,"column":3}},"type":"if","locations":[{"start":{"line":82,"column":2},"end":{"line":85,"column":3}},{"start":{},"end":{}}],"line":82},"11":{"loc":{"start":{"line":87,"column":22},"end":{"line":87,"column":64}},"type":"binary-expr","locations":[{"start":{"line":87,"column":22},"end":{"line":87,"column":58}},{"start":{"line":87,"column":62},"end":{"line":87,"column":64}}],"line":87},"12":{"loc":{"start":{"line":88,"column":2},"end":{"line":95,"column":3}},"type":"if","locations":[{"start":{"line":88,"column":2},"end":{"line":95,"column":3}},{"start":{},"end":{}}],"line":88},"13":{"loc":{"start":{"line":90,"column":20},"end":{"line":90,"column":82}},"type":"binary-expr","locations":[{"start":{"line":90,"column":20},"end":{"line":90,"column":55}},{"start":{"line":90,"column":59},"end":{"line":90,"column":82}}],"line":90},"14":{"loc":{"start":{"line":91,"column":4},"end":{"line":93,"column":5}},"type":"if","locations":[{"start":{"line":91,"column":4},"end":{"line":93,"column":5}},{"start":{},"end":{}}],"line":91},"15":{"loc":{"start":{"line":103,"column":4},"end":{"line":103,"column":20}},"type":"if","locations":[{"start":{"line":103,"column":4},"end":{"line":103,"column":20}},{"start":{},"end":{}}],"line":103},"16":{"loc":{"start":{"line":110,"column":6},"end":{"line":110,"column":59}},"type":"if","locations":[{"start":{"line":110,"column":6},"end":{"line":110,"column":59}},{"start":{},"end":{}}],"line":110},"17":{"loc":{"start":{"line":110,"column":10},"end":{"line":110,"column":48}},"type":"binary-expr","locations":[{"start":{"line":110,"column":10},"end":{"line":110,"column":18}},{"start":{"line":110,"column":22},"end":{"line":110,"column":48}}],"line":110},"18":{"loc":{"start":{"line":111,"column":6},"end":{"line":120,"column":7}},"type":"if","locations":[{"start":{"line":111,"column":6},"end":{"line":120,"column":7}},{"start":{},"end":{}}],"line":111},"19":{"loc":{"start":{"line":115,"column":23},"end":{"line":115,"column":80}},"type":"binary-expr","locations":[{"start":{"line":115,"column":23},"end":{"line":115,"column":58}},{"start":{"line":115,"column":62},"end":{"line":115,"column":80}}],"line":115},"20":{"loc":{"start":{"line":116,"column":10},"end":{"line":116,"column":34}},"type":"if","locations":[{"start":{"line":116,"column":10},"end":{"line":116,"column":34}},{"start":{},"end":{}}],"line":116},"21":{"loc":{"start":{"line":129,"column":11},"end":{"line":129,"column":42}},"type":"binary-expr","locations":[{"start":{"line":129,"column":11},"end":{"line":129,"column":20}},{"start":{"line":129,"column":24},"end":{"line":129,"column":42}}],"line":129},"22":{"loc":{"start":{"line":136,"column":12},"end":{"line":136,"column":50}},"type":"cond-expr","locations":[{"start":{"line":136,"column":34},"end":{"line":136,"column":40}},{"start":{"line":136,"column":43},"end":{"line":136,"column":50}}],"line":136},"23":{"loc":{"start":{"line":148,"column":4},"end":{"line":148,"column":28}},"type":"if","locations":[{"start":{"line":148,"column":4},"end":{"line":148,"column":28}},{"start":{},"end":{}}],"line":148},"24":{"loc":{"start":{"line":174,"column":2},"end":{"line":174,"column":26}},"type":"default-arg","locations":[{"start":{"line":174,"column":21},"end":{"line":174,"column":26}}],"line":174},"25":{"loc":{"start":{"line":179,"column":24},"end":{"line":179,"column":37}},"type":"binary-expr","locations":[{"start":{"line":179,"column":24},"end":{"line":179,"column":31}},{"start":{"line":179,"column":35},"end":{"line":179,"column":37}}],"line":179},"26":{"loc":{"start":{"line":180,"column":25},"end":{"line":180,"column":79}},"type":"cond-expr","locations":[{"start":{"line":180,"column":47},"end":{"line":180,"column":74}},{"start":{"line":180,"column":77},"end":{"line":180,"column":79}}],"line":180},"27":{"loc":{"start":{"line":219,"column":4},"end":{"line":222,"column":5}},"type":"if","locations":[{"start":{"line":219,"column":4},"end":{"line":222,"column":5}},{"start":{},"end":{}}],"line":219},"28":{"loc":{"start":{"line":219,"column":8},"end":{"line":219,"column":39}},"type":"binary-expr","locations":[{"start":{"line":219,"column":8},"end":{"line":219,"column":16}},{"start":{"line":219,"column":20},"end":{"line":219,"column":39}}],"line":219},"29":{"loc":{"start":{"line":231,"column":4},"end":{"line":237,"column":5}},"type":"if","locations":[{"start":{"line":231,"column":4},"end":{"line":237,"column":5}},{"start":{},"end":{}}],"line":231},"30":{"loc":{"start":{"line":233,"column":18},"end":{"line":233,"column":43}},"type":"binary-expr","locations":[{"start":{"line":233,"column":18},"end":{"line":233,"column":30}},{"start":{"line":233,"column":34},"end":{"line":233,"column":43}}],"line":233},"31":{"loc":{"start":{"line":234,"column":21},"end":{"line":234,"column":49}},"type":"binary-expr","locations":[{"start":{"line":234,"column":21},"end":{"line":234,"column":36}},{"start":{"line":234,"column":40},"end":{"line":234,"column":49}}],"line":234},"32":{"loc":{"start":{"line":235,"column":21},"end":{"line":235,"column":44}},"type":"binary-expr","locations":[{"start":{"line":235,"column":21},"end":{"line":235,"column":36}},{"start":{"line":235,"column":40},"end":{"line":235,"column":44}}],"line":235},"33":{"loc":{"start":{"line":236,"column":23},"end":{"line":236,"column":54}},"type":"binary-expr","locations":[{"start":{"line":236,"column":23},"end":{"line":236,"column":40}},{"start":{"line":236,"column":44},"end":{"line":236,"column":54}}],"line":236},"34":{"loc":{"start":{"line":249,"column":4},"end":{"line":252,"column":5}},"type":"if","locations":[{"start":{"line":249,"column":4},"end":{"line":252,"column":5}},{"start":{},"end":{}}],"line":249},"35":{"loc":{"start":{"line":249,"column":8},"end":{"line":249,"column":32}},"type":"binary-expr","locations":[{"start":{"line":249,"column":8},"end":{"line":249,"column":17}},{"start":{"line":249,"column":21},"end":{"line":249,"column":32}}],"line":249},"36":{"loc":{"start":{"line":269,"column":4},"end":{"line":271,"column":5}},"type":"if","locations":[{"start":{"line":269,"column":4},"end":{"line":271,"column":5}},{"start":{},"end":{}}],"line":269},"37":{"loc":{"start":{"line":269,"column":8},"end":{"line":269,"column":50}},"type":"binary-expr","locations":[{"start":{"line":269,"column":8},"end":{"line":269,"column":22}},{"start":{"line":269,"column":26},"end":{"line":269,"column":50}}],"line":269},"38":{"loc":{"start":{"line":274,"column":46},"end":{"line":274,"column":75}},"type":"binary-expr","locations":[{"start":{"line":274,"column":46},"end":{"line":274,"column":61}},{"start":{"line":274,"column":65},"end":{"line":274,"column":75}}],"line":274},"39":{"loc":{"start":{"line":279,"column":4},"end":{"line":328,"column":5}},"type":"if","locations":[{"start":{"line":279,"column":4},"end":{"line":328,"column":5}},{"start":{"line":308,"column":11},"end":{"line":328,"column":5}}],"line":279},"40":{"loc":{"start":{"line":282,"column":6},"end":{"line":300,"column":7}},"type":"if","locations":[{"start":{"line":282,"column":6},"end":{"line":300,"column":7}},{"start":{"line":284,"column":13},"end":{"line":300,"column":7}}],"line":282},"41":{"loc":{"start":{"line":283,"column":18},"end":{"line":283,"column":55}},"type":"binary-expr","locations":[{"start":{"line":283,"column":18},"end":{"line":283,"column":40}},{"start":{"line":283,"column":44},"end":{"line":283,"column":55}}],"line":283},"42":{"loc":{"start":{"line":284,"column":13},"end":{"line":300,"column":7}},"type":"if","locations":[{"start":{"line":284,"column":13},"end":{"line":300,"column":7}},{"start":{"line":286,"column":13},"end":{"line":300,"column":7}}],"line":284},"43":{"loc":{"start":{"line":285,"column":18},"end":{"line":285,"column":74}},"type":"binary-expr","locations":[{"start":{"line":285,"column":18},"end":{"line":285,"column":39}},{"start":{"line":285,"column":43},"end":{"line":285,"column":74}}],"line":285},"44":{"loc":{"start":{"line":286,"column":13},"end":{"line":300,"column":7}},"type":"if","locations":[{"start":{"line":286,"column":13},"end":{"line":300,"column":7}},{"start":{"line":288,"column":13},"end":{"line":300,"column":7}}],"line":286},"45":{"loc":{"start":{"line":287,"column":18},"end":{"line":287,"column":54}},"type":"binary-expr","locations":[{"start":{"line":287,"column":18},"end":{"line":287,"column":39}},{"start":{"line":287,"column":43},"end":{"line":287,"column":54}}],"line":287},"46":{"loc":{"start":{"line":288,"column":13},"end":{"line":300,"column":7}},"type":"if","locations":[{"start":{"line":288,"column":13},"end":{"line":300,"column":7}},{"start":{"line":290,"column":13},"end":{"line":300,"column":7}}],"line":288},"47":{"loc":{"start":{"line":289,"column":18},"end":{"line":289,"column":54}},"type":"binary-expr","locations":[{"start":{"line":289,"column":18},"end":{"line":289,"column":39}},{"start":{"line":289,"column":43},"end":{"line":289,"column":54}}],"line":289},"48":{"loc":{"start":{"line":290,"column":13},"end":{"line":300,"column":7}},"type":"if","locations":[{"start":{"line":290,"column":13},"end":{"line":300,"column":7}},{"start":{"line":292,"column":13},"end":{"line":300,"column":7}}],"line":290},"49":{"loc":{"start":{"line":291,"column":18},"end":{"line":291,"column":74}},"type":"binary-expr","locations":[{"start":{"line":291,"column":18},"end":{"line":291,"column":39}},{"start":{"line":291,"column":43},"end":{"line":291,"column":74}}],"line":291},"50":{"loc":{"start":{"line":292,"column":13},"end":{"line":300,"column":7}},"type":"if","locations":[{"start":{"line":292,"column":13},"end":{"line":300,"column":7}},{"start":{"line":294,"column":13},"end":{"line":300,"column":7}}],"line":292},"51":{"loc":{"start":{"line":293,"column":18},"end":{"line":293,"column":80}},"type":"binary-expr","locations":[{"start":{"line":293,"column":18},"end":{"line":293,"column":40}},{"start":{"line":293,"column":44},"end":{"line":293,"column":65}},{"start":{"line":293,"column":69},"end":{"line":293,"column":80}}],"line":293},"52":{"loc":{"start":{"line":294,"column":13},"end":{"line":300,"column":7}},"type":"if","locations":[{"start":{"line":294,"column":13},"end":{"line":300,"column":7}},{"start":{"line":296,"column":13},"end":{"line":300,"column":7}}],"line":294},"53":{"loc":{"start":{"line":295,"column":18},"end":{"line":295,"column":54}},"type":"binary-expr","locations":[{"start":{"line":295,"column":18},"end":{"line":295,"column":39}},{"start":{"line":295,"column":43},"end":{"line":295,"column":54}}],"line":295},"54":{"loc":{"start":{"line":296,"column":13},"end":{"line":300,"column":7}},"type":"if","locations":[{"start":{"line":296,"column":13},"end":{"line":300,"column":7}},{"start":{"line":298,"column":13},"end":{"line":300,"column":7}}],"line":296},"55":{"loc":{"start":{"line":297,"column":18},"end":{"line":297,"column":80}},"type":"binary-expr","locations":[{"start":{"line":297,"column":18},"end":{"line":297,"column":40}},{"start":{"line":297,"column":44},"end":{"line":297,"column":65}},{"start":{"line":297,"column":69},"end":{"line":297,"column":80}}],"line":297},"56":{"loc":{"start":{"line":310,"column":6},"end":{"line":327,"column":7}},"type":"if","locations":[{"start":{"line":310,"column":6},"end":{"line":327,"column":7}},{"start":{"line":312,"column":13},"end":{"line":327,"column":7}}],"line":310},"57":{"loc":{"start":{"line":312,"column":13},"end":{"line":327,"column":7}},"type":"if","locations":[{"start":{"line":312,"column":13},"end":{"line":327,"column":7}},{"start":{"line":314,"column":13},"end":{"line":327,"column":7}}],"line":312},"58":{"loc":{"start":{"line":314,"column":13},"end":{"line":327,"column":7}},"type":"if","locations":[{"start":{"line":314,"column":13},"end":{"line":327,"column":7}},{"start":{"line":317,"column":13},"end":{"line":327,"column":7}}],"line":314},"59":{"loc":{"start":{"line":315,"column":18},"end":{"line":315,"column":55}},"type":"binary-expr","locations":[{"start":{"line":315,"column":18},"end":{"line":315,"column":40}},{"start":{"line":315,"column":44},"end":{"line":315,"column":55}}],"line":315},"60":{"loc":{"start":{"line":317,"column":13},"end":{"line":327,"column":7}},"type":"if","locations":[{"start":{"line":317,"column":13},"end":{"line":327,"column":7}},{"start":{"line":319,"column":13},"end":{"line":327,"column":7}}],"line":317},"61":{"loc":{"start":{"line":319,"column":13},"end":{"line":327,"column":7}},"type":"if","locations":[{"start":{"line":319,"column":13},"end":{"line":327,"column":7}},{"start":{"line":321,"column":13},"end":{"line":327,"column":7}}],"line":319},"62":{"loc":{"start":{"line":321,"column":13},"end":{"line":327,"column":7}},"type":"if","locations":[{"start":{"line":321,"column":13},"end":{"line":327,"column":7}},{"start":{"line":323,"column":13},"end":{"line":327,"column":7}}],"line":321},"63":{"loc":{"start":{"line":323,"column":13},"end":{"line":327,"column":7}},"type":"if","locations":[{"start":{"line":323,"column":13},"end":{"line":327,"column":7}},{"start":{"line":325,"column":13},"end":{"line":327,"column":7}}],"line":323},"64":{"loc":{"start":{"line":350,"column":2},"end":{"line":353,"column":3}},"type":"if","locations":[{"start":{"line":350,"column":2},"end":{"line":353,"column":3}},{"start":{},"end":{}}],"line":350},"65":{"loc":{"start":{"line":350,"column":6},"end":{"line":350,"column":30}},"type":"binary-expr","locations":[{"start":{"line":350,"column":6},"end":{"line":350,"column":15}},{"start":{"line":350,"column":19},"end":{"line":350,"column":30}}],"line":350},"66":{"loc":{"start":{"line":360,"column":2},"end":{"line":360,"column":225}},"type":"cond-expr","locations":[{"start":{"line":360,"column":38},"end":{"line":360,"column":220}},{"start":{"line":360,"column":223},"end":{"line":360,"column":225}}],"line":360},"67":{"loc":{"start":{"line":364,"column":19},"end":{"line":364,"column":98}},"type":"binary-expr","locations":[{"start":{"line":364,"column":19},"end":{"line":364,"column":40}},{"start":{"line":364,"column":45},"end":{"line":364,"column":66}},{"start":{"line":364,"column":70},"end":{"line":364,"column":97}}],"line":364},"68":{"loc":{"start":{"line":366,"column":2},"end":{"line":410,"column":3}},"type":"if","locations":[{"start":{"line":366,"column":2},"end":{"line":410,"column":3}},{"start":{"line":376,"column":9},"end":{"line":410,"column":3}}],"line":366},"69":{"loc":{"start":{"line":367,"column":22},"end":{"line":367,"column":82}},"type":"cond-expr","locations":[{"start":{"line":367,"column":47},"end":{"line":367,"column":69}},{"start":{"line":367,"column":73},"end":{"line":367,"column":82}}],"line":367},"70":{"loc":{"start":{"line":367,"column":47},"end":{"line":367,"column":69}},"type":"binary-expr","locations":[{"start":{"line":367,"column":47},"end":{"line":367,"column":56}},{"start":{"line":367,"column":60},"end":{"line":367,"column":69}}],"line":367},"71":{"loc":{"start":{"line":381,"column":4},"end":{"line":389,"column":5}},"type":"if","locations":[{"start":{"line":381,"column":4},"end":{"line":389,"column":5}},{"start":{"line":385,"column":11},"end":{"line":389,"column":5}}],"line":381},"72":{"loc":{"start":{"line":382,"column":18},"end":{"line":382,"column":60}},"type":"binary-expr","locations":[{"start":{"line":382,"column":18},"end":{"line":382,"column":30}},{"start":{"line":382,"column":34},"end":{"line":382,"column":60}}],"line":382},"73":{"loc":{"start":{"line":384,"column":20},"end":{"line":384,"column":45}},"type":"binary-expr","locations":[{"start":{"line":384,"column":20},"end":{"line":384,"column":33}},{"start":{"line":384,"column":37},"end":{"line":384,"column":45}}],"line":384},"74":{"loc":{"start":{"line":386,"column":18},"end":{"line":386,"column":58}},"type":"binary-expr","locations":[{"start":{"line":386,"column":18},"end":{"line":386,"column":27}},{"start":{"line":386,"column":31},"end":{"line":386,"column":58}}],"line":386},"75":{"loc":{"start":{"line":388,"column":20},"end":{"line":388,"column":46}},"type":"binary-expr","locations":[{"start":{"line":388,"column":20},"end":{"line":388,"column":34}},{"start":{"line":388,"column":38},"end":{"line":388,"column":46}}],"line":388},"76":{"loc":{"start":{"line":396,"column":14},"end":{"line":396,"column":56}},"type":"cond-expr","locations":[{"start":{"line":396,"column":36},"end":{"line":396,"column":42}},{"start":{"line":396,"column":45},"end":{"line":396,"column":56}}],"line":396},"77":{"loc":{"start":{"line":417,"column":15},"end":{"line":417,"column":31}},"type":"binary-expr","locations":[{"start":{"line":417,"column":15},"end":{"line":417,"column":25}},{"start":{"line":417,"column":29},"end":{"line":417,"column":31}}],"line":417},"78":{"loc":{"start":{"line":426,"column":27},"end":{"line":426,"column":57}},"type":"cond-expr","locations":[{"start":{"line":426,"column":38},"end":{"line":426,"column":52}},{"start":{"line":426,"column":55},"end":{"line":426,"column":57}}],"line":426}},"s":{"0":4,"1":4,"2":4,"3":4,"4":4,"5":4,"6":4,"7":4,"8":22,"9":22,"10":22,"11":22,"12":6,"13":2,"14":2,"15":4,"16":22,"17":22,"18":22,"19":22,"20":22,"21":1,"22":21,"23":3,"24":18,"25":0,"26":22,"27":3,"28":3,"29":3,"30":6,"31":3,"32":3,"33":3,"34":3,"35":19,"36":22,"37":22,"38":2,"39":2,"40":20,"41":20,"42":16,"43":16,"44":16,"45":16,"46":16,"47":4,"48":4,"49":4,"50":4,"51":8,"52":8,"53":4,"54":4,"55":4,"56":4,"57":4,"58":12,"59":12,"60":8,"61":4,"62":4,"63":4,"64":4,"65":4,"66":4,"67":2,"68":2,"69":2,"70":2,"71":2,"72":2,"73":2,"74":2,"75":3,"76":3,"77":3,"78":25,"79":25,"80":4,"81":25,"82":25,"83":25,"84":25,"85":25,"86":11,"87":0,"88":0,"89":0,"90":14,"91":25,"92":25,"93":25,"94":11,"95":8,"96":14,"97":25,"98":25,"99":25,"100":25,"101":25,"102":25,"103":51,"104":1,"105":1,"106":50,"107":50,"108":50,"109":50,"110":1,"111":1,"112":50,"113":50,"114":23,"115":27,"116":27,"117":27,"118":27,"119":8,"120":8,"121":8,"122":1,"123":7,"124":1,"125":6,"126":1,"127":5,"128":1,"129":4,"130":2,"131":2,"132":1,"133":1,"134":0,"135":1,"136":0,"137":1,"138":8,"139":8,"140":8,"141":2,"142":19,"143":1,"144":18,"145":1,"146":17,"147":1,"148":1,"149":16,"150":1,"151":15,"152":12,"153":3,"154":1,"155":2,"156":1,"157":1,"158":27,"159":27,"160":27,"161":27,"162":27,"163":25,"164":1,"165":1,"166":24,"167":24,"168":26,"169":24,"170":24,"171":2,"172":2,"173":22,"174":22,"175":22,"176":22,"177":8,"178":8,"179":8,"180":14,"181":14,"182":14,"183":22,"184":22,"185":2,"186":22,"187":22,"188":4,"189":4,"190":4,"191":3,"192":1,"193":4,"194":4,"195":4,"196":4,"197":4,"198":4,"199":1,"200":4},"f":{"0":22,"1":3,"2":6,"3":3,"4":2,"5":25,"6":4,"7":0,"8":26,"9":4},"b":{"0":[22,0],"1":[6,16],"2":[22,7],"3":[2,4],"4":[1,21],"5":[3,18],"6":[3,19],"7":[3,0],"8":[0,3],"9":[3,0],"10":[2,20],"11":[20,0],"12":[16,4],"13":[16,1],"14":[16,0],"15":[4,4],"16":[8,4],"17":[12,8],"18":[4,0],"19":[4,0],"20":[4,0],"21":[2,0],"22":[1,1],"23":[3,0],"24":[24],"25":[25,2],"26":[2,23],"27":[0,11],"28":[11,11],"29":[8,3],"30":[8,8],"31":[8,0],"32":[8,0],"33":[8,0],"34":[1,50],"35":[51,3],"36":[23,27],"37":[50,50],"38":[27,8],"39":[8,19],"40":[1,7],"41":[1,0],"42":[1,6],"43":[1,0],"44":[1,5],"45":[1,0],"46":[1,4],"47":[1,0],"48":[2,2],"49":[2,1],"50":[1,1],"51":[1,0,0],"52":[0,1],"53":[0,0],"54":[0,1],"55":[0,0,0],"56":[1,18],"57":[1,17],"58":[1,16],"59":[1,0],"60":[1,15],"61":[12,3],"62":[1,2],"63":[1,1],"64":[1,24],"65":[25,2],"66":[14,10],"67":[24,23,4],"68":[2,22],"69":[1,1],"70":[1,0],"71":[8,14],"72":[8,5],"73":[8,5],"74":[14,12],"75":[14,11],"76":[1,1],"77":[3,1],"78":[2,2]},"_coverageSchema":"1a1c01bbd47fc00a2c39e90264f33305004495a9","hash":"96cc1288f2e0a5196155517c3bc62c441d9392ff"}
,"C:\\Users\\jjuhr\\OneDrive\\Documents\\private_ai\\backend\\middleware\\auth.js": {"path":"C:\\Users\\jjuhr\\OneDrive\\Documents\\private_ai\\backend\\middleware\\auth.js","statementMap":{"0":{"start":{"line":1,"column":12},"end":{"line":1,"column":35}},"1":{"start":{"line":2,"column":19},"end":{"line":2,"column":87}},"2":{"start":{"line":5,"column":21},"end":{"line":5,"column":49}},"3":{"start":{"line":6,"column":16},"end":{"line":6,"column":54}},"4":{"start":{"line":7,"column":2},"end":{"line":7,"column":79}},"5":{"start":{"line":7,"column":14},"end":{"line":7,"column":79}},"6":{"start":{"line":9,"column":2},"end":{"line":13,"column":5}},"7":{"start":{"line":10,"column":4},"end":{"line":10,"column":83}},"8":{"start":{"line":10,"column":13},"end":{"line":10,"column":83}},"9":{"start":{"line":11,"column":4},"end":{"line":11,"column":20}},"10":{"start":{"line":12,"column":4},"end":{"line":12,"column":11}},"11":{"start":{"line":16,"column":0},"end":{"line":16,"column":51}}},"fnMap":{"0":{"name":"authenticateToken","decl":{"start":{"line":4,"column":9},"end":{"line":4,"column":26}},"loc":{"start":{"line":4,"column":43},"end":{"line":14,"column":1}},"line":4},"1":{"name":"(anonymous_1)","decl":{"start":{"line":9,"column":32},"end":{"line":9,"column":33}},"loc":{"start":{"line":9,"column":47},"end":{"line":13,"column":3}},"line":9}},"branchMap":{"0":{"loc":{"start":{"line":2,"column":19},"end":{"line":2,"column":87}},"type":"binary-expr","locations":[{"start":{"line":2,"column":19},"end":{"line":2,"column":41}},{"start":{"line":2,"column":45},"end":{"line":2,"column":87}}],"line":2},"1":{"loc":{"start":{"line":6,"column":16},"end":{"line":6,"column":54}},"type":"binary-expr","locations":[{"start":{"line":6,"column":16},"end":{"line":6,"column":26}},{"start":{"line":6,"column":30},"end":{"line":6,"column":54}}],"line":6},"2":{"loc":{"start":{"line":7,"column":2},"end":{"line":7,"column":79}},"type":"if","locations":[{"start":{"line":7,"column":2},"end":{"line":7,"column":79}},{"start":{},"end":{}}],"line":7},"3":{"loc":{"start":{"line":10,"column":4},"end":{"line":10,"column":83}},"type":"if","locations":[{"start":{"line":10,"column":4},"end":{"line":10,"column":83}},{"start":{},"end":{}}],"line":10}},"s":{"0":7,"1":7,"2":84,"3":84,"4":84,"5":1,"6":83,"7":83,"8":1,"9":82,"10":82,"11":7},"f":{"0":84,"1":83},"b":{"0":[7,7],"1":[84,83],"2":[1,83],"3":[1,82]},"_coverageSchema":"1a1c01bbd47fc00a2c39e90264f33305004495a9","hash":"b300ba8bbe8682091604fbe791d860f27347e33c"}
,"C:\\Users\\jjuhr\\OneDrive\\Documents\\private_ai\\backend\\routes\\auth.js": {"path":"C:\\Users\\jjuhr\\OneDrive\\Documents\\private_ai\\backend\\routes\\auth.js","statementMap":{"0":{"start":{"line":1,"column":16},"end":{"line":1,"column":34}},"1":{"start":{"line":2,"column":15},"end":{"line":2,"column":31}},"2":{"start":{"line":3,"column":15},"end":{"line":3,"column":34}},"3":{"start":{"line":4,"column":12},"end":{"line":4,"column":35}},"4":{"start":{"line":5,"column":18},"end":{"line":5,"column":34}},"5":{"start":{"line":6,"column":42},"end":{"line":6,"column":71}},"6":{"start":{"line":7,"column":18},"end":{"line":7,"column":47}},"7":{"start":{"line":9,"column":20},"end":{"line":15,"column":2}},"8":{"start":{"line":17,"column":0},"end":{"line":45,"column":3}},"9":{"start":{"line":18,"column":33},"end":{"line":18,"column":41}},"10":{"start":{"line":19,"column":2},"end":{"line":21,"column":3}},"11":{"start":{"line":20,"column":4},"end":{"line":20,"column":101}},"12":{"start":{"line":22,"column":2},"end":{"line":44,"column":3}},"13":{"start":{"line":23,"column":15},"end":{"line":23,"column":28}},"14":{"start":{"line":24,"column":21},"end":{"line":24,"column":95}},"15":{"start":{"line":25,"column":4},"end":{"line":25,"column":87}},"16":{"start":{"line":25,"column":18},"end":{"line":25,"column":87}},"17":{"start":{"line":27,"column":17},"end":{"line":27,"column":41}},"18":{"start":{"line":28,"column":25},"end":{"line":28,"column":58}},"19":{"start":{"line":30,"column":19},"end":{"line":33,"column":5}},"20":{"start":{"line":36,"column":4},"end":{"line":39,"column":6}},"21":{"start":{"line":41,"column":4},"end":{"line":41,"column":55}},"22":{"start":{"line":43,"column":4},"end":{"line":43,"column":49}},"23":{"start":{"line":47,"column":0},"end":{"line":64,"column":3}},"24":{"start":{"line":48,"column":33},"end":{"line":48,"column":41}},"25":{"start":{"line":49,"column":2},"end":{"line":49,"column":108}},"26":{"start":{"line":49,"column":30},"end":{"line":49,"column":108}},"27":{"start":{"line":51,"column":2},"end":{"line":63,"column":3}},"28":{"start":{"line":52,"column":15},"end":{"line":52,"column":28}},"29":{"start":{"line":53,"column":17},"end":{"line":53,"column":90}},"30":{"start":{"line":54,"column":4},"end":{"line":54,"column":87}},"31":{"start":{"line":54,"column":15},"end":{"line":54,"column":87}},"32":{"start":{"line":56,"column":20},"end":{"line":56,"column":70}},"33":{"start":{"line":57,"column":4},"end":{"line":57,"column":90}},"34":{"start":{"line":57,"column":18},"end":{"line":57,"column":90}},"35":{"start":{"line":59,"column":18},"end":{"line":59,"column":102}},"36":{"start":{"line":60,"column":4},"end":{"line":60,"column":72}},"37":{"start":{"line":62,"column":4},"end":{"line":62,"column":49}},"38":{"start":{"line":66,"column":0},"end":{"line":68,"column":3}},"39":{"start":{"line":67,"column":2},"end":{"line":67,"column":31}},"40":{"start":{"line":70,"column":0},"end":{"line":70,"column":24}}},"fnMap":{"0":{"name":"(anonymous_0)","decl":{"start":{"line":17,"column":38},"end":{"line":17,"column":39}},"loc":{"start":{"line":17,"column":58},"end":{"line":45,"column":1}},"line":17},"1":{"name":"(anonymous_1)","decl":{"start":{"line":47,"column":35},"end":{"line":47,"column":36}},"loc":{"start":{"line":47,"column":55},"end":{"line":64,"column":1}},"line":47},"2":{"name":"(anonymous_2)","decl":{"start":{"line":66,"column":37},"end":{"line":66,"column":38}},"loc":{"start":{"line":66,"column":51},"end":{"line":68,"column":1}},"line":66}},"branchMap":{"0":{"loc":{"start":{"line":19,"column":2},"end":{"line":21,"column":3}},"type":"if","locations":[{"start":{"line":19,"column":2},"end":{"line":21,"column":3}},{"start":{},"end":{}}],"line":19},"1":{"loc":{"start":{"line":19,"column":6},"end":{"line":19,"column":77}},"type":"binary-expr","locations":[{"start":{"line":19,"column":6},"end":{"line":19,"column":15}},{"start":{"line":19,"column":19},"end":{"line":19,"column":28}},{"start":{"line":19,"column":32},"end":{"line":19,"column":54}},{"start":{"line":19,"column":58},"end":{"line":19,"column":77}}],"line":19},"2":{"loc":{"start":{"line":25,"column":4},"end":{"line":25,"column":87}},"type":"if","locations":[{"start":{"line":25,"column":4},"end":{"line":25,"column":87}},{"start":{},"end":{}}],"line":25},"3":{"loc":{"start":{"line":49,"column":2},"end":{"line":49,"column":108}},"type":"if","locations":[{"start":{"line":49,"column":2},"end":{"line":49,"column":108}},{"start":{},"end":{}}],"line":49},"4":{"loc":{"start":{"line":49,"column":6},"end":{"line":49,"column":28}},"type":"binary-expr","locations":[{"start":{"line":49,"column":6},"end":{"line":49,"column":15}},{"start":{"line":49,"column":19},"end":{"line":49,"column":28}}],"line":49},"5":{"loc":{"start":{"line":54,"column":4},"end":{"line":54,"column":87}},"type":"if","locations":[{"start":{"line":54,"column":4},"end":{"line":54,"column":87}},{"start":{},"end":{}}],"line":54},"6":{"loc":{"start":{"line":57,"column":4},"end":{"line":57,"column":90}},"type":"if","locations":[{"start":{"line":57,"column":4},"end":{"line":57,"column":90}},{"start":{},"end":{}}],"line":57}},"s":{"0":1,"1":1,"2":1,"3":1,"4":1,"5":1,"6":1,"7":1,"8":1,"9":7,"10":7,"11":1,"12":6,"13":6,"14":5,"15":5,"16":1,"17":4,"18":4,"19":4,"20":4,"21":4,"22":1,"23":1,"24":4,"25":4,"26":0,"27":4,"28":4,"29":3,"30":3,"31":1,"32":2,"33":2,"34":0,"35":2,"36":2,"37":1,"38":1,"39":1,"40":1},"f":{"0":7,"1":4,"2":1},"b":{"0":[1,6],"1":[7,6,6,6],"2":[1,4],"3":[0,4],"4":[4,4],"5":[1,2],"6":[0,2]},"_coverageSchema":"1a1c01bbd47fc00a2c39e90264f33305004495a9","hash":"42a17af978f1955a04d818c49a50f58fcf50c4c6"}
,"C:\\Users\\jjuhr\\OneDrive\\Documents\\private_ai\\backend\\routes\\calendar.js": {"path":"C:\\Users\\jjuhr\\OneDrive\\Documents\\private_ai\\backend\\routes\\calendar.js","statementMap":{"0":{"start":{"line":1,"column":16},"end":{"line":1,"column":34}},"1":{"start":{"line":2,"column":15},"end":{"line":2,"column":31}},"2":{"start":{"line":3,"column":18},"end":{"line":3,"column":34}},"3":{"start":{"line":4,"column":30},"end":{"line":4,"column":59}},"4":{"start":{"line":6,"column":0},"end":{"line":21,"column":3}},"5":{"start":{"line":7,"column":19},"end":{"line":7,"column":28}},"6":{"start":{"line":8,"column":2},"end":{"line":20,"column":3}},"7":{"start":{"line":9,"column":15},"end":{"line":9,"column":28}},"8":{"start":{"line":10,"column":22},"end":{"line":10,"column":68}},"9":{"start":{"line":11,"column":19},"end":{"line":16,"column":5}},"10":{"start":{"line":17,"column":4},"end":{"line":17,"column":21}},"11":{"start":{"line":19,"column":4},"end":{"line":19,"column":49}},"12":{"start":{"line":23,"column":0},"end":{"line":38,"column":3}},"13":{"start":{"line":24,"column":55},"end":{"line":24,"column":63}},"14":{"start":{"line":25,"column":2},"end":{"line":25,"column":105}},"15":{"start":{"line":25,"column":29},"end":{"line":25,"column":105}},"16":{"start":{"line":27,"column":2},"end":{"line":37,"column":3}},"17":{"start":{"line":28,"column":15},"end":{"line":28,"column":28}},"18":{"start":{"line":29,"column":19},"end":{"line":33,"column":5}},"19":{"start":{"line":34,"column":4},"end":{"line":34,"column":56}},"20":{"start":{"line":36,"column":4},"end":{"line":36,"column":49}},"21":{"start":{"line":40,"column":0},"end":{"line":48,"column":3}},"22":{"start":{"line":41,"column":2},"end":{"line":47,"column":3}},"23":{"start":{"line":42,"column":15},"end":{"line":42,"column":28}},"24":{"start":{"line":43,"column":4},"end":{"line":43,"column":107}},"25":{"start":{"line":44,"column":4},"end":{"line":44,"column":32}},"26":{"start":{"line":46,"column":4},"end":{"line":46,"column":49}},"27":{"start":{"line":50,"column":0},"end":{"line":50,"column":24}}},"fnMap":{"0":{"name":"(anonymous_0)","decl":{"start":{"line":6,"column":35},"end":{"line":6,"column":36}},"loc":{"start":{"line":6,"column":55},"end":{"line":21,"column":1}},"line":6},"1":{"name":"(anonymous_1)","decl":{"start":{"line":23,"column":36},"end":{"line":23,"column":37}},"loc":{"start":{"line":23,"column":56},"end":{"line":38,"column":1}},"line":23},"2":{"name":"(anonymous_2)","decl":{"start":{"line":40,"column":41},"end":{"line":40,"column":42}},"loc":{"start":{"line":40,"column":61},"end":{"line":48,"column":1}},"line":40}},"branchMap":{"0":{"loc":{"start":{"line":10,"column":22},"end":{"line":10,"column":68}},"type":"binary-expr","locations":[{"start":{"line":10,"column":22},"end":{"line":10,"column":26}},{"start":{"line":10,"column":30},"end":{"line":10,"column":68}}],"line":10},"1":{"loc":{"start":{"line":25,"column":2},"end":{"line":25,"column":105}},"type":"if","locations":[{"start":{"line":25,"column":2},"end":{"line":25,"column":105}},{"start":{},"end":{}}],"line":25},"2":{"loc":{"start":{"line":25,"column":6},"end":{"line":25,"column":27}},"type":"binary-expr","locations":[{"start":{"line":25,"column":6},"end":{"line":25,"column":12}},{"start":{"line":25,"column":16},"end":{"line":25,"column":27}}],"line":25},"3":{"loc":{"start":{"line":32,"column":27},"end":{"line":32,"column":44}},"type":"binary-expr","locations":[{"start":{"line":32,"column":27},"end":{"line":32,"column":38}},{"start":{"line":32,"column":42},"end":{"line":32,"column":44}}],"line":32},"4":{"loc":{"start":{"line":32,"column":58},"end":{"line":32,"column":80}},"type":"binary-expr","locations":[{"start":{"line":32,"column":58},"end":{"line":32,"column":66}},{"start":{"line":32,"column":70},"end":{"line":32,"column":80}}],"line":32}},"s":{"0":1,"1":1,"2":1,"3":1,"4":1,"5":2,"6":2,"7":2,"8":1,"9":1,"10":1,"11":1,"12":1,"13":2,"14":2,"15":0,"16":2,"17":2,"18":1,"19":1,"20":1,"21":1,"22":2,"23":2,"24":1,"25":1,"26":1,"27":1},"f":{"0":2,"1":2,"2":2},"b":{"0":[1,0],"1":[0,2],"2":[2,2],"3":[1,0],"4":[1,0]},"_coverageSchema":"1a1c01bbd47fc00a2c39e90264f33305004495a9","hash":"7159172419de1fd2d8ed7dc315a9e330df837e89"}
,"C:\\Users\\jjuhr\\OneDrive\\Documents\\private_ai\\backend\\routes\\chat.js": {"path":"C:\\Users\\jjuhr\\OneDrive\\Documents\\private_ai\\backend\\routes\\chat.js","statementMap":{"0":{"start":{"line":1,"column":16},"end":{"line":1,"column":34}},"1":{"start":{"line":2,"column":15},"end":{"line":2,"column":31}},"2":{"start":{"line":3,"column":18},"end":{"line":3,"column":34}},"3":{"start":{"line":4,"column":50},"end":{"line":4,"column":66}},"4":{"start":{"line":5,"column":30},"end":{"line":5,"column":59}},"5":{"start":{"line":6,"column":25},"end":{"line":6,"column":55}},"6":{"start":{"line":8,"column":0},"end":{"line":16,"column":3}},"7":{"start":{"line":9,"column":2},"end":{"line":15,"column":3}},"8":{"start":{"line":10,"column":15},"end":{"line":10,"column":28}},"9":{"start":{"line":11,"column":18},"end":{"line":11,"column":111}},"10":{"start":{"line":12,"column":4},"end":{"line":12,"column":20}},"11":{"start":{"line":14,"column":4},"end":{"line":14,"column":49}},"12":{"start":{"line":18,"column":0},"end":{"line":31,"column":3}},"13":{"start":{"line":19,"column":20},"end":{"line":19,"column":28}},"14":{"start":{"line":20,"column":2},"end":{"line":30,"column":3}},"15":{"start":{"line":21,"column":15},"end":{"line":21,"column":28}},"16":{"start":{"line":22,"column":19},"end":{"line":22,"column":119}},"17":{"start":{"line":23,"column":19},"end":{"line":23,"column":32}},"18":{"start":{"line":25,"column":4},"end":{"line":25,"column":59}},"19":{"start":{"line":27,"column":4},"end":{"line":27,"column":80}},"20":{"start":{"line":29,"column":4},"end":{"line":29,"column":49}},"21":{"start":{"line":33,"column":0},"end":{"line":41,"column":3}},"22":{"start":{"line":34,"column":2},"end":{"line":40,"column":3}},"23":{"start":{"line":35,"column":15},"end":{"line":35,"column":28}},"24":{"start":{"line":36,"column":4},"end":{"line":36,"column":97}},"25":{"start":{"line":37,"column":4},"end":{"line":37,"column":32}},"26":{"start":{"line":39,"column":4},"end":{"line":39,"column":49}},"27":{"start":{"line":43,"column":0},"end":{"line":53,"column":3}},"28":{"start":{"line":44,"column":20},"end":{"line":44,"column":28}},"29":{"start":{"line":45,"column":2},"end":{"line":45,"column":98}},"30":{"start":{"line":45,"column":37},"end":{"line":45,"column":98}},"31":{"start":{"line":46,"column":2},"end":{"line":52,"column":3}},"32":{"start":{"line":47,"column":15},"end":{"line":47,"column":28}},"33":{"start":{"line":48,"column":4},"end":{"line":48,"column":120}},"34":{"start":{"line":49,"column":4},"end":{"line":49,"column":32}},"35":{"start":{"line":51,"column":4},"end":{"line":51,"column":49}},"36":{"start":{"line":55,"column":0},"end":{"line":67,"column":3}},"37":{"start":{"line":56,"column":2},"end":{"line":66,"column":3}},"38":{"start":{"line":57,"column":15},"end":{"line":57,"column":28}},"39":{"start":{"line":59,"column":17},"end":{"line":59,"column":112}},"40":{"start":{"line":60,"column":4},"end":{"line":60,"column":73}},"41":{"start":{"line":60,"column":15},"end":{"line":60,"column":73}},"42":{"start":{"line":62,"column":21},"end":{"line":62,"column":118}},"43":{"start":{"line":63,"column":4},"end":{"line":63,"column":23}},"44":{"start":{"line":65,"column":4},"end":{"line":65,"column":49}},"45":{"start":{"line":70,"column":0},"end":{"line":231,"column":3}},"46":{"start":{"line":71,"column":30},"end":{"line":71,"column":38}},"47":{"start":{"line":72,"column":2},"end":{"line":72,"column":102}},"48":{"start":{"line":72,"column":27},"end":{"line":72,"column":102}},"49":{"start":{"line":74,"column":13},"end":{"line":74,"column":26}},"50":{"start":{"line":77,"column":15},"end":{"line":77,"column":103}},"51":{"start":{"line":78,"column":2},"end":{"line":78,"column":71}},"52":{"start":{"line":78,"column":13},"end":{"line":78,"column":71}},"53":{"start":{"line":81,"column":17},"end":{"line":81,"column":93}},"54":{"start":{"line":82,"column":2},"end":{"line":84,"column":3}},"55":{"start":{"line":83,"column":4},"end":{"line":83,"column":71}},"56":{"start":{"line":87,"column":20},"end":{"line":90,"column":3}},"57":{"start":{"line":93,"column":18},"end":{"line":93,"column":20}},"58":{"start":{"line":94,"column":2},"end":{"line":103,"column":3}},"59":{"start":{"line":95,"column":20},"end":{"line":95,"column":57}},"60":{"start":{"line":96,"column":4},"end":{"line":96,"column":27}},"61":{"start":{"line":96,"column":18},"end":{"line":96,"column":27}},"62":{"start":{"line":98,"column":4},"end":{"line":102,"column":5}},"63":{"start":{"line":99,"column":6},"end":{"line":99,"column":60}},"64":{"start":{"line":101,"column":6},"end":{"line":101,"column":48}},"65":{"start":{"line":106,"column":2},"end":{"line":106,"column":53}},"66":{"start":{"line":107,"column":2},"end":{"line":107,"column":45}},"67":{"start":{"line":108,"column":2},"end":{"line":108,"column":44}},"68":{"start":{"line":109,"column":2},"end":{"line":109,"column":21}},"69":{"start":{"line":111,"column":28},"end":{"line":111,"column":30}},"70":{"start":{"line":112,"column":27},"end":{"line":112,"column":29}},"71":{"start":{"line":114,"column":20},"end":{"line":116,"column":3}},"72":{"start":{"line":115,"column":4},"end":{"line":115,"column":68}},"73":{"start":{"line":119,"column":20},"end":{"line":121,"column":11}},"74":{"start":{"line":120,"column":4},"end":{"line":120,"column":33}},"75":{"start":{"line":123,"column":2},"end":{"line":230,"column":3}},"76":{"start":{"line":125,"column":4},"end":{"line":128,"column":6}},"77":{"start":{"line":131,"column":24},"end":{"line":131,"column":50}},"78":{"start":{"line":132,"column":4},"end":{"line":162,"column":7}},"79":{"start":{"line":147,"column":23},"end":{"line":147,"column":36}},"80":{"start":{"line":149,"column":8},"end":{"line":149,"column":44}},"81":{"start":{"line":150,"column":8},"end":{"line":150,"column":43}},"82":{"start":{"line":153,"column":8},"end":{"line":153,"column":43}},"83":{"start":{"line":154,"column":8},"end":{"line":154,"column":43}},"84":{"start":{"line":157,"column":8},"end":{"line":157,"column":36}},"85":{"start":{"line":160,"column":8},"end":{"line":160,"column":71}},"86":{"start":{"line":165,"column":23},"end":{"line":165,"column":41}},"87":{"start":{"line":166,"column":24},"end":{"line":166,"column":43}},"88":{"start":{"line":168,"column":21},"end":{"line":168,"column":40}},"89":{"start":{"line":169,"column":19},"end":{"line":169,"column":31}},"90":{"start":{"line":170,"column":4},"end":{"line":182,"column":5}},"91":{"start":{"line":171,"column":23},"end":{"line":171,"column":53}},"92":{"start":{"line":172,"column":21},"end":{"line":172,"column":49}},"93":{"start":{"line":173,"column":6},"end":{"line":181,"column":7}},"94":{"start":{"line":174,"column":34},"end":{"line":174,"column":99}},"95":{"start":{"line":175,"column":8},"end":{"line":175,"column":74}},"96":{"start":{"line":176,"column":8},"end":{"line":176,"column":117}},"97":{"start":{"line":178,"column":34},"end":{"line":178,"column":91}},"98":{"start":{"line":179,"column":8},"end":{"line":179,"column":74}},"99":{"start":{"line":180,"column":8},"end":{"line":180,"column":66}},"100":{"start":{"line":184,"column":24},"end":{"line":184,"column":33}},"101":{"start":{"line":185,"column":22},"end":{"line":185,"column":32}},"102":{"start":{"line":186,"column":4},"end":{"line":198,"column":5}},"103":{"start":{"line":187,"column":23},"end":{"line":187,"column":56}},"104":{"start":{"line":188,"column":21},"end":{"line":188,"column":52}},"105":{"start":{"line":189,"column":6},"end":{"line":197,"column":7}},"106":{"start":{"line":190,"column":34},"end":{"line":190,"column":102}},"107":{"start":{"line":191,"column":8},"end":{"line":191,"column":74}},"108":{"start":{"line":192,"column":8},"end":{"line":192,"column":120}},"109":{"start":{"line":194,"column":34},"end":{"line":194,"column":94}},"110":{"start":{"line":195,"column":8},"end":{"line":195,"column":74}},"111":{"start":{"line":196,"column":8},"end":{"line":196,"column":66}},"112":{"start":{"line":200,"column":4},"end":{"line":203,"column":6}},"113":{"start":{"line":205,"column":25},"end":{"line":205,"column":107}},"114":{"start":{"line":206,"column":27},"end":{"line":206,"column":105}},"115":{"start":{"line":207,"column":29},"end":{"line":207,"column":77}},"116":{"start":{"line":210,"column":23},"end":{"line":210,"column":33}},"117":{"start":{"line":211,"column":4},"end":{"line":211,"column":49}},"118":{"start":{"line":212,"column":4},"end":{"line":221,"column":6}},"119":{"start":{"line":223,"column":4},"end":{"line":223,"column":41}},"120":{"start":{"line":225,"column":4},"end":{"line":225,"column":51}},"121":{"start":{"line":226,"column":4},"end":{"line":226,"column":49}},"122":{"start":{"line":228,"column":4},"end":{"line":228,"column":29}},"123":{"start":{"line":229,"column":4},"end":{"line":229,"column":14}},"124":{"start":{"line":233,"column":0},"end":{"line":244,"column":3}},"125":{"start":{"line":234,"column":43},"end":{"line":234,"column":51}},"126":{"start":{"line":235,"column":2},"end":{"line":235,"column":83}},"127":{"start":{"line":235,"column":18},"end":{"line":235,"column":83}},"128":{"start":{"line":237,"column":29},"end":{"line":237,"column":64}},"129":{"start":{"line":238,"column":18},"end":{"line":238,"column":62}},"130":{"start":{"line":239,"column":2},"end":{"line":243,"column":3}},"131":{"start":{"line":240,"column":4},"end":{"line":240,"column":32}},"132":{"start":{"line":242,"column":4},"end":{"line":242,"column":78}},"133":{"start":{"line":246,"column":0},"end":{"line":246,"column":24}}},"fnMap":{"0":{"name":"(anonymous_0)","decl":{"start":{"line":8,"column":40},"end":{"line":8,"column":41}},"loc":{"start":{"line":8,"column":60},"end":{"line":16,"column":1}},"line":8},"1":{"name":"(anonymous_1)","decl":{"start":{"line":18,"column":41},"end":{"line":18,"column":42}},"loc":{"start":{"line":18,"column":61},"end":{"line":31,"column":1}},"line":18},"2":{"name":"(anonymous_2)","decl":{"start":{"line":33,"column":47},"end":{"line":33,"column":48}},"loc":{"start":{"line":33,"column":67},"end":{"line":41,"column":1}},"line":33},"3":{"name":"(anonymous_3)","decl":{"start":{"line":43,"column":44},"end":{"line":43,"column":45}},"loc":{"start":{"line":43,"column":64},"end":{"line":53,"column":1}},"line":43},"4":{"name":"(anonymous_4)","decl":{"start":{"line":55,"column":53},"end":{"line":55,"column":54}},"loc":{"start":{"line":55,"column":73},"end":{"line":67,"column":1}},"line":55},"5":{"name":"(anonymous_5)","decl":{"start":{"line":70,"column":47},"end":{"line":70,"column":48}},"loc":{"start":{"line":70,"column":67},"end":{"line":231,"column":1}},"line":70},"6":{"name":"(anonymous_6)","decl":{"start":{"line":114,"column":20},"end":{"line":114,"column":21}},"loc":{"start":{"line":114,"column":37},"end":{"line":116,"column":3}},"line":114},"7":{"name":"(anonymous_7)","decl":{"start":{"line":119,"column":32},"end":{"line":119,"column":33}},"loc":{"start":{"line":119,"column":38},"end":{"line":121,"column":3}},"line":119},"8":{"name":"(anonymous_8)","decl":{"start":{"line":147,"column":17},"end":{"line":147,"column":18}},"loc":{"start":{"line":147,"column":23},"end":{"line":147,"column":36}},"line":147},"9":{"name":"(anonymous_9)","decl":{"start":{"line":148,"column":17},"end":{"line":148,"column":18}},"loc":{"start":{"line":148,"column":35},"end":{"line":151,"column":7}},"line":148},"10":{"name":"(anonymous_10)","decl":{"start":{"line":152,"column":17},"end":{"line":152,"column":18}},"loc":{"start":{"line":152,"column":35},"end":{"line":155,"column":7}},"line":152},"11":{"name":"(anonymous_11)","decl":{"start":{"line":156,"column":18},"end":{"line":156,"column":19}},"loc":{"start":{"line":156,"column":32},"end":{"line":158,"column":7}},"line":156},"12":{"name":"(anonymous_12)","decl":{"start":{"line":159,"column":33},"end":{"line":159,"column":34}},"loc":{"start":{"line":159,"column":61},"end":{"line":161,"column":7}},"line":159},"13":{"name":"(anonymous_13)","decl":{"start":{"line":233,"column":56},"end":{"line":233,"column":57}},"loc":{"start":{"line":233,"column":70},"end":{"line":244,"column":1}},"line":233}},"branchMap":{"0":{"loc":{"start":{"line":22,"column":98},"end":{"line":22,"column":117}},"type":"binary-expr","locations":[{"start":{"line":22,"column":98},"end":{"line":22,"column":103}},{"start":{"line":22,"column":107},"end":{"line":22,"column":117}}],"line":22},"1":{"loc":{"start":{"line":27,"column":57},"end":{"line":27,"column":76}},"type":"binary-expr","locations":[{"start":{"line":27,"column":57},"end":{"line":27,"column":62}},{"start":{"line":27,"column":66},"end":{"line":27,"column":76}}],"line":27},"2":{"loc":{"start":{"line":45,"column":2},"end":{"line":45,"column":98}},"type":"if","locations":[{"start":{"line":45,"column":2},"end":{"line":45,"column":98}},{"start":{},"end":{}}],"line":45},"3":{"loc":{"start":{"line":45,"column":6},"end":{"line":45,"column":35}},"type":"binary-expr","locations":[{"start":{"line":45,"column":6},"end":{"line":45,"column":12}},{"start":{"line":45,"column":16},"end":{"line":45,"column":35}}],"line":45},"4":{"loc":{"start":{"line":60,"column":4},"end":{"line":60,"column":73}},"type":"if","locations":[{"start":{"line":60,"column":4},"end":{"line":60,"column":73}},{"start":{},"end":{}}],"line":60},"5":{"loc":{"start":{"line":72,"column":2},"end":{"line":72,"column":102}},"type":"if","locations":[{"start":{"line":72,"column":2},"end":{"line":72,"column":102}},{"start":{},"end":{}}],"line":72},"6":{"loc":{"start":{"line":72,"column":6},"end":{"line":72,"column":25}},"type":"binary-expr","locations":[{"start":{"line":72,"column":6},"end":{"line":72,"column":13}},{"start":{"line":72,"column":17},"end":{"line":72,"column":25}}],"line":72},"7":{"loc":{"start":{"line":78,"column":2},"end":{"line":78,"column":71}},"type":"if","locations":[{"start":{"line":78,"column":2},"end":{"line":78,"column":71}},{"start":{},"end":{}}],"line":78},"8":{"loc":{"start":{"line":82,"column":2},"end":{"line":84,"column":3}},"type":"if","locations":[{"start":{"line":82,"column":2},"end":{"line":84,"column":3}},{"start":{},"end":{}}],"line":82},"9":{"loc":{"start":{"line":95,"column":20},"end":{"line":95,"column":57}},"type":"cond-expr","locations":[{"start":{"line":95,"column":34},"end":{"line":95,"column":52}},{"start":{"line":95,"column":55},"end":{"line":95,"column":57}}],"line":95},"10":{"loc":{"start":{"line":96,"column":4},"end":{"line":96,"column":27}},"type":"if","locations":[{"start":{"line":96,"column":4},"end":{"line":96,"column":27}},{"start":{},"end":{}}],"line":96},"11":{"loc":{"start":{"line":98,"column":4},"end":{"line":102,"column":5}},"type":"if","locations":[{"start":{"line":98,"column":4},"end":{"line":102,"column":5}},{"start":{"line":100,"column":11},"end":{"line":102,"column":5}}],"line":98},"12":{"loc":{"start":{"line":98,"column":8},"end":{"line":98,"column":75}},"type":"binary-expr","locations":[{"start":{"line":98,"column":8},"end":{"line":98,"column":26}},{"start":{"line":98,"column":30},"end":{"line":98,"column":75}}],"line":98},"13":{"loc":{"start":{"line":140,"column":20},"end":{"line":140,"column":71}},"type":"binary-expr","locations":[{"start":{"line":140,"column":20},"end":{"line":140,"column":38}},{"start":{"line":140,"column":42},"end":{"line":140,"column":71}}],"line":140},"14":{"loc":{"start":{"line":142,"column":21},"end":{"line":142,"column":57}},"type":"binary-expr","locations":[{"start":{"line":142,"column":21},"end":{"line":142,"column":45}},{"start":{"line":142,"column":49},"end":{"line":142,"column":57}}],"line":142},"15":{"loc":{"start":{"line":146,"column":22},"end":{"line":146,"column":58}},"type":"binary-expr","locations":[{"start":{"line":146,"column":22},"end":{"line":146,"column":46}},{"start":{"line":146,"column":50},"end":{"line":146,"column":58}}],"line":146},"16":{"loc":{"start":{"line":170,"column":4},"end":{"line":182,"column":5}},"type":"if","locations":[{"start":{"line":170,"column":4},"end":{"line":182,"column":5}},{"start":{},"end":{}}],"line":170},"17":{"loc":{"start":{"line":173,"column":6},"end":{"line":181,"column":7}},"type":"if","locations":[{"start":{"line":173,"column":6},"end":{"line":181,"column":7}},{"start":{"line":177,"column":13},"end":{"line":181,"column":7}}],"line":173},"18":{"loc":{"start":{"line":186,"column":4},"end":{"line":198,"column":5}},"type":"if","locations":[{"start":{"line":186,"column":4},"end":{"line":198,"column":5}},{"start":{},"end":{}}],"line":186},"19":{"loc":{"start":{"line":189,"column":6},"end":{"line":197,"column":7}},"type":"if","locations":[{"start":{"line":189,"column":6},"end":{"line":197,"column":7}},{"start":{"line":193,"column":13},"end":{"line":197,"column":7}}],"line":189},"20":{"loc":{"start":{"line":205,"column":25},"end":{"line":205,"column":107}},"type":"binary-expr","locations":[{"start":{"line":205,"column":25},"end":{"line":205,"column":101}},{"start":{"line":205,"column":105},"end":{"line":205,"column":107}}],"line":205},"21":{"loc":{"start":{"line":219,"column":8},"end":{"line":219,"column":66}},"type":"cond-expr","locations":[{"start":{"line":219,"column":27},"end":{"line":219,"column":59}},{"start":{"line":219,"column":62},"end":{"line":219,"column":66}}],"line":219},"22":{"loc":{"start":{"line":235,"column":2},"end":{"line":235,"column":83}},"type":"if","locations":[{"start":{"line":235,"column":2},"end":{"line":235,"column":83}},{"start":{},"end":{}}],"line":235},"23":{"loc":{"start":{"line":239,"column":2},"end":{"line":243,"column":3}},"type":"if","locations":[{"start":{"line":239,"column":2},"end":{"line":243,"column":3}},{"start":{"line":241,"column":9},"end":{"line":243,"column":3}}],"line":239}},"s":{"0":1,"1":1,"2":1,"3":1,"4":1,"5":1,"6":1,"7":2,"8":2,"9":1,"10":1,"11":1,"12":1,"13":2,"14":2,"15":2,"16":1,"17":1,"18":1,"19":1,"20":1,"21":1,"22":2,"23":2,"24":1,"25":1,"26":1,"27":1,"28":3,"29":3,"30":1,"31":2,"32":2,"33":1,"34":1,"35":1,"36":1,"37":2,"38":2,"39":1,"40":1,"41":0,"42":1,"43":1,"44":1,"45":1,"46":4,"47":4,"48":0,"49":4,"50":4,"51":4,"52":0,"53":4,"54":4,"55":4,"56":4,"57":4,"58":4,"59":4,"60":4,"61":1,"62":3,"63":1,"64":2,"65":4,"66":4,"67":4,"68":4,"69":4,"70":4,"71":4,"72":10,"73":4,"74":0,"75":4,"76":4,"77":4,"78":4,"79":0,"80":1,"81":1,"82":4,"83":4,"84":1,"85":0,"86":4,"87":4,"88":4,"89":4,"90":4,"91":2,"92":2,"93":2,"94":1,"95":1,"96":1,"97":1,"98":1,"99":1,"100":4,"101":4,"102":4,"103":2,"104":2,"105":2,"106":1,"107":1,"108":1,"109":1,"110":1,"111":1,"112":4,"113":4,"114":4,"115":4,"116":4,"117":4,"118":4,"119":4,"120":0,"121":0,"122":4,"123":4,"124":1,"125":0,"126":0,"127":0,"128":0,"129":0,"130":0,"131":0,"132":0,"133":1},"f":{"0":2,"1":2,"2":2,"3":3,"4":2,"5":4,"6":10,"7":0,"8":0,"9":1,"10":4,"11":1,"12":0,"13":0},"b":{"0":[1,0],"1":[1,0],"2":[1,2],"3":[3,2],"4":[0,1],"5":[0,4],"6":[4,4],"7":[0,4],"8":[4,0],"9":[3,1],"10":[1,3],"11":[1,2],"12":[3,2],"13":[4,4],"14":[4,4],"15":[4,4],"16":[2,2],"17":[1,1],"18":[2,2],"19":[1,1],"20":[4,4],"21":[0,4],"22":[0,0],"23":[0,0]},"_coverageSchema":"1a1c01bbd47fc00a2c39e90264f33305004495a9","hash":"2e2dce4cd749f042bfa6a401eecbf74d5640afcf"}
,"C:\\Users\\jjuhr\\OneDrive\\Documents\\private_ai\\backend\\routes\\memory.js": {"path":"C:\\Users\\jjuhr\\OneDrive\\Documents\\private_ai\\backend\\routes\\memory.js","statementMap":{"0":{"start":{"line":1,"column":16},"end":{"line":1,"column":34}},"1":{"start":{"line":2,"column":15},"end":{"line":2,"column":31}},"2":{"start":{"line":3,"column":18},"end":{"line":3,"column":34}},"3":{"start":{"line":4,"column":30},"end":{"line":4,"column":59}},"4":{"start":{"line":5,"column":48},"end":{"line":5,"column":78}},"5":{"start":{"line":8,"column":0},"end":{"line":19,"column":3}},"6":{"start":{"line":9,"column":2},"end":{"line":18,"column":3}},"7":{"start":{"line":10,"column":15},"end":{"line":10,"column":28}},"8":{"start":{"line":11,"column":21},"end":{"line":14,"column":5}},"9":{"start":{"line":15,"column":4},"end":{"line":15,"column":23}},"10":{"start":{"line":17,"column":4},"end":{"line":17,"column":49}},"11":{"start":{"line":21,"column":0},"end":{"line":118,"column":3}},"12":{"start":{"line":22,"column":46},"end":{"line":22,"column":54}},"13":{"start":{"line":24,"column":2},"end":{"line":26,"column":3}},"14":{"start":{"line":25,"column":4},"end":{"line":25,"column":67}},"15":{"start":{"line":28,"column":19},"end":{"line":28,"column":90}},"16":{"start":{"line":29,"column":23},"end":{"line":29,"column":27}},"17":{"start":{"line":30,"column":2},"end":{"line":50,"column":3}},"18":{"start":{"line":31,"column":4},"end":{"line":36,"column":5}},"19":{"start":{"line":32,"column":25},"end":{"line":32,"column":44}},"20":{"start":{"line":33,"column":6},"end":{"line":35,"column":7}},"21":{"start":{"line":34,"column":8},"end":{"line":34,"column":50}},"22":{"start":{"line":38,"column":4},"end":{"line":42,"column":5}},"23":{"start":{"line":39,"column":19},"end":{"line":39,"column":29}},"24":{"start":{"line":40,"column":6},"end":{"line":40,"column":42}},"25":{"start":{"line":41,"column":6},"end":{"line":41,"column":42}},"26":{"start":{"line":44,"column":4},"end":{"line":49,"column":5}},"27":{"start":{"line":46,"column":19},"end":{"line":46,"column":29}},"28":{"start":{"line":47,"column":6},"end":{"line":47,"column":40}},"29":{"start":{"line":48,"column":6},"end":{"line":48,"column":42}},"30":{"start":{"line":52,"column":2},"end":{"line":117,"column":3}},"31":{"start":{"line":53,"column":15},"end":{"line":53,"column":28}},"32":{"start":{"line":56,"column":25},"end":{"line":56,"column":107}},"33":{"start":{"line":57,"column":25},"end":{"line":57,"column":73}},"34":{"start":{"line":60,"column":27},"end":{"line":63,"column":5}},"35":{"start":{"line":65,"column":28},"end":{"line":65,"column":32}},"36":{"start":{"line":66,"column":4},"end":{"line":80,"column":5}},"37":{"start":{"line":67,"column":6},"end":{"line":79,"column":7}},"38":{"start":{"line":68,"column":27},"end":{"line":68,"column":31}},"39":{"start":{"line":69,"column":8},"end":{"line":73,"column":9}},"40":{"start":{"line":70,"column":10},"end":{"line":72,"column":24}},"41":{"start":{"line":71,"column":12},"end":{"line":71,"column":53}},"42":{"start":{"line":74,"column":20},"end":{"line":74,"column":98}},"43":{"start":{"line":75,"column":8},"end":{"line":78,"column":9}},"44":{"start":{"line":76,"column":10},"end":{"line":76,"column":34}},"45":{"start":{"line":77,"column":10},"end":{"line":77,"column":16}},"46":{"start":{"line":82,"column":4},"end":{"line":96,"column":5}},"47":{"start":{"line":84,"column":6},"end":{"line":87,"column":8}},"48":{"start":{"line":89,"column":28},"end":{"line":89,"column":103}},"49":{"start":{"line":91,"column":6},"end":{"line":95,"column":9}},"50":{"start":{"line":98,"column":19},"end":{"line":101,"column":5}},"51":{"start":{"line":103,"column":4},"end":{"line":114,"column":7}},"52":{"start":{"line":116,"column":4},"end":{"line":116,"column":49}},"53":{"start":{"line":121,"column":0},"end":{"line":138,"column":3}},"54":{"start":{"line":122,"column":19},"end":{"line":122,"column":32}},"55":{"start":{"line":123,"column":2},"end":{"line":137,"column":3}},"56":{"start":{"line":124,"column":15},"end":{"line":124,"column":28}},"57":{"start":{"line":125,"column":19},"end":{"line":128,"column":5}},"58":{"start":{"line":130,"column":4},"end":{"line":132,"column":5}},"59":{"start":{"line":131,"column":6},"end":{"line":131,"column":87}},"60":{"start":{"line":134,"column":4},"end":{"line":134,"column":32}},"61":{"start":{"line":136,"column":4},"end":{"line":136,"column":49}},"62":{"start":{"line":140,"column":0},"end":{"line":140,"column":24}}},"fnMap":{"0":{"name":"(anonymous_0)","decl":{"start":{"line":8,"column":35},"end":{"line":8,"column":36}},"loc":{"start":{"line":8,"column":55},"end":{"line":19,"column":1}},"line":8},"1":{"name":"(anonymous_1)","decl":{"start":{"line":21,"column":36},"end":{"line":21,"column":37}},"loc":{"start":{"line":21,"column":56},"end":{"line":118,"column":1}},"line":21},"2":{"name":"(anonymous_2)","decl":{"start":{"line":121,"column":41},"end":{"line":121,"column":42}},"loc":{"start":{"line":121,"column":61},"end":{"line":138,"column":1}},"line":121}},"branchMap":{"0":{"loc":{"start":{"line":24,"column":2},"end":{"line":26,"column":3}},"type":"if","locations":[{"start":{"line":24,"column":2},"end":{"line":26,"column":3}},{"start":{},"end":{}}],"line":24},"1":{"loc":{"start":{"line":24,"column":6},"end":{"line":24,"column":70}},"type":"binary-expr","locations":[{"start":{"line":24,"column":6},"end":{"line":24,"column":14}},{"start":{"line":24,"column":18},"end":{"line":24,"column":45}},{"start":{"line":24,"column":49},"end":{"line":24,"column":70}}],"line":24},"2":{"loc":{"start":{"line":28,"column":19},"end":{"line":28,"column":90}},"type":"cond-expr","locations":[{"start":{"line":28,"column":71},"end":{"line":28,"column":76}},{"start":{"line":28,"column":79},"end":{"line":28,"column":90}}],"line":28},"3":{"loc":{"start":{"line":28,"column":20},"end":{"line":28,"column":67}},"type":"binary-expr","locations":[{"start":{"line":28,"column":20},"end":{"line":28,"column":42}},{"start":{"line":28,"column":46},"end":{"line":28,"column":67}}],"line":28},"4":{"loc":{"start":{"line":30,"column":2},"end":{"line":50,"column":3}},"type":"if","locations":[{"start":{"line":30,"column":2},"end":{"line":50,"column":3}},{"start":{},"end":{}}],"line":30},"5":{"loc":{"start":{"line":31,"column":4},"end":{"line":36,"column":5}},"type":"if","locations":[{"start":{"line":31,"column":4},"end":{"line":36,"column":5}},{"start":{},"end":{}}],"line":31},"6":{"loc":{"start":{"line":33,"column":6},"end":{"line":35,"column":7}},"type":"if","locations":[{"start":{"line":33,"column":6},"end":{"line":35,"column":7}},{"start":{},"end":{}}],"line":33},"7":{"loc":{"start":{"line":38,"column":4},"end":{"line":42,"column":5}},"type":"if","locations":[{"start":{"line":38,"column":4},"end":{"line":42,"column":5}},{"start":{},"end":{}}],"line":38},"8":{"loc":{"start":{"line":38,"column":8},"end":{"line":38,"column":59}},"type":"binary-expr","locations":[{"start":{"line":38,"column":8},"end":{"line":38,"column":23}},{"start":{"line":38,"column":27},"end":{"line":38,"column":31}},{"start":{"line":38,"column":35},"end":{"line":38,"column":59}}],"line":38},"9":{"loc":{"start":{"line":44,"column":4},"end":{"line":49,"column":5}},"type":"if","locations":[{"start":{"line":44,"column":4},"end":{"line":49,"column":5}},{"start":{},"end":{}}],"line":44},"10":{"loc":{"start":{"line":56,"column":25},"end":{"line":56,"column":107}},"type":"binary-expr","locations":[{"start":{"line":56,"column":25},"end":{"line":56,"column":101}},{"start":{"line":56,"column":105},"end":{"line":56,"column":107}}],"line":56},"11":{"loc":{"start":{"line":66,"column":4},"end":{"line":80,"column":5}},"type":"if","locations":[{"start":{"line":66,"column":4},"end":{"line":80,"column":5}},{"start":{},"end":{}}],"line":66},"12":{"loc":{"start":{"line":69,"column":8},"end":{"line":73,"column":9}},"type":"if","locations":[{"start":{"line":69,"column":8},"end":{"line":73,"column":9}},{"start":{},"end":{}}],"line":69},"13":{"loc":{"start":{"line":75,"column":8},"end":{"line":78,"column":9}},"type":"if","locations":[{"start":{"line":75,"column":8},"end":{"line":78,"column":9}},{"start":{},"end":{}}],"line":75},"14":{"loc":{"start":{"line":82,"column":4},"end":{"line":96,"column":5}},"type":"if","locations":[{"start":{"line":82,"column":4},"end":{"line":96,"column":5}},{"start":{},"end":{}}],"line":82},"15":{"loc":{"start":{"line":86,"column":51},"end":{"line":86,"column":101}},"type":"cond-expr","locations":[{"start":{"line":86,"column":66},"end":{"line":86,"column":94}},{"start":{"line":86,"column":97},"end":{"line":86,"column":101}}],"line":86},"16":{"loc":{"start":{"line":100,"column":62},"end":{"line":100,"column":112}},"type":"cond-expr","locations":[{"start":{"line":100,"column":77},"end":{"line":100,"column":105}},{"start":{"line":100,"column":108},"end":{"line":100,"column":112}}],"line":100},"17":{"loc":{"start":{"line":111,"column":19},"end":{"line":111,"column":69}},"type":"cond-expr","locations":[{"start":{"line":111,"column":34},"end":{"line":111,"column":62}},{"start":{"line":111,"column":65},"end":{"line":111,"column":69}}],"line":111},"18":{"loc":{"start":{"line":130,"column":4},"end":{"line":132,"column":5}},"type":"if","locations":[{"start":{"line":130,"column":4},"end":{"line":132,"column":5}},{"start":{},"end":{}}],"line":130}},"s":{"0":1,"1":1,"2":1,"3":1,"4":1,"5":1,"6":2,"7":2,"8":1,"9":1,"10":1,"11":1,"12":10,"13":10,"14":1,"15":9,"16":9,"17":9,"18":3,"19":1,"20":1,"21":1,"22":3,"23":1,"24":1,"25":1,"26":3,"27":1,"28":1,"29":1,"30":9,"31":9,"32":8,"33":8,"34":8,"35":8,"36":8,"37":4,"38":5,"39":5,"40":1,"41":1,"42":5,"43":5,"44":2,"45":2,"46":8,"47":2,"48":2,"49":2,"50":6,"51":6,"52":1,"53":1,"54":3,"55":3,"56":3,"57":2,"58":2,"59":1,"60":1,"61":1,"62":1},"f":{"0":2,"1":10,"2":3},"b":{"0":[1,9],"1":[10,9,9],"2":[8,1],"3":[9,6],"4":[3,6],"5":[1,2],"6":[1,0],"7":[1,2],"8":[3,2,1],"9":[1,2],"10":[8,8],"11":[4,4],"12":[1,4],"13":[2,3],"14":[2,6],"15":[0,2],"16":[0,6],"17":[0,6],"18":[1,1]},"_coverageSchema":"1a1c01bbd47fc00a2c39e90264f33305004495a9","hash":"89c02194b93816893e990d5178416824892c8559"}
[...]
,"C:\\Users\\jjuhr\\OneDrive\\Documents\\private_ai\\backend\\utils\\embeddings.js": {"path":"C:\\Users\\jjuhr\\OneDrive\\Documents\\private_ai\\backend\\utils\\embeddings.js","statementMap":{"0":{"start":{"line":1,"column":31},"end":{"line":1,"column":63}},"1":{"start":{"line":12,"column":22},"end":{"line":12,"column":41}},"2":{"start":{"line":13,"column":28},"end":{"line":18,"column":3}},"3":{"start":{"line":20,"column":19},"end":{"line":22,"column":114}},"4":{"start":{"line":24,"column":2},"end":{"line":89,"column":3}},"5":{"start":{"line":25,"column":19},"end":{"line":25,"column":79}},"6":{"start":{"line":26,"column":4},"end":{"line":29,"column":5}},"7":{"start":{"line":27,"column":6},"end":{"line":27,"column":81}},"8":{"start":{"line":28,"column":6},"end":{"line":28,"column":18}},"9":{"start":{"line":31,"column":4},"end":{"line":40,"column":5}},"10":{"start":{"line":32,"column":20},"end":{"line":32,"column":50}},"11":{"start":{"line":33,"column":20},"end":{"line":33,"column":77}},"12":{"start":{"line":34,"column":21},"end":{"line":34,"column":51}},"13":{"start":{"line":35,"column":6},"end":{"line":37,"column":7}},"14":{"start":{"line":36,"column":8},"end":{"line":36,"column":39}},"15":{"start":{"line":39,"column":6},"end":{"line":39,"column":93}},"16":{"start":{"line":43,"column":18},"end":{"line":43,"column":20}},"17":{"start":{"line":44,"column":17},"end":{"line":44,"column":19}},"18":{"start":{"line":45,"column":20},"end":{"line":45,"column":44}},"19":{"start":{"line":47,"column":4},"end":{"line":55,"column":5}},"20":{"start":{"line":48,"column":6},"end":{"line":48,"column":77}},"21":{"start":{"line":49,"column":6},"end":{"line":49,"column":49}},"22":{"start":{"line":50,"column":6},"end":{"line":50,"column":75}},"23":{"start":{"line":52,"column":6},"end":{"line":52,"column":51}},"24":{"start":{"line":53,"column":6},"end":{"line":53,"column":50}},"25":{"start":{"line":54,"column":6},"end":{"line":54,"column":75}},"26":{"start":{"line":57,"column":4},"end":{"line":88,"column":5}},"27":{"start":{"line":58,"column":6},"end":{"line":87,"column":7}},"28":{"start":{"line":59,"column":23},"end":{"line":59,"column":49}},"29":{"start":{"line":60,"column":8},"end":{"line":62,"column":9}},"30":{"start":{"line":61,"column":10},"end":{"line":61,"column":46}},"31":{"start":{"line":64,"column":24},"end":{"line":64,"column":62}},"32":{"start":{"line":65,"column":8},"end":{"line":67,"column":9}},"33":{"start":{"line":66,"column":10},"end":{"line":66,"column":56}},"34":{"start":{"line":69,"column":25},"end":{"line":76,"column":10}},"35":{"start":{"line":78,"column":8},"end":{"line":84,"column":9}},"36":{"start":{"line":79,"column":23},"end":{"line":79,"column":44}},"37":{"start":{"line":80,"column":28},"end":{"line":80,"column":53}},"38":{"start":{"line":81,"column":10},"end":{"line":83,"column":11}},"39":{"start":{"line":82,"column":12},"end":{"line":82,"column":29}},"40":{"start":{"line":86,"column":8},"end":{"line":86,"column":106}},"41":{"start":{"line":91,"column":2},"end":{"line":91,"column":14}},"42":{"start":{"line":102,"column":2},"end":{"line":102,"column":62}},"43":{"start":{"line":102,"column":53},"end":{"line":102,"column":62}},"44":{"start":{"line":103,"column":19},"end":{"line":103,"column":20}},"45":{"start":{"line":104,"column":14},"end":{"line":104,"column":15}},"46":{"start":{"line":105,"column":14},"end":{"line":105,"column":15}},"47":{"start":{"line":106,"column":2},"end":{"line":110,"column":3}},"48":{"start":{"line":106,"column":15},"end":{"line":106,"column":16}},"49":{"start":{"line":107,"column":4},"end":{"line":107,"column":36}},"50":{"start":{"line":108,"column":4},"end":{"line":108,"column":31}},"51":{"start":{"line":109,"column":4},"end":{"line":109,"column":31}},"52":{"start":{"line":111,"column":2},"end":{"line":111,"column":43}},"53":{"start":{"line":111,"column":34},"end":{"line":111,"column":43}},"54":{"start":{"line":112,"column":2},"end":{"line":112,"column":60}},"55":{"start":{"line":123,"column":13},"end":{"line":123,"column":38}},"56":{"start":{"line":124,"column":13},"end":{"line":124,"column":38}},"57":{"start":{"line":125,"column":2},"end":{"line":127,"column":3}},"58":{"start":{"line":126,"column":4},"end":{"line":126,"column":15}},"59":{"start":{"line":128,"column":17},"end":{"line":128,"column":48}},"60":{"start":{"line":129,"column":17},"end":{"line":129,"column":48}},"61":{"start":{"line":130,"column":2},"end":{"line":130,"column":55}},"62":{"start":{"line":130,"column":46},"end":{"line":130,"column":55}},"63":{"start":{"line":131,"column":23},"end":{"line":131,"column":70}},"64":{"start":{"line":131,"column":55},"end":{"line":131,"column":68}},"65":{"start":{"line":132,"column":16},"end":{"line":132,"column":47}},"66":{"start":{"line":133,"column":18},"end":{"line":133,"column":48}},"67":{"start":{"line":135,"column":2},"end":{"line":137,"column":3}},"68":{"start":{"line":136,"column":4},"end":{"line":136,"column":34}},"69":{"start":{"line":138,"column":2},"end":{"line":138,"column":17}},"70":{"start":{"line":151,"column":2},"end":{"line":153,"column":3}},"71":{"start":{"line":152,"column":4},"end":{"line":152,"column":40}},"72":{"start":{"line":154,"column":2},"end":{"line":154,"column":44}},"73":{"start":{"line":157,"column":0},"end":{"line":162,"column":2}}},"fnMap":{"0":{"name":"getEmbedding","decl":{"start":{"line":11,"column":15},"end":{"line":11,"column":27}},"loc":{"start":{"line":11,"column":53},"end":{"line":92,"column":1}},"line":11},"1":{"name":"cosineSimilarity","decl":{"start":{"line":101,"column":9},"end":{"line":101,"column":25}},"loc":{"start":{"line":101,"column":38},"end":{"line":113,"column":1}},"line":101},"2":{"name":"getKeywordSimilarity","decl":{"start":{"line":122,"column":9},"end":{"line":122,"column":29}},"loc":{"start":{"line":122,"column":42},"end":{"line":139,"column":1}},"line":122},"3":{"name":"(anonymous_3)","decl":{"start":{"line":131,"column":50},"end":{"line":131,"column":51}},"loc":{"start":{"line":131,"column":55},"end":{"line":131,"column":68}},"line":131},"4":{"name":"getSemanticSimilarity","decl":{"start":{"line":150,"column":9},"end":{"line":150,"column":30}},"loc":{"start":{"line":150,"column":57},"end":{"line":155,"column":1}},"line":150}},"branchMap":{"0":{"loc":{"start":{"line":11,"column":34},"end":{"line":11,"column":51}},"type":"default-arg","locations":[{"start":{"line":11,"column":49},"end":{"line":11,"column":51}}],"line":11},"1":{"loc":{"start":{"line":20,"column":19},"end":{"line":22,"column":114}},"type":"binary-expr","locations":[{"start":{"line":20,"column":19},"end":{"line":20,"column":58}},{"start":{"line":21,"column":20},"end":{"line":21,"column":59}},{"start":{"line":21,"column":63},"end":{"line":21,"column":109}},{"start":{"line":22,"column":20},"end":{"line":22,"column":47}},{"start":{"line":22,"column":52},"end":{"line":22,"column":80}},{"start":{"line":22,"column":84},"end":{"line":22,"column":112}}],"line":20},"2":{"loc":{"start":{"line":24,"column":2},"end":{"line":89,"column":3}},"type":"if","locations":[{"start":{"line":24,"column":2},"end":{"line":89,"column":3}},{"start":{"line":41,"column":9},"end":{"line":89,"column":3}}],"line":24},"3":{"loc":{"start":{"line":25,"column":19},"end":{"line":25,"column":79}},"type":"binary-expr","locations":[{"start":{"line":25,"column":19},"end":{"line":25,"column":47}},{"start":{"line":25,"column":51},"end":{"line":25,"column":79}}],"line":25},"4":{"loc":{"start":{"line":26,"column":4},"end":{"line":29,"column":5}},"type":"if","locations":[{"start":{"line":26,"column":4},"end":{"line":29,"column":5}},{"start":{},"end":{}}],"line":26},"5":{"loc":{"start":{"line":35,"column":6},"end":{"line":37,"column":7}},"type":"if","locations":[{"start":{"line":35,"column":6},"end":{"line":37,"column":7}},{"start":{},"end":{}}],"line":35},"6":{"loc":{"start":{"line":35,"column":10},"end":{"line":35,"column":63}},"type":"binary-expr","locations":[{"start":{"line":35,"column":10},"end":{"line":35,"column":16}},{"start":{"line":35,"column":20},"end":{"line":35,"column":36}},{"start":{"line":35,"column":40},"end":{"line":35,"column":63}}],"line":35},"7":{"loc":{"start":{"line":47,"column":4},"end":{"line":55,"column":5}},"type":"if","locations":[{"start":{"line":47,"column":4},"end":{"line":55,"column":5}},{"start":{"line":51,"column":11},"end":{"line":55,"column":5}}],"line":47},"8":{"loc":{"start":{"line":48,"column":16},"end":{"line":48,"column":76}},"type":"binary-expr","locations":[{"start":{"line":48,"column":16},"end":{"line":48,"column":43}},{"start":{"line":48,"column":47},"end":{"line":48,"column":76}}],"line":48},"9":{"loc":{"start":{"line":49,"column":15},"end":{"line":49,"column":48}},"type":"binary-expr","locations":[{"start":{"line":49,"column":15},"end":{"line":49,"column":42}},{"start":{"line":49,"column":46},"end":{"line":49,"column":48}}],"line":49},"10":{"loc":{"start":{"line":50,"column":18},"end":{"line":50,"column":74}},"type":"binary-expr","locations":[{"start":{"line":50,"column":18},"end":{"line":50,"column":46}},{"start":{"line":50,"column":50},"end":{"line":50,"column":74}}],"line":50},"11":{"loc":{"start":{"line":52,"column":16},"end":{"line":52,"column":50}},"type":"binary-expr","locations":[{"start":{"line":52,"column":16},"end":{"line":52,"column":44}},{"start":{"line":52,"column":48},"end":{"line":52,"column":50}}],"line":52},"12":{"loc":{"start":{"line":53,"column":15},"end":{"line":53,"column":49}},"type":"binary-expr","locations":[{"start":{"line":53,"column":15},"end":{"line":53,"column":43}},{"start":{"line":53,"column":47},"end":{"line":53,"column":49}}],"line":53},"13":{"loc":{"start":{"line":54,"column":18},"end":{"line":54,"column":74}},"type":"binary-expr","locations":[{"start":{"line":54,"column":18},"end":{"line":54,"column":46}},{"start":{"line":54,"column":50},"end":{"line":54,"column":74}}],"line":54},"14":{"loc":{"start":{"line":57,"column":4},"end":{"line":88,"column":5}},"type":"if","locations":[{"start":{"line":57,"column":4},"end":{"line":88,"column":5}},{"start":{},"end":{}}],"line":57},"15":{"loc":{"start":{"line":60,"column":8},"end":{"line":62,"column":9}},"type":"if","locations":[{"start":{"line":60,"column":8},"end":{"line":62,"column":9}},{"start":{},"end":{}}],"line":60},"16":{"loc":{"start":{"line":65,"column":8},"end":{"line":67,"column":9}},"type":"if","locations":[{"start":{"line":65,"column":8},"end":{"line":67,"column":9}},{"start":{},"end":{}}],"line":65},"17":{"loc":{"start":{"line":65,"column":12},"end":{"line":65,"column":44}},"type":"binary-expr","locations":[{"start":{"line":65,"column":12},"end":{"line":65,"column":18}},{"start":{"line":65,"column":22},"end":{"line":65,"column":44}}],"line":65},"18":{"loc":{"start":{"line":78,"column":8},"end":{"line":84,"column":9}},"type":"if","locations":[{"start":{"line":78,"column":8},"end":{"line":84,"column":9}},{"start":{},"end":{}}],"line":78},"19":{"loc":{"start":{"line":81,"column":10},"end":{"line":83,"column":11}},"type":"if","locations":[{"start":{"line":81,"column":10},"end":{"line":83,"column":11}},{"start":{},"end":{}}],"line":81},"20":{"loc":{"start":{"line":81,"column":14},"end":{"line":81,"column":51}},"type":"binary-expr","locations":[{"start":{"line":81,"column":14},"end":{"line":81,"column":23}},{"start":{"line":81,"column":27},"end":{"line":81,"column":51}}],"line":81},"21":{"loc":{"start":{"line":102,"column":2},"end":{"line":102,"column":62}},"type":"if","locations":[{"start":{"line":102,"column":2},"end":{"line":102,"column":62}},{"start":{},"end":{}}],"line":102},"22":{"loc":{"start":{"line":102,"column":6},"end":{"line":102,"column":51}},"type":"binary-expr","locations":[{"start":{"line":102,"column":6},"end":{"line":102,"column":11}},{"start":{"line":102,"column":15},"end":{"line":102,"column":20}},{"start":{"line":102,"column":24},"end":{"line":102,"column":51}}],"line":102},"23":{"loc":{"start":{"line":111,"column":2},"end":{"line":111,"column":43}},"type":"if","locations":[{"start":{"line":111,"column":2},"end":{"line":111,"column":43}},{"start":{},"end":{}}],"line":111},"24":{"loc":{"start":{"line":111,"column":6},"end":{"line":111,"column":32}},"type":"binary-expr","locations":[{"start":{"line":111,"column":6},"end":{"line":111,"column":17}},{"start":{"line":111,"column":21},"end":{"line":111,"column":32}}],"line":111},"25":{"loc":{"start":{"line":125,"column":2},"end":{"line":127,"column":3}},"type":"if","locations":[{"start":{"line":125,"column":2},"end":{"line":127,"column":3}},{"start":{},"end":{}}],"line":125},"26":{"loc":{"start":{"line":128,"column":25},"end":{"line":128,"column":47}},"type":"binary-expr","locations":[{"start":{"line":128,"column":25},"end":{"line":128,"column":41}},{"start":{"line":128,"column":45},"end":{"line":128,"column":47}}],"line":128},"27":{"loc":{"start":{"line":129,"column":25},"end":{"line":129,"column":47}},"type":"binary-expr","locations":[{"start":{"line":129,"column":25},"end":{"line":129,"column":41}},{"start":{"line":129,"column":45},"end":{"line":129,"column":47}}],"line":129},"28":{"loc":{"start":{"line":130,"column":2},"end":{"line":130,"column":55}},"type":"if","locations":[{"start":{"line":130,"column":2},"end":{"line":130,"column":55}},{"start":{},"end":{}}],"line":130},"29":{"loc":{"start":{"line":130,"column":6},"end":{"line":130,"column":44}},"type":"binary-expr","locations":[{"start":{"line":130,"column":6},"end":{"line":130,"column":23}},{"start":{"line":130,"column":27},"end":{"line":130,"column":44}}],"line":130},"30":{"loc":{"start":{"line":135,"column":2},"end":{"line":137,"column":3}},"type":"if","locations":[{"start":{"line":135,"column":2},"end":{"line":137,"column":3}},{"start":{},"end":{}}],"line":135},"31":{"loc":{"start":{"line":135,"column":6},"end":{"line":135,"column":40}},"type":"binary-expr","locations":[{"start":{"line":135,"column":6},"end":{"line":135,"column":21}},{"start":{"line":135,"column":25},"end":{"line":135,"column":40}}],"line":135},"32":{"loc":{"start":{"line":151,"column":2},"end":{"line":153,"column":3}},"type":"if","locations":[{"start":{"line":151,"column":2},"end":{"line":153,"column":3}},{"start":{},"end":{}}],"line":151},"33":{"loc":{"start":{"line":151,"column":6},"end":{"line":151,"column":102}},"type":"binary-expr","locations":[{"start":{"line":151,"column":6},"end":{"line":151,"column":10}},{"start":{"line":151,"column":14},"end":{"line":151,"column":18}},{"start":{"line":151,"column":22},"end":{"line":151,"column":41}},{"start":{"line":151,"column":45},"end":{"line":151,"column":64}},{"start":{"line":151,"column":68},"end":{"line":151,"column":83}},{"start":{"line":151,"column":87},"end":{"line":151,"column":102}}],"line":151}},"s":{"0":6,"1":37,"2":37,"3":37,"4":37,"5":4,"6":4,"7":1,"8":1,"9":3,"10":3,"11":3,"12":3,"13":2,"14":2,"15":1,"16":33,"17":33,"18":33,"19":33,"20":4,"21":4,"22":4,"23":29,"24":29,"25":29,"26":33,"27":5,"28":5,"29":5,"30":5,"31":5,"32":5,"33":2,"34":5,"35":4,"36":2,"37":2,"38":2,"39":2,"40":2,"41":32,"42":7,"43":2,"44":5,"45":5,"46":5,"47":5,"48":5,"49":11,"50":11,"51":11,"52":5,"53":1,"54":4,"55":24,"56":24,"57":24,"58":9,"59":15,"60":15,"61":15,"62":0,"63":15,"64":28,"65":15,"66":15,"67":15,"68":4,"69":11,"70":23,"71":2,"72":21,"73":6},"f":{"0":37,"1":7,"2":24,"3":28,"4":23},"b":{"0":[0],"1":[37,34,1,34,29,29],"2":[4,33],"3":[4,2],"4":[1,3],"5":[2,0],"6":[2,2,2],"7":[4,29],"8":[4,1],"9":[4,3],"10":[4,3],"11":[29,28],"12":[29,28],"13":[29,29],"14":[5,28],"15":[5,0],"16":[2,3],"17":[5,2],"18":[2,1],"19":[2,0],"20":[2,2],"21":[2,5],"22":[7,6,6],"23":[1,4],"24":[5,4],"25":[9,15],"26":[15,0],"27":[15,0],"28":[0,15],"29":[15,15],"30":[4,11],"31":[15,15],"32":[2,21],"33":[23,3,3,3,3,3]},"_coverageSchema":"1a1c01bbd47fc00a2c39e90264f33305004495a9","hash":"dc0359f8437b075eef9ba2ab4e3bed96384aec9d"}
,"C:\\Users\\jjuhr\\OneDrive\\Documents\\private_ai\\backend\\utils\\helpers.js": {"path":"C:\\Users\\jjuhr\\OneDrive\\Documents\\private_ai\\backend\\utils\\helpers.js","statementMap":{"0":{"start":{"line":1,"column":16},"end":{"line":1,"column":34}},"1":{"start":{"line":4,"column":2},"end":{"line":4,"column":23}},"2":{"start":{"line":4,"column":13},"end":{"line":4,"column":23}},"3":{"start":{"line":5,"column":2},"end":{"line":28,"column":3}},"4":{"start":{"line":6,"column":14},"end":{"line":6,"column":32}},"5":{"start":{"line":8,"column":4},"end":{"line":8,"column":87}},"6":{"start":{"line":10,"column":17},"end":{"line":12,"column":13}},"7":{"start":{"line":14,"column":18},"end":{"line":14,"column":49}},"8":{"start":{"line":15,"column":4},"end":{"line":15,"column":64}},"9":{"start":{"line":18,"column":15},"end":{"line":24,"column":13}},"10":{"start":{"line":26,"column":18},"end":{"line":26,"column":49}},"11":{"start":{"line":27,"column":4},"end":{"line":27,"column":64}},"12":{"start":{"line":31,"column":0},"end":{"line":31,"column":42}}},"fnMap":{"0":{"name":"extractFirst100Words","decl":{"start":{"line":3,"column":9},"end":{"line":3,"column":29}},"loc":{"start":{"line":3,"column":36},"end":{"line":29,"column":1}},"line":3}},"branchMap":{"0":{"loc":{"start":{"line":4,"column":2},"end":{"line":4,"column":23}},"type":"if","locations":[{"start":{"line":4,"column":2},"end":{"line":4,"column":23}},{"start":{},"end":{}}],"line":4},"1":{"loc":{"start":{"line":15,"column":30},"end":{"line":15,"column":62}},"type":"cond-expr","locations":[{"start":{"line":15,"column":52},"end":{"line":15,"column":57}},{"start":{"line":15,"column":60},"end":{"line":15,"column":62}}],"line":15},"2":{"loc":{"start":{"line":27,"column":30},"end":{"line":27,"column":62}},"type":"cond-expr","locations":[{"start":{"line":27,"column":52},"end":{"line":27,"column":57}},{"start":{"line":27,"column":60},"end":{"line":27,"column":62}}],"line":27}},"s":{"0":6,"1":16,"2":2,"3":14,"4":14,"5":13,"6":13,"7":13,"8":13,"9":1,"10":1,"11":1,"12":6},"f":{"0":16},"b":{"0":[2,14],"1":[1,12],"2":[0,1]},"_coverageSchema":"1a1c01bbd47fc00a2c39e90264f33305004495a9","hash":"1bf493408fb1eb5542117600a9651e9827238888"}
,"C:\\Users\\jjuhr\\OneDrive\\Documents\\private_ai\\backend\\utils\\logger.js": {"path":"C:\\Users\\jjuhr\\OneDrive\\Documents\\private_ai\\backend\\utils\\logger.js","statementMap":{"0":{"start":{"line":1,"column":16},"end":{"line":1,"column":34}},"1":{"start":{"line":3,"column":15},"end":{"line":18,"column":2}},"2":{"start":{"line":14,"column":38},"end":{"line":14,"column":130}},"3":{"start":{"line":20,"column":0},"end":{"line":20,"column":24}}},"fnMap":{"0":{"name":"(anonymous_0)","decl":{"start":{"line":14,"column":30},"end":{"line":14,"column":31}},"loc":{"start":{"line":14,"column":38},"end":{"line":14,"column":130}},"line":14}},"branchMap":{"0":{"loc":{"start":{"line":4,"column":9},"end":{"line":4,"column":40}},"type":"binary-expr","locations":[{"start":{"line":4,"column":9},"end":{"line":4,"column":30}},{"start":{"line":4,"column":34},"end":{"line":4,"column":40}}],"line":4},"1":{"loc":{"start":{"line":14,"column":93},"end":{"line":14,"column":128}},"type":"cond-expr","locations":[{"start":{"line":14,"column":106},"end":{"line":14,"column":123}},{"start":{"line":14,"column":126},"end":{"line":14,"column":128}}],"line":14}},"s":{"0":1,"1":1,"2":2,"3":1},"f":{"0":2},"b":{"0":[1,1],"1":[1,1]},"_coverageSchema":"1a1c01bbd47fc00a2c39e90264f33305004495a9","hash":"9717ab24ea30d9961404fea7f680f22a3700bcd9"}
}
