TN:
SF:ai.js
FN:11,callLocalLLMStream
FN:46,(anonymous_1)
FN:48,(anonymous_2)
FN:49,(anonymous_3)
FN:126,callGeminiStream
FN:153,runAgentLoop
FN:451,(anonymous_6)
FN:504,generateGreetingAndSave
FNF:8
FNH:8
FNDA:5,callLocalLLMStream
FNDA:1,(anonymous_1)
FNDA:3,(anonymous_2)
FNDA:2,(anonymous_3)
FNDA:1,callGeminiStream
FNDA:7,runAgentLoop
FNDA:55,(anonymous_6)
FNDA:4,generateGreetingAndSave
DA:1,2
DA:2,2
DA:3,2
DA:4,2
DA:5,2
DA:6,2
DA:7,2
DA:8,2
DA:12,5
DA:13,5
DA:14,5
DA:18,5
DA:19,2
DA:20,1
DA:21,1
DA:23,1
DA:27,5
DA:29,5
DA:30,5
DA:31,5
DA:33,5
DA:34,0
DA:35,5
DA:36,1
DA:38,4
DA:41,0
DA:44,5
DA:46,1
DA:47,1
DA:48,3
DA:49,2
DA:54,1
DA:60,1
DA:61,1
DA:65,4
DA:76,5
DA:82,5
DA:83,1
DA:84,1
DA:87,4
DA:88,4
DA:89,1
DA:90,1
DA:91,1
DA:92,1
DA:94,1
DA:97,3
DA:98,3
DA:99,3
DA:101,3
DA:102,6
DA:103,6
DA:104,3
DA:105,3
DA:106,3
DA:108,3
DA:109,9
DA:110,9
DA:111,3
DA:112,3
DA:113,3
DA:115,3
DA:116,3
DA:127,1
DA:128,1
DA:133,1
DA:134,1
DA:135,0
DA:140,1
DA:145,1
DA:146,1
DA:147,2
DA:148,2
DA:173,7
DA:226,7
DA:227,7
DA:228,7
DA:229,7
DA:231,7
DA:232,62
DA:233,1
DA:234,1
DA:236,61
DA:237,61
DA:239,61
DA:240,61
DA:241,61
DA:243,61
DA:244,50
DA:245,50
DA:246,50
DA:247,50
DA:251,50
DA:252,50
DA:253,50
DA:255,11
DA:256,11
DA:257,11
DA:259,11
DA:260,9
DA:261,9
DA:262,9
DA:264,2
DA:265,2
DA:266,2
DA:269,11
DA:270,11
DA:272,11
DA:273,3
DA:274,2
DA:275,2
DA:277,1
DA:281,11
DA:282,11
DA:283,11
DA:284,11
DA:285,0
DA:286,11
DA:287,2
DA:289,9
DA:292,0
DA:295,11
DA:296,11
DA:301,11
DA:302,2
DA:309,9
DA:315,9
DA:316,9
DA:320,11
DA:326,11
DA:327,1
DA:328,1
DA:329,1
DA:336,11
DA:337,0
DA:338,0
DA:341,11
DA:342,11
DA:343,2
DA:345,9
DA:349,61
DA:354,61
DA:355,61
DA:356,61
DA:357,59
DA:360,2
DA:361,2
DA:362,2
DA:363,1
DA:364,1
DA:365,1
DA:366,1
DA:373,61
DA:374,1
DA:375,1
DA:376,1
DA:377,0
DA:379,1
DA:382,1
DA:386,1
DA:387,1
DA:394,61
DA:396,61
DA:397,5
DA:400,56
DA:401,56
DA:403,56
DA:404,56
DA:405,1
DA:406,55
DA:407,1
DA:408,54
DA:409,1
DA:410,1
DA:411,53
DA:412,1
DA:413,52
DA:414,52
DA:415,0
DA:416,0
DA:417,0
DA:418,0
DA:421,56
DA:423,56
DA:428,56
DA:432,56
DA:437,56
DA:441,7
DA:442,1
DA:443,1
DA:445,6
DA:447,6
DA:451,55
DA:455,6
DA:457,6
DA:458,1
DA:459,1
DA:468,5
DA:469,5
DA:470,5
DA:472,5
DA:473,4
DA:474,4
DA:475,4
DA:477,1
DA:478,1
DA:479,1
DA:482,5
DA:485,5
DA:486,1
DA:491,5
DA:493,5
DA:505,4
DA:506,4
DA:507,4
DA:508,3
DA:510,1
DA:513,4
DA:514,4
DA:515,4
DA:517,4
DA:519,4
DA:520,4
DA:525,1
DA:529,2
LF:225
LH:213
BRDA:12,0,0,5
BRDA:12,0,1,0
BRDA:18,1,0,2
BRDA:18,1,1,3
BRDA:18,2,0,5
BRDA:18,2,1,3
BRDA:19,3,0,1
BRDA:19,3,1,1
BRDA:33,4,0,0
BRDA:33,4,1,5
BRDA:35,5,0,1
BRDA:35,5,1,4
BRDA:44,6,0,1
BRDA:44,6,1,4
BRDA:46,7,0,1
BRDA:46,7,1,0
BRDA:50,8,0,1
BRDA:50,8,1,1
BRDA:60,9,0,1
BRDA:60,9,1,0
BRDA:82,10,0,1
BRDA:82,10,1,4
BRDA:87,11,0,4
BRDA:87,11,1,0
BRDA:88,12,0,1
BRDA:88,12,1,3
BRDA:90,13,0,1
BRDA:90,13,1,1
BRDA:91,14,0,1
BRDA:91,14,1,0
BRDA:103,15,0,3
BRDA:103,15,1,3
BRDA:110,16,0,6
BRDA:110,16,1,3
BRDA:110,17,0,9
BRDA:110,17,1,6
BRDA:111,18,0,3
BRDA:111,18,1,0
BRDA:115,19,0,3
BRDA:115,19,1,0
BRDA:116,20,0,3
BRDA:116,20,1,0
BRDA:129,21,0,1
BRDA:129,21,1,0
BRDA:136,22,0,0
BRDA:136,22,1,0
BRDA:148,23,0,2
BRDA:148,23,1,0
BRDA:232,24,0,1
BRDA:232,24,1,61
BRDA:232,25,0,62
BRDA:232,25,1,2
BRDA:240,26,0,61
BRDA:240,26,1,61
BRDA:240,26,2,52
BRDA:243,27,0,50
BRDA:243,27,1,11
BRDA:244,28,0,0
BRDA:244,28,1,50
BRDA:244,29,0,0
BRDA:244,29,1,0
BRDA:245,30,0,0
BRDA:245,30,1,50
BRDA:248,31,0,50
BRDA:248,31,1,0
BRDA:259,32,0,9
BRDA:259,32,1,2
BRDA:260,33,0,9
BRDA:260,33,1,9
BRDA:262,34,0,9
BRDA:262,34,1,9
BRDA:266,35,0,2
BRDA:266,35,1,0
BRDA:272,36,0,3
BRDA:272,36,1,8
BRDA:272,37,0,11
BRDA:272,37,1,4
BRDA:273,38,0,2
BRDA:273,38,1,1
BRDA:284,39,0,0
BRDA:284,39,1,11
BRDA:286,40,0,2
BRDA:286,40,1,9
BRDA:301,41,0,2
BRDA:301,41,1,9
BRDA:315,42,0,9
BRDA:315,42,1,0
BRDA:315,43,0,9
BRDA:315,43,1,0
BRDA:326,44,0,1
BRDA:326,44,1,10
BRDA:326,45,0,11
BRDA:326,45,1,1
BRDA:326,45,2,0
BRDA:326,45,3,1
BRDA:336,46,0,0
BRDA:336,46,1,11
BRDA:338,47,0,0
BRDA:338,47,1,0
BRDA:342,48,0,2
BRDA:342,48,1,9
BRDA:343,49,0,2
BRDA:343,49,1,0
BRDA:345,50,0,9
BRDA:345,50,1,0
BRDA:362,51,0,1
BRDA:362,51,1,1
BRDA:362,52,0,2
BRDA:362,52,1,1
BRDA:362,52,2,1
BRDA:373,53,0,1
BRDA:373,53,1,60
BRDA:375,54,0,1
BRDA:375,54,1,1
BRDA:376,55,0,0
BRDA:376,55,1,1
BRDA:376,56,0,1
BRDA:376,56,1,0
BRDA:396,57,0,5
BRDA:396,57,1,56
BRDA:396,58,0,61
BRDA:396,58,1,61
BRDA:404,59,0,1
BRDA:404,59,1,55
BRDA:406,60,0,1
BRDA:406,60,1,54
BRDA:408,61,0,1
BRDA:408,61,1,53
BRDA:409,62,0,1
BRDA:409,62,1,0
BRDA:411,63,0,1
BRDA:411,63,1,52
BRDA:413,64,0,52
BRDA:413,64,1,0
BRDA:415,65,0,0
BRDA:415,65,1,0
BRDA:417,66,0,0
BRDA:417,66,1,0
BRDA:441,67,0,1
BRDA:441,67,1,6
BRDA:441,68,0,7
BRDA:441,68,1,1
BRDA:451,69,0,3
BRDA:451,69,1,3
BRDA:455,70,0,6
BRDA:455,70,1,6
BRDA:455,70,2,2
BRDA:457,71,0,1
BRDA:457,71,1,5
BRDA:458,72,0,0
BRDA:458,72,1,1
BRDA:458,73,0,0
BRDA:458,73,1,0
BRDA:472,74,0,4
BRDA:472,74,1,1
BRDA:473,75,0,4
BRDA:473,75,1,4
BRDA:475,76,0,4
BRDA:475,76,1,4
BRDA:479,77,0,1
BRDA:479,77,1,0
BRDA:487,78,0,0
BRDA:487,78,1,1
BRDA:508,79,0,3
BRDA:508,79,1,1
BRDA:517,80,0,2
BRDA:517,80,1,2
BRF:167
BRH:126
end_of_record
TN:
SF:middleware\auth.js
FN:4,authenticateToken
FN:9,(anonymous_1)
FNF:2
FNH:2
FNDA:59,authenticateToken
FNDA:58,(anonymous_1)
DA:1,6
DA:2,6
DA:5,59
DA:6,59
DA:7,59
DA:9,58
DA:10,58
DA:11,58
DA:12,58
DA:16,6
LF:10
LH:10
BRDA:2,0,0,6
BRDA:2,0,1,6
BRDA:6,1,0,59
BRDA:6,1,1,58
BRDA:7,2,0,1
BRDA:7,2,1,58
BRDA:10,3,0,0
BRDA:10,3,1,58
BRF:8
BRH:7
end_of_record
TN:
SF:routes\auth.js
FN:8,(anonymous_0)
FN:38,(anonymous_1)
FN:57,(anonymous_2)
FNF:3
FNH:3
FNDA:7,(anonymous_0)
FNDA:4,(anonymous_1)
FNDA:1,(anonymous_2)
DA:1,1
DA:2,1
DA:3,1
DA:4,1
DA:5,1
DA:6,1
DA:8,1
DA:9,7
DA:10,7
DA:11,1
DA:13,6
DA:14,6
DA:15,5
DA:16,5
DA:18,4
DA:19,4
DA:21,4
DA:27,4
DA:32,4
DA:34,1
DA:38,1
DA:39,4
DA:40,4
DA:42,4
DA:43,4
DA:44,3
DA:45,3
DA:47,2
DA:48,2
DA:50,2
DA:51,2
DA:53,1
DA:57,1
DA:58,1
DA:61,1
LF:35
LH:35
BRDA:10,0,0,1
BRDA:10,0,1,6
BRDA:10,1,0,7
BRDA:10,1,1,6
BRDA:10,1,2,6
BRDA:10,1,3,6
BRDA:16,2,0,1
BRDA:16,2,1,4
BRDA:40,3,0,0
BRDA:40,3,1,4
BRDA:40,4,0,4
BRDA:40,4,1,4
BRDA:45,5,0,1
BRDA:45,5,1,2
BRDA:48,6,0,0
BRDA:48,6,1,2
BRF:16
BRH:14
end_of_record
TN:
SF:routes\calendar.js
FN:6,(anonymous_0)
FN:23,(anonymous_1)
FN:40,(anonymous_2)
FNF:3
FNH:3
FNDA:2,(anonymous_0)
FNDA:2,(anonymous_1)
FNDA:2,(anonymous_2)
DA:1,1
DA:2,1
DA:3,1
DA:4,1
DA:6,1
DA:7,2
DA:8,2
DA:9,2
DA:10,1
DA:11,1
DA:17,1
DA:19,1
DA:23,1
DA:24,2
DA:25,2
DA:27,2
DA:28,2
DA:29,1
DA:34,1
DA:36,1
DA:40,1
DA:41,2
DA:42,2
DA:43,1
DA:44,1
DA:46,1
DA:50,1
LF:27
LH:27
BRDA:10,0,0,1
BRDA:10,0,1,0
BRDA:25,1,0,0
BRDA:25,1,1,2
BRDA:25,2,0,2
BRDA:25,2,1,2
BRDA:32,3,0,1
BRDA:32,3,1,0
BRDA:32,4,0,1
BRDA:32,4,1,0
BRF:10
BRH:6
end_of_record
TN:
SF:routes\chat.js
FN:7,(anonymous_0)
FN:17,(anonymous_1)
FN:32,(anonymous_2)
FN:42,(anonymous_3)
FN:54,(anonymous_4)
FN:69,(anonymous_5)
FN:92,(anonymous_6)
FN:103,(anonymous_7)
FN:108,(anonymous_8)
FN:134,(anonymous_9)
FN:135,(anonymous_10)
FN:139,(anonymous_11)
FN:143,(anonymous_12)
FNF:13
FNH:10
FNDA:2,(anonymous_0)
FNDA:2,(anonymous_1)
FNDA:2,(anonymous_2)
FNDA:3,(anonymous_3)
FNDA:2,(anonymous_4)
FNDA:4,(anonymous_5)
FNDA:0,(anonymous_6)
FNDA:10,(anonymous_7)
FNDA:0,(anonymous_8)
FNDA:0,(anonymous_9)
FNDA:1,(anonymous_10)
FNDA:4,(anonymous_11)
FNDA:1,(anonymous_12)
DA:1,1
DA:2,1
DA:3,1
DA:4,1
DA:5,1
DA:7,1
DA:8,2
DA:9,2
DA:10,1
DA:11,1
DA:13,1
DA:17,1
DA:18,2
DA:19,2
DA:20,2
DA:21,1
DA:22,1
DA:24,1
DA:26,1
DA:28,1
DA:32,1
DA:33,2
DA:34,2
DA:35,1
DA:36,1
DA:38,1
DA:42,1
DA:43,3
DA:44,3
DA:45,2
DA:46,2
DA:47,1
DA:48,1
DA:50,1
DA:54,1
DA:55,2
DA:56,2
DA:58,1
DA:59,1
DA:61,1
DA:62,1
DA:64,1
DA:69,1
DA:70,4
DA:71,4
DA:73,4
DA:76,4
DA:77,4
DA:80,4
DA:81,4
DA:82,4
DA:86,4
DA:92,4
DA:95,4
DA:96,4
DA:97,4
DA:98,4
DA:100,4
DA:101,4
DA:103,4
DA:104,10
DA:108,4
DA:109,0
DA:112,4
DA:114,4
DA:120,4
DA:134,0
DA:136,1
DA:137,1
DA:140,4
DA:141,4
DA:144,1
DA:149,4
DA:150,4
DA:152,4
DA:153,4
DA:154,4
DA:155,2
DA:156,2
DA:157,2
DA:158,1
DA:159,1
DA:160,1
DA:162,1
DA:163,1
DA:164,1
DA:168,4
DA:169,4
DA:170,4
DA:171,2
DA:172,2
DA:173,2
DA:174,1
DA:175,1
DA:176,1
DA:178,1
DA:179,1
DA:180,1
DA:184,4
DA:190,4
DA:191,4
DA:192,4
DA:202,4
DA:204,0
DA:205,0
DA:207,4
DA:208,4
DA:212,1
LF:108
LH:104
BRDA:21,0,0,1
BRDA:21,0,1,0
BRDA:26,1,0,1
BRDA:26,1,1,0
BRDA:44,2,0,1
BRDA:44,2,1,2
BRDA:44,3,0,3
BRDA:44,3,1,2
BRDA:59,4,0,0
BRDA:59,4,1,1
BRDA:71,5,0,0
BRDA:71,5,1,4
BRDA:71,6,0,4
BRDA:71,6,1,4
BRDA:77,7,0,0
BRDA:77,7,1,4
BRDA:81,8,0,4
BRDA:81,8,1,0
BRDA:128,9,0,4
BRDA:128,9,1,4
BRDA:130,10,0,4
BRDA:130,10,1,4
BRDA:133,11,0,4
BRDA:133,11,1,4
BRDA:154,12,0,2
BRDA:154,12,1,2
BRDA:157,13,0,1
BRDA:157,13,1,1
BRDA:170,14,0,2
BRDA:170,14,1,2
BRDA:173,15,0,1
BRDA:173,15,1,1
BRF:32
BRH:26
end_of_record
TN:
SF:routes\memory.js
FN:7,(anonymous_0)
FN:20,(anonymous_1)
FN:90,(anonymous_2)
FNF:3
FNH:3
FNDA:2,(anonymous_0)
FNDA:9,(anonymous_1)
FNDA:3,(anonymous_2)
DA:1,1
DA:2,1
DA:3,1
DA:4,1
DA:7,1
DA:8,2
DA:9,2
DA:10,1
DA:14,1
DA:16,1
DA:20,1
DA:21,9
DA:23,9
DA:24,1
DA:27,8
DA:28,8
DA:29,8
DA:30,3
DA:31,1
DA:32,1
DA:33,1
DA:37,3
DA:38,1
DA:39,1
DA:40,1
DA:43,3
DA:45,1
DA:46,1
DA:47,1
DA:51,8
DA:52,8
DA:55,7
DA:60,7
DA:61,1
DA:68,6
DA:73,6
DA:85,1
DA:90,1
DA:91,3
DA:92,3
DA:93,3
DA:94,2
DA:99,2
DA:100,1
DA:103,1
DA:105,1
DA:109,1
LF:47
LH:47
BRDA:23,0,0,1
BRDA:23,0,1,8
BRDA:23,1,0,9
BRDA:23,1,1,8
BRDA:23,1,2,8
BRDA:27,2,0,7
BRDA:27,2,1,1
BRDA:27,3,0,8
BRDA:27,3,1,5
BRDA:29,4,0,3
BRDA:29,4,1,5
BRDA:30,5,0,1
BRDA:30,5,1,2
BRDA:32,6,0,1
BRDA:32,6,1,0
BRDA:37,7,0,1
BRDA:37,7,1,2
BRDA:37,8,0,3
BRDA:37,8,1,2
BRDA:37,8,2,1
BRDA:43,9,0,1
BRDA:43,9,1,2
BRDA:60,10,0,1
BRDA:60,10,1,6
BRDA:99,11,0,1
BRDA:99,11,1,1
BRF:26
BRH:25
end_of_record
TN:
SF:routes\profile.js
FN:6,(anonymous_0)
FN:16,(anonymous_1)
FNF:2
FNH:2
FNDA:3,(anonymous_0)
FNDA:2,(anonymous_1)
DA:1,1
DA:2,1
DA:3,1
DA:4,1
DA:6,1
DA:7,3
DA:8,3
DA:9,2
DA:10,2
DA:12,1
DA:16,1
DA:17,2
DA:18,2
DA:19,2
DA:20,1
DA:24,1
DA:26,1
DA:30,1
LF:18
LH:18
BRDA:10,0,0,2
BRDA:10,0,1,0
BRDA:22,1,0,1
BRDA:22,1,1,0
BRDA:22,2,0,1
BRDA:22,2,1,0
BRDA:22,3,0,1
BRDA:22,3,1,0
BRDA:22,4,0,1
BRDA:22,4,1,0
BRDA:22,5,0,1
BRDA:22,5,1,0
BRF:12
BRH:6
end_of_record
TN:
SF:routes\settings.js
FN:6,(anonymous_0)
FN:20,(anonymous_1)
FN:52,(anonymous_2)
FN:83,(anonymous_3)
FN:96,(anonymous_4)
FN:114,(anonymous_5)
FN:115,(anonymous_6)
FN:116,(anonymous_7)
FN:133,(anonymous_8)
FN:142,(anonymous_9)
FN:149,(anonymous_10)
FN:159,getDefaultOnlineModels
FNF:12
FNH:12
FNDA:3,(anonymous_0)
FNDA:2,(anonymous_1)
FNDA:3,(anonymous_2)
FNDA:2,(anonymous_3)
FNDA:9,(anonymous_4)
FNDA:2,(anonymous_5)
FNDA:1,(anonymous_6)
FNDA:1,(anonymous_7)
FNDA:1,(anonymous_8)
FNDA:1,(anonymous_9)
FNDA:1,(anonymous_10)
FNDA:6,getDefaultOnlineModels
DA:1,1
DA:2,1
DA:3,1
DA:4,1
DA:6,1
DA:7,3
DA:8,3
DA:9,2
DA:10,2
DA:11,1
DA:12,1
DA:14,2
DA:16,1
DA:20,1
DA:21,2
DA:22,2
DA:23,2
DA:24,1
DA:46,1
DA:48,1
DA:52,1
DA:53,3
DA:54,3
DA:55,2
DA:56,2
DA:57,2
DA:58,2
DA:59,2
DA:61,2
DA:62,2
DA:63,2
DA:64,2
DA:65,2
DA:66,0
DA:68,2
DA:71,0
DA:74,2
DA:78,1
DA:79,0
DA:82,1
DA:83,2
DA:84,1
DA:86,2
DA:87,2
DA:96,1
DA:97,9
DA:98,9
DA:99,8
DA:100,8
DA:101,8
DA:102,8
DA:104,8
DA:105,3
DA:108,5
DA:109,1
DA:110,1
DA:111,1
DA:112,1
DA:114,2
DA:115,1
DA:118,1
DA:120,1
DA:122,1
DA:123,1
DA:126,1
DA:127,4
DA:128,1
DA:131,1
DA:132,1
DA:133,1
DA:134,1
DA:135,3
DA:136,1
DA:137,1
DA:140,1
DA:141,1
DA:142,1
DA:143,1
DA:145,2
DA:148,1
DA:149,1
DA:150,1
DA:151,1
DA:152,0
DA:153,0
DA:155,1
DA:160,6
DA:161,1
DA:162,5
DA:163,1
DA:164,4
DA:165,3
DA:167,1
DA:170,1
LF:94
LH:89
BRDA:10,0,0,1
BRDA:10,0,1,1
BRDA:42,1,0,1
BRDA:42,1,1,0
BRDA:42,2,0,1
BRDA:42,2,1,0
BRDA:43,3,0,1
BRDA:43,3,1,1
BRDA:43,4,0,1
BRDA:43,4,1,1
BRDA:43,5,0,1
BRDA:43,5,1,0
BRDA:56,6,0,2
BRDA:56,6,1,0
BRDA:57,7,0,2
BRDA:57,7,1,0
BRDA:59,8,0,0
BRDA:59,8,1,2
BRDA:59,9,0,2
BRDA:59,9,1,0
BRDA:65,10,0,0
BRDA:65,10,1,2
BRDA:78,11,0,0
BRDA:78,11,1,1
BRDA:83,12,0,1
BRDA:83,12,1,0
BRDA:100,13,0,8
BRDA:100,13,1,0
BRDA:104,14,0,3
BRDA:104,14,1,5
BRDA:108,15,0,1
BRDA:108,15,1,4
BRDA:110,16,0,0
BRDA:110,16,1,1
BRDA:112,17,0,1
BRDA:112,17,1,0
BRDA:114,18,0,2
BRDA:114,18,1,2
BRDA:118,19,0,0
BRDA:118,19,1,1
BRDA:120,20,0,0
BRDA:120,20,1,1
BRDA:120,21,0,1
BRDA:120,21,1,1
BRDA:120,21,2,1
BRDA:120,21,3,1
BRDA:120,21,4,1
BRDA:122,22,0,0
BRDA:122,22,1,1
BRDA:122,23,0,1
BRDA:122,23,1,1
BRDA:126,24,0,1
BRDA:126,24,1,0
BRDA:127,25,0,1
BRDA:127,25,1,3
BRDA:131,26,0,0
BRDA:131,26,1,1
BRDA:133,27,0,1
BRDA:133,27,1,0
BRDA:134,28,0,1
BRDA:134,28,1,0
BRDA:135,29,0,1
BRDA:135,29,1,2
BRDA:135,30,0,3
BRDA:135,30,1,1
BRDA:140,31,0,0
BRDA:140,31,1,1
BRDA:142,32,0,1
BRDA:142,32,1,0
BRDA:151,33,0,0
BRDA:151,33,1,1
BRDA:153,34,0,0
BRDA:153,34,1,0
BRDA:160,35,0,1
BRDA:160,35,1,5
BRDA:162,36,0,1
BRDA:162,36,1,4
BRDA:164,37,0,3
BRDA:164,37,1,1
BRF:79
BRH:54
end_of_record
TN:
SF:tools\calendar_tool.js
FN:2,handleCalendarTool
FNF:1
FNH:1
FNDA:9,handleCalendarTool
DA:3,9
DA:4,3
DA:5,3
DA:6,3
DA:12,3
DA:13,6
DA:14,3
DA:15,3
DA:16,2
DA:18,1
DA:23,1
DA:24,3
DA:25,2
DA:26,2
DA:27,1
DA:29,1
DA:30,1
DA:32,1
DA:35,3
LF:19
LH:19
BRDA:3,0,0,3
BRDA:3,0,1,6
BRDA:5,1,0,3
BRDA:5,1,1,0
BRDA:13,2,0,3
BRDA:13,2,1,3
BRDA:15,3,0,2
BRDA:15,3,1,1
BRDA:15,4,0,3
BRDA:15,4,1,2
BRDA:21,5,0,1
BRDA:21,5,1,0
BRDA:21,6,0,1
BRDA:21,6,1,1
BRDA:24,7,0,2
BRDA:24,7,1,1
BRDA:26,8,0,1
BRDA:26,8,1,1
BRF:18
BRH:16
end_of_record
TN:
SF:tools\github_tool.js
FN:2,handleGitHubTool
FN:19,(anonymous_1)
FN:33,(anonymous_2)
FNF:3
FNH:3
FNDA:9,handleGitHubTool
FNDA:2,(anonymous_1)
FNDA:1,(anonymous_2)
DA:3,9
DA:7,9
DA:8,7
DA:11,9
DA:12,9
DA:13,4
DA:16,4
DA:17,4
DA:18,3
DA:19,3
DA:20,5
DA:21,2
DA:22,2
DA:23,1
DA:24,1
DA:25,1
DA:26,1
DA:27,3
DA:28,2
DA:29,2
DA:30,1
DA:31,1
DA:32,1
DA:33,1
DA:36,1
DA:38,1
DA:41,3
LF:27
LH:27
BRDA:7,0,0,7
BRDA:7,0,1,2
BRDA:12,1,0,4
BRDA:12,1,1,5
BRDA:13,2,0,2
BRDA:13,2,1,2
BRDA:17,3,0,1
BRDA:17,3,1,3
BRDA:20,4,0,2
BRDA:20,4,1,3
BRDA:22,5,0,1
BRDA:22,5,1,1
BRDA:22,6,0,2
BRDA:22,6,1,1
BRDA:24,7,0,0
BRDA:24,7,1,1
BRDA:27,8,0,2
BRDA:27,8,1,1
BRDA:29,9,0,1
BRDA:29,9,1,1
BRDA:29,10,0,2
BRDA:29,10,1,1
BRDA:31,11,0,0
BRDA:31,11,1,1
BRF:24
BRH:22
end_of_record
TN:
SF:tools\google_news_tool.js
FN:5,handleGoogleNewsTool
FN:33,(anonymous_1)
FN:55,(anonymous_2)
FNF:3
FNH:2
FNDA:5,handleGoogleNewsTool
FNDA:14,(anonymous_1)
FNDA:0,(anonymous_2)
DA:1,3
DA:2,3
DA:6,5
DA:7,5
DA:11,5
DA:12,5
DA:13,4
DA:15,4
DA:17,4
DA:19,4
DA:20,14
DA:21,14
DA:22,14
DA:23,14
DA:24,14
DA:31,4
DA:32,4
DA:34,14
DA:35,14
DA:36,14
DA:37,14
DA:38,13
DA:39,13
DA:42,1
DA:46,14
DA:47,2
DA:54,12
DA:55,12
DA:57,12
DA:63,11
DA:65,11
DA:66,11
DA:67,11
DA:73,1
DA:74,1
DA:83,4
DA:88,1
DA:92,3
LF:38
LH:38
BRDA:7,0,0,3
BRDA:7,0,1,2
BRDA:12,1,0,1
BRDA:12,1,1,4
BRDA:19,2,0,18
BRDA:19,2,1,14
BRDA:23,3,0,14
BRDA:23,3,1,0
BRDA:23,4,0,14
BRDA:23,4,1,14
BRDA:38,5,0,13
BRDA:38,5,1,0
BRDA:38,6,0,13
BRDA:38,6,1,13
BRDA:46,7,0,2
BRDA:46,7,1,12
BRDA:84,8,0,3
BRDA:84,8,1,1
BRF:18
BRH:16
end_of_record
TN:
SF:tools\memory_tool.js
FN:10,handleMemoryTool
FN:90,(anonymous_1)
FN:97,(anonymous_2)
FN:133,runDailyMemoryCheck
FNF:4
FNH:4
FNDA:20,handleMemoryTool
FNDA:2,(anonymous_1)
FNDA:2,(anonymous_2)
FNDA:1,runDailyMemoryCheck
DA:11,20
DA:12,1
DA:15,19
DA:16,19
DA:18,10
DA:19,10
DA:20,1
DA:23,9
DA:24,9
DA:26,9
DA:27,9
DA:28,4
DA:29,1
DA:30,1
DA:31,1
DA:35,4
DA:36,1
DA:37,1
DA:38,1
DA:41,4
DA:43,2
DA:44,2
DA:45,2
DA:50,9
DA:55,8
DA:56,1
DA:59,7
DA:64,7
DA:68,4
DA:70,4
DA:71,4
DA:73,4
DA:74,2
DA:75,2
DA:78,4
DA:79,4
DA:81,3
DA:82,1
DA:84,1
DA:88,1
DA:89,1
DA:90,2
DA:93,0
DA:96,2
DA:97,2
DA:101,4
DA:102,4
DA:103,1
DA:106,3
DA:111,2
DA:112,1
DA:115,1
DA:119,1
DA:122,3
DA:123,3
DA:134,1
DA:136,1
DA:138,1
DA:139,1
DA:140,1
DA:144,1
DA:148,1
DA:149,1
DA:150,1
DA:151,1
DA:152,1
DA:154,1
DA:155,1
DA:156,1
DA:157,1
DA:159,1
DA:160,1
DA:161,1
DA:162,1
DA:163,1
DA:165,1
DA:166,1
DA:167,1
DA:168,1
DA:170,1
DA:175,1
DA:176,1
DA:180,1
DA:185,0
DA:189,3
LF:85
LH:83
BRDA:10,0,0,0
BRDA:11,1,0,1
BRDA:11,1,1,19
BRDA:16,2,0,10
BRDA:16,2,1,4
BRDA:16,2,2,4
BRDA:16,2,3,1
BRDA:19,3,0,1
BRDA:19,3,1,9
BRDA:19,4,0,10
BRDA:19,4,1,9
BRDA:19,4,2,9
BRDA:24,5,0,4
BRDA:24,5,1,5
BRDA:24,6,0,9
BRDA:24,6,1,5
BRDA:27,7,0,4
BRDA:27,7,1,5
BRDA:28,8,0,1
BRDA:28,8,1,3
BRDA:30,9,0,1
BRDA:30,9,1,0
BRDA:35,10,0,1
BRDA:35,10,1,3
BRDA:35,11,0,4
BRDA:35,11,1,3
BRDA:35,11,2,1
BRDA:41,12,0,2
BRDA:41,12,1,2
BRDA:55,13,0,1
BRDA:55,13,1,7
BRDA:56,14,0,0
BRDA:56,14,1,1
BRDA:64,15,0,4
BRDA:64,15,1,3
BRDA:73,16,0,2
BRDA:73,16,1,2
BRDA:73,17,0,4
BRDA:73,17,1,2
BRDA:73,17,2,2
BRDA:81,18,0,1
BRDA:81,18,1,2
BRDA:82,19,0,1
BRDA:82,19,1,0
BRDA:88,20,0,1
BRDA:88,20,1,0
BRDA:90,21,0,0
BRDA:90,21,1,2
BRDA:97,22,0,0
BRDA:97,22,1,2
BRDA:102,23,0,1
BRDA:102,23,1,3
BRDA:111,24,0,1
BRDA:111,24,1,1
BRDA:134,25,0,0
BRDA:134,25,1,1
BRDA:139,26,0,1
BRDA:139,26,1,0
BRDA:165,27,0,1
BRDA:165,27,1,0
BRDA:165,28,0,1
BRDA:165,28,1,0
BRDA:165,28,2,0
BRDA:175,29,0,1
BRDA:175,29,1,0
BRF:65
BRH:52
end_of_record
TN:
SF:tools\time_tool.js
FN:1,handleTimeTool
FNF:1
FNH:1
FNDA:8,handleTimeTool
DA:2,8
DA:3,1
DA:4,1
DA:7,1
DA:19,1
DA:20,1
DA:23,7
DA:24,6
DA:25,1
DA:28,5
DA:29,5
DA:30,5
DA:31,1
DA:36,4
DA:37,4
DA:39,1
DA:42,3
DA:43,1
DA:46,2
DA:48,2
DA:50,2
DA:51,2
DA:52,2
DA:53,1
DA:55,1
DA:56,1
DA:57,1
DA:58,1
DA:61,1
DA:62,1
DA:63,1
DA:64,0
DA:66,1
DA:67,1
DA:68,1
DA:71,1
DA:72,1
DA:74,1
DA:86,1
DA:90,1
DA:93,3
LF:41
LH:40
BRDA:2,0,0,1
BRDA:2,0,1,7
BRDA:23,1,0,6
BRDA:23,1,1,1
BRDA:24,2,0,1
BRDA:24,2,1,5
BRDA:24,3,0,6
BRDA:24,3,1,5
BRDA:29,4,0,5
BRDA:29,4,1,5
BRDA:30,5,0,1
BRDA:30,5,1,4
BRDA:42,6,0,1
BRDA:42,6,1,2
BRDA:42,7,0,3
BRDA:42,7,1,3
BRDA:52,8,0,1
BRDA:52,8,1,1
BRDA:63,9,0,0
BRDA:63,9,1,1
BRDA:71,10,0,0
BRDA:71,10,1,1
BRF:22
BRH:20
end_of_record
TN:
SF:tools\weather_tool.js
FN:3,handleWeatherTool
FN:116,(anonymous_1)
FN:159,(anonymous_2)
FN:168,(anonymous_3)
FN:170,(anonymous_4)
FN:173,(anonymous_5)
FN:176,(anonymous_6)
FN:187,(anonymous_7)
FN:188,(anonymous_8)
FN:190,(anonymous_9)
FN:191,(anonymous_10)
FN:191,(anonymous_11)
FN:200,(anonymous_12)
FNF:13
FNH:12
FNDA:64,handleWeatherTool
FNDA:1,(anonymous_1)
FNDA:1,(anonymous_2)
FNDA:1,(anonymous_3)
FNDA:1,(anonymous_4)
FNDA:1,(anonymous_5)
FNDA:1,(anonymous_6)
FNDA:1,(anonymous_7)
FNDA:1,(anonymous_8)
FNDA:1,(anonymous_9)
FNDA:1,(anonymous_10)
FNDA:0,(anonymous_11)
FNDA:1,(anonymous_12)
DA:1,3
DA:4,64
DA:5,2
DA:10,62
DA:11,62
DA:13,1
DA:14,1
DA:17,61
DA:18,1
DA:21,60
DA:22,60
DA:23,60
DA:24,60
DA:27,60
DA:28,60
DA:30,60
DA:31,1
DA:36,59
DA:37,59
DA:38,59
DA:39,59
DA:40,1
DA:42,58
DA:43,58
DA:44,58
DA:45,58
DA:47,1
DA:48,1
DA:52,58
DA:53,54
DA:54,54
DA:55,54
DA:56,54
DA:57,1
DA:59,53
DA:61,53
DA:62,53
DA:63,53
DA:64,53
DA:65,53
DA:66,53
DA:67,53
DA:68,53
DA:69,53
DA:70,53
DA:71,53
DA:73,53
DA:86,1
DA:90,4
DA:92,2
DA:93,2
DA:94,2
DA:98,2
DA:99,2
DA:100,2
DA:101,2
DA:102,2
DA:103,1
DA:107,1
DA:108,1
DA:110,1
DA:111,1
DA:112,1
DA:115,1
DA:116,1
DA:117,1
DA:118,1
DA:119,1
DA:120,1
DA:121,1
DA:122,1
DA:123,1
DA:125,1
DA:128,1
DA:130,1
DA:134,2
DA:136,2
DA:137,2
DA:138,2
DA:139,2
DA:140,2
DA:142,2
DA:143,0
DA:144,0
DA:147,2
DA:148,2
DA:149,2
DA:150,2
DA:151,1
DA:154,1
DA:155,1
DA:158,1
DA:159,1
DA:160,1
DA:161,1
DA:162,1
DA:164,1
DA:168,1
DA:169,1
DA:170,1
DA:171,1
DA:172,1
DA:173,1
DA:176,1
DA:178,1
DA:187,1
DA:188,1
DA:190,1
DA:191,1
DA:196,1
DA:197,1
DA:198,1
DA:200,1
DA:201,1
DA:202,1
DA:203,1
DA:204,1
DA:205,1
DA:206,1
DA:207,1
DA:208,1
DA:209,1
DA:211,1
DA:214,1
DA:216,1
DA:220,0
DA:223,3
LF:127
LH:124
BRDA:4,0,0,2
BRDA:4,0,1,62
BRDA:4,1,0,64
BRDA:4,1,1,63
BRDA:17,2,0,1
BRDA:17,2,1,60
BRDA:17,3,0,61
BRDA:17,3,1,61
BRDA:22,4,0,60
BRDA:22,4,1,0
BRDA:23,5,0,60
BRDA:23,5,1,0
BRDA:23,6,0,0
BRDA:23,6,1,0
BRDA:24,7,0,60
BRDA:24,7,1,0
BRDA:27,8,0,60
BRDA:27,8,1,7
BRDA:28,9,0,60
BRDA:28,9,1,8
BRDA:28,9,2,0
BRDA:30,10,0,1
BRDA:30,10,1,59
BRDA:39,11,0,1
BRDA:39,11,1,58
BRDA:52,12,0,54
BRDA:52,12,1,4
BRDA:56,13,0,1
BRDA:56,13,1,53
BRDA:69,14,0,53
BRDA:69,14,1,52
BRDA:70,15,0,53
BRDA:70,15,1,52
BRDA:71,16,0,1
BRDA:71,16,1,52
BRDA:71,17,0,1
BRDA:71,17,1,0
BRDA:90,18,0,2
BRDA:90,18,1,2
BRDA:98,19,0,2
BRDA:98,19,1,0
BRDA:102,20,0,1
BRDA:102,20,1,1
BRDA:108,21,0,1
BRDA:108,21,1,0
BRDA:117,22,0,1
BRDA:117,22,1,0
BRDA:121,23,0,0
BRDA:121,23,1,1
BRDA:121,24,0,0
BRDA:121,24,1,0
BRDA:121,24,2,0
BRDA:134,25,0,2
BRDA:134,25,1,0
BRDA:136,26,0,2
BRDA:136,26,1,1
BRDA:142,27,0,0
BRDA:142,27,1,2
BRDA:144,28,0,0
BRDA:144,28,1,0
BRDA:150,29,0,1
BRDA:150,29,1,1
BRDA:155,30,0,1
BRDA:155,30,1,0
BRDA:161,31,0,1
BRDA:161,31,1,0
BRDA:176,32,0,1
BRDA:176,32,1,0
BRDA:176,33,0,1
BRDA:176,33,1,1
BRDA:191,34,0,0
BRDA:191,34,1,1
BRDA:191,35,0,0
BRDA:191,35,1,0
BRDA:191,36,0,0
BRDA:191,36,1,0
BRDA:209,37,0,1
BRDA:209,37,1,1
BRF:78
BRH:52
end_of_record
TN:
SF:tools\web_search_tool.js
FN:5,handleWebSearchTool
FN:16,(anonymous_1)
FN:111,(anonymous_2)
FN:158,(anonymous_3)
FN:198,(anonymous_4)
FN:217,(anonymous_5)
FN:255,(anonymous_6)
FNF:7
FNH:5
FNDA:13,handleWebSearchTool
FNDA:0,(anonymous_1)
FNDA:3,(anonymous_2)
FNDA:2,(anonymous_3)
FNDA:3,(anonymous_4)
FNDA:0,(anonymous_5)
FNDA:5,(anonymous_6)
DA:1,3
DA:2,3
DA:6,13
DA:9,13
DA:10,13
DA:12,13
DA:13,2
DA:14,2
DA:15,2
DA:16,2
DA:18,2
DA:26,2
DA:28,2
DA:29,1
DA:32,1
DA:33,1
DA:34,1
DA:37,1
DA:39,1
DA:40,1
DA:42,1
DA:44,1
DA:46,1
DA:50,12
DA:52,12
DA:53,2
DA:54,2
DA:55,2
DA:56,2
DA:59,1
DA:60,1
DA:61,1
DA:62,1
DA:64,1
DA:65,1
DA:66,1
DA:67,1
DA:68,1
DA:69,1
DA:70,1
DA:72,1
DA:73,1
DA:74,1
DA:75,1
DA:76,1
DA:77,1
DA:79,1
DA:92,1
DA:96,11
DA:99,11
DA:100,11
DA:101,11
DA:107,10
DA:108,7
DA:109,7
DA:111,7
DA:112,3
DA:113,3
DA:114,3
DA:115,3
DA:116,3
DA:117,3
DA:119,3
DA:121,3
DA:122,3
DA:123,1
DA:125,3
DA:126,1
DA:127,1
DA:128,1
DA:129,1
DA:134,3
DA:139,2
DA:143,11
DA:144,8
DA:145,8
DA:146,8
DA:154,7
DA:155,5
DA:156,5
DA:158,5
DA:159,2
DA:160,2
DA:161,2
DA:162,2
DA:163,2
DA:165,2
DA:166,2
DA:167,2
DA:168,2
DA:169,1
DA:171,2
DA:172,1
DA:174,2
DA:179,2
DA:184,11
DA:185,6
DA:186,6
DA:187,6
DA:192,5
DA:193,4
DA:194,4
DA:195,3
DA:197,3
DA:198,3
DA:199,3
DA:200,3
DA:201,3
DA:203,3
DA:207,2
DA:209,3
DA:213,5
DA:214,5
DA:215,5
DA:216,5
DA:217,5
DA:219,5
DA:225,4
DA:227,4
DA:228,3
DA:231,3
DA:233,3
DA:234,3
DA:236,3
DA:243,2
DA:244,2
DA:254,5
DA:255,5
DA:256,5
DA:257,5
DA:258,5
DA:261,5
DA:264,3
LF:133
LH:133
BRDA:6,0,0,0
BRDA:6,0,1,13
BRDA:12,1,0,2
BRDA:12,1,1,11
BRDA:28,2,0,1
BRDA:28,2,1,1
BRDA:42,3,0,1
BRDA:42,3,1,0
BRDA:42,4,0,1
BRDA:42,4,1,0
BRDA:46,5,0,1
BRDA:46,5,1,1
BRDA:52,6,0,2
BRDA:52,6,1,10
BRDA:55,7,0,2
BRDA:55,7,1,0
BRDA:55,8,0,2
BRDA:55,8,1,2
BRDA:60,9,0,0
BRDA:60,9,1,1
BRDA:60,10,0,1
BRDA:60,10,1,0
BRDA:61,11,0,1
BRDA:61,11,1,0
BRDA:62,12,0,1
BRDA:62,12,1,0
BRDA:64,13,0,1
BRDA:64,13,1,0
BRDA:64,14,0,1
BRDA:64,14,1,1
BRDA:67,15,0,1
BRDA:67,15,1,0
BRDA:69,16,0,1
BRDA:69,16,1,0
BRDA:69,17,0,0
BRDA:69,17,1,0
BRDA:70,18,0,1
BRDA:70,18,1,0
BRDA:107,19,0,7
BRDA:107,19,1,2
BRDA:112,20,0,0
BRDA:112,20,1,3
BRDA:119,21,0,3
BRDA:119,21,1,0
BRDA:119,22,0,3
BRDA:119,22,1,3
BRDA:122,23,0,1
BRDA:122,23,1,2
BRDA:125,24,0,1
BRDA:125,24,1,2
BRDA:129,25,0,1
BRDA:129,25,1,0
BRDA:143,26,0,8
BRDA:143,26,1,3
BRDA:154,27,0,5
BRDA:154,27,1,1
BRDA:159,28,0,0
BRDA:159,28,1,2
BRDA:162,29,0,2
BRDA:162,29,1,0
BRDA:162,30,0,2
BRDA:162,30,1,2
BRDA:163,31,0,0
BRDA:163,31,1,2
BRDA:163,32,0,2
BRDA:163,32,1,2
BRDA:168,33,0,1
BRDA:168,33,1,1
BRDA:171,34,0,1
BRDA:171,34,1,1
BRDA:184,35,0,6
BRDA:184,35,1,5
BRDA:192,36,0,4
BRDA:192,36,1,0
BRDA:194,37,0,3
BRDA:194,37,1,1
BRDA:194,38,0,4
BRDA:194,38,1,3
BRDA:240,39,0,3
BRDA:240,39,1,0
BRF:80
BRH:58
end_of_record
TN:
SF:utils\helpers.js
FN:1,extractFirst100Words
FNF:1
FNH:1
FNDA:11,extractFirst100Words
DA:2,11
DA:10,11
DA:11,11
DA:14,4
LF:4
LH:4
BRF:0
BRH:0
end_of_record
