TN:
SF:ai.js
FN:11,callLocalLLMStream
FN:46,(anonymous_1)
FN:48,(anonymous_2)
FN:49,(anonymous_3)
FN:123,callGeminiStream
FN:150,runAgentLoop
FN:432,(anonymous_6)
FNF:7
FNH:7
FNDA:5,callLocalLLMStream
FNDA:1,(anonymous_1)
FNDA:3,(anonymous_2)
FNDA:2,(anonymous_3)
FNDA:1,callGeminiStream
FNDA:6,runAgentLoop
FNDA:15,(anonymous_6)
DA:1,2
DA:2,2
DA:3,2
DA:4,2
DA:5,2
DA:6,2
DA:7,2
DA:8,2
DA:12,5
DA:13,5
DA:14,5
DA:18,5
DA:19,2
DA:20,1
DA:21,1
DA:23,1
DA:27,5
DA:29,5
DA:30,5
DA:31,5
DA:33,5
DA:34,0
DA:35,5
DA:36,1
DA:38,4
DA:41,0
DA:44,5
DA:46,1
DA:47,1
DA:48,3
DA:49,2
DA:54,1
DA:60,1
DA:61,1
DA:65,4
DA:73,5
DA:79,5
DA:80,1
DA:81,1
DA:84,4
DA:85,4
DA:86,1
DA:87,1
DA:88,1
DA:89,1
DA:91,1
DA:94,3
DA:95,3
DA:96,3
DA:98,3
DA:99,6
DA:100,6
DA:101,3
DA:102,3
DA:103,3
DA:105,3
DA:106,9
DA:107,9
DA:108,3
DA:109,3
DA:110,3
DA:112,3
DA:113,3
DA:124,1
DA:125,1
DA:130,1
DA:131,1
DA:132,0
DA:137,1
DA:142,1
DA:143,1
DA:144,2
DA:145,2
DA:169,6
DA:217,6
DA:218,6
DA:219,6
DA:220,6
DA:222,6
DA:223,20
DA:224,20
DA:226,20
DA:227,20
DA:228,20
DA:230,20
DA:231,10
DA:232,10
DA:233,10
DA:234,10
DA:238,10
DA:239,10
DA:240,10
DA:242,10
DA:243,10
DA:244,10
DA:246,10
DA:247,8
DA:248,8
DA:249,8
DA:251,2
DA:252,2
DA:253,2
DA:256,10
DA:257,10
DA:259,10
DA:260,3
DA:261,2
DA:262,2
DA:264,1
DA:268,10
DA:269,10
DA:270,10
DA:271,10
DA:272,0
DA:273,10
DA:274,2
DA:276,8
DA:279,0
DA:282,10
DA:283,10
DA:288,10
DA:289,2
DA:296,8
DA:301,8
DA:302,8
DA:306,10
DA:312,10
DA:313,1
DA:314,1
DA:315,1
DA:322,10
DA:323,0
DA:324,0
DA:327,10
DA:328,10
DA:329,2
DA:331,8
DA:335,20
DA:340,20
DA:341,20
DA:342,20
DA:343,18
DA:346,2
DA:347,2
DA:348,2
DA:349,1
DA:350,1
DA:351,1
DA:352,1
DA:359,20
DA:360,1
DA:361,1
DA:362,1
DA:363,0
DA:365,1
DA:368,1
DA:372,1
DA:373,1
DA:380,20
DA:382,20
DA:383,5
DA:386,15
DA:387,15
DA:389,15
DA:390,15
DA:391,1
DA:392,14
DA:393,1
DA:394,13
DA:395,1
DA:396,1
DA:397,12
DA:398,1
DA:399,11
DA:400,11
DA:401,0
DA:402,0
DA:403,0
DA:404,0
DA:407,15
DA:409,15
DA:414,15
DA:418,15
DA:423,15
DA:427,6
DA:429,6
DA:432,15
DA:436,6
DA:438,6
DA:439,1
DA:440,1
DA:449,5
DA:450,5
DA:451,5
DA:453,5
DA:454,4
DA:455,4
DA:456,4
DA:458,1
DA:459,1
DA:460,1
DA:463,5
DA:466,5
DA:467,1
DA:472,5
DA:474,5
DA:485,2
LF:207
LH:195
BRDA:12,0,0,5
BRDA:12,0,1,0
BRDA:18,1,0,2
BRDA:18,1,1,3
BRDA:18,2,0,5
BRDA:18,2,1,3
BRDA:19,3,0,1
BRDA:19,3,1,1
BRDA:33,4,0,0
BRDA:33,4,1,5
BRDA:35,5,0,1
BRDA:35,5,1,4
BRDA:44,6,0,1
BRDA:44,6,1,4
BRDA:46,7,0,1
BRDA:46,7,1,0
BRDA:50,8,0,1
BRDA:50,8,1,1
BRDA:60,9,0,1
BRDA:60,9,1,0
BRDA:79,10,0,1
BRDA:79,10,1,4
BRDA:84,11,0,4
BRDA:84,11,1,0
BRDA:85,12,0,1
BRDA:85,12,1,3
BRDA:87,13,0,1
BRDA:87,13,1,1
BRDA:88,14,0,1
BRDA:88,14,1,0
BRDA:100,15,0,3
BRDA:100,15,1,3
BRDA:107,16,0,6
BRDA:107,16,1,3
BRDA:107,17,0,9
BRDA:107,17,1,6
BRDA:108,18,0,3
BRDA:108,18,1,0
BRDA:112,19,0,3
BRDA:112,19,1,0
BRDA:113,20,0,3
BRDA:113,20,1,0
BRDA:126,21,0,1
BRDA:126,21,1,0
BRDA:133,22,0,0
BRDA:133,22,1,0
BRDA:145,23,0,2
BRDA:145,23,1,0
BRDA:227,24,0,20
BRDA:227,24,1,20
BRDA:227,24,2,12
BRDA:230,25,0,10
BRDA:230,25,1,10
BRDA:231,26,0,0
BRDA:231,26,1,10
BRDA:231,27,0,0
BRDA:231,27,1,0
BRDA:232,28,0,0
BRDA:232,28,1,10
BRDA:235,29,0,10
BRDA:235,29,1,0
BRDA:246,30,0,8
BRDA:246,30,1,2
BRDA:247,31,0,8
BRDA:247,31,1,8
BRDA:249,32,0,8
BRDA:249,32,1,8
BRDA:253,33,0,2
BRDA:253,33,1,0
BRDA:259,34,0,3
BRDA:259,34,1,7
BRDA:259,35,0,10
BRDA:259,35,1,4
BRDA:260,36,0,2
BRDA:260,36,1,1
BRDA:271,37,0,0
BRDA:271,37,1,10
BRDA:273,38,0,2
BRDA:273,38,1,8
BRDA:288,39,0,2
BRDA:288,39,1,8
BRDA:301,40,0,8
BRDA:301,40,1,0
BRDA:301,41,0,8
BRDA:301,41,1,0
BRDA:312,42,0,1
BRDA:312,42,1,9
BRDA:312,43,0,10
BRDA:312,43,1,1
BRDA:312,43,2,0
BRDA:312,43,3,1
BRDA:322,44,0,0
BRDA:322,44,1,10
BRDA:324,45,0,0
BRDA:324,45,1,0
BRDA:328,46,0,2
BRDA:328,46,1,8
BRDA:329,47,0,2
BRDA:329,47,1,0
BRDA:331,48,0,8
BRDA:331,48,1,0
BRDA:348,49,0,1
BRDA:348,49,1,1
BRDA:348,50,0,2
BRDA:348,50,1,1
BRDA:348,50,2,1
BRDA:359,51,0,1
BRDA:359,51,1,19
BRDA:361,52,0,1
BRDA:361,52,1,1
BRDA:362,53,0,0
BRDA:362,53,1,1
BRDA:362,54,0,1
BRDA:362,54,1,0
BRDA:382,55,0,5
BRDA:382,55,1,15
BRDA:382,56,0,20
BRDA:382,56,1,20
BRDA:390,57,0,1
BRDA:390,57,1,14
BRDA:392,58,0,1
BRDA:392,58,1,13
BRDA:394,59,0,1
BRDA:394,59,1,12
BRDA:395,60,0,1
BRDA:395,60,1,0
BRDA:397,61,0,1
BRDA:397,61,1,11
BRDA:399,62,0,11
BRDA:399,62,1,0
BRDA:401,63,0,0
BRDA:401,63,1,0
BRDA:403,64,0,0
BRDA:403,64,1,0
BRDA:432,65,0,3
BRDA:432,65,1,3
BRDA:436,66,0,6
BRDA:436,66,1,6
BRDA:436,66,2,2
BRDA:438,67,0,1
BRDA:438,67,1,5
BRDA:439,68,0,0
BRDA:439,68,1,1
BRDA:439,69,0,0
BRDA:439,69,1,0
BRDA:453,70,0,4
BRDA:453,70,1,1
BRDA:454,71,0,4
BRDA:454,71,1,4
BRDA:456,72,0,4
BRDA:456,72,1,4
BRDA:460,73,0,1
BRDA:460,73,1,0
BRDA:468,74,0,0
BRDA:468,74,1,1
BRF:155
BRH:114
end_of_record
TN:
SF:middleware\auth.js
FN:4,authenticateToken
FN:9,(anonymous_1)
FNF:2
FNH:2
FNDA:55,authenticateToken
FNDA:54,(anonymous_1)
DA:1,6
DA:2,6
DA:5,55
DA:6,55
DA:7,55
DA:9,54
DA:10,54
DA:11,54
DA:12,54
DA:16,6
LF:10
LH:10
BRDA:2,0,0,6
BRDA:2,0,1,6
BRDA:6,1,0,55
BRDA:6,1,1,54
BRDA:7,2,0,1
BRDA:7,2,1,54
BRDA:10,3,0,0
BRDA:10,3,1,54
BRF:8
BRH:7
end_of_record
TN:
SF:routes\auth.js
FN:8,(anonymous_0)
FN:38,(anonymous_1)
FN:57,(anonymous_2)
FNF:3
FNH:3
FNDA:7,(anonymous_0)
FNDA:4,(anonymous_1)
FNDA:1,(anonymous_2)
DA:1,1
DA:2,1
DA:3,1
DA:4,1
DA:5,1
DA:6,1
DA:8,1
DA:9,7
DA:10,7
DA:11,1
DA:13,6
DA:14,6
DA:15,5
DA:16,5
DA:18,4
DA:19,4
DA:21,4
DA:27,4
DA:32,4
DA:34,1
DA:38,1
DA:39,4
DA:40,4
DA:42,4
DA:43,4
DA:44,3
DA:45,3
DA:47,2
DA:48,2
DA:50,2
DA:51,2
DA:53,1
DA:57,1
DA:58,1
DA:61,1
LF:35
LH:35
BRDA:10,0,0,1
BRDA:10,0,1,6
BRDA:10,1,0,7
BRDA:10,1,1,6
BRDA:10,1,2,6
BRDA:10,1,3,6
BRDA:16,2,0,1
BRDA:16,2,1,4
BRDA:40,3,0,0
BRDA:40,3,1,4
BRDA:40,4,0,4
BRDA:40,4,1,4
BRDA:45,5,0,1
BRDA:45,5,1,2
BRDA:48,6,0,0
BRDA:48,6,1,2
BRF:16
BRH:14
end_of_record
TN:
SF:routes\calendar.js
FN:6,(anonymous_0)
FN:23,(anonymous_1)
FN:40,(anonymous_2)
FNF:3
FNH:3
FNDA:2,(anonymous_0)
FNDA:2,(anonymous_1)
FNDA:2,(anonymous_2)
DA:1,1
DA:2,1
DA:3,1
DA:4,1
DA:6,1
DA:7,2
DA:8,2
DA:9,2
DA:10,1
DA:11,1
DA:17,1
DA:19,1
DA:23,1
DA:24,2
DA:25,2
DA:27,2
DA:28,2
DA:29,1
DA:34,1
DA:36,1
DA:40,1
DA:41,2
DA:42,2
DA:43,1
DA:44,1
DA:46,1
DA:50,1
LF:27
LH:27
BRDA:10,0,0,1
BRDA:10,0,1,0
BRDA:25,1,0,0
BRDA:25,1,1,2
BRDA:25,2,0,2
BRDA:25,2,1,2
BRDA:32,3,0,1
BRDA:32,3,1,0
BRDA:32,4,0,1
BRDA:32,4,1,0
BRF:10
BRH:6
end_of_record
TN:
SF:routes\chat.js
FN:7,(anonymous_0)
FN:17,(anonymous_1)
FN:28,(anonymous_2)
FN:38,(anonymous_3)
FN:50,(anonymous_4)
FN:65,(anonymous_5)
FN:88,(anonymous_6)
FN:99,(anonymous_7)
FN:104,(anonymous_8)
FN:130,(anonymous_9)
FN:134,(anonymous_10)
FN:138,(anonymous_11)
FNF:12
FNH:10
FNDA:2,(anonymous_0)
FNDA:2,(anonymous_1)
FNDA:2,(anonymous_2)
FNDA:3,(anonymous_3)
FNDA:2,(anonymous_4)
FNDA:2,(anonymous_5)
FNDA:0,(anonymous_6)
FNDA:6,(anonymous_7)
FNDA:0,(anonymous_8)
FNDA:1,(anonymous_9)
FNDA:2,(anonymous_10)
FNDA:1,(anonymous_11)
DA:1,1
DA:2,1
DA:3,1
DA:4,1
DA:5,1
DA:7,1
DA:8,2
DA:9,2
DA:10,1
DA:11,1
DA:13,1
DA:17,1
DA:18,2
DA:19,2
DA:20,2
DA:21,1
DA:22,1
DA:24,1
DA:28,1
DA:29,2
DA:30,2
DA:31,1
DA:32,1
DA:34,1
DA:38,1
DA:39,3
DA:40,3
DA:41,2
DA:42,2
DA:43,1
DA:44,1
DA:46,1
DA:50,1
DA:51,2
DA:52,2
DA:54,1
DA:55,1
DA:57,1
DA:58,1
DA:60,1
DA:65,1
DA:66,2
DA:67,2
DA:69,2
DA:72,2
DA:73,2
DA:76,2
DA:77,2
DA:78,2
DA:82,2
DA:88,2
DA:91,2
DA:92,2
DA:93,2
DA:94,2
DA:96,2
DA:97,2
DA:99,2
DA:100,6
DA:104,2
DA:105,0
DA:108,2
DA:110,2
DA:116,2
DA:131,1
DA:132,1
DA:135,2
DA:136,2
DA:139,1
DA:144,2
DA:145,2
DA:147,2
DA:148,2
DA:149,2
DA:150,1
DA:151,1
DA:152,1
DA:153,1
DA:154,1
DA:155,1
DA:159,2
DA:160,2
DA:161,2
DA:162,1
DA:163,1
DA:164,1
DA:165,1
DA:166,1
DA:167,1
DA:171,2
DA:177,2
DA:178,2
DA:179,2
DA:189,2
DA:191,0
DA:192,0
DA:194,2
DA:195,2
DA:199,1
LF:99
LH:96
BRDA:21,0,0,1
BRDA:21,0,1,0
BRDA:22,1,0,1
BRDA:22,1,1,0
BRDA:40,2,0,1
BRDA:40,2,1,2
BRDA:40,3,0,3
BRDA:40,3,1,2
BRDA:55,4,0,0
BRDA:55,4,1,1
BRDA:67,5,0,0
BRDA:67,5,1,2
BRDA:67,6,0,2
BRDA:67,6,1,2
BRDA:73,7,0,0
BRDA:73,7,1,2
BRDA:77,8,0,2
BRDA:77,8,1,0
BRDA:124,9,0,2
BRDA:124,9,1,2
BRDA:126,10,0,2
BRDA:126,10,1,2
BRDA:129,11,0,2
BRDA:129,11,1,2
BRDA:149,12,0,1
BRDA:149,12,1,1
BRDA:152,13,0,1
BRDA:152,13,1,0
BRDA:161,14,0,1
BRDA:161,14,1,1
BRDA:164,15,0,1
BRDA:164,15,1,0
BRF:32
BRH:24
end_of_record
TN:
SF:routes\memory.js
FN:7,(anonymous_0)
FN:20,(anonymous_1)
FN:75,(anonymous_2)
FNF:3
FNH:3
FNDA:2,(anonymous_0)
FNDA:7,(anonymous_1)
FNDA:3,(anonymous_2)
DA:1,1
DA:2,1
DA:3,1
DA:4,1
DA:7,1
DA:8,2
DA:9,2
DA:10,1
DA:14,1
DA:16,1
DA:20,1
DA:21,7
DA:23,7
DA:24,1
DA:27,6
DA:28,6
DA:29,6
DA:30,3
DA:31,1
DA:32,1
DA:33,1
DA:37,3
DA:38,1
DA:39,1
DA:40,1
DA:43,3
DA:45,1
DA:46,1
DA:47,1
DA:51,6
DA:52,6
DA:53,5
DA:58,5
DA:70,1
DA:75,1
DA:76,3
DA:77,3
DA:78,3
DA:79,2
DA:84,2
DA:85,1
DA:88,1
DA:90,1
DA:94,1
LF:44
LH:44
BRDA:23,0,0,1
BRDA:23,0,1,6
BRDA:23,1,0,7
BRDA:23,1,1,6
BRDA:23,1,2,6
BRDA:27,2,0,5
BRDA:27,2,1,1
BRDA:27,3,0,6
BRDA:27,3,1,3
BRDA:29,4,0,3
BRDA:29,4,1,3
BRDA:30,5,0,1
BRDA:30,5,1,2
BRDA:32,6,0,1
BRDA:32,6,1,0
BRDA:37,7,0,1
BRDA:37,7,1,2
BRDA:37,8,0,3
BRDA:37,8,1,2
BRDA:37,8,2,1
BRDA:43,9,0,1
BRDA:43,9,1,2
BRDA:84,10,0,1
BRDA:84,10,1,1
BRF:24
BRH:23
end_of_record
TN:
SF:routes\profile.js
FN:6,(anonymous_0)
FN:16,(anonymous_1)
FNF:2
FNH:2
FNDA:3,(anonymous_0)
FNDA:2,(anonymous_1)
DA:1,1
DA:2,1
DA:3,1
DA:4,1
DA:6,1
DA:7,3
DA:8,3
DA:9,2
DA:10,2
DA:12,1
DA:16,1
DA:17,2
DA:18,2
DA:19,2
DA:20,1
DA:24,1
DA:26,1
DA:30,1
LF:18
LH:18
BRDA:10,0,0,2
BRDA:10,0,1,0
BRDA:22,1,0,1
BRDA:22,1,1,0
BRDA:22,2,0,1
BRDA:22,2,1,0
BRDA:22,3,0,1
BRDA:22,3,1,0
BRDA:22,4,0,1
BRDA:22,4,1,0
BRDA:22,5,0,1
BRDA:22,5,1,0
BRF:12
BRH:6
end_of_record
TN:
SF:routes\settings.js
FN:6,(anonymous_0)
FN:20,(anonymous_1)
FN:52,(anonymous_2)
FN:83,(anonymous_3)
FN:96,(anonymous_4)
FN:114,(anonymous_5)
FN:115,(anonymous_6)
FN:116,(anonymous_7)
FN:133,(anonymous_8)
FN:142,(anonymous_9)
FN:149,(anonymous_10)
FN:159,getDefaultOnlineModels
FNF:12
FNH:12
FNDA:3,(anonymous_0)
FNDA:2,(anonymous_1)
FNDA:3,(anonymous_2)
FNDA:2,(anonymous_3)
FNDA:9,(anonymous_4)
FNDA:2,(anonymous_5)
FNDA:1,(anonymous_6)
FNDA:1,(anonymous_7)
FNDA:1,(anonymous_8)
FNDA:1,(anonymous_9)
FNDA:1,(anonymous_10)
FNDA:6,getDefaultOnlineModels
DA:1,1
DA:2,1
DA:3,1
DA:4,1
DA:6,1
DA:7,3
DA:8,3
DA:9,2
DA:10,2
DA:11,1
DA:12,1
DA:14,2
DA:16,1
DA:20,1
DA:21,2
DA:22,2
DA:23,2
DA:24,1
DA:46,1
DA:48,1
DA:52,1
DA:53,3
DA:54,3
DA:55,2
DA:56,2
DA:57,2
DA:58,2
DA:59,2
DA:61,2
DA:62,2
DA:63,2
DA:64,2
DA:65,2
DA:66,0
DA:68,2
DA:71,0
DA:74,2
DA:78,1
DA:79,0
DA:82,1
DA:83,2
DA:84,1
DA:86,2
DA:87,2
DA:96,1
DA:97,9
DA:98,9
DA:99,8
DA:100,8
DA:101,8
DA:102,8
DA:104,8
DA:105,3
DA:108,5
DA:109,1
DA:110,1
DA:111,1
DA:112,1
DA:114,2
DA:115,1
DA:118,1
DA:120,1
DA:122,1
DA:123,1
DA:126,1
DA:127,4
DA:128,1
DA:131,1
DA:132,1
DA:133,1
DA:134,1
DA:135,3
DA:136,1
DA:137,1
DA:140,1
DA:141,1
DA:142,1
DA:143,1
DA:145,2
DA:148,1
DA:149,1
DA:150,1
DA:151,1
DA:152,0
DA:153,0
DA:155,1
DA:160,6
DA:161,1
DA:162,5
DA:163,1
DA:164,4
DA:165,3
DA:167,1
DA:170,1
LF:94
LH:89
BRDA:10,0,0,1
BRDA:10,0,1,1
BRDA:42,1,0,1
BRDA:42,1,1,0
BRDA:42,2,0,1
BRDA:42,2,1,0
BRDA:43,3,0,1
BRDA:43,3,1,1
BRDA:43,4,0,1
BRDA:43,4,1,1
BRDA:43,5,0,1
BRDA:43,5,1,0
BRDA:56,6,0,2
BRDA:56,6,1,0
BRDA:57,7,0,2
BRDA:57,7,1,0
BRDA:59,8,0,0
BRDA:59,8,1,2
BRDA:59,9,0,2
BRDA:59,9,1,0
BRDA:65,10,0,0
BRDA:65,10,1,2
BRDA:78,11,0,0
BRDA:78,11,1,1
BRDA:83,12,0,1
BRDA:83,12,1,0
BRDA:100,13,0,8
BRDA:100,13,1,0
BRDA:104,14,0,3
BRDA:104,14,1,5
BRDA:108,15,0,1
BRDA:108,15,1,4
BRDA:110,16,0,0
BRDA:110,16,1,1
BRDA:112,17,0,1
BRDA:112,17,1,0
BRDA:114,18,0,2
BRDA:114,18,1,2
BRDA:118,19,0,0
BRDA:118,19,1,1
BRDA:120,20,0,0
BRDA:120,20,1,1
BRDA:120,21,0,1
BRDA:120,21,1,1
BRDA:120,21,2,1
BRDA:120,21,3,1
BRDA:120,21,4,1
BRDA:122,22,0,0
BRDA:122,22,1,1
BRDA:122,23,0,1
BRDA:122,23,1,1
BRDA:126,24,0,1
BRDA:126,24,1,0
BRDA:127,25,0,1
BRDA:127,25,1,3
BRDA:131,26,0,0
BRDA:131,26,1,1
BRDA:133,27,0,1
BRDA:133,27,1,0
BRDA:134,28,0,1
BRDA:134,28,1,0
BRDA:135,29,0,1
BRDA:135,29,1,2
BRDA:135,30,0,3
BRDA:135,30,1,1
BRDA:140,31,0,0
BRDA:140,31,1,1
BRDA:142,32,0,1
BRDA:142,32,1,0
BRDA:151,33,0,0
BRDA:151,33,1,1
BRDA:153,34,0,0
BRDA:153,34,1,0
BRDA:160,35,0,1
BRDA:160,35,1,5
BRDA:162,36,0,1
BRDA:162,36,1,4
BRDA:164,37,0,3
BRDA:164,37,1,1
BRF:79
BRH:54
end_of_record
TN:
SF:tools\calendar_tool.js
FN:2,handleCalendarTool
FNF:1
FNH:1
FNDA:9,handleCalendarTool
DA:3,9
DA:4,3
DA:5,3
DA:6,3
DA:12,3
DA:13,6
DA:14,3
DA:15,3
DA:16,2
DA:18,1
DA:23,1
DA:24,3
DA:25,2
DA:26,2
DA:27,1
DA:29,1
DA:30,1
DA:32,1
DA:35,3
LF:19
LH:19
BRDA:3,0,0,3
BRDA:3,0,1,6
BRDA:5,1,0,3
BRDA:5,1,1,0
BRDA:13,2,0,3
BRDA:13,2,1,3
BRDA:15,3,0,2
BRDA:15,3,1,1
BRDA:15,4,0,3
BRDA:15,4,1,2
BRDA:21,5,0,1
BRDA:21,5,1,0
BRDA:21,6,0,1
BRDA:21,6,1,1
BRDA:24,7,0,2
BRDA:24,7,1,1
BRDA:26,8,0,1
BRDA:26,8,1,1
BRF:18
BRH:16
end_of_record
TN:
SF:tools\github_tool.js
FN:2,handleGitHubTool
FN:19,(anonymous_1)
FN:33,(anonymous_2)
FNF:3
FNH:3
FNDA:9,handleGitHubTool
FNDA:2,(anonymous_1)
FNDA:1,(anonymous_2)
DA:3,9
DA:7,9
DA:8,7
DA:11,9
DA:12,9
DA:13,4
DA:16,4
DA:17,4
DA:18,3
DA:19,3
DA:20,5
DA:21,2
DA:22,2
DA:23,1
DA:24,1
DA:25,1
DA:26,1
DA:27,3
DA:28,2
DA:29,2
DA:30,1
DA:31,1
DA:32,1
DA:33,1
DA:36,1
DA:38,1
DA:41,3
LF:27
LH:27
BRDA:7,0,0,7
BRDA:7,0,1,2
BRDA:12,1,0,4
BRDA:12,1,1,5
BRDA:13,2,0,2
BRDA:13,2,1,2
BRDA:17,3,0,1
BRDA:17,3,1,3
BRDA:20,4,0,2
BRDA:20,4,1,3
BRDA:22,5,0,1
BRDA:22,5,1,1
BRDA:22,6,0,2
BRDA:22,6,1,1
BRDA:24,7,0,0
BRDA:24,7,1,1
BRDA:27,8,0,2
BRDA:27,8,1,1
BRDA:29,9,0,1
BRDA:29,9,1,1
BRDA:29,10,0,2
BRDA:29,10,1,1
BRDA:31,11,0,0
BRDA:31,11,1,1
BRF:24
BRH:22
end_of_record
TN:
SF:tools\google_news_tool.js
FN:5,handleGoogleNewsTool
FN:33,(anonymous_1)
FN:55,(anonymous_2)
FNF:3
FNH:2
FNDA:5,handleGoogleNewsTool
FNDA:14,(anonymous_1)
FNDA:0,(anonymous_2)
DA:1,3
DA:2,3
DA:6,5
DA:7,5
DA:11,5
DA:12,5
DA:13,4
DA:15,4
DA:17,4
DA:19,4
DA:20,14
DA:21,14
DA:22,14
DA:23,14
DA:24,14
DA:31,4
DA:32,4
DA:34,14
DA:35,14
DA:36,14
DA:37,14
DA:38,13
DA:39,13
DA:42,1
DA:46,14
DA:47,2
DA:54,12
DA:55,12
DA:57,12
DA:63,11
DA:65,11
DA:66,11
DA:67,11
DA:73,1
DA:74,1
DA:83,4
DA:88,1
DA:92,3
LF:38
LH:38
BRDA:7,0,0,3
BRDA:7,0,1,2
BRDA:12,1,0,1
BRDA:12,1,1,4
BRDA:19,2,0,18
BRDA:19,2,1,14
BRDA:23,3,0,14
BRDA:23,3,1,0
BRDA:23,4,0,14
BRDA:23,4,1,14
BRDA:38,5,0,13
BRDA:38,5,1,0
BRDA:38,6,0,13
BRDA:38,6,1,13
BRDA:46,7,0,2
BRDA:46,7,1,12
BRDA:84,8,0,3
BRDA:84,8,1,1
BRF:18
BRH:16
end_of_record
TN:
SF:tools\memory_tool.js
FN:10,handleMemoryTool
FN:80,(anonymous_1)
FN:87,(anonymous_2)
FN:123,runDailyMemoryCheck
FNF:4
FNH:4
FNDA:18,handleMemoryTool
FNDA:2,(anonymous_1)
FNDA:2,(anonymous_2)
FNDA:1,runDailyMemoryCheck
DA:11,18
DA:12,1
DA:15,17
DA:16,17
DA:18,8
DA:19,8
DA:20,1
DA:23,7
DA:24,7
DA:26,7
DA:27,7
DA:28,4
DA:29,1
DA:30,1
DA:31,1
DA:35,4
DA:36,1
DA:37,1
DA:38,1
DA:41,4
DA:43,2
DA:44,2
DA:45,2
DA:49,7
DA:54,6
DA:58,4
DA:60,4
DA:61,4
DA:63,4
DA:64,2
DA:65,2
DA:68,4
DA:69,4
DA:71,3
DA:72,1
DA:74,1
DA:78,1
DA:79,1
DA:80,2
DA:83,0
DA:86,2
DA:87,2
DA:91,4
DA:92,4
DA:93,1
DA:96,3
DA:101,2
DA:102,1
DA:105,1
DA:109,1
DA:112,3
DA:113,3
DA:124,1
DA:126,1
DA:128,1
DA:129,1
DA:130,1
DA:134,1
DA:138,1
DA:139,1
DA:140,1
DA:141,1
DA:142,1
DA:144,1
DA:145,1
DA:146,1
DA:147,1
DA:149,1
DA:150,1
DA:151,1
DA:152,1
DA:153,1
DA:155,1
DA:156,1
DA:157,1
DA:158,1
DA:160,1
DA:165,1
DA:166,1
DA:170,1
DA:175,0
DA:179,3
LF:82
LH:80
BRDA:10,0,0,0
BRDA:11,1,0,1
BRDA:11,1,1,17
BRDA:16,2,0,8
BRDA:16,2,1,4
BRDA:16,2,2,4
BRDA:16,2,3,1
BRDA:19,3,0,1
BRDA:19,3,1,7
BRDA:19,4,0,8
BRDA:19,4,1,7
BRDA:19,4,2,7
BRDA:24,5,0,4
BRDA:24,5,1,3
BRDA:24,6,0,7
BRDA:24,6,1,3
BRDA:27,7,0,4
BRDA:27,7,1,3
BRDA:28,8,0,1
BRDA:28,8,1,3
BRDA:30,9,0,1
BRDA:30,9,1,0
BRDA:35,10,0,1
BRDA:35,10,1,3
BRDA:35,11,0,4
BRDA:35,11,1,3
BRDA:35,11,2,1
BRDA:41,12,0,2
BRDA:41,12,1,2
BRDA:54,13,0,4
BRDA:54,13,1,2
BRDA:63,14,0,2
BRDA:63,14,1,2
BRDA:63,15,0,4
BRDA:63,15,1,2
BRDA:63,15,2,2
BRDA:71,16,0,1
BRDA:71,16,1,2
BRDA:72,17,0,1
BRDA:72,17,1,0
BRDA:78,18,0,1
BRDA:78,18,1,0
BRDA:80,19,0,0
BRDA:80,19,1,2
BRDA:87,20,0,0
BRDA:87,20,1,2
BRDA:92,21,0,1
BRDA:92,21,1,3
BRDA:101,22,0,1
BRDA:101,22,1,1
BRDA:124,23,0,0
BRDA:124,23,1,1
BRDA:129,24,0,1
BRDA:129,24,1,0
BRDA:155,25,0,1
BRDA:155,25,1,0
BRDA:155,26,0,1
BRDA:155,26,1,0
BRDA:155,26,2,0
BRDA:165,27,0,1
BRDA:165,27,1,0
BRF:61
BRH:49
end_of_record
TN:
SF:tools\time_tool.js
FN:1,handleTimeTool
FNF:1
FNH:1
FNDA:8,handleTimeTool
DA:2,8
DA:3,1
DA:4,1
DA:7,1
DA:19,1
DA:20,1
DA:23,7
DA:24,6
DA:25,1
DA:28,5
DA:29,5
DA:30,5
DA:31,1
DA:36,4
DA:37,4
DA:39,1
DA:42,3
DA:43,1
DA:46,2
DA:48,2
DA:50,2
DA:51,2
DA:52,2
DA:53,1
DA:55,1
DA:56,1
DA:57,1
DA:58,1
DA:61,1
DA:62,1
DA:63,1
DA:64,0
DA:66,1
DA:67,1
DA:68,1
DA:71,1
DA:72,1
DA:74,1
DA:86,1
DA:90,1
DA:93,3
LF:41
LH:40
BRDA:2,0,0,1
BRDA:2,0,1,7
BRDA:23,1,0,6
BRDA:23,1,1,1
BRDA:24,2,0,1
BRDA:24,2,1,5
BRDA:24,3,0,6
BRDA:24,3,1,5
BRDA:29,4,0,5
BRDA:29,4,1,5
BRDA:30,5,0,1
BRDA:30,5,1,4
BRDA:42,6,0,1
BRDA:42,6,1,2
BRDA:42,7,0,3
BRDA:42,7,1,3
BRDA:52,8,0,1
BRDA:52,8,1,1
BRDA:63,9,0,0
BRDA:63,9,1,1
BRDA:71,10,0,0
BRDA:71,10,1,1
BRF:22
BRH:20
end_of_record
TN:
SF:tools\weather_tool.js
FN:3,handleWeatherTool
FN:116,(anonymous_1)
FN:159,(anonymous_2)
FN:168,(anonymous_3)
FN:170,(anonymous_4)
FN:173,(anonymous_5)
FN:176,(anonymous_6)
FN:187,(anonymous_7)
FN:188,(anonymous_8)
FN:190,(anonymous_9)
FN:191,(anonymous_10)
FN:191,(anonymous_11)
FN:200,(anonymous_12)
FNF:13
FNH:12
FNDA:23,handleWeatherTool
FNDA:1,(anonymous_1)
FNDA:1,(anonymous_2)
FNDA:1,(anonymous_3)
FNDA:1,(anonymous_4)
FNDA:1,(anonymous_5)
FNDA:1,(anonymous_6)
FNDA:1,(anonymous_7)
FNDA:1,(anonymous_8)
FNDA:1,(anonymous_9)
FNDA:1,(anonymous_10)
FNDA:0,(anonymous_11)
FNDA:1,(anonymous_12)
DA:1,3
DA:4,23
DA:5,2
DA:10,21
DA:11,21
DA:13,1
DA:14,1
DA:17,20
DA:18,1
DA:21,19
DA:22,19
DA:23,19
DA:24,19
DA:27,19
DA:28,19
DA:30,19
DA:31,1
DA:36,18
DA:37,18
DA:38,18
DA:39,18
DA:40,1
DA:42,17
DA:43,17
DA:44,17
DA:45,17
DA:47,1
DA:48,1
DA:52,17
DA:53,13
DA:54,13
DA:55,13
DA:56,13
DA:57,1
DA:59,12
DA:61,12
DA:62,12
DA:63,12
DA:64,12
DA:65,12
DA:66,12
DA:67,12
DA:68,12
DA:69,12
DA:70,12
DA:71,12
DA:73,12
DA:86,1
DA:90,4
DA:92,2
DA:93,2
DA:94,2
DA:98,2
DA:99,2
DA:100,2
DA:101,2
DA:102,2
DA:103,1
DA:107,1
DA:108,1
DA:110,1
DA:111,1
DA:112,1
DA:115,1
DA:116,1
DA:117,1
DA:118,1
DA:119,1
DA:120,1
DA:121,1
DA:122,1
DA:123,1
DA:125,1
DA:128,1
DA:130,1
DA:134,2
DA:136,2
DA:137,2
DA:138,2
DA:139,2
DA:140,2
DA:142,2
DA:143,0
DA:144,0
DA:147,2
DA:148,2
DA:149,2
DA:150,2
DA:151,1
DA:154,1
DA:155,1
DA:158,1
DA:159,1
DA:160,1
DA:161,1
DA:162,1
DA:164,1
DA:168,1
DA:169,1
DA:170,1
DA:171,1
DA:172,1
DA:173,1
DA:176,1
DA:178,1
DA:187,1
DA:188,1
DA:190,1
DA:191,1
DA:196,1
DA:197,1
DA:198,1
DA:200,1
DA:201,1
DA:202,1
DA:203,1
DA:204,1
DA:205,1
DA:206,1
DA:207,1
DA:208,1
DA:209,1
DA:211,1
DA:214,1
DA:216,1
DA:220,0
DA:223,3
LF:127
LH:124
BRDA:4,0,0,2
BRDA:4,0,1,21
BRDA:4,1,0,23
BRDA:4,1,1,22
BRDA:17,2,0,1
BRDA:17,2,1,19
BRDA:17,3,0,20
BRDA:17,3,1,20
BRDA:22,4,0,19
BRDA:22,4,1,0
BRDA:23,5,0,19
BRDA:23,5,1,0
BRDA:23,6,0,0
BRDA:23,6,1,0
BRDA:24,7,0,19
BRDA:24,7,1,0
BRDA:27,8,0,19
BRDA:27,8,1,7
BRDA:28,9,0,19
BRDA:28,9,1,8
BRDA:28,9,2,0
BRDA:30,10,0,1
BRDA:30,10,1,18
BRDA:39,11,0,1
BRDA:39,11,1,17
BRDA:52,12,0,13
BRDA:52,12,1,4
BRDA:56,13,0,1
BRDA:56,13,1,12
BRDA:69,14,0,12
BRDA:69,14,1,11
BRDA:70,15,0,12
BRDA:70,15,1,11
BRDA:71,16,0,1
BRDA:71,16,1,11
BRDA:71,17,0,1
BRDA:71,17,1,0
BRDA:90,18,0,2
BRDA:90,18,1,2
BRDA:98,19,0,2
BRDA:98,19,1,0
BRDA:102,20,0,1
BRDA:102,20,1,1
BRDA:108,21,0,1
BRDA:108,21,1,0
BRDA:117,22,0,1
BRDA:117,22,1,0
BRDA:121,23,0,0
BRDA:121,23,1,1
BRDA:121,24,0,0
BRDA:121,24,1,0
BRDA:121,24,2,0
BRDA:134,25,0,2
BRDA:134,25,1,0
BRDA:136,26,0,2
BRDA:136,26,1,1
BRDA:142,27,0,0
BRDA:142,27,1,2
BRDA:144,28,0,0
BRDA:144,28,1,0
BRDA:150,29,0,1
BRDA:150,29,1,1
BRDA:155,30,0,1
BRDA:155,30,1,0
BRDA:161,31,0,1
BRDA:161,31,1,0
BRDA:176,32,0,1
BRDA:176,32,1,0
BRDA:176,33,0,1
BRDA:176,33,1,1
BRDA:191,34,0,0
BRDA:191,34,1,1
BRDA:191,35,0,0
BRDA:191,35,1,0
BRDA:191,36,0,0
BRDA:191,36,1,0
BRDA:209,37,0,1
BRDA:209,37,1,1
BRF:78
BRH:52
end_of_record
TN:
SF:tools\web_search_tool.js
FN:5,handleWebSearchTool
FN:16,(anonymous_1)
FN:111,(anonymous_2)
FN:158,(anonymous_3)
FN:198,(anonymous_4)
FN:217,(anonymous_5)
FN:255,(anonymous_6)
FNF:7
FNH:5
FNDA:13,handleWebSearchTool
FNDA:0,(anonymous_1)
FNDA:3,(anonymous_2)
FNDA:2,(anonymous_3)
FNDA:3,(anonymous_4)
FNDA:0,(anonymous_5)
FNDA:5,(anonymous_6)
DA:1,3
DA:2,3
DA:6,13
DA:9,13
DA:10,13
DA:12,13
DA:13,2
DA:14,2
DA:15,2
DA:16,2
DA:18,2
DA:26,2
DA:28,2
DA:29,1
DA:32,1
DA:33,1
DA:34,1
DA:37,1
DA:39,1
DA:40,1
DA:42,1
DA:44,1
DA:46,1
DA:50,12
DA:52,12
DA:53,2
DA:54,2
DA:55,2
DA:56,2
DA:59,1
DA:60,1
DA:61,1
DA:62,1
DA:64,1
DA:65,1
DA:66,1
DA:67,1
DA:68,1
DA:69,1
DA:70,1
DA:72,1
DA:73,1
DA:74,1
DA:75,1
DA:76,1
DA:77,1
DA:79,1
DA:92,1
DA:96,11
DA:99,11
DA:100,11
DA:101,11
DA:107,10
DA:108,7
DA:109,7
DA:111,7
DA:112,3
DA:113,3
DA:114,3
DA:115,3
DA:116,3
DA:117,3
DA:119,3
DA:121,3
DA:122,3
DA:123,1
DA:125,3
DA:126,1
DA:127,1
DA:128,1
DA:129,1
DA:134,3
DA:139,2
DA:143,11
DA:144,8
DA:145,8
DA:146,8
DA:154,7
DA:155,5
DA:156,5
DA:158,5
DA:159,2
DA:160,2
DA:161,2
DA:162,2
DA:163,2
DA:165,2
DA:166,2
DA:167,2
DA:168,2
DA:169,1
DA:171,2
DA:172,1
DA:174,2
DA:179,2
DA:184,11
DA:185,6
DA:186,6
DA:187,6
DA:192,5
DA:193,4
DA:194,4
DA:195,3
DA:197,3
DA:198,3
DA:199,3
DA:200,3
DA:201,3
DA:203,3
DA:207,2
DA:209,3
DA:213,5
DA:214,5
DA:215,5
DA:216,5
DA:217,5
DA:219,5
DA:225,4
DA:227,4
DA:228,3
DA:231,3
DA:233,3
DA:234,3
DA:236,3
DA:243,2
DA:244,2
DA:254,5
DA:255,5
DA:256,5
DA:257,5
DA:258,5
DA:261,5
DA:264,3
LF:133
LH:133
BRDA:6,0,0,0
BRDA:6,0,1,13
BRDA:12,1,0,2
BRDA:12,1,1,11
BRDA:28,2,0,1
BRDA:28,2,1,1
BRDA:42,3,0,1
BRDA:42,3,1,0
BRDA:42,4,0,1
BRDA:42,4,1,0
BRDA:46,5,0,1
BRDA:46,5,1,1
BRDA:52,6,0,2
BRDA:52,6,1,10
BRDA:55,7,0,2
BRDA:55,7,1,0
BRDA:55,8,0,2
BRDA:55,8,1,2
BRDA:60,9,0,0
BRDA:60,9,1,1
BRDA:60,10,0,1
BRDA:60,10,1,0
BRDA:61,11,0,1
BRDA:61,11,1,0
BRDA:62,12,0,1
BRDA:62,12,1,0
BRDA:64,13,0,1
BRDA:64,13,1,0
BRDA:64,14,0,1
BRDA:64,14,1,1
BRDA:67,15,0,1
BRDA:67,15,1,0
BRDA:69,16,0,1
BRDA:69,16,1,0
BRDA:69,17,0,0
BRDA:69,17,1,0
BRDA:70,18,0,1
BRDA:70,18,1,0
BRDA:107,19,0,7
BRDA:107,19,1,2
BRDA:112,20,0,0
BRDA:112,20,1,3
BRDA:119,21,0,3
BRDA:119,21,1,0
BRDA:119,22,0,3
BRDA:119,22,1,3
BRDA:122,23,0,1
BRDA:122,23,1,2
BRDA:125,24,0,1
BRDA:125,24,1,2
BRDA:129,25,0,1
BRDA:129,25,1,0
BRDA:143,26,0,8
BRDA:143,26,1,3
BRDA:154,27,0,5
BRDA:154,27,1,1
BRDA:159,28,0,0
BRDA:159,28,1,2
BRDA:162,29,0,2
BRDA:162,29,1,0
BRDA:162,30,0,2
BRDA:162,30,1,2
BRDA:163,31,0,0
BRDA:163,31,1,2
BRDA:163,32,0,2
BRDA:163,32,1,2
BRDA:168,33,0,1
BRDA:168,33,1,1
BRDA:171,34,0,1
BRDA:171,34,1,1
BRDA:184,35,0,6
BRDA:184,35,1,5
BRDA:192,36,0,4
BRDA:192,36,1,0
BRDA:194,37,0,3
BRDA:194,37,1,1
BRDA:194,38,0,4
BRDA:194,38,1,3
BRDA:240,39,0,3
BRDA:240,39,1,0
BRF:80
BRH:58
end_of_record
TN:
SF:utils\helpers.js
FN:1,extractFirst100Words
FNF:1
FNH:1
FNDA:11,extractFirst100Words
DA:2,11
DA:10,11
DA:11,11
DA:14,4
LF:4
LH:4
BRF:0
BRH:0
end_of_record
